2025-11-02 21:51:59.921 [info] Reading sessions from keychain...
2025-11-02 21:51:59.921 [info] Getting sessions for all scopes...
2025-11-02 21:51:59.921 [info] Got stored sessions!
2025-11-02 21:51:59.921 [info] Got 2 verified sessions.
2025-11-02 21:51:59.921 [info] Got 2 sessions for ...
2025-11-02 21:51:59.921 [info] Getting sessions for all scopes...
2025-11-02 21:51:59.921 [info] Got 2 sessions for ...
2025-11-02 21:51:59.921 [info] Getting sessions for all scopes...
2025-11-02 21:51:59.921 [info] Got 2 sessions for ...
2025-11-02 21:51:59.921 [info] Getting sessions for all scopes...
2025-11-02 21:51:59.921 [info] Got 2 sessions for ...
2025-11-02 21:51:59.921 [info] Getting sessions for all scopes...
2025-11-02 21:51:59.921 [info] Got 2 sessions for ...
2025-11-02 21:51:59.921 [info] Getting sessions for all scopes...
2025-11-02 21:51:59.921 [info] Got 2 sessions for ...
2025-11-02 21:51:59.921 [info] Getting sessions for all scopes...
2025-11-02 21:51:59.921 [info] Got 2 sessions for ...
2025-11-02 21:51:59.939 [info] Getting sessions for all scopes...
2025-11-02 21:51:59.940 [info] Got 2 sessions for ...
2025-11-02 21:51:59.941 [info] Getting sessions for all scopes...
2025-11-02 21:51:59.941 [info] Got 2 sessions for ...
2025-11-02 21:51:59.942 [info] Getting sessions for all scopes...
2025-11-02 21:51:59.942 [info] Got 2 sessions for ...
2025-11-02 21:51:59.942 [info] Getting sessions for all scopes...
2025-11-02 21:51:59.942 [info] Got 2 sessions for ...
2025-11-02 21:51:59.943 [info] Getting sessions for all scopes...
2025-11-02 21:51:59.943 [info] Got 2 sessions for ...
2025-11-02 21:51:59.943 [info] Getting sessions for all scopes...
2025-11-02 21:51:59.943 [info] Got 2 sessions for ...
2025-11-02 21:52:00.651 [info] Getting sessions for all scopes...
2025-11-02 21:52:00.651 [info] Got 2 sessions for ...
2025-11-02 21:52:01.774 [info] FetcherService: Electron fetch failed with status: 429 
2025-11-02 21:52:06.888 [info] Getting sessions for all scopes...
2025-11-02 21:52:06.889 [info] Got 2 sessions for ...
2025-11-02 21:52:06.912 [info] Getting sessions for all scopes...
2025-11-02 21:52:06.912 [info] Got 2 sessions for ...
2025-11-02 21:52:06.912 [info] Getting sessions for all scopes...
2025-11-02 21:52:06.913 [info] Got 2 sessions for ...
2025-11-02 21:52:06.913 [info] Getting sessions for all scopes...
2025-11-02 21:52:06.913 [info] Got 2 sessions for ...
2025-11-02 21:52:06.979 [info] Getting sessions for read:user,repo,user:email,workflow...
2025-11-02 21:52:06.979 [info] Got 1 sessions for read:user,repo,user:email,workflow...
2025-11-02 21:52:07.178 [info] Getting sessions for all scopes...
2025-11-02 21:52:07.178 [info] Got 2 sessions for ...
2025-11-02 21:52:07.178 [info] Getting sessions for all scopes...
2025-11-02 21:52:07.178 [info] Got 2 sessions for ...
2025-11-02 21:52:07.824 [info] Getting sessions for read:user,repo,user:email,workflow...
2025-11-02 21:52:07.824 [info] Got 1 sessions for read:user,repo,user:email,workflow...
2025-11-02 21:52:07.843 [info] FetcherService: Node fetch failed with status: 429 Too Many Requests
2025-11-02 21:52:07.859 [info] Getting sessions for all scopes...
2025-11-02 21:52:07.859 [info] Got 2 sessions for ...
2025-11-02 21:52:07.977 [info] Getting sessions for all scopes...
2025-11-02 21:52:07.977 [info] Got 2 sessions for ...
2025-11-02 21:52:07.978 [info] Getting sessions for read:user,repo,user:email,workflow...
2025-11-02 21:52:07.978 [info] Got 1 sessions for read:user,repo,user:email,workflow...
2025-11-02 21:52:08.293 [info] Getting sessions for all scopes...
2025-11-02 21:52:08.293 [info] Got 2 sessions for ...
2025-11-02 21:52:08.294 [info] Getting sessions for all scopes...
2025-11-02 21:52:08.294 [info] Got 2 sessions for ...
2025-11-02 21:52:08.294 [info] Getting sessions for all scopes...
2025-11-02 21:52:08.294 [info] Got 2 sessions for ...
2025-11-02 21:52:08.459 [info] Getting sessions for read:user,repo,user:email,workflow...
2025-11-02 21:52:08.459 [info] Got 1 sessions for read:user,repo,user:email,workflow...
2025-11-02 21:52:08.462 [info] FetcherService: Node http/s failed with status: 429 Too Many Requests
2025-11-02 21:52:08.955 [info] Getting sessions for all scopes...
2025-11-02 21:52:08.955 [info] Got 2 sessions for ...
2025-11-02 21:52:08.955 [info] Getting sessions for all scopes...
2025-11-02 21:52:08.955 [info] Got 2 sessions for ...
2025-11-02 21:52:08.966 [info] Getting sessions for read:user,repo,user:email,workflow...
2025-11-02 21:52:08.966 [info] Got 1 sessions for read:user,repo,user:email,workflow...
2025-11-02 21:52:09.030 [info] Getting sessions for all scopes...
2025-11-02 21:52:09.030 [info] Got 2 sessions for ...
2025-11-02 21:52:09.031 [info] Getting sessions for all scopes...
2025-11-02 21:52:09.031 [info] Got 2 sessions for ...
2025-11-02 21:52:09.038 [info] Getting sessions for all scopes...
2025-11-02 21:52:09.038 [info] Got 2 sessions for ...
2025-11-02 21:52:09.048 [info] Getting sessions for read:user,repo,user:email,workflow...
2025-11-02 21:52:09.048 [info] Got 1 sessions for read:user,repo,user:email,workflow...
2025-11-02 21:52:09.792 [info] Getting sessions for all scopes...
2025-11-02 21:52:09.792 [info] Got 2 sessions for ...
