2025-11-02 23:52:03.176 [info] [main] Log level: Info
2025-11-02 23:52:03.176 [info] [main] Validating found git in: "git"
2025-11-02 23:52:03.176 [info] [main] Using git "2.51.2" from "git"
2025-11-02 23:52:03.176 [info] [Model][doInitialScan] Initial repository scan started
2025-11-02 23:52:03.176 [info] > git rev-parse --show-toplevel [7ms]
2025-11-02 23:52:03.176 [info] > git rev-parse --git-dir --git-common-dir --show-superproject-working-tree [61ms]
2025-11-02 23:52:03.176 [info] [Model][openRepository] Opened repository (path): /home/monteiro/codes/sonar
2025-11-02 23:52:03.176 [info] [Model][openRepository] Opened repository (real path): /home/monteiro/codes/sonar
2025-11-02 23:52:03.176 [info] [Model][openRepository] Opened repository (kind): repository
2025-11-02 23:52:03.176 [info] > git rev-parse --show-toplevel [99ms]
2025-11-02 23:52:03.176 [info] > git config --get commit.template [109ms]
2025-11-02 23:52:03.353 [info] > git check-ignore -v -z --stdin [100ms]
2025-11-02 23:52:03.354 [info] > git rev-parse --show-toplevel [168ms]
2025-11-02 23:52:03.458 [info] > git for-each-ref --format=%(refname)%00%(upstream:short)%00%(objectname)%00%(upstream:track)%00%(upstream:remotename)%00%(upstream:remoteref) refs/heads/develop refs/remotes/develop [125ms]
2025-11-02 23:52:03.473 [info] > git rev-parse --show-toplevel [63ms]
2025-11-02 23:52:03.680 [info] > git rev-parse --show-toplevel [28ms]
2025-11-02 23:52:04.076 [info] > git status -z -uall [374ms]
2025-11-02 23:52:04.076 [info] > git rev-parse --show-toplevel [17ms]
2025-11-02 23:52:04.078 [info] [Model][doInitialScan] Initial repository scan completed - repositories (1), closed repositories (0), parent repositories (0), unsafe repositories (0)
2025-11-02 23:52:04.103 [info] > git for-each-ref --sort -committerdate --format %(refname)%00%(objectname)%00%(*objectname) [391ms]
2025-11-02 23:52:04.207 [info] > git show --textconv :src/hooks/createResourceHook.ts [117ms]
2025-11-02 23:52:04.207 [info] > git for-each-ref --format=%(refname)%00%(upstream:short)%00%(objectname)%00%(upstream:track)%00%(upstream:remotename)%00%(upstream:remoteref) refs/heads/develop refs/remotes/develop [85ms]
2025-11-02 23:52:04.222 [info] > git ls-files --stage -- src/hooks/createResourceHook.ts [120ms]
2025-11-02 23:52:04.333 [info] > git cat-file -s 44ae1697fe09573482ac744fa554e62a4f0d20a4 [88ms]
2025-11-02 23:52:04.334 [info] > git config --get --local branch.develop.vscode-merge-base [112ms]
2025-11-02 23:52:04.349 [info] > git config --get commit.template [144ms]
2025-11-02 23:52:04.450 [info] > git for-each-ref --format=%(refname)%00%(upstream:short)%00%(objectname)%00%(upstream:track)%00%(upstream:remotename)%00%(upstream:remoteref) refs/heads/origin/main refs/remotes/origin/main [102ms]
2025-11-02 23:52:04.545 [info] > git merge-base refs/heads/develop refs/remotes/origin/develop [83ms]
2025-11-02 23:52:04.594 [info] > git diff --name-status -z --diff-filter=ADMR eb8bbbb9b23dfcb4838b3fbac6c4974ed2aa5732...refs/remotes/origin/develop [37ms]
2025-11-02 23:52:04.595 [info] > git for-each-ref --format=%(refname)%00%(upstream:short)%00%(objectname)%00%(upstream:track)%00%(upstream:remotename)%00%(upstream:remoteref) refs/heads/develop refs/remotes/develop [56ms]
2025-11-02 23:52:04.709 [info] > git blame --root --incremental eb8bbbb9b23dfcb4838b3fbac6c4974ed2aa5732 -- src/hooks/createResourceHook.ts [40ms]
2025-11-02 23:52:04.716 [info] > git status -z -uall [22ms]
2025-11-02 23:52:04.716 [info] > git for-each-ref --sort -committerdate --format %(refname)%00%(objectname)%00%(*objectname) [11ms]
2025-11-02 23:54:55.511 [info] > git ls-files --stage -- src/hooks/createResourceHook.ts [1ms]
2025-11-02 23:54:55.528 [info] > git cat-file -s 44ae1697fe09573482ac744fa554e62a4f0d20a4 [2ms]
2025-11-02 23:54:55.556 [info] > git show --textconv :src/hooks/createResourceHook.ts [2ms]
2025-11-02 23:54:57.004 [info] > git fetch [2736ms]
2025-11-02 23:54:57.020 [info] > git config --get commit.template [2ms]
2025-11-02 23:54:57.037 [info] > git for-each-ref --format=%(refname)%00%(upstream:short)%00%(objectname)%00%(upstream:track)%00%(upstream:remotename)%00%(upstream:remoteref) refs/heads/develop refs/remotes/develop [2ms]
2025-11-02 23:54:57.069 [info] > git status -z -uall [17ms]
2025-11-02 23:54:57.070 [info] > git for-each-ref --sort -committerdate --format %(refname)%00%(objectname)%00%(*objectname) [2ms]
2025-11-03 00:12:00.627 [info] > git ls-files --stage -- src/hooks/createResourceHook.ts [2ms]
2025-11-03 00:12:00.653 [info] > git cat-file -s 44ae1697fe09573482ac744fa554e62a4f0d20a4 [3ms]
2025-11-03 00:12:00.694 [info] > git show --textconv :src/hooks/createResourceHook.ts [4ms]
2025-11-03 00:12:01.785 [info] > git ls-files --stage -- src/hooks/createResourceHook.ts [2ms]
2025-11-03 00:12:01.801 [info] > git cat-file -s 44ae1697fe09573482ac744fa554e62a4f0d20a4 [1ms]
2025-11-03 00:12:01.819 [info] > git show --textconv :src/hooks/createResourceHook.ts [2ms]
2025-11-03 00:12:02.820 [info] > git fetch [2243ms]
2025-11-03 00:12:02.842 [info] > git config --get commit.template [2ms]
2025-11-03 00:12:02.878 [info] > git for-each-ref --format=%(refname)%00%(upstream:short)%00%(objectname)%00%(upstream:track)%00%(upstream:remotename)%00%(upstream:remoteref) refs/heads/develop refs/remotes/develop [19ms]
2025-11-03 00:12:02.916 [info] > git status -z -uall [20ms]
2025-11-03 00:12:02.917 [info] > git for-each-ref --sort -committerdate --format %(refname)%00%(objectname)%00%(*objectname) [3ms]
2025-11-03 00:12:03.841 [info] > git ls-files --stage -- src/hooks/createResourceHook.ts [2ms]
2025-11-03 00:12:03.861 [info] > git cat-file -s 44ae1697fe09573482ac744fa554e62a4f0d20a4 [2ms]
2025-11-03 00:12:03.895 [info] > git show --textconv :src/hooks/createResourceHook.ts [2ms]
2025-11-03 00:18:22.682 [info] > git ls-files --stage -- src/hooks/createResourceHook.ts [3ms]
2025-11-03 00:18:22.703 [info] > git cat-file -s 44ae1697fe09573482ac744fa554e62a4f0d20a4 [2ms]
2025-11-03 00:18:22.726 [info] > git show --textconv :src/hooks/createResourceHook.ts [2ms]
2025-11-03 00:18:24.488 [info] > git fetch [3025ms]
2025-11-03 00:18:24.524 [info] > git config --get commit.template [18ms]
2025-11-03 00:18:24.525 [info] > git for-each-ref --format=%(refname)%00%(upstream:short)%00%(objectname)%00%(upstream:track)%00%(upstream:remotename)%00%(upstream:remoteref) refs/heads/develop refs/remotes/develop [2ms]
2025-11-03 00:18:24.563 [info] > git status -z -uall [20ms]
2025-11-03 00:18:24.564 [info] > git for-each-ref --sort -committerdate --format %(refname)%00%(objectname)%00%(*objectname) [2ms]
2025-11-03 00:18:25.496 [info] > git ls-files --stage -- src/hooks/createResourceHook.ts [2ms]
2025-11-03 00:18:25.517 [info] > git cat-file -s 44ae1697fe09573482ac744fa554e62a4f0d20a4 [2ms]
2025-11-03 00:18:25.544 [info] > git show --textconv :src/hooks/createResourceHook.ts [5ms]
2025-11-03 00:18:32.992 [info] > git config --get commit.template [16ms]
2025-11-03 00:18:32.993 [info] > git for-each-ref --format=%(refname)%00%(upstream:short)%00%(objectname)%00%(upstream:track)%00%(upstream:remotename)%00%(upstream:remoteref) refs/heads/develop refs/remotes/develop [2ms]
2025-11-03 00:18:33.022 [info] > git status -z -uall [16ms]
2025-11-03 00:18:33.023 [info] > git for-each-ref --sort -committerdate --format %(refname)%00%(objectname)%00%(*objectname) [2ms]
2025-11-03 00:18:54.452 [info] > git check-ignore -v -z --stdin [1ms]
2025-11-03 00:19:49.521 [info] > git check-ignore -v -z --stdin [2ms]
2025-11-03 00:19:50.174 [info] > git check-ignore -v -z --stdin [2ms]
2025-11-03 00:19:51.917 [info] > git show --textconv :src/app/api/projects/route.ts [21ms]
2025-11-03 00:19:51.917 [info] > git ls-files --stage -- src/app/api/projects/route.ts [2ms]
2025-11-03 00:19:51.941 [info] > git cat-file -s 7f5744abaee2f79bab70bf5d71b66fada61200ac [3ms]
2025-11-03 00:19:52.051 [info] > git blame --root --incremental eb8bbbb9b23dfcb4838b3fbac6c4974ed2aa5732 -- src/app/api/projects/route.ts [7ms]
2025-11-03 00:20:11.008 [info] > git config --get commit.template [28ms]
2025-11-03 00:20:11.011 [info] > git for-each-ref --format=%(refname)%00%(upstream:short)%00%(objectname)%00%(upstream:track)%00%(upstream:remotename)%00%(upstream:remoteref) refs/heads/develop refs/remotes/develop [5ms]
2025-11-03 00:20:11.055 [info] > git status -z -uall [22ms]
2025-11-03 00:20:11.057 [info] > git for-each-ref --sort -committerdate --format %(refname)%00%(objectname)%00%(*objectname) [3ms]
2025-11-03 00:20:16.103 [info] > git config --get commit.template [19ms]
2025-11-03 00:20:16.104 [info] > git for-each-ref --format=%(refname)%00%(upstream:short)%00%(objectname)%00%(upstream:track)%00%(upstream:remotename)%00%(upstream:remoteref) refs/heads/develop refs/remotes/develop [2ms]
2025-11-03 00:20:16.144 [info] > git status -z -uall [19ms]
2025-11-03 00:20:16.145 [info] > git for-each-ref --sort -committerdate --format %(refname)%00%(objectname)%00%(*objectname) [2ms]
2025-11-03 00:20:25.388 [info] > git config --get commit.template [16ms]
2025-11-03 00:20:25.388 [info] > git for-each-ref --format=%(refname)%00%(upstream:short)%00%(objectname)%00%(upstream:track)%00%(upstream:remotename)%00%(upstream:remoteref) refs/heads/develop refs/remotes/develop [1ms]
2025-11-03 00:20:25.422 [info] > git status -z -uall [18ms]
2025-11-03 00:20:25.424 [info] > git for-each-ref --sort -committerdate --format %(refname)%00%(objectname)%00%(*objectname) [3ms]
2025-11-03 00:22:08.398 [info] > git ls-files --stage -- src/app/api/projects/route.ts [2ms]
2025-11-03 00:22:08.413 [info] > git cat-file -s 7f5744abaee2f79bab70bf5d71b66fada61200ac [1ms]
2025-11-03 00:22:08.431 [info] > git show --textconv :src/app/api/projects/route.ts [1ms]
2025-11-03 00:22:09.551 [info] > git fetch [2355ms]
2025-11-03 00:22:09.569 [info] > git config --get commit.template [2ms]
2025-11-03 00:22:09.588 [info] > git for-each-ref --format=%(refname)%00%(upstream:short)%00%(objectname)%00%(upstream:track)%00%(upstream:remotename)%00%(upstream:remoteref) refs/heads/develop refs/remotes/develop [2ms]
2025-11-03 00:22:09.635 [info] > git status -z -uall [26ms]
2025-11-03 00:22:09.636 [info] > git for-each-ref --sort -committerdate --format %(refname)%00%(objectname)%00%(*objectname) [2ms]
2025-11-03 00:22:13.422 [info] > git ls-files --stage -- src/app/api/projects/route.ts [1ms]
2025-11-03 00:22:13.440 [info] > git cat-file -s 7f5744abaee2f79bab70bf5d71b66fada61200ac [2ms]
2025-11-03 00:22:13.467 [info] > git show --textconv :src/app/api/projects/route.ts [2ms]
2025-11-03 00:22:34.618 [info] > git config --get commit.template [21ms]
2025-11-03 00:22:34.642 [info] > git for-each-ref --format=%(refname)%00%(upstream:short)%00%(objectname)%00%(upstream:track)%00%(upstream:remotename)%00%(upstream:remoteref) refs/heads/develop refs/remotes/develop [3ms]
2025-11-03 00:22:34.682 [info] > git status -z -uall [21ms]
2025-11-03 00:22:34.684 [info] > git for-each-ref --sort -committerdate --format %(refname)%00%(objectname)%00%(*objectname) [3ms]
2025-11-03 00:22:52.842 [info] > git config --get commit.template [39ms]
2025-11-03 00:22:52.844 [info] > git for-each-ref --format=%(refname)%00%(upstream:short)%00%(objectname)%00%(upstream:track)%00%(upstream:remotename)%00%(upstream:remoteref) refs/heads/develop refs/remotes/develop [5ms]
2025-11-03 00:22:52.924 [info] > git status -z -uall [50ms]
2025-11-03 00:22:52.924 [info] > git for-each-ref --sort -committerdate --format %(refname)%00%(objectname)%00%(*objectname) [22ms]
2025-11-03 00:23:13.998 [info] > git config --get commit.template [31ms]
2025-11-03 00:23:13.999 [info] > git for-each-ref --format=%(refname)%00%(upstream:short)%00%(objectname)%00%(upstream:track)%00%(upstream:remotename)%00%(upstream:remoteref) refs/heads/develop refs/remotes/develop [3ms]
2025-11-03 00:23:14.051 [info] > git status -z -uall [25ms]
2025-11-03 00:23:14.053 [info] > git for-each-ref --sort -committerdate --format %(refname)%00%(objectname)%00%(*objectname) [3ms]
2025-11-03 00:23:35.470 [info] > git config --get commit.template [21ms]
2025-11-03 00:23:35.472 [info] > git for-each-ref --format=%(refname)%00%(upstream:short)%00%(objectname)%00%(upstream:track)%00%(upstream:remotename)%00%(upstream:remoteref) refs/heads/develop refs/remotes/develop [3ms]
2025-11-03 00:23:35.516 [info] > git status -z -uall [25ms]
2025-11-03 00:23:35.517 [info] > git for-each-ref --sort -committerdate --format %(refname)%00%(objectname)%00%(*objectname) [3ms]
2025-11-03 00:23:44.876 [info] > git config --get commit.template [34ms]
2025-11-03 00:23:44.878 [info] > git for-each-ref --format=%(refname)%00%(upstream:short)%00%(objectname)%00%(upstream:track)%00%(upstream:remotename)%00%(upstream:remoteref) refs/heads/develop refs/remotes/develop [4ms]
2025-11-03 00:23:44.936 [info] > git status -z -uall [29ms]
2025-11-03 00:23:44.937 [info] > git for-each-ref --sort -committerdate --format %(refname)%00%(objectname)%00%(*objectname) [2ms]
2025-11-03 00:25:35.841 [info] > git config --get commit.template [25ms]
2025-11-03 00:25:35.872 [info] > git for-each-ref --format=%(refname)%00%(upstream:short)%00%(objectname)%00%(upstream:track)%00%(upstream:remotename)%00%(upstream:remoteref) refs/heads/develop refs/remotes/develop [4ms]
2025-11-03 00:25:35.909 [info] > git status -z -uall [18ms]
2025-11-03 00:25:35.910 [info] > git for-each-ref --sort -committerdate --format %(refname)%00%(objectname)%00%(*objectname) [2ms]
2025-11-03 00:25:36.991 [info] > git ls-files --stage -- src/app/api/projects/route.ts [1ms]
2025-11-03 00:25:37.007 [info] > git cat-file -s 7f5744abaee2f79bab70bf5d71b66fada61200ac [1ms]
2025-11-03 00:25:37.027 [info] > git show --textconv :src/app/api/projects/route.ts [2ms]
2025-11-03 00:25:38.346 [info] > git fetch [2559ms]
2025-11-03 00:25:38.377 [info] > git config --get commit.template [16ms]
2025-11-03 00:25:38.378 [info] > git for-each-ref --format=%(refname)%00%(upstream:short)%00%(objectname)%00%(upstream:track)%00%(upstream:remotename)%00%(upstream:remoteref) refs/heads/develop refs/remotes/develop [1ms]
2025-11-03 00:25:38.409 [info] > git status -z -uall [16ms]
2025-11-03 00:25:38.410 [info] > git for-each-ref --sort -committerdate --format %(refname)%00%(objectname)%00%(*objectname) [2ms]
2025-11-03 00:25:39.368 [info] > git ls-files --stage -- src/app/api/projects/route.ts [1ms]
2025-11-03 00:25:39.387 [info] > git cat-file -s 7f5744abaee2f79bab70bf5d71b66fada61200ac [1ms]
2025-11-03 00:25:39.410 [info] > git show --textconv :src/app/api/projects/route.ts [2ms]
2025-11-03 00:25:40.406 [info] > git check-ignore -v -z --stdin [2ms]
2025-11-03 00:25:40.936 [info] > git config --get commit.template [2ms]
2025-11-03 00:25:40.957 [info] > git for-each-ref --format=%(refname)%00%(upstream:short)%00%(objectname)%00%(upstream:track)%00%(upstream:remotename)%00%(upstream:remoteref) refs/heads/develop refs/remotes/develop [2ms]
2025-11-03 00:25:40.994 [info] > git status -z -uall [19ms]
2025-11-03 00:25:40.995 [info] > git for-each-ref --sort -committerdate --format %(refname)%00%(objectname)%00%(*objectname) [2ms]
2025-11-03 00:25:42.039 [info] > git check-ignore -v -z --stdin [1ms]
2025-11-03 00:25:45.011 [info] > git check-ignore -v -z --stdin [2ms]
2025-11-03 00:25:50.326 [info] > git check-ignore -v -z --stdin [2ms]
2025-11-03 00:25:51.164 [info] > git config --get commit.template [3ms]
2025-11-03 00:25:51.181 [info] > git for-each-ref --format=%(refname)%00%(upstream:short)%00%(objectname)%00%(upstream:track)%00%(upstream:remotename)%00%(upstream:remoteref) refs/heads/develop refs/remotes/develop [2ms]
2025-11-03 00:25:51.213 [info] > git status -z -uall [16ms]
2025-11-03 00:25:51.214 [info] > git for-each-ref --sort -committerdate --format %(refname)%00%(objectname)%00%(*objectname) [2ms]
2025-11-03 00:26:09.212 [info] > git show --textconv :src/app/dashboard/projects/_hooks/useProjectFilters.ts [27ms]
2025-11-03 00:26:09.235 [info] > git hash-object -t tree /dev/null [5ms]
2025-11-03 00:26:09.235 [warning] [GitFileSystemProvider][readFile] File not found - git:/home/monteiro/codes/sonar/src/app/dashboard/projects/_hooks/useProjectFilters.ts.git?%7B%22path%22%3A%22%2Fhome%2Fmonteiro%2Fcodes%2Fsonar%2Fsrc%2Fapp%2Fdashboard%2Fprojects%2F_hooks%2FuseProjectFilters.ts%22%2C%22ref%22%3A%22%22%7D
2025-11-03 00:26:09.333 [info] > git ls-files --stage -- src/app/dashboard/projects/_hooks/useProjectFilters.ts [123ms]
2025-11-03 00:26:09.334 [warning] [GitFileSystemProvider][stat] File not found - git:/home/monteiro/codes/sonar/src/app/dashboard/projects/_hooks/useProjectFilters.ts.git?%7B%22path%22%3A%22%2Fhome%2Fmonteiro%2Fcodes%2Fsonar%2Fsrc%2Fapp%2Fdashboard%2Fprojects%2F_hooks%2FuseProjectFilters.ts%22%2C%22ref%22%3A%22%22%7D
2025-11-03 00:26:09.359 [info] > git check-ignore -v -z --stdin [6ms]
2025-11-03 00:26:11.068 [info] > git config --get commit.template [24ms]
2025-11-03 00:26:11.069 [info] > git for-each-ref --format=%(refname)%00%(upstream:short)%00%(objectname)%00%(upstream:track)%00%(upstream:remotename)%00%(upstream:remoteref) refs/heads/develop refs/remotes/develop [3ms]
2025-11-03 00:26:11.115 [info] > git status -z -uall [24ms]
2025-11-03 00:26:11.116 [info] > git for-each-ref --sort -committerdate --format %(refname)%00%(objectname)%00%(*objectname) [2ms]
2025-11-03 00:26:16.158 [info] > git config --get commit.template [19ms]
2025-11-03 00:26:16.159 [info] > git for-each-ref --format=%(refname)%00%(upstream:short)%00%(objectname)%00%(upstream:track)%00%(upstream:remotename)%00%(upstream:remoteref) refs/heads/develop refs/remotes/develop [2ms]
2025-11-03 00:26:16.201 [info] > git status -z -uall [23ms]
2025-11-03 00:26:16.201 [info] > git for-each-ref --sort -committerdate --format %(refname)%00%(objectname)%00%(*objectname) [3ms]
2025-11-03 00:26:41.176 [info] > git config --get commit.template [36ms]
2025-11-03 00:26:41.178 [info] > git for-each-ref --format=%(refname)%00%(upstream:short)%00%(objectname)%00%(upstream:track)%00%(upstream:remotename)%00%(upstream:remoteref) refs/heads/develop refs/remotes/develop [5ms]
2025-11-03 00:26:41.232 [info] > git status -z -uall [28ms]
2025-11-03 00:26:41.234 [info] > git for-each-ref --sort -committerdate --format %(refname)%00%(objectname)%00%(*objectname) [4ms]
2025-11-03 00:26:43.486 [info] > git check-ignore -v -z --stdin [2ms]
2025-11-03 00:26:45.409 [info] > git show --textconv :src/app/dashboard/projects/page.tsx [28ms]
2025-11-03 00:26:45.412 [info] > git ls-files --stage -- src/app/dashboard/projects/page.tsx [5ms]
2025-11-03 00:26:45.437 [info] > git cat-file -s d562e9971dede0b0b1c53cad857a438bb20d953a [2ms]
2025-11-03 00:26:45.537 [info] > git blame --root --incremental eb8bbbb9b23dfcb4838b3fbac6c4974ed2aa5732 -- src/app/dashboard/projects/page.tsx [36ms]
2025-11-03 00:26:46.257 [info] > git config --get commit.template [2ms]
2025-11-03 00:26:46.275 [info] > git for-each-ref --format=%(refname)%00%(upstream:short)%00%(objectname)%00%(upstream:track)%00%(upstream:remotename)%00%(upstream:remoteref) refs/heads/develop refs/remotes/develop [2ms]
2025-11-03 00:26:46.310 [info] > git status -z -uall [19ms]
2025-11-03 00:26:46.312 [info] > git for-each-ref --sort -committerdate --format %(refname)%00%(objectname)%00%(*objectname) [2ms]
2025-11-03 00:26:51.348 [info] > git config --get commit.template [18ms]
2025-11-03 00:26:51.349 [info] > git for-each-ref --format=%(refname)%00%(upstream:short)%00%(objectname)%00%(upstream:track)%00%(upstream:remotename)%00%(upstream:remoteref) refs/heads/develop refs/remotes/develop [2ms]
2025-11-03 00:26:51.397 [info] > git status -z -uall [33ms]
2025-11-03 00:26:51.398 [info] > git for-each-ref --sort -committerdate --format %(refname)%00%(objectname)%00%(*objectname) [18ms]
2025-11-03 00:27:00.520 [info] > git config --get commit.template [2ms]
2025-11-03 00:27:00.540 [info] > git for-each-ref --format=%(refname)%00%(upstream:short)%00%(objectname)%00%(upstream:track)%00%(upstream:remotename)%00%(upstream:remoteref) refs/heads/develop refs/remotes/develop [2ms]
2025-11-03 00:27:00.578 [info] > git status -z -uall [20ms]
2025-11-03 00:27:00.579 [info] > git for-each-ref --sort -committerdate --format %(refname)%00%(objectname)%00%(*objectname) [2ms]
2025-11-03 00:27:13.909 [info] > git config --get commit.template [23ms]
2025-11-03 00:27:13.911 [info] > git for-each-ref --format=%(refname)%00%(upstream:short)%00%(objectname)%00%(upstream:track)%00%(upstream:remotename)%00%(upstream:remoteref) refs/heads/develop refs/remotes/develop [4ms]
2025-11-03 00:27:13.954 [info] > git status -z -uall [21ms]
2025-11-03 00:27:13.955 [info] > git for-each-ref --sort -committerdate --format %(refname)%00%(objectname)%00%(*objectname) [3ms]
2025-11-03 00:27:34.086 [info] > git config --get commit.template [5ms]
2025-11-03 00:27:34.107 [info] > git for-each-ref --format=%(refname)%00%(upstream:short)%00%(objectname)%00%(upstream:track)%00%(upstream:remotename)%00%(upstream:remoteref) refs/heads/develop refs/remotes/develop [2ms]
2025-11-03 00:27:34.144 [info] > git status -z -uall [19ms]
2025-11-03 00:27:34.145 [info] > git for-each-ref --sort -committerdate --format %(refname)%00%(objectname)%00%(*objectname) [2ms]
2025-11-03 00:27:35.946 [info] > git show --textconv :src/app/dashboard/projects/page.tsx [25ms]
2025-11-03 00:27:35.947 [info] > git ls-files --stage -- src/app/dashboard/projects/page.tsx [4ms]
2025-11-03 00:27:35.976 [info] > git cat-file -s d562e9971dede0b0b1c53cad857a438bb20d953a [3ms]
2025-11-03 00:28:20.272 [info] > git check-ignore -v -z --stdin [1ms]
2025-11-03 00:28:21.123 [info] > git config --get commit.template [20ms]
2025-11-03 00:28:21.125 [info] > git for-each-ref --format=%(refname)%00%(upstream:short)%00%(objectname)%00%(upstream:track)%00%(upstream:remotename)%00%(upstream:remoteref) refs/heads/develop refs/remotes/develop [2ms]
2025-11-03 00:28:21.168 [info] > git status -z -uall [22ms]
2025-11-03 00:28:21.170 [info] > git for-each-ref --sort -committerdate --format %(refname)%00%(objectname)%00%(*objectname) [2ms]
2025-11-03 00:28:59.703 [info] > git ls-files --stage -- src/app/dashboard/projects/page.tsx [1ms]
2025-11-03 00:28:59.737 [info] > git cat-file -s d562e9971dede0b0b1c53cad857a438bb20d953a [18ms]
2025-11-03 00:28:59.757 [info] > git show --textconv :src/app/dashboard/projects/page.tsx [2ms]
2025-11-03 00:29:01.198 [info] > git fetch [2692ms]
2025-11-03 00:29:01.237 [info] > git config --get commit.template [20ms]
2025-11-03 00:29:01.238 [info] > git for-each-ref --format=%(refname)%00%(upstream:short)%00%(objectname)%00%(upstream:track)%00%(upstream:remotename)%00%(upstream:remoteref) refs/heads/develop refs/remotes/develop [2ms]
2025-11-03 00:29:01.277 [info] > git status -z -uall [21ms]
2025-11-03 00:29:01.278 [info] > git for-each-ref --sort -committerdate --format %(refname)%00%(objectname)%00%(*objectname) [3ms]
2025-11-03 00:29:02.253 [info] > git ls-files --stage -- src/app/dashboard/projects/page.tsx [2ms]
2025-11-03 00:29:02.279 [info] > git cat-file -s d562e9971dede0b0b1c53cad857a438bb20d953a [3ms]
2025-11-03 00:29:02.319 [info] > git show --textconv :src/app/dashboard/projects/page.tsx [2ms]
2025-11-03 00:29:03.385 [info] > git log --format=%H%n%aN%n%aE%n%at%n%ct%n%P%n%D%n%B -z --shortstat --diff-merges=first-parent -n50 --skip=0 --topo-order --decorate=full --stdin [451ms]
2025-11-03 00:29:03.546 [info] > git check-ignore -v -z --stdin [2ms]
2025-11-03 00:30:19.305 [info] > git check-ignore -v -z --stdin [2ms]
2025-11-03 00:30:20.331 [info] > git show --textconv :src/middleware.ts [29ms]
2025-11-03 00:30:20.331 [info] > git ls-files --stage -- src/middleware.ts [9ms]
2025-11-03 00:30:20.353 [info] > git cat-file -s a66d19d7f2aef0f08ebfd3e84134aeda792c197a [3ms]
2025-11-03 00:30:20.390 [info] > git blame --root --incremental eb8bbbb9b23dfcb4838b3fbac6c4974ed2aa5732 -- src/middleware.ts [8ms]
2025-11-03 00:30:54.529 [info] > git config --get commit.template [17ms]
2025-11-03 00:30:54.530 [info] > git for-each-ref --format=%(refname)%00%(upstream:short)%00%(objectname)%00%(upstream:track)%00%(upstream:remotename)%00%(upstream:remoteref) refs/heads/develop refs/remotes/develop [2ms]
2025-11-03 00:30:54.567 [info] > git status -z -uall [20ms]
2025-11-03 00:30:54.567 [info] > git for-each-ref --sort -committerdate --format %(refname)%00%(objectname)%00%(*objectname) [3ms]
2025-11-03 00:31:14.368 [info] > git config --get commit.template [2ms]
2025-11-03 00:31:14.386 [info] > git for-each-ref --format=%(refname)%00%(upstream:short)%00%(objectname)%00%(upstream:track)%00%(upstream:remotename)%00%(upstream:remoteref) refs/heads/develop refs/remotes/develop [2ms]
2025-11-03 00:31:14.418 [info] > git status -z -uall [17ms]
2025-11-03 00:31:14.420 [info] > git for-each-ref --sort -committerdate --format %(refname)%00%(objectname)%00%(*objectname) [3ms]
2025-11-03 00:32:42.285 [info] > git config --get commit.template [5ms]
2025-11-03 00:32:42.319 [info] > git for-each-ref --format=%(refname)%00%(upstream:short)%00%(objectname)%00%(upstream:track)%00%(upstream:remotename)%00%(upstream:remoteref) refs/heads/develop refs/remotes/develop [4ms]
2025-11-03 00:32:42.362 [info] > git status -z -uall [20ms]
2025-11-03 00:32:42.363 [info] > git for-each-ref --sort -committerdate --format %(refname)%00%(objectname)%00%(*objectname) [3ms]
2025-11-03 00:32:43.483 [info] > git ls-files --stage -- src/middleware.ts [2ms]
2025-11-03 00:32:43.502 [info] > git cat-file -s a66d19d7f2aef0f08ebfd3e84134aeda792c197a [1ms]
2025-11-03 00:32:43.523 [info] > git show --textconv :src/middleware.ts [3ms]
2025-11-03 00:32:44.905 [info] > git fetch [2658ms]
2025-11-03 00:32:44.923 [info] > git config --get commit.template [2ms]
2025-11-03 00:32:44.940 [info] > git for-each-ref --format=%(refname)%00%(upstream:short)%00%(objectname)%00%(upstream:track)%00%(upstream:remotename)%00%(upstream:remoteref) refs/heads/develop refs/remotes/develop [2ms]
2025-11-03 00:32:44.972 [info] > git status -z -uall [17ms]
2025-11-03 00:32:44.973 [info] > git for-each-ref --sort -committerdate --format %(refname)%00%(objectname)%00%(*objectname) [2ms]
2025-11-03 00:32:45.918 [info] > git ls-files --stage -- src/middleware.ts [2ms]
2025-11-03 00:32:45.937 [info] > git cat-file -s a66d19d7f2aef0f08ebfd3e84134aeda792c197a [2ms]
2025-11-03 00:32:45.963 [info] > git show --textconv :src/middleware.ts [2ms]
2025-11-03 00:32:47.600 [info] > git config --get commit.template [22ms]
2025-11-03 00:32:47.602 [info] > git for-each-ref --format=%(refname)%00%(upstream:short)%00%(objectname)%00%(upstream:track)%00%(upstream:remotename)%00%(upstream:remoteref) refs/heads/develop refs/remotes/develop [3ms]
2025-11-03 00:32:47.644 [info] > git status -z -uall [21ms]
2025-11-03 00:32:47.646 [info] > git for-each-ref --sort -committerdate --format %(refname)%00%(objectname)%00%(*objectname) [2ms]
2025-11-03 00:33:36.045 [info] > git config --get commit.template [49ms]
2025-11-03 00:33:36.047 [info] > git for-each-ref --format=%(refname)%00%(upstream:short)%00%(objectname)%00%(upstream:track)%00%(upstream:remotename)%00%(upstream:remoteref) refs/heads/develop refs/remotes/develop [12ms]
2025-11-03 00:33:36.098 [info] > git status -z -uall [22ms]
2025-11-03 00:33:36.101 [info] > git for-each-ref --sort -committerdate --format %(refname)%00%(objectname)%00%(*objectname) [4ms]
2025-11-03 00:33:41.146 [info] > git config --get commit.template [21ms]
2025-11-03 00:33:41.147 [info] > git for-each-ref --format=%(refname)%00%(upstream:short)%00%(objectname)%00%(upstream:track)%00%(upstream:remotename)%00%(upstream:remoteref) refs/heads/develop refs/remotes/develop [2ms]
2025-11-03 00:33:41.185 [info] > git status -z -uall [20ms]
2025-11-03 00:33:41.186 [info] > git for-each-ref --sort -committerdate --format %(refname)%00%(objectname)%00%(*objectname) [2ms]
2025-11-03 00:35:19.715 [info] > git show --textconv :src/app/dashboard/projects/page.tsx [25ms]
2025-11-03 00:35:19.717 [info] > git ls-files --stage -- src/app/dashboard/projects/page.tsx [6ms]
2025-11-03 00:35:19.741 [info] > git cat-file -s d562e9971dede0b0b1c53cad857a438bb20d953a [4ms]
2025-11-03 00:35:46.200 [info] > git ls-files --stage -- src/app/dashboard/projects/page.tsx [1ms]
2025-11-03 00:35:46.220 [info] > git cat-file -s d562e9971dede0b0b1c53cad857a438bb20d953a [2ms]
2025-11-03 00:35:46.243 [info] > git show --textconv :src/app/dashboard/projects/page.tsx [3ms]
2025-11-03 00:35:47.596 [info] > git fetch [2599ms]
2025-11-03 00:35:47.634 [info] > git config --get commit.template [19ms]
2025-11-03 00:35:47.635 [info] > git for-each-ref --format=%(refname)%00%(upstream:short)%00%(objectname)%00%(upstream:track)%00%(upstream:remotename)%00%(upstream:remoteref) refs/heads/develop refs/remotes/develop [1ms]
2025-11-03 00:35:47.674 [info] > git status -z -uall [19ms]
2025-11-03 00:35:47.675 [info] > git for-each-ref --sort -committerdate --format %(refname)%00%(objectname)%00%(*objectname) [2ms]
2025-11-03 00:35:48.615 [info] > git ls-files --stage -- src/app/dashboard/projects/page.tsx [2ms]
2025-11-03 00:35:48.637 [info] > git cat-file -s d562e9971dede0b0b1c53cad857a438bb20d953a [2ms]
2025-11-03 00:35:48.662 [info] > git show --textconv :src/app/dashboard/projects/page.tsx [3ms]
2025-11-03 00:36:10.914 [info] > git config --get commit.template [19ms]
2025-11-03 00:36:10.920 [info] > git for-each-ref --format=%(refname)%00%(upstream:short)%00%(objectname)%00%(upstream:track)%00%(upstream:remotename)%00%(upstream:remoteref) refs/heads/develop refs/remotes/develop [8ms]
2025-11-03 00:36:10.955 [info] > git status -z -uall [18ms]
2025-11-03 00:36:10.956 [info] > git for-each-ref --sort -committerdate --format %(refname)%00%(objectname)%00%(*objectname) [2ms]
2025-11-03 00:36:22.216 [info] > git config --get commit.template [19ms]
2025-11-03 00:36:22.217 [info] > git for-each-ref --format=%(refname)%00%(upstream:short)%00%(objectname)%00%(upstream:track)%00%(upstream:remotename)%00%(upstream:remoteref) refs/heads/develop refs/remotes/develop [3ms]
2025-11-03 00:36:22.251 [info] > git status -z -uall [17ms]
2025-11-03 00:36:22.252 [info] > git for-each-ref --sort -committerdate --format %(refname)%00%(objectname)%00%(*objectname) [2ms]
2025-11-03 00:36:27.289 [info] > git config --get commit.template [18ms]
2025-11-03 00:36:27.291 [info] > git for-each-ref --format=%(refname)%00%(upstream:short)%00%(objectname)%00%(upstream:track)%00%(upstream:remotename)%00%(upstream:remoteref) refs/heads/develop refs/remotes/develop [2ms]
2025-11-03 00:36:27.326 [info] > git status -z -uall [19ms]
2025-11-03 00:36:27.327 [info] > git for-each-ref --sort -committerdate --format %(refname)%00%(objectname)%00%(*objectname) [2ms]
2025-11-03 00:36:32.863 [info] > git config --get commit.template [35ms]
2025-11-03 00:36:32.865 [info] > git for-each-ref --format=%(refname)%00%(upstream:short)%00%(objectname)%00%(upstream:track)%00%(upstream:remotename)%00%(upstream:remoteref) refs/heads/develop refs/remotes/develop [6ms]
2025-11-03 00:36:32.935 [info] > git status -z -uall [31ms]
2025-11-03 00:36:32.938 [info] > git for-each-ref --sort -committerdate --format %(refname)%00%(objectname)%00%(*objectname) [3ms]
2025-11-03 00:37:53.328 [info] > git check-ignore -v -z --stdin [2ms]
2025-11-03 00:37:54.616 [info] > git show --textconv :src/app/dashboard/projects/page.tsx [22ms]
2025-11-03 00:37:54.618 [info] > git ls-files --stage -- src/app/dashboard/projects/page.tsx [3ms]
2025-11-03 00:37:54.642 [info] > git cat-file -s d562e9971dede0b0b1c53cad857a438bb20d953a [2ms]
2025-11-03 00:39:32.994 [info] > git config --get commit.template [30ms]
2025-11-03 00:39:32.994 [info] > git for-each-ref --format=%(refname)%00%(upstream:short)%00%(objectname)%00%(upstream:track)%00%(upstream:remotename)%00%(upstream:remoteref) refs/heads/develop refs/remotes/develop [2ms]
2025-11-03 00:39:33.042 [info] > git status -z -uall [26ms]
2025-11-03 00:39:33.046 [info] > git for-each-ref --sort -committerdate --format %(refname)%00%(objectname)%00%(*objectname) [5ms]
2025-11-03 00:39:35.493 [info] > git fetch [2556ms]
2025-11-03 00:39:35.533 [info] > git config --get commit.template [20ms]
2025-11-03 00:39:35.534 [info] > git for-each-ref --format=%(refname)%00%(upstream:short)%00%(objectname)%00%(upstream:track)%00%(upstream:remotename)%00%(upstream:remoteref) refs/heads/develop refs/remotes/develop [2ms]
2025-11-03 00:39:35.566 [info] > git status -z -uall [16ms]
2025-11-03 00:39:35.568 [info] > git for-each-ref --sort -committerdate --format %(refname)%00%(objectname)%00%(*objectname) [2ms]
2025-11-03 00:39:39.650 [info] > git config --get commit.template [4ms]
2025-11-03 00:39:39.694 [info] > git ls-files --stage -- src/app/dashboard/projects/page.tsx [15ms]
2025-11-03 00:39:39.710 [info] > git for-each-ref --format=%(refname)%00%(upstream:short)%00%(objectname)%00%(upstream:track)%00%(upstream:remotename)%00%(upstream:remoteref) refs/heads/develop refs/remotes/develop [16ms]
2025-11-03 00:39:39.748 [info] > git status -z -uall [19ms]
2025-11-03 00:39:39.748 [info] > git cat-file -s d562e9971dede0b0b1c53cad857a438bb20d953a [38ms]
2025-11-03 00:39:39.749 [info] > git for-each-ref --sort -committerdate --format %(refname)%00%(objectname)%00%(*objectname) [3ms]
2025-11-03 00:39:39.769 [info] > git show --textconv :src/app/dashboard/projects/page.tsx [2ms]
2025-11-03 00:40:06.234 [info] > git config --get commit.template [2ms]
2025-11-03 00:40:06.252 [info] > git for-each-ref --format=%(refname)%00%(upstream:short)%00%(objectname)%00%(upstream:track)%00%(upstream:remotename)%00%(upstream:remoteref) refs/heads/develop refs/remotes/develop [1ms]
2025-11-03 00:40:06.288 [info] > git status -z -uall [18ms]
2025-11-03 00:40:06.290 [info] > git for-each-ref --sort -committerdate --format %(refname)%00%(objectname)%00%(*objectname) [3ms]
2025-11-03 00:48:14.936 [info] > git ls-files --stage -- src/app/dashboard/projects/page.tsx [12ms]
2025-11-03 00:48:14.958 [info] > git cat-file -s d562e9971dede0b0b1c53cad857a438bb20d953a [2ms]
2025-11-03 00:48:14.984 [info] > git show --textconv :src/app/dashboard/projects/page.tsx [3ms]
2025-11-03 00:48:16.469 [info] > git fetch [2798ms]
2025-11-03 00:48:16.505 [info] > git config --get commit.template [18ms]
2025-11-03 00:48:16.506 [info] > git for-each-ref --format=%(refname)%00%(upstream:short)%00%(objectname)%00%(upstream:track)%00%(upstream:remotename)%00%(upstream:remoteref) refs/heads/develop refs/remotes/develop [2ms]
2025-11-03 00:48:16.543 [info] > git status -z -uall [20ms]
2025-11-03 00:48:16.543 [info] > git for-each-ref --sort -committerdate --format %(refname)%00%(objectname)%00%(*objectname) [2ms]
2025-11-03 00:48:21.306 [info] > git show --textconv :src/hooks/createResourceHook.ts [20ms]
2025-11-03 00:48:21.307 [info] > git ls-files --stage -- src/hooks/createResourceHook.ts [2ms]
2025-11-03 00:48:21.327 [info] > git cat-file -s 44ae1697fe09573482ac744fa554e62a4f0d20a4 [5ms]
2025-11-03 00:48:47.378 [info] > git config --get commit.template [18ms]
2025-11-03 00:48:47.379 [info] > git for-each-ref --format=%(refname)%00%(upstream:short)%00%(objectname)%00%(upstream:track)%00%(upstream:remotename)%00%(upstream:remoteref) refs/heads/develop refs/remotes/develop [2ms]
2025-11-03 00:48:47.414 [info] > git status -z -uall [17ms]
2025-11-03 00:48:47.415 [info] > git for-each-ref --sort -committerdate --format %(refname)%00%(objectname)%00%(*objectname) [2ms]
2025-11-03 01:12:16.943 [info] > git ls-files --stage -- src/hooks/createResourceHook.ts [2ms]
2025-11-03 01:12:16.966 [info] > git cat-file -s 44ae1697fe09573482ac744fa554e62a4f0d20a4 [2ms]
2025-11-03 01:12:16.996 [info] > git show --textconv :src/hooks/createResourceHook.ts [3ms]
2025-11-03 01:12:18.658 [info] > git fetch [2921ms]
2025-11-03 01:12:18.704 [info] > git config --get commit.template [22ms]
2025-11-03 01:12:18.705 [info] > git for-each-ref --format=%(refname)%00%(upstream:short)%00%(objectname)%00%(upstream:track)%00%(upstream:remotename)%00%(upstream:remoteref) refs/heads/develop refs/remotes/develop [2ms]
2025-11-03 01:12:18.745 [info] > git status -z -uall [20ms]
2025-11-03 01:12:18.747 [info] > git for-each-ref --sort -committerdate --format %(refname)%00%(objectname)%00%(*objectname) [3ms]
2025-11-03 01:13:48.444 [info] > git show --textconv :src/app/dashboard/projects/page.tsx [19ms]
2025-11-03 01:13:48.446 [info] > git ls-files --stage -- src/app/dashboard/projects/page.tsx [3ms]
2025-11-03 01:13:48.466 [info] > git cat-file -s d562e9971dede0b0b1c53cad857a438bb20d953a [1ms]
2025-11-03 01:13:57.493 [info] > git show --textconv :src/hooks/createResourceHook.ts [21ms]
2025-11-03 01:13:57.500 [info] > git ls-files --stage -- src/hooks/createResourceHook.ts [8ms]
2025-11-03 01:13:57.520 [info] > git cat-file -s 44ae1697fe09573482ac744fa554e62a4f0d20a4 [3ms]
2025-11-03 01:14:05.553 [info] > git config --get commit.template [19ms]
2025-11-03 01:14:05.554 [info] > git for-each-ref --format=%(refname)%00%(upstream:short)%00%(objectname)%00%(upstream:track)%00%(upstream:remotename)%00%(upstream:remoteref) refs/heads/develop refs/remotes/develop [2ms]
2025-11-03 01:14:05.589 [info] > git status -z -uall [18ms]
2025-11-03 01:14:05.590 [info] > git for-each-ref --sort -committerdate --format %(refname)%00%(objectname)%00%(*objectname) [2ms]
2025-11-03 01:14:13.133 [info] > git config --get commit.template [18ms]
2025-11-03 01:14:13.136 [info] > git for-each-ref --format=%(refname)%00%(upstream:short)%00%(objectname)%00%(upstream:track)%00%(upstream:remotename)%00%(upstream:remoteref) refs/heads/develop refs/remotes/develop [4ms]
2025-11-03 01:14:13.175 [info] > git status -z -uall [21ms]
2025-11-03 01:14:13.176 [info] > git for-each-ref --sort -committerdate --format %(refname)%00%(objectname)%00%(*objectname) [2ms]
2025-11-03 01:14:24.217 [info] > git config --get commit.template [2ms]
2025-11-03 01:14:24.238 [info] > git for-each-ref --format=%(refname)%00%(upstream:short)%00%(objectname)%00%(upstream:track)%00%(upstream:remotename)%00%(upstream:remoteref) refs/heads/develop refs/remotes/develop [2ms]
2025-11-03 01:14:24.279 [info] > git status -z -uall [22ms]
2025-11-03 01:14:24.280 [info] > git for-each-ref --sort -committerdate --format %(refname)%00%(objectname)%00%(*objectname) [2ms]
2025-11-03 01:15:11.334 [info] > git config --get commit.template [21ms]
2025-11-03 01:15:11.335 [info] > git for-each-ref --format=%(refname)%00%(upstream:short)%00%(objectname)%00%(upstream:track)%00%(upstream:remotename)%00%(upstream:remoteref) refs/heads/develop refs/remotes/develop [2ms]
2025-11-03 01:15:11.371 [info] > git status -z -uall [20ms]
2025-11-03 01:15:11.372 [info] > git for-each-ref --sort -committerdate --format %(refname)%00%(objectname)%00%(*objectname) [2ms]
2025-11-03 01:15:16.422 [info] > git config --get commit.template [21ms]
2025-11-03 01:15:16.423 [info] > git for-each-ref --format=%(refname)%00%(upstream:short)%00%(objectname)%00%(upstream:track)%00%(upstream:remotename)%00%(upstream:remoteref) refs/heads/develop refs/remotes/develop [2ms]
2025-11-03 01:15:16.465 [info] > git status -z -uall [22ms]
2025-11-03 01:15:16.466 [info] > git for-each-ref --sort -committerdate --format %(refname)%00%(objectname)%00%(*objectname) [2ms]
2025-11-03 01:15:27.264 [info] > git ls-files --stage -- src/hooks/createResourceHook.ts [4ms]
2025-11-03 01:15:27.282 [info] > git cat-file -s 44ae1697fe09573482ac744fa554e62a4f0d20a4 [2ms]
2025-11-03 01:15:27.301 [info] > git show --textconv :src/hooks/createResourceHook.ts [1ms]
2025-11-03 01:15:28.674 [info] > git fetch [2633ms]
2025-11-03 01:15:28.704 [info] > git config --get commit.template [7ms]
2025-11-03 01:15:28.728 [info] > git for-each-ref --format=%(refname)%00%(upstream:short)%00%(objectname)%00%(upstream:track)%00%(upstream:remotename)%00%(upstream:remoteref) refs/heads/develop refs/remotes/develop [2ms]
2025-11-03 01:15:28.768 [info] > git status -z -uall [21ms]
2025-11-03 01:15:28.768 [info] > git for-each-ref --sort -committerdate --format %(refname)%00%(objectname)%00%(*objectname) [1ms]
2025-11-03 01:15:29.688 [info] > git ls-files --stage -- src/hooks/createResourceHook.ts [1ms]
2025-11-03 01:15:29.709 [info] > git cat-file -s 44ae1697fe09573482ac744fa554e62a4f0d20a4 [2ms]
2025-11-03 01:15:29.732 [info] > git show --textconv :src/hooks/createResourceHook.ts [2ms]
2025-11-03 01:16:04.425 [info] > git config --get commit.template [29ms]
2025-11-03 01:16:04.426 [info] > git for-each-ref --format=%(refname)%00%(upstream:short)%00%(objectname)%00%(upstream:track)%00%(upstream:remotename)%00%(upstream:remoteref) refs/heads/develop refs/remotes/develop [3ms]
2025-11-03 01:16:04.472 [info] > git status -z -uall [21ms]
2025-11-03 01:16:04.473 [info] > git for-each-ref --sort -committerdate --format %(refname)%00%(objectname)%00%(*objectname) [2ms]
2025-11-03 01:16:20.640 [info] > git config --get commit.template [26ms]
2025-11-03 01:16:20.641 [info] > git for-each-ref --format=%(refname)%00%(upstream:short)%00%(objectname)%00%(upstream:track)%00%(upstream:remotename)%00%(upstream:remoteref) refs/heads/develop refs/remotes/develop [2ms]
2025-11-03 01:16:20.689 [info] > git status -z -uall [24ms]
2025-11-03 01:16:20.690 [info] > git for-each-ref --sort -committerdate --format %(refname)%00%(objectname)%00%(*objectname) [2ms]
2025-11-03 01:17:31.277 [info] > git config --get commit.template [19ms]
2025-11-03 01:17:31.281 [info] > git for-each-ref --format=%(refname)%00%(upstream:short)%00%(objectname)%00%(upstream:track)%00%(upstream:remotename)%00%(upstream:remoteref) refs/heads/develop refs/remotes/develop [5ms]
2025-11-03 01:17:31.318 [info] > git status -z -uall [20ms]
2025-11-03 01:17:31.319 [info] > git for-each-ref --sort -committerdate --format %(refname)%00%(objectname)%00%(*objectname) [2ms]
2025-11-03 01:18:18.234 [info] > git config --get commit.template [28ms]
2025-11-03 01:18:18.236 [info] > git for-each-ref --format=%(refname)%00%(upstream:short)%00%(objectname)%00%(upstream:track)%00%(upstream:remotename)%00%(upstream:remoteref) refs/heads/develop refs/remotes/develop [4ms]
2025-11-03 01:18:18.291 [info] > git status -z -uall [27ms]
2025-11-03 01:18:18.292 [info] > git for-each-ref --sort -committerdate --format %(refname)%00%(objectname)%00%(*objectname) [2ms]
2025-11-03 01:18:29.989 [info] > git ls-files --stage -- src/hooks/createResourceHook.ts [2ms]
2025-11-03 01:18:30.013 [info] > git cat-file -s 44ae1697fe09573482ac744fa554e62a4f0d20a4 [1ms]
2025-11-03 01:18:30.033 [info] > git show --textconv :src/hooks/createResourceHook.ts [2ms]
2025-11-03 01:18:31.623 [info] > git fetch [2835ms]
2025-11-03 01:18:31.641 [info] > git config --get commit.template [1ms]
2025-11-03 01:18:31.660 [info] > git for-each-ref --format=%(refname)%00%(upstream:short)%00%(objectname)%00%(upstream:track)%00%(upstream:remotename)%00%(upstream:remoteref) refs/heads/develop refs/remotes/develop [2ms]
2025-11-03 01:18:31.695 [info] > git status -z -uall [18ms]
2025-11-03 01:18:31.697 [info] > git for-each-ref --sort -committerdate --format %(refname)%00%(objectname)%00%(*objectname) [2ms]
2025-11-03 01:18:32.621 [info] > git ls-files --stage -- src/hooks/createResourceHook.ts [2ms]
2025-11-03 01:18:32.638 [info] > git cat-file -s 44ae1697fe09573482ac744fa554e62a4f0d20a4 [1ms]
2025-11-03 01:18:32.660 [info] > git show --textconv :src/hooks/createResourceHook.ts [4ms]
2025-11-03 01:19:18.156 [info] > git config --get commit.template [17ms]
2025-11-03 01:19:18.158 [info] > git for-each-ref --format=%(refname)%00%(upstream:short)%00%(objectname)%00%(upstream:track)%00%(upstream:remotename)%00%(upstream:remoteref) refs/heads/develop refs/remotes/develop [3ms]
2025-11-03 01:19:18.192 [info] > git status -z -uall [18ms]
2025-11-03 01:19:18.193 [info] > git for-each-ref --sort -committerdate --format %(refname)%00%(objectname)%00%(*objectname) [2ms]
2025-11-03 01:19:40.497 [info] > git config --get commit.template [20ms]
2025-11-03 01:19:40.498 [info] > git for-each-ref --format=%(refname)%00%(upstream:short)%00%(objectname)%00%(upstream:track)%00%(upstream:remotename)%00%(upstream:remoteref) refs/heads/develop refs/remotes/develop [1ms]
2025-11-03 01:19:40.538 [info] > git status -z -uall [21ms]
2025-11-03 01:19:40.539 [info] > git for-each-ref --sort -committerdate --format %(refname)%00%(objectname)%00%(*objectname) [3ms]
2025-11-03 01:19:45.562 [info] > git config --get commit.template [2ms]
2025-11-03 01:19:45.583 [info] > git for-each-ref --format=%(refname)%00%(upstream:short)%00%(objectname)%00%(upstream:track)%00%(upstream:remotename)%00%(upstream:remoteref) refs/heads/develop refs/remotes/develop [2ms]
2025-11-03 01:19:45.621 [info] > git status -z -uall [19ms]
2025-11-03 01:19:45.622 [info] > git for-each-ref --sort -committerdate --format %(refname)%00%(objectname)%00%(*objectname) [2ms]
2025-11-03 01:20:14.564 [info] > git show --textconv :src/app/api/projects/route.ts [23ms]
2025-11-03 01:20:14.565 [info] > git ls-files --stage -- src/app/api/projects/route.ts [2ms]
2025-11-03 01:20:14.586 [info] > git cat-file -s 7f5744abaee2f79bab70bf5d71b66fada61200ac [2ms]
2025-11-03 01:20:16.938 [info] > git show --textconv :src/hooks/createResourceHook.ts [25ms]
2025-11-03 01:20:16.938 [info] > git ls-files --stage -- src/hooks/createResourceHook.ts [5ms]
2025-11-03 01:20:16.956 [info] > git cat-file -s 44ae1697fe09573482ac744fa554e62a4f0d20a4 [1ms]
2025-11-03 01:21:34.026 [info] > git fetch [2306ms]
2025-11-03 01:21:34.049 [info] > git config --get commit.template [2ms]
2025-11-03 01:21:34.072 [info] > git for-each-ref --format=%(refname)%00%(upstream:short)%00%(objectname)%00%(upstream:track)%00%(upstream:remotename)%00%(upstream:remoteref) refs/heads/develop refs/remotes/develop [2ms]
2025-11-03 01:21:34.112 [info] > git status -z -uall [20ms]
2025-11-03 01:21:34.113 [info] > git for-each-ref --sort -committerdate --format %(refname)%00%(objectname)%00%(*objectname) [2ms]
2025-11-03 01:22:18.252 [info] > git ls-files --stage -- src/hooks/createResourceHook.ts [3ms]
2025-11-03 01:22:18.277 [info] > git cat-file -s 44ae1697fe09573482ac744fa554e62a4f0d20a4 [2ms]
2025-11-03 01:22:18.330 [info] > git show --textconv :src/hooks/createResourceHook.ts [2ms]
2025-11-03 01:24:35.362 [info] > git ls-files --stage -- src/hooks/createResourceHook.ts [2ms]
2025-11-03 01:24:35.390 [info] > git cat-file -s 44ae1697fe09573482ac744fa554e62a4f0d20a4 [5ms]
2025-11-03 01:24:35.415 [info] > git show --textconv :src/hooks/createResourceHook.ts [2ms]
2025-11-03 01:24:36.893 [info] > git fetch [2752ms]
2025-11-03 01:24:36.933 [info] > git config --get commit.template [21ms]
2025-11-03 01:24:36.934 [info] > git for-each-ref --format=%(refname)%00%(upstream:short)%00%(objectname)%00%(upstream:track)%00%(upstream:remotename)%00%(upstream:remoteref) refs/heads/develop refs/remotes/develop [2ms]
2025-11-03 01:24:36.977 [info] > git for-each-ref --sort -committerdate --format %(refname)%00%(objectname)%00%(*objectname) [2ms]
2025-11-03 01:24:36.984 [info] > git status -z -uall [31ms]
2025-11-03 01:24:37.903 [info] > git ls-files --stage -- src/hooks/createResourceHook.ts [2ms]
2025-11-03 01:24:37.924 [info] > git cat-file -s 44ae1697fe09573482ac744fa554e62a4f0d20a4 [2ms]
2025-11-03 01:24:37.947 [info] > git show --textconv :src/hooks/createResourceHook.ts [3ms]
2025-11-03 01:24:44.275 [info] > git show --textconv :src/app/dashboard/projects/page.tsx [23ms]
2025-11-03 01:24:44.282 [info] > git ls-files --stage -- src/app/dashboard/projects/page.tsx [8ms]
2025-11-03 01:24:44.301 [info] > git cat-file -s d562e9971dede0b0b1c53cad857a438bb20d953a [1ms]
2025-11-03 01:27:43.542 [info] > git ls-files --stage -- src/app/dashboard/projects/page.tsx [1ms]
2025-11-03 01:27:43.564 [info] > git cat-file -s d562e9971dede0b0b1c53cad857a438bb20d953a [2ms]
2025-11-03 01:27:43.590 [info] > git show --textconv :src/app/dashboard/projects/page.tsx [2ms]
2025-11-03 01:27:44.569 [info] > git fetch [2231ms]
2025-11-03 01:27:44.604 [info] > git config --get commit.template [18ms]
2025-11-03 01:27:44.605 [info] > git for-each-ref --format=%(refname)%00%(upstream:short)%00%(objectname)%00%(upstream:track)%00%(upstream:remotename)%00%(upstream:remoteref) refs/heads/develop refs/remotes/develop [2ms]
2025-11-03 01:27:44.643 [info] > git status -z -uall [21ms]
2025-11-03 01:27:44.643 [info] > git for-each-ref --sort -committerdate --format %(refname)%00%(objectname)%00%(*objectname) [3ms]
2025-11-03 01:27:45.587 [info] > git ls-files --stage -- src/app/dashboard/projects/page.tsx [1ms]
2025-11-03 01:27:45.605 [info] > git cat-file -s d562e9971dede0b0b1c53cad857a438bb20d953a [1ms]
2025-11-03 01:27:45.624 [info] > git show --textconv :src/app/dashboard/projects/page.tsx [2ms]
2025-11-03 01:31:40.893 [info] > git ls-files --stage -- src/app/dashboard/projects/page.tsx [2ms]
2025-11-03 01:31:40.910 [info] > git cat-file -s d562e9971dede0b0b1c53cad857a438bb20d953a [1ms]
2025-11-03 01:31:40.930 [info] > git show --textconv :src/app/dashboard/projects/page.tsx [1ms]
2025-11-03 01:31:42.534 [info] > git fetch [2857ms]
2025-11-03 01:31:42.576 [info] > git config --get commit.template [22ms]
2025-11-03 01:31:42.577 [info] > git for-each-ref --format=%(refname)%00%(upstream:short)%00%(objectname)%00%(upstream:track)%00%(upstream:remotename)%00%(upstream:remoteref) refs/heads/develop refs/remotes/develop [2ms]
2025-11-03 01:31:42.620 [info] > git status -z -uall [22ms]
2025-11-03 01:31:42.623 [info] > git for-each-ref --sort -committerdate --format %(refname)%00%(objectname)%00%(*objectname) [4ms]
2025-11-03 01:31:57.937 [info] > git ls-files --stage -- src/app/dashboard/projects/page.tsx [2ms]
2025-11-03 01:31:57.959 [info] > git cat-file -s d562e9971dede0b0b1c53cad857a438bb20d953a [2ms]
2025-11-03 01:31:58.008 [info] > git show --textconv :src/app/dashboard/projects/page.tsx [3ms]
2025-11-03 01:33:14.412 [info] > git config --get commit.template [28ms]
2025-11-03 01:33:14.414 [info] > git for-each-ref --format=%(refname)%00%(upstream:short)%00%(objectname)%00%(upstream:track)%00%(upstream:remotename)%00%(upstream:remoteref) refs/heads/develop refs/remotes/develop [3ms]
2025-11-03 01:33:14.462 [info] > git status -z -uall [25ms]
2025-11-03 01:33:14.463 [info] > git for-each-ref --sort -committerdate --format %(refname)%00%(objectname)%00%(*objectname) [3ms]
2025-11-03 01:33:21.849 [info] > git config --get commit.template [30ms]
2025-11-03 01:33:21.851 [info] > git for-each-ref --format=%(refname)%00%(upstream:short)%00%(objectname)%00%(upstream:track)%00%(upstream:remotename)%00%(upstream:remoteref) refs/heads/develop refs/remotes/develop [4ms]
2025-11-03 01:33:21.896 [info] > git status -z -uall [24ms]
2025-11-03 01:33:21.898 [info] > git for-each-ref --sort -committerdate --format %(refname)%00%(objectname)%00%(*objectname) [3ms]
2025-11-03 01:33:44.780 [info] > git config --get commit.template [1ms]
2025-11-03 01:33:44.799 [info] > git for-each-ref --format=%(refname)%00%(upstream:short)%00%(objectname)%00%(upstream:track)%00%(upstream:remotename)%00%(upstream:remoteref) refs/heads/develop refs/remotes/develop [2ms]
2025-11-03 01:33:44.835 [info] > git status -z -uall [19ms]
2025-11-03 01:33:44.836 [info] > git for-each-ref --sort -committerdate --format %(refname)%00%(objectname)%00%(*objectname) [2ms]
2025-11-03 01:34:12.785 [info] > git show --textconv :src/middleware.ts [19ms]
2025-11-03 01:34:12.786 [info] > git ls-files --stage -- src/middleware.ts [2ms]
2025-11-03 01:34:12.806 [info] > git cat-file -s a66d19d7f2aef0f08ebfd3e84134aeda792c197a [2ms]
2025-11-03 01:34:13.081 [info] > git check-ignore -v -z --stdin [2ms]
2025-11-03 01:34:15.299 [info] > git show --textconv :src/hooks/createResourceHook.ts [26ms]
2025-11-03 01:34:15.299 [info] > git ls-files --stage -- src/hooks/createResourceHook.ts [8ms]
2025-11-03 01:34:15.317 [info] > git cat-file -s 44ae1697fe09573482ac744fa554e62a4f0d20a4 [2ms]
2025-11-03 01:34:41.909 [info] > git show --textconv :src/app/api/projects/route.ts [21ms]
2025-11-03 01:34:41.911 [info] > git ls-files --stage -- src/app/api/projects/route.ts [4ms]
2025-11-03 01:34:41.931 [info] > git cat-file -s 7f5744abaee2f79bab70bf5d71b66fada61200ac [2ms]
2025-11-03 01:34:43.850 [info] > git ls-files --stage -- src/app/api/projects/route.ts [2ms]
2025-11-03 01:34:43.873 [info] > git cat-file -s 7f5744abaee2f79bab70bf5d71b66fada61200ac [2ms]
2025-11-03 01:34:43.903 [info] > git show --textconv :src/app/api/projects/route.ts [3ms]
2025-11-03 01:34:44.944 [info] > git fetch [2302ms]
2025-11-03 01:34:44.986 [info] > git config --get commit.template [21ms]
2025-11-03 01:34:44.987 [info] > git for-each-ref --format=%(refname)%00%(upstream:short)%00%(objectname)%00%(upstream:track)%00%(upstream:remotename)%00%(upstream:remoteref) refs/heads/develop refs/remotes/develop [2ms]
2025-11-03 01:34:45.028 [info] > git status -z -uall [22ms]
2025-11-03 01:34:45.028 [info] > git for-each-ref --sort -committerdate --format %(refname)%00%(objectname)%00%(*objectname) [2ms]
2025-11-03 01:34:45.967 [info] > git ls-files --stage -- src/app/api/projects/route.ts [2ms]
2025-11-03 01:34:45.989 [info] > git cat-file -s 7f5744abaee2f79bab70bf5d71b66fada61200ac [2ms]
2025-11-03 01:34:46.011 [info] > git show --textconv :src/app/api/projects/route.ts [2ms]
2025-11-03 01:36:56.118 [info] > git config --get commit.template [18ms]
2025-11-03 01:36:56.118 [info] > git for-each-ref --format=%(refname)%00%(upstream:short)%00%(objectname)%00%(upstream:track)%00%(upstream:remotename)%00%(upstream:remoteref) refs/heads/develop refs/remotes/develop [1ms]
2025-11-03 01:36:56.153 [info] > git status -z -uall [18ms]
2025-11-03 01:36:56.157 [info] > git for-each-ref --sort -committerdate --format %(refname)%00%(objectname)%00%(*objectname) [6ms]
2025-11-03 01:37:01.206 [info] > git config --get commit.template [21ms]
2025-11-03 01:37:01.206 [info] > git for-each-ref --format=%(refname)%00%(upstream:short)%00%(objectname)%00%(upstream:track)%00%(upstream:remotename)%00%(upstream:remoteref) refs/heads/develop refs/remotes/develop [2ms]
2025-11-03 01:37:01.251 [info] > git status -z -uall [22ms]
2025-11-03 01:37:01.254 [info] > git for-each-ref --sort -committerdate --format %(refname)%00%(objectname)%00%(*objectname) [3ms]
2025-11-03 01:37:06.719 [info] > git config --get commit.template [28ms]
2025-11-03 01:37:06.720 [info] > git for-each-ref --format=%(refname)%00%(upstream:short)%00%(objectname)%00%(upstream:track)%00%(upstream:remotename)%00%(upstream:remoteref) refs/heads/develop refs/remotes/develop [3ms]
2025-11-03 01:37:06.774 [info] > git status -z -uall [27ms]
2025-11-03 01:37:06.777 [info] > git for-each-ref --sort -committerdate --format %(refname)%00%(objectname)%00%(*objectname) [4ms]
2025-11-03 01:37:16.264 [info] > git config --get commit.template [31ms]
2025-11-03 01:37:16.266 [info] > git for-each-ref --format=%(refname)%00%(upstream:short)%00%(objectname)%00%(upstream:track)%00%(upstream:remotename)%00%(upstream:remoteref) refs/heads/develop refs/remotes/develop [4ms]
2025-11-03 01:37:16.320 [info] > git status -z -uall [27ms]
2025-11-03 01:37:16.322 [info] > git for-each-ref --sort -committerdate --format %(refname)%00%(objectname)%00%(*objectname) [3ms]
2025-11-03 01:37:23.706 [info] > git config --get commit.template [29ms]
2025-11-03 01:37:23.708 [info] > git for-each-ref --format=%(refname)%00%(upstream:short)%00%(objectname)%00%(upstream:track)%00%(upstream:remotename)%00%(upstream:remoteref) refs/heads/develop refs/remotes/develop [4ms]
2025-11-03 01:37:23.763 [info] > git status -z -uall [24ms]
2025-11-03 01:37:23.764 [info] > git for-each-ref --sort -committerdate --format %(refname)%00%(objectname)%00%(*objectname) [2ms]
2025-11-03 01:37:28.792 [info] > git config --get commit.template [2ms]
2025-11-03 01:37:28.813 [info] > git for-each-ref --format=%(refname)%00%(upstream:short)%00%(objectname)%00%(upstream:track)%00%(upstream:remotename)%00%(upstream:remoteref) refs/heads/develop refs/remotes/develop [2ms]
2025-11-03 01:37:28.855 [info] > git status -z -uall [22ms]
2025-11-03 01:37:28.856 [info] > git for-each-ref --sort -committerdate --format %(refname)%00%(objectname)%00%(*objectname) [2ms]
2025-11-03 01:37:51.541 [info] > git config --get commit.template [35ms]
2025-11-03 01:37:51.543 [info] > git for-each-ref --format=%(refname)%00%(upstream:short)%00%(objectname)%00%(upstream:track)%00%(upstream:remotename)%00%(upstream:remoteref) refs/heads/develop refs/remotes/develop [2ms]
2025-11-03 01:37:51.588 [info] > git status -z -uall [19ms]
2025-11-03 01:37:51.589 [info] > git for-each-ref --sort -committerdate --format %(refname)%00%(objectname)%00%(*objectname) [3ms]
2025-11-03 01:37:52.712 [info] > git ls-files --stage -- src/app/api/projects/route.ts [1ms]
2025-11-03 01:37:52.731 [info] > git cat-file -s 7f5744abaee2f79bab70bf5d71b66fada61200ac [1ms]
2025-11-03 01:37:52.752 [info] > git show --textconv :src/app/api/projects/route.ts [2ms]
2025-11-03 01:37:54.254 [info] > git fetch [2773ms]
2025-11-03 01:37:54.294 [info] > git config --get commit.template [20ms]
2025-11-03 01:37:54.295 [info] > git for-each-ref --format=%(refname)%00%(upstream:short)%00%(objectname)%00%(upstream:track)%00%(upstream:remotename)%00%(upstream:remoteref) refs/heads/develop refs/remotes/develop [2ms]
2025-11-03 01:37:54.336 [info] > git status -z -uall [22ms]
2025-11-03 01:37:54.337 [info] > git for-each-ref --sort -committerdate --format %(refname)%00%(objectname)%00%(*objectname) [2ms]
2025-11-03 01:37:55.266 [info] > git ls-files --stage -- src/app/api/projects/route.ts [2ms]
2025-11-03 01:37:55.286 [info] > git cat-file -s 7f5744abaee2f79bab70bf5d71b66fada61200ac [2ms]
2025-11-03 01:37:55.309 [info] > git show --textconv :src/app/api/projects/route.ts [2ms]
2025-11-03 01:38:00.871 [info] > git config --get commit.template [24ms]
2025-11-03 01:38:00.874 [info] > git for-each-ref --format=%(refname)%00%(upstream:short)%00%(objectname)%00%(upstream:track)%00%(upstream:remotename)%00%(upstream:remoteref) refs/heads/develop refs/remotes/develop [4ms]
2025-11-03 01:38:00.921 [info] > git status -z -uall [25ms]
2025-11-03 01:38:00.922 [info] > git for-each-ref --sort -committerdate --format %(refname)%00%(objectname)%00%(*objectname) [3ms]
2025-11-03 01:38:05.969 [info] > git for-each-ref --format=%(refname)%00%(upstream:short)%00%(objectname)%00%(upstream:track)%00%(upstream:remotename)%00%(upstream:remoteref) refs/heads/develop refs/remotes/develop [2ms]
2025-11-03 01:38:05.969 [info] > git config --get commit.template [23ms]
2025-11-03 01:38:06.010 [info] > git status -z -uall [21ms]
2025-11-03 01:38:06.011 [info] > git for-each-ref --sort -committerdate --format %(refname)%00%(objectname)%00%(*objectname) [2ms]
2025-11-03 01:38:17.147 [info] > git config --get commit.template [4ms]
2025-11-03 01:38:17.174 [info] > git for-each-ref --format=%(refname)%00%(upstream:short)%00%(objectname)%00%(upstream:track)%00%(upstream:remotename)%00%(upstream:remoteref) refs/heads/develop refs/remotes/develop [3ms]
2025-11-03 01:38:17.220 [info] > git status -z -uall [19ms]
2025-11-03 01:38:17.221 [info] > git for-each-ref --sort -committerdate --format %(refname)%00%(objectname)%00%(*objectname) [2ms]
2025-11-03 01:38:22.268 [info] > git config --get commit.template [23ms]
2025-11-03 01:38:22.269 [info] > git for-each-ref --format=%(refname)%00%(upstream:short)%00%(objectname)%00%(upstream:track)%00%(upstream:remotename)%00%(upstream:remoteref) refs/heads/develop refs/remotes/develop [2ms]
2025-11-03 01:38:22.309 [info] > git status -z -uall [21ms]
2025-11-03 01:38:22.311 [info] > git for-each-ref --sort -committerdate --format %(refname)%00%(objectname)%00%(*objectname) [2ms]
2025-11-03 01:39:15.877 [info] > git config --get commit.template [33ms]
2025-11-03 01:39:15.880 [info] > git for-each-ref --format=%(refname)%00%(upstream:short)%00%(objectname)%00%(upstream:track)%00%(upstream:remotename)%00%(upstream:remoteref) refs/heads/develop refs/remotes/develop [4ms]
2025-11-03 01:39:15.939 [info] > git status -z -uall [24ms]
2025-11-03 01:39:15.941 [info] > git for-each-ref --sort -committerdate --format %(refname)%00%(objectname)%00%(*objectname) [2ms]
2025-11-03 01:39:29.838 [info] > git config --get commit.template [3ms]
2025-11-03 01:39:29.860 [info] > git for-each-ref --format=%(refname)%00%(upstream:short)%00%(objectname)%00%(upstream:track)%00%(upstream:remotename)%00%(upstream:remoteref) refs/heads/develop refs/remotes/develop [2ms]
2025-11-03 01:39:29.901 [info] > git status -z -uall [20ms]
2025-11-03 01:39:29.903 [info] > git for-each-ref --sort -committerdate --format %(refname)%00%(objectname)%00%(*objectname) [3ms]
2025-11-03 01:39:37.449 [info] > git config --get commit.template [21ms]
2025-11-03 01:39:37.450 [info] > git for-each-ref --format=%(refname)%00%(upstream:short)%00%(objectname)%00%(upstream:track)%00%(upstream:remotename)%00%(upstream:remoteref) refs/heads/develop refs/remotes/develop [3ms]
2025-11-03 01:39:37.494 [info] > git status -z -uall [24ms]
2025-11-03 01:39:37.495 [info] > git for-each-ref --sort -committerdate --format %(refname)%00%(objectname)%00%(*objectname) [4ms]
2025-11-03 01:39:50.741 [info] > git config --get commit.template [26ms]
2025-11-03 01:39:50.742 [info] > git for-each-ref --format=%(refname)%00%(upstream:short)%00%(objectname)%00%(upstream:track)%00%(upstream:remotename)%00%(upstream:remoteref) refs/heads/develop refs/remotes/develop [2ms]
2025-11-03 01:39:50.790 [info] > git status -z -uall [23ms]
2025-11-03 01:39:50.791 [info] > git for-each-ref --sort -committerdate --format %(refname)%00%(objectname)%00%(*objectname) [2ms]
2025-11-03 01:40:07.694 [info] > git config --get commit.template [31ms]
2025-11-03 01:40:07.696 [info] > git for-each-ref --format=%(refname)%00%(upstream:short)%00%(objectname)%00%(upstream:track)%00%(upstream:remotename)%00%(upstream:remoteref) refs/heads/develop refs/remotes/develop [5ms]
2025-11-03 01:40:07.758 [info] > git status -z -uall [27ms]
2025-11-03 01:40:07.761 [info] > git for-each-ref --sort -committerdate --format %(refname)%00%(objectname)%00%(*objectname) [3ms]
2025-11-03 01:40:12.808 [info] > git config --get commit.template [22ms]
2025-11-03 01:40:12.809 [info] > git for-each-ref --format=%(refname)%00%(upstream:short)%00%(objectname)%00%(upstream:track)%00%(upstream:remotename)%00%(upstream:remoteref) refs/heads/develop refs/remotes/develop [2ms]
2025-11-03 01:40:12.854 [info] > git status -z -uall [24ms]
2025-11-03 01:40:12.856 [info] > git for-each-ref --sort -committerdate --format %(refname)%00%(objectname)%00%(*objectname) [3ms]
2025-11-03 01:40:24.724 [info] > git config --get commit.template [22ms]
2025-11-03 01:40:24.725 [info] > git for-each-ref --format=%(refname)%00%(upstream:short)%00%(objectname)%00%(upstream:track)%00%(upstream:remotename)%00%(upstream:remoteref) refs/heads/develop refs/remotes/develop [2ms]
2025-11-03 01:40:24.770 [info] > git status -z -uall [22ms]
2025-11-03 01:40:24.771 [info] > git for-each-ref --sort -committerdate --format %(refname)%00%(objectname)%00%(*objectname) [2ms]
2025-11-03 01:40:36.533 [info] > git config --get commit.template [16ms]
2025-11-03 01:40:36.534 [info] > git for-each-ref --format=%(refname)%00%(upstream:short)%00%(objectname)%00%(upstream:track)%00%(upstream:remotename)%00%(upstream:remoteref) refs/heads/develop refs/remotes/develop [1ms]
2025-11-03 01:40:36.568 [info] > git status -z -uall [17ms]
2025-11-03 01:40:36.569 [info] > git for-each-ref --sort -committerdate --format %(refname)%00%(objectname)%00%(*objectname) [2ms]
2025-11-03 01:40:55.560 [info] > git ls-files --stage -- src/app/api/projects/route.ts [1ms]
2025-11-03 01:40:55.580 [info] > git cat-file -s 7f5744abaee2f79bab70bf5d71b66fada61200ac [2ms]
2025-11-03 01:40:55.603 [info] > git show --textconv :src/app/api/projects/route.ts [2ms]
2025-11-03 01:40:56.695 [info] > git fetch [2339ms]
2025-11-03 01:40:56.730 [info] > git config --get commit.template [18ms]
2025-11-03 01:40:56.731 [info] > git for-each-ref --format=%(refname)%00%(upstream:short)%00%(objectname)%00%(upstream:track)%00%(upstream:remotename)%00%(upstream:remoteref) refs/heads/develop refs/remotes/develop [2ms]
2025-11-03 01:40:56.766 [info] > git status -z -uall [18ms]
2025-11-03 01:40:56.767 [info] > git for-each-ref --sort -committerdate --format %(refname)%00%(objectname)%00%(*objectname) [2ms]
2025-11-03 01:40:58.752 [info] > git ls-files --stage -- src/app/api/projects/route.ts [5ms]
2025-11-03 01:40:58.780 [info] > git cat-file -s 7f5744abaee2f79bab70bf5d71b66fada61200ac [3ms]
2025-11-03 01:40:58.810 [info] > git show --textconv :src/app/api/projects/route.ts [2ms]
2025-11-03 01:41:00.052 [info] > git config --get commit.template [16ms]
2025-11-03 01:41:00.053 [info] > git for-each-ref --format=%(refname)%00%(upstream:short)%00%(objectname)%00%(upstream:track)%00%(upstream:remotename)%00%(upstream:remoteref) refs/heads/develop refs/remotes/develop [1ms]
2025-11-03 01:41:00.086 [info] > git status -z -uall [17ms]
2025-11-03 01:41:00.087 [info] > git for-each-ref --sort -committerdate --format %(refname)%00%(objectname)%00%(*objectname) [2ms]
2025-11-03 01:41:11.998 [info] > git config --get commit.template [25ms]
2025-11-03 01:41:12.000 [info] > git for-each-ref --format=%(refname)%00%(upstream:short)%00%(objectname)%00%(upstream:track)%00%(upstream:remotename)%00%(upstream:remoteref) refs/heads/develop refs/remotes/develop [3ms]
2025-11-03 01:41:12.050 [info] > git status -z -uall [26ms]
2025-11-03 01:41:12.052 [info] > git for-each-ref --sort -committerdate --format %(refname)%00%(objectname)%00%(*objectname) [3ms]
2025-11-03 01:41:17.098 [info] > git config --get commit.template [20ms]
2025-11-03 01:41:17.099 [info] > git for-each-ref --format=%(refname)%00%(upstream:short)%00%(objectname)%00%(upstream:track)%00%(upstream:remotename)%00%(upstream:remoteref) refs/heads/develop refs/remotes/develop [2ms]
2025-11-03 01:41:17.141 [info] > git status -z -uall [21ms]
2025-11-03 01:41:17.145 [info] > git for-each-ref --sort -committerdate --format %(refname)%00%(objectname)%00%(*objectname) [5ms]
2025-11-03 01:41:36.656 [info] > git config --get commit.template [2ms]
2025-11-03 01:41:36.691 [info] > git for-each-ref --format=%(refname)%00%(upstream:short)%00%(objectname)%00%(upstream:track)%00%(upstream:remotename)%00%(upstream:remoteref) refs/heads/develop refs/remotes/develop [5ms]
2025-11-03 01:41:36.744 [info] > git status -z -uall [21ms]
2025-11-03 01:41:36.746 [info] > git for-each-ref --sort -committerdate --format %(refname)%00%(objectname)%00%(*objectname) [3ms]
2025-11-03 01:41:41.784 [info] > git config --get commit.template [17ms]
2025-11-03 01:41:41.785 [info] > git for-each-ref --format=%(refname)%00%(upstream:short)%00%(objectname)%00%(upstream:track)%00%(upstream:remotename)%00%(upstream:remoteref) refs/heads/develop refs/remotes/develop [2ms]
2025-11-03 01:41:41.819 [info] > git status -z -uall [18ms]
2025-11-03 01:41:41.820 [info] > git for-each-ref --sort -committerdate --format %(refname)%00%(objectname)%00%(*objectname) [2ms]
2025-11-03 01:42:00.264 [info] > git config --get commit.template [22ms]
2025-11-03 01:42:00.265 [info] > git for-each-ref --format=%(refname)%00%(upstream:short)%00%(objectname)%00%(upstream:track)%00%(upstream:remotename)%00%(upstream:remoteref) refs/heads/develop refs/remotes/develop [2ms]
2025-11-03 01:42:00.306 [info] > git status -z -uall [21ms]
2025-11-03 01:42:00.307 [info] > git for-each-ref --sort -committerdate --format %(refname)%00%(objectname)%00%(*objectname) [2ms]
2025-11-03 01:42:06.088 [info] > git config --get commit.template [21ms]
2025-11-03 01:42:06.089 [info] > git for-each-ref --format=%(refname)%00%(upstream:short)%00%(objectname)%00%(upstream:track)%00%(upstream:remotename)%00%(upstream:remoteref) refs/heads/develop refs/remotes/develop [2ms]
2025-11-03 01:42:06.130 [info] > git status -z -uall [21ms]
2025-11-03 01:42:06.131 [info] > git for-each-ref --sort -committerdate --format %(refname)%00%(objectname)%00%(*objectname) [2ms]
2025-11-03 01:42:19.853 [info] > git config --get commit.template [19ms]
2025-11-03 01:42:19.854 [info] > git for-each-ref --format=%(refname)%00%(upstream:short)%00%(objectname)%00%(upstream:track)%00%(upstream:remotename)%00%(upstream:remoteref) refs/heads/develop refs/remotes/develop [2ms]
2025-11-03 01:42:19.887 [info] > git status -z -uall [17ms]
2025-11-03 01:42:19.888 [info] > git for-each-ref --sort -committerdate --format %(refname)%00%(objectname)%00%(*objectname) [1ms]
2025-11-03 01:42:26.975 [info] > git config --get commit.template [20ms]
2025-11-03 01:42:26.977 [info] > git for-each-ref --format=%(refname)%00%(upstream:short)%00%(objectname)%00%(upstream:track)%00%(upstream:remotename)%00%(upstream:remoteref) refs/heads/develop refs/remotes/develop [2ms]
2025-11-03 01:42:27.016 [info] > git status -z -uall [20ms]
2025-11-03 01:42:27.018 [info] > git for-each-ref --sort -committerdate --format %(refname)%00%(objectname)%00%(*objectname) [2ms]
2025-11-03 01:42:40.580 [info] > git config --get commit.template [37ms]
2025-11-03 01:42:40.582 [info] > git for-each-ref --format=%(refname)%00%(upstream:short)%00%(objectname)%00%(upstream:track)%00%(upstream:remotename)%00%(upstream:remoteref) refs/heads/develop refs/remotes/develop [3ms]
2025-11-03 01:42:40.640 [info] > git status -z -uall [30ms]
2025-11-03 01:42:40.641 [info] > git for-each-ref --sort -committerdate --format %(refname)%00%(objectname)%00%(*objectname) [2ms]
2025-11-03 01:42:45.689 [info] > git config --get commit.template [21ms]
2025-11-03 01:42:45.690 [info] > git for-each-ref --format=%(refname)%00%(upstream:short)%00%(objectname)%00%(upstream:track)%00%(upstream:remotename)%00%(upstream:remoteref) refs/heads/develop refs/remotes/develop [2ms]
2025-11-03 01:42:45.732 [info] > git status -z -uall [22ms]
2025-11-03 01:42:45.735 [info] > git for-each-ref --sort -committerdate --format %(refname)%00%(objectname)%00%(*objectname) [4ms]
2025-11-03 01:42:51.635 [info] > git config --get commit.template [21ms]
2025-11-03 01:42:51.636 [info] > git for-each-ref --format=%(refname)%00%(upstream:short)%00%(objectname)%00%(upstream:track)%00%(upstream:remotename)%00%(upstream:remoteref) refs/heads/develop refs/remotes/develop [2ms]
2025-11-03 01:42:51.676 [info] > git status -z -uall [21ms]
2025-11-03 01:42:51.677 [info] > git for-each-ref --sort -committerdate --format %(refname)%00%(objectname)%00%(*objectname) [2ms]
2025-11-03 01:42:56.875 [info] > git config --get commit.template [19ms]
2025-11-03 01:42:56.876 [info] > git for-each-ref --format=%(refname)%00%(upstream:short)%00%(objectname)%00%(upstream:track)%00%(upstream:remotename)%00%(upstream:remoteref) refs/heads/develop refs/remotes/develop [2ms]
2025-11-03 01:42:56.909 [info] > git status -z -uall [18ms]
2025-11-03 01:42:56.909 [info] > git for-each-ref --sort -committerdate --format %(refname)%00%(objectname)%00%(*objectname) [1ms]
2025-11-03 01:43:02.884 [info] > git config --get commit.template [27ms]
2025-11-03 01:43:02.885 [info] > git for-each-ref --format=%(refname)%00%(upstream:short)%00%(objectname)%00%(upstream:track)%00%(upstream:remotename)%00%(upstream:remoteref) refs/heads/develop refs/remotes/develop [3ms]
2025-11-03 01:43:02.941 [info] > git status -z -uall [29ms]
2025-11-03 01:43:02.943 [info] > git for-each-ref --sort -committerdate --format %(refname)%00%(objectname)%00%(*objectname) [3ms]
2025-11-03 01:43:15.209 [info] > git show --textconv :src/app/dashboard/projects/page.tsx [23ms]
2025-11-03 01:43:15.211 [info] > git ls-files --stage -- src/app/dashboard/projects/page.tsx [3ms]
2025-11-03 01:43:15.232 [info] > git cat-file -s d562e9971dede0b0b1c53cad857a438bb20d953a [2ms]
2025-11-03 01:43:20.727 [info] > git show --textconv :src/app/api/projects/route.ts [25ms]
2025-11-03 01:43:20.728 [info] > git ls-files --stage -- src/app/api/projects/route.ts [2ms]
2025-11-03 01:43:20.752 [info] > git cat-file -s 7f5744abaee2f79bab70bf5d71b66fada61200ac [2ms]
2025-11-03 01:43:34.131 [info] > git config --get commit.template [30ms]
2025-11-03 01:43:34.133 [info] > git for-each-ref --format=%(refname)%00%(upstream:short)%00%(objectname)%00%(upstream:track)%00%(upstream:remotename)%00%(upstream:remoteref) refs/heads/develop refs/remotes/develop [4ms]
2025-11-03 01:43:34.198 [info] > git status -z -uall [30ms]
2025-11-03 01:43:34.199 [info] > git for-each-ref --sort -committerdate --format %(refname)%00%(objectname)%00%(*objectname) [3ms]
