2025-11-09 13:45:55.392 [info] Reading sessions from keychain...
2025-11-09 13:45:55.392 [info] Getting sessions for all scopes...
2025-11-09 13:45:56.201 [info] Got stored sessions!
2025-11-09 13:45:56.201 [info] Got 2 verified sessions.
2025-11-09 13:45:56.202 [info] Got 2 sessions for ...
2025-11-09 13:45:56.202 [info] Getting sessions for all scopes...
2025-11-09 13:45:56.202 [info] Got 2 sessions for ...
2025-11-09 13:45:56.202 [info] Getting sessions for all scopes...
2025-11-09 13:45:56.202 [info] Got 2 sessions for ...
2025-11-09 13:45:56.202 [info] Getting sessions for all scopes...
2025-11-09 13:45:56.202 [info] Got 2 sessions for ...
2025-11-09 13:45:56.202 [info] Getting sessions for all scopes...
2025-11-09 13:45:56.202 [info] Got 2 sessions for ...
2025-11-09 13:45:56.202 [info] Getting sessions for all scopes...
2025-11-09 13:45:56.202 [info] Got 2 sessions for ...
2025-11-09 13:45:56.202 [info] Getting sessions for all scopes...
2025-11-09 13:45:56.202 [info] Got 2 sessions for ...
2025-11-09 13:45:56.202 [info] Getting sessions for all scopes...
2025-11-09 13:45:56.202 [info] Got 2 sessions for ...
2025-11-09 13:45:56.202 [info] Getting sessions for all scopes...
2025-11-09 13:45:56.202 [info] Got 2 sessions for ...
2025-11-09 13:45:56.202 [info] Getting sessions for all scopes...
2025-11-09 13:45:56.202 [info] Got 2 sessions for ...
2025-11-09 13:45:56.202 [info] Getting sessions for all scopes...
2025-11-09 13:45:56.202 [info] Got 2 sessions for ...
2025-11-09 13:45:56.237 [info] Getting sessions for all scopes...
2025-11-09 13:45:56.237 [info] Got 2 sessions for ...
2025-11-09 13:45:56.255 [info] Getting sessions for all scopes...
2025-11-09 13:45:56.255 [info] Got 2 sessions for ...
2025-11-09 13:45:56.255 [info] Getting sessions for all scopes...
2025-11-09 13:45:56.255 [info] Got 2 sessions for ...
2025-11-09 13:45:56.255 [info] Getting sessions for all scopes...
2025-11-09 13:45:56.255 [info] Got 2 sessions for ...
2025-11-09 13:45:56.256 [info] Getting sessions for all scopes...
2025-11-09 13:45:56.256 [info] Got 2 sessions for ...
2025-11-09 13:45:56.256 [info] Getting sessions for all scopes...
2025-11-09 13:45:56.256 [info] Got 2 sessions for ...
2025-11-09 13:45:56.256 [info] Getting sessions for all scopes...
2025-11-09 13:45:56.256 [info] Got 2 sessions for ...
2025-11-09 13:45:56.600 [info] Getting sessions for read:user,repo,user:email,workflow...
2025-11-09 13:45:56.600 [info] Got 1 sessions for read:user,repo,user:email,workflow...
2025-11-09 13:45:59.812 [info] Getting sessions for all scopes...
2025-11-09 13:45:59.812 [info] Got 2 sessions for ...
2025-11-09 13:45:59.813 [info] Getting sessions for all scopes...
2025-11-09 13:45:59.813 [info] Got 2 sessions for ...
2025-11-09 13:45:59.813 [info] Getting sessions for all scopes...
2025-11-09 13:45:59.813 [info] Got 2 sessions for ...
2025-11-09 13:45:59.833 [info] Getting sessions for all scopes...
2025-11-09 13:45:59.833 [info] Got 2 sessions for ...
2025-11-09 13:45:59.834 [info] Getting sessions for all scopes...
2025-11-09 13:45:59.834 [info] Got 2 sessions for ...
2025-11-09 13:45:59.859 [info] Getting sessions for all scopes...
2025-11-09 13:45:59.859 [info] Got 2 sessions for ...
2025-11-09 13:45:59.869 [info] Getting sessions for read:user,repo,user:email,workflow...
2025-11-09 13:45:59.869 [info] Got 1 sessions for read:user,repo,user:email,workflow...
2025-11-09 13:46:00.641 [info] FetcherService: Electron fetch failed with status: 429 
2025-11-09 13:46:00.645 [info] Getting sessions for all scopes...
2025-11-09 13:46:00.645 [info] Got 2 sessions for ...
2025-11-09 13:46:00.677 [info] Getting sessions for all scopes...
2025-11-09 13:46:00.677 [info] Got 2 sessions for ...
2025-11-09 13:46:00.677 [info] Getting sessions for read:user,repo,user:email,workflow...
2025-11-09 13:46:00.678 [info] Got 1 sessions for read:user,repo,user:email,workflow...
2025-11-09 13:46:00.685 [info] Getting sessions for all scopes...
2025-11-09 13:46:00.685 [info] Got 2 sessions for ...
2025-11-09 13:46:00.686 [info] Getting sessions for all scopes...
2025-11-09 13:46:00.686 [info] Got 2 sessions for ...
2025-11-09 13:46:00.742 [info] Getting sessions for read:user,repo,user:email,workflow...
2025-11-09 13:46:00.743 [info] Got 1 sessions for read:user,repo,user:email,workflow...
2025-11-09 13:46:00.951 [info] Getting sessions for all scopes...
2025-11-09 13:46:00.951 [info] Got 2 sessions for ...
2025-11-09 13:46:00.953 [info] Getting sessions for all scopes...
2025-11-09 13:46:00.953 [info] Got 2 sessions for ...
2025-11-09 13:46:00.957 [info] Getting sessions for all scopes...
2025-11-09 13:46:00.957 [info] Got 2 sessions for ...
2025-11-09 13:46:00.980 [info] Getting sessions for read:user,repo,user:email,workflow...
2025-11-09 13:46:00.981 [info] Got 1 sessions for read:user,repo,user:email,workflow...
2025-11-09 13:46:01.077 [info] FetcherService: Node fetch failed with status: 429 Too Many Requests
2025-11-09 13:46:01.507 [info] FetcherService: Node http/s failed with status: 429 Too Many Requests
2025-11-09 13:46:01.556 [info] Getting sessions for all scopes...
2025-11-09 13:46:01.556 [info] Got 2 sessions for ...
2025-11-09 13:48:19.825 [info] Getting sessions for all scopes...
2025-11-09 13:48:19.825 [info] Got 2 sessions for ...
2025-11-09 13:48:19.825 [info] Getting sessions for all scopes...
2025-11-09 13:48:19.825 [info] Got 2 sessions for ...
2025-11-09 14:08:16.754 [info] Reading sessions from keychain...
2025-11-09 14:08:16.756 [info] Got stored sessions!
2025-11-09 14:08:16.756 [info] Got 2 verified sessions.
2025-11-09 14:08:16.756 [info] Getting sessions for all scopes...
2025-11-09 14:08:16.756 [info] Got 2 sessions for ...
2025-11-09 14:08:16.756 [info] Getting sessions for all scopes...
2025-11-09 14:08:16.756 [info] Got 2 sessions for ...
2025-11-09 14:08:16.756 [info] Getting sessions for all scopes...
2025-11-09 14:08:16.756 [info] Got 2 sessions for ...
2025-11-09 14:08:16.756 [info] Getting sessions for all scopes...
2025-11-09 14:08:16.756 [info] Got 2 sessions for ...
2025-11-09 14:08:16.756 [info] Getting sessions for all scopes...
2025-11-09 14:08:16.756 [info] Got 2 sessions for ...
2025-11-09 14:08:16.756 [info] Getting sessions for all scopes...
2025-11-09 14:08:16.756 [info] Got 2 sessions for ...
2025-11-09 14:08:16.756 [info] Getting sessions for all scopes...
2025-11-09 14:08:16.756 [info] Got 2 sessions for ...
2025-11-09 14:08:16.756 [info] Getting sessions for all scopes...
2025-11-09 14:08:16.756 [info] Got 2 sessions for ...
2025-11-09 14:08:16.756 [info] Getting sessions for all scopes...
2025-11-09 14:08:16.756 [info] Got 2 sessions for ...
2025-11-09 14:08:16.867 [info] Getting sessions for read:user,repo,user:email,workflow...
2025-11-09 14:08:16.867 [info] Got 1 sessions for read:user,repo,user:email,workflow...
2025-11-09 14:08:20.450 [info] Getting sessions for all scopes...
2025-11-09 14:08:20.450 [info] Got 2 sessions for ...
2025-11-09 14:08:20.598 [info] Getting sessions for all scopes...
2025-11-09 14:08:20.598 [info] Got 2 sessions for ...
2025-11-09 14:08:21.092 [info] FetcherService: Electron fetch failed with status: 429 
2025-11-09 14:08:21.143 [info] Getting sessions for read:user,repo,user:email,workflow...
2025-11-09 14:08:21.143 [info] Got 1 sessions for read:user,repo,user:email,workflow...
2025-11-09 14:08:21.743 [info] Getting sessions for all scopes...
2025-11-09 14:08:21.743 [info] Got 2 sessions for ...
2025-11-09 14:08:21.845 [info] Getting sessions for read:user,repo,user:email,workflow...
2025-11-09 14:08:21.845 [info] Got 1 sessions for read:user,repo,user:email,workflow...
2025-11-09 14:08:22.263 [info] Getting sessions for read:user,repo,user:email,workflow...
2025-11-09 14:08:22.263 [info] Got 1 sessions for read:user,repo,user:email,workflow...
2025-11-09 14:08:22.397 [info] Getting sessions for all scopes...
2025-11-09 14:08:22.397 [info] Got 2 sessions for ...
2025-11-09 14:08:22.397 [info] Getting sessions for all scopes...
2025-11-09 14:08:22.397 [info] Got 2 sessions for ...
2025-11-09 14:08:22.608 [info] FetcherService: Node fetch failed with status: 429 Too Many Requests
2025-11-09 14:08:22.641 [info] Getting sessions for read:user,repo,user:email,workflow...
2025-11-09 14:08:22.641 [info] Got 1 sessions for read:user,repo,user:email,workflow...
2025-11-09 14:08:23.711 [info] Getting sessions for all scopes...
2025-11-09 14:08:23.711 [info] Got 2 sessions for ...
2025-11-09 14:08:24.429 [info] Getting sessions for read:user,repo,user:email,workflow...
2025-11-09 14:08:24.429 [info] Got 1 sessions for read:user,repo,user:email,workflow...
2025-11-09 14:08:24.439 [info] Getting sessions for all scopes...
2025-11-09 14:08:24.439 [info] Got 2 sessions for ...
2025-11-09 14:08:24.439 [info] Getting sessions for all scopes...
2025-11-09 14:08:24.439 [info] Got 2 sessions for ...
2025-11-09 14:08:24.447 [info] Getting sessions for all scopes...
2025-11-09 14:08:24.447 [info] Got 2 sessions for ...
2025-11-09 14:08:24.452 [info] FetcherService: Node http/s failed with status: 429 Too Many Requests
2025-11-09 15:01:53.889 [info] Getting sessions for read:user,repo,user:email,workflow...
2025-11-09 15:01:53.890 [info] Got 1 sessions for read:user,repo,user:email,workflow...
