2025-11-09 18:51:14.632 [info] [aebc6443-996d-45c2-90f0-388ff96faa56] Native Broker is only available on Windows and macOS
2025-11-09 18:51:17.567 [info] [getSessions] [all] starting
2025-11-09 18:51:17.567 [info] [getSessions] [all] returned 0 session(s)
2025-11-09 18:51:17.567 [info] [getSessions] [all] starting
2025-11-09 18:51:17.567 [info] [getSessions] [all] returned 0 session(s)
2025-11-09 18:51:17.567 [info] [getSessions] [all] starting
2025-11-09 18:51:17.567 [info] [getSessions] [all] returned 0 session(s)
2025-11-09 18:51:17.567 [info] [getSessions] [all] starting
2025-11-09 18:51:17.567 [info] [getSessions] [all] returned 0 session(s)
2025-11-09 18:51:17.835 [info] [getSessions] [499b84ac-1321-427f-aa17-267ca6975798/.default offline_access] starting
2025-11-09 18:51:17.836 [info] [aebc6443-996d-45c2-90f0-388ff96faa56] Native Broker is only available on Windows and macOS
2025-11-09 18:51:18.556 [info] [getSessions] [499b84ac-1321-427f-aa17-267ca6975798/.default offline_access] returned 0 session(s)
2025-11-09 18:51:19.198 [info] [getSessions] [499b84ac-1321-427f-aa17-267ca6975798/.default offline_access] starting
2025-11-09 18:51:19.198 [info] [getSessions] [499b84ac-1321-427f-aa17-267ca6975798/.default offline_access] returned 0 session(s)
2025-11-09 18:51:19.852 [info] [getSessions] [all] starting
2025-11-09 18:51:19.852 [info] [getSessions] [all] returned 0 session(s)
2025-11-09 19:12:20.902 [info] [getSessions] [499b84ac-1321-427f-aa17-267ca6975798/.default offline_access] starting
2025-11-09 19:12:20.904 [info] [getSessions] [499b84ac-1321-427f-aa17-267ca6975798/.default offline_access] returned 0 session(s)
2025-11-09 19:34:04.845 [info] [getSessions] [499b84ac-1321-427f-aa17-267ca6975798/.default offline_access] starting
2025-11-09 19:34:04.847 [info] [getSessions] [499b84ac-1321-427f-aa17-267ca6975798/.default offline_access] returned 0 session(s)
2025-11-09 19:55:20.220 [info] [getSessions] [499b84ac-1321-427f-aa17-267ca6975798/.default offline_access] starting
2025-11-09 19:55:20.222 [info] [getSessions] [499b84ac-1321-427f-aa17-267ca6975798/.default offline_access] returned 0 session(s)
2025-11-09 20:24:51.364 [info] [getSessions] [499b84ac-1321-427f-aa17-267ca6975798/.default offline_access] starting
2025-11-09 20:24:51.366 [info] [getSessions] [499b84ac-1321-427f-aa17-267ca6975798/.default offline_access] returned 0 session(s)
2025-11-09 20:45:54.159 [info] [getSessions] [499b84ac-1321-427f-aa17-267ca6975798/.default offline_access] starting
2025-11-09 20:45:54.161 [info] [getSessions] [499b84ac-1321-427f-aa17-267ca6975798/.default offline_access] returned 0 session(s)
2025-11-09 21:08:33.529 [info] [getSessions] [499b84ac-1321-427f-aa17-267ca6975798/.default offline_access] starting
2025-11-09 21:08:33.531 [info] [getSessions] [499b84ac-1321-427f-aa17-267ca6975798/.default offline_access] returned 0 session(s)
2025-11-09 21:35:31.047 [info] [getSessions] [499b84ac-1321-427f-aa17-267ca6975798/.default offline_access] starting
2025-11-09 21:35:31.049 [info] [getSessions] [499b84ac-1321-427f-aa17-267ca6975798/.default offline_access] returned 0 session(s)
2025-11-09 21:58:22.065 [info] [getSessions] [499b84ac-1321-427f-aa17-267ca6975798/.default offline_access] starting
2025-11-09 21:58:22.067 [info] [getSessions] [499b84ac-1321-427f-aa17-267ca6975798/.default offline_access] returned 0 session(s)
2025-11-09 22:20:40.548 [info] [getSessions] [499b84ac-1321-427f-aa17-267ca6975798/.default offline_access] starting
2025-11-09 22:20:40.551 [info] [getSessions] [499b84ac-1321-427f-aa17-267ca6975798/.default offline_access] returned 0 session(s)
2025-11-09 22:42:45.267 [info] [getSessions] [499b84ac-1321-427f-aa17-267ca6975798/.default offline_access] starting
2025-11-09 22:42:45.268 [info] [getSessions] [499b84ac-1321-427f-aa17-267ca6975798/.default offline_access] returned 0 session(s)
2025-11-09 23:05:35.432 [info] [getSessions] [499b84ac-1321-427f-aa17-267ca6975798/.default offline_access] starting
2025-11-09 23:05:35.432 [info] [getSessions] [499b84ac-1321-427f-aa17-267ca6975798/.default offline_access] returned 0 session(s)
2025-11-09 23:30:10.794 [info] [getSessions] [499b84ac-1321-427f-aa17-267ca6975798/.default offline_access] starting
2025-11-09 23:30:10.795 [info] [getSessions] [499b84ac-1321-427f-aa17-267ca6975798/.default offline_access] returned 0 session(s)
