2025-11-02 22:21:16.196 [info] [main] Log level: Info
2025-11-02 22:21:16.196 [info] [main] Validating found git in: "git"
2025-11-02 22:21:16.196 [info] [main] Using git "2.51.2" from "git"
2025-11-02 22:21:16.196 [info] [Model][doInitialScan] Initial repository scan started
2025-11-02 22:21:16.196 [info] > git rev-parse --show-toplevel [48ms]
2025-11-02 22:21:16.196 [info] > git rev-parse --git-dir --git-common-dir --show-superproject-working-tree [33ms]
2025-11-02 22:21:16.196 [info] [Model][openRepository] Opened repository (path): /home/monteiro/codes/api-sonar
2025-11-02 22:21:16.196 [info] [Model][openRepository] Opened repository (real path): /home/monteiro/codes/api-sonar
2025-11-02 22:21:16.196 [info] [Model][openRepository] Opened repository (kind): repository
2025-11-02 22:21:16.196 [info] > git rev-parse --show-toplevel [167ms]
2025-11-02 22:21:16.196 [info] > git config --get commit.template [209ms]
2025-11-02 22:21:16.196 [info] > git rev-parse --show-toplevel [138ms]
2025-11-02 22:21:16.196 [info] > git for-each-ref --format=%(refname)%00%(upstream:short)%00%(objectname)%00%(upstream:track)%00%(upstream:remotename)%00%(upstream:remoteref) refs/heads/enosh-dev refs/remotes/enosh-dev [29ms]
2025-11-02 22:21:16.196 [info] > git rev-parse --show-toplevel [8ms]
2025-11-02 22:21:16.196 [info] > git status -z -uall [29ms]
2025-11-02 22:21:16.196 [info] > git for-each-ref --sort -committerdate --format %(refname)%00%(objectname)%00%(*objectname) [9ms]
2025-11-02 22:21:16.196 [info] > git rev-parse --show-toplevel [100ms]
2025-11-02 22:21:16.196 [info] > git for-each-ref --format=%(refname)%00%(upstream:short)%00%(objectname)%00%(upstream:track)%00%(upstream:remotename)%00%(upstream:remoteref) refs/heads/enosh-dev refs/remotes/enosh-dev [33ms]
2025-11-02 22:21:16.201 [info] > git config --get --local branch.enosh-dev.vscode-merge-base [184ms]
2025-11-02 22:21:16.212 [info] > git rev-parse --show-toplevel [211ms]
2025-11-02 22:21:16.216 [info] [Model][doInitialScan] Initial repository scan completed - repositories (1), closed repositories (0), parent repositories (0), unsafe repositories (0)
2025-11-02 22:21:16.217 [info] > git config --get commit.template [229ms]
2025-11-02 22:21:16.264 [info] > git for-each-ref --format=%(refname)%00%(upstream:short)%00%(objectname)%00%(upstream:track)%00%(upstream:remotename)%00%(upstream:remoteref) refs/heads/origin/enosh-dev refs/remotes/origin/enosh-dev [53ms]
2025-11-02 22:21:16.289 [info] > git merge-base refs/heads/enosh-dev refs/remotes/origin/enosh-dev [14ms]
2025-11-02 22:21:16.307 [info] > git for-each-ref --format=%(refname)%00%(upstream:short)%00%(objectname)%00%(upstream:track)%00%(upstream:remotename)%00%(upstream:remoteref) refs/heads/enosh-dev refs/remotes/enosh-dev [20ms]
2025-11-02 22:21:16.308 [info] > git diff --name-status -z --diff-filter=ADMR 83f174c0d1e6db45a69a2ec3f87a5cf31cdfeabc...refs/remotes/origin/enosh-dev [8ms]
2025-11-02 22:21:16.333 [info] > git status -z -uall [13ms]
2025-11-02 22:21:16.334 [info] > git for-each-ref --sort -committerdate --format %(refname)%00%(objectname)%00%(*objectname) [3ms]
2025-11-02 22:21:20.765 [info] > git check-ignore -v -z --stdin [343ms]
2025-11-02 22:21:20.766 [info] > git show --textconv :src/controllers/auth.controller.ts [113ms]
2025-11-02 22:21:20.767 [info] > git ls-files --stage -- src/controllers/auth.controller.ts [104ms]
2025-11-02 22:21:20.820 [info] > git cat-file -s a00c4f84c4c7379d2c0b60d0a88e0c564bb5601f [44ms]
2025-11-02 22:21:21.808 [info] > git blame --root --incremental 83f174c0d1e6db45a69a2ec3f87a5cf31cdfeabc -- src/controllers/auth.controller.ts [42ms]
2025-11-02 22:21:31.602 [info] > git check-ignore -v -z --stdin [3ms]
2025-11-02 22:23:15.849 [info] > git config --get commit.template [6ms]
2025-11-02 22:23:15.891 [info] > git for-each-ref --format=%(refname)%00%(upstream:short)%00%(objectname)%00%(upstream:track)%00%(upstream:remotename)%00%(upstream:remoteref) refs/heads/enosh-dev refs/remotes/enosh-dev [12ms]
2025-11-02 22:23:15.961 [info] > git status -z -uall [43ms]
2025-11-02 22:23:15.961 [info] > git for-each-ref --sort -committerdate --format %(refname)%00%(objectname)%00%(*objectname) [23ms]
2025-11-02 22:23:17.123 [info] > git ls-files --stage -- src/controllers/auth.controller.ts [4ms]
2025-11-02 22:23:17.162 [info] > git cat-file -s a00c4f84c4c7379d2c0b60d0a88e0c564bb5601f [18ms]
2025-11-02 22:23:17.201 [info] > git show --textconv :src/controllers/auth.controller.ts [3ms]
2025-11-02 22:23:18.216 [info] > git fetch [2414ms]
2025-11-02 22:23:18.249 [info] > git config --get commit.template [17ms]
2025-11-02 22:23:18.250 [info] > git for-each-ref --format=%(refname)%00%(upstream:short)%00%(objectname)%00%(upstream:track)%00%(upstream:remotename)%00%(upstream:remoteref) refs/heads/enosh-dev refs/remotes/enosh-dev [2ms]
2025-11-02 22:23:18.281 [info] > git status -z -uall [16ms]
2025-11-02 22:23:18.283 [info] > git for-each-ref --sort -committerdate --format %(refname)%00%(objectname)%00%(*objectname) [2ms]
2025-11-02 22:24:34.741 [info] > git config --get commit.template [4ms]
2025-11-02 22:24:34.786 [info] > git ls-files --stage -- src/controllers/auth.controller.ts [23ms]
2025-11-02 22:24:34.812 [info] > git for-each-ref --format=%(refname)%00%(upstream:short)%00%(objectname)%00%(upstream:track)%00%(upstream:remotename)%00%(upstream:remoteref) refs/heads/enosh-dev refs/remotes/enosh-dev [28ms]
2025-11-02 22:24:34.813 [info] > git cat-file -s a00c4f84c4c7379d2c0b60d0a88e0c564bb5601f [3ms]
2025-11-02 22:24:34.850 [info] > git status -z -uall [17ms]
2025-11-02 22:24:34.868 [info] > git for-each-ref --sort -committerdate --format %(refname)%00%(objectname)%00%(*objectname) [19ms]
2025-11-02 22:24:34.871 [info] > git show --textconv :src/controllers/auth.controller.ts [4ms]
2025-11-02 22:28:49.107 [info] > git fetch [2477ms]
2025-11-02 22:28:49.140 [info] > git config --get commit.template [18ms]
2025-11-02 22:28:49.141 [info] > git for-each-ref --format=%(refname)%00%(upstream:short)%00%(objectname)%00%(upstream:track)%00%(upstream:remotename)%00%(upstream:remoteref) refs/heads/enosh-dev refs/remotes/enosh-dev [2ms]
2025-11-02 22:28:49.174 [info] > git status -z -uall [19ms]
2025-11-02 22:28:49.176 [info] > git for-each-ref --sort -committerdate --format %(refname)%00%(objectname)%00%(*objectname) [3ms]
2025-11-02 22:29:05.489 [info] > git ls-files --stage -- src/controllers/auth.controller.ts [4ms]
2025-11-02 22:29:05.530 [info] > git cat-file -s a00c4f84c4c7379d2c0b60d0a88e0c564bb5601f [5ms]
2025-11-02 22:29:05.567 [info] > git show --textconv :src/controllers/auth.controller.ts [2ms]
2025-11-02 22:30:24.363 [info] > git show --textconv :src/controllers/project.controller.ts [28ms]
2025-11-02 22:30:24.363 [info] > git ls-files --stage -- src/controllers/project.controller.ts [6ms]
2025-11-02 22:30:24.390 [info] > git cat-file -s 8c00da9afdfcf1fbb5faf9ed9d39cc6b78189333 [6ms]
2025-11-02 22:30:24.506 [info] > git blame --root --incremental 83f174c0d1e6db45a69a2ec3f87a5cf31cdfeabc -- src/controllers/project.controller.ts [7ms]
2025-11-02 22:32:13.782 [info] > git fetch [2487ms]
2025-11-02 22:32:13.816 [info] > git config --get commit.template [17ms]
2025-11-02 22:32:13.816 [info] > git for-each-ref --format=%(refname)%00%(upstream:short)%00%(objectname)%00%(upstream:track)%00%(upstream:remotename)%00%(upstream:remoteref) refs/heads/enosh-dev refs/remotes/enosh-dev [1ms]
2025-11-02 22:32:13.850 [info] > git status -z -uall [16ms]
2025-11-02 22:32:13.851 [info] > git for-each-ref --sort -committerdate --format %(refname)%00%(objectname)%00%(*objectname) [2ms]
2025-11-02 22:32:41.821 [info] > git ls-files --stage -- src/controllers/project.controller.ts [1ms]
2025-11-02 22:32:41.847 [info] > git cat-file -s 8c00da9afdfcf1fbb5faf9ed9d39cc6b78189333 [2ms]
2025-11-02 22:32:41.874 [info] > git show --textconv :src/controllers/project.controller.ts [2ms]
2025-11-02 22:38:37.667 [info] > git ls-files --stage -- src/controllers/project.controller.ts [1ms]
2025-11-02 22:38:37.688 [info] > git cat-file -s 8c00da9afdfcf1fbb5faf9ed9d39cc6b78189333 [2ms]
2025-11-02 22:38:37.708 [info] > git show --textconv :src/controllers/project.controller.ts [2ms]
2025-11-02 22:38:38.694 [info] > git fetch [2231ms]
2025-11-02 22:38:38.743 [info] > git config --get commit.template [24ms]
2025-11-02 22:38:38.745 [info] > git for-each-ref --format=%(refname)%00%(upstream:short)%00%(objectname)%00%(upstream:track)%00%(upstream:remotename)%00%(upstream:remoteref) refs/heads/enosh-dev refs/remotes/enosh-dev [3ms]
2025-11-02 22:38:38.786 [info] > git status -z -uall [20ms]
2025-11-02 22:38:38.788 [info] > git for-each-ref --sort -committerdate --format %(refname)%00%(objectname)%00%(*objectname) [2ms]
2025-11-02 22:40:00.435 [info] > git ls-files --stage -- src/controllers/project.controller.ts [3ms]
2025-11-02 22:40:00.465 [info] > git cat-file -s 8c00da9afdfcf1fbb5faf9ed9d39cc6b78189333 [2ms]
2025-11-02 22:40:00.499 [info] > git show --textconv :src/controllers/project.controller.ts [3ms]
2025-11-02 22:50:35.353 [info] > git fetch [2342ms]
2025-11-02 22:50:35.408 [info] > git config --get commit.template [27ms]
2025-11-02 22:50:35.410 [info] > git for-each-ref --format=%(refname)%00%(upstream:short)%00%(objectname)%00%(upstream:track)%00%(upstream:remotename)%00%(upstream:remoteref) refs/heads/enosh-dev refs/remotes/enosh-dev [4ms]
2025-11-02 22:50:35.455 [info] > git status -z -uall [23ms]
2025-11-02 22:50:35.458 [info] > git for-each-ref --sort -committerdate --format %(refname)%00%(objectname)%00%(*objectname) [4ms]
2025-11-02 23:40:55.954 [info] > git ls-files --stage -- src/controllers/project.controller.ts [6ms]
2025-11-02 23:40:55.997 [info] > git cat-file -s 8c00da9afdfcf1fbb5faf9ed9d39cc6b78189333 [5ms]
2025-11-02 23:40:56.076 [info] > git show --textconv :src/controllers/project.controller.ts [7ms]
2025-11-02 23:40:57.139 [info] > git ls-files --stage -- src/controllers/project.controller.ts [2ms]
2025-11-02 23:40:57.159 [info] > git cat-file -s 8c00da9afdfcf1fbb5faf9ed9d39cc6b78189333 [2ms]
2025-11-02 23:40:57.183 [info] > git show --textconv :src/controllers/project.controller.ts [2ms]
2025-11-02 23:40:58.565 [info] > git fetch [2676ms]
2025-11-02 23:40:58.607 [info] > git config --get commit.template [21ms]
2025-11-02 23:40:58.607 [info] > git for-each-ref --format=%(refname)%00%(upstream:short)%00%(objectname)%00%(upstream:track)%00%(upstream:remotename)%00%(upstream:remoteref) refs/heads/enosh-dev refs/remotes/enosh-dev [2ms]
2025-11-02 23:40:58.646 [info] > git status -z -uall [20ms]
2025-11-02 23:40:58.647 [info] > git for-each-ref --sort -committerdate --format %(refname)%00%(objectname)%00%(*objectname) [3ms]
2025-11-02 23:40:59.579 [info] > git ls-files --stage -- src/controllers/project.controller.ts [2ms]
2025-11-02 23:40:59.599 [info] > git cat-file -s 8c00da9afdfcf1fbb5faf9ed9d39cc6b78189333 [1ms]
2025-11-02 23:40:59.622 [info] > git show --textconv :src/controllers/project.controller.ts [2ms]
2025-11-02 23:45:22.187 [info] > git ls-files --stage -- src/controllers/project.controller.ts [2ms]
2025-11-02 23:45:22.208 [info] > git cat-file -s 8c00da9afdfcf1fbb5faf9ed9d39cc6b78189333 [2ms]
2025-11-02 23:45:22.237 [info] > git show --textconv :src/controllers/project.controller.ts [2ms]
2025-11-02 23:45:23.998 [info] > git fetch [3026ms]
2025-11-02 23:45:24.042 [info] > git config --get commit.template [22ms]
2025-11-02 23:45:24.043 [info] > git for-each-ref --format=%(refname)%00%(upstream:short)%00%(objectname)%00%(upstream:track)%00%(upstream:remotename)%00%(upstream:remoteref) refs/heads/enosh-dev refs/remotes/enosh-dev [2ms]
2025-11-02 23:45:24.084 [info] > git status -z -uall [21ms]
2025-11-02 23:45:24.086 [info] > git for-each-ref --sort -committerdate --format %(refname)%00%(objectname)%00%(*objectname) [3ms]
2025-11-02 23:45:25.008 [info] > git ls-files --stage -- src/controllers/project.controller.ts [1ms]
2025-11-02 23:45:25.031 [info] > git cat-file -s 8c00da9afdfcf1fbb5faf9ed9d39cc6b78189333 [2ms]
2025-11-02 23:45:25.055 [info] > git show --textconv :src/controllers/project.controller.ts [2ms]
2025-11-02 23:45:40.500 [info] > git show --textconv :src/lib/reponse-util.ts [26ms]
2025-11-02 23:45:40.503 [info] > git ls-files --stage -- src/lib/reponse-util.ts [4ms]
2025-11-02 23:45:40.527 [info] > git cat-file -s f86147eea093eee0851bfec55dcda854083ad275 [2ms]
2025-11-02 23:45:40.612 [info] > git blame --root --incremental 83f174c0d1e6db45a69a2ec3f87a5cf31cdfeabc -- src/lib/reponse-util.ts [26ms]
2025-11-02 23:45:40.862 [info] > git check-ignore -v -z --stdin [2ms]
2025-11-02 23:51:39.510 [info] > git ls-files --stage -- src/lib/reponse-util.ts [1ms]
2025-11-02 23:51:39.530 [info] > git cat-file -s f86147eea093eee0851bfec55dcda854083ad275 [2ms]
2025-11-02 23:51:39.551 [info] > git show --textconv :src/lib/reponse-util.ts [2ms]
2025-11-02 23:51:41.024 [info] > git fetch [2719ms]
2025-11-02 23:51:41.064 [info] > git config --get commit.template [20ms]
2025-11-02 23:51:41.064 [info] > git for-each-ref --format=%(refname)%00%(upstream:short)%00%(objectname)%00%(upstream:track)%00%(upstream:remotename)%00%(upstream:remoteref) refs/heads/enosh-dev refs/remotes/enosh-dev [1ms]
2025-11-02 23:51:41.104 [info] > git status -z -uall [20ms]
2025-11-02 23:51:41.105 [info] > git for-each-ref --sort -committerdate --format %(refname)%00%(objectname)%00%(*objectname) [2ms]
2025-11-02 23:51:42.051 [info] > git ls-files --stage -- src/lib/reponse-util.ts [3ms]
2025-11-02 23:51:42.074 [info] > git cat-file -s f86147eea093eee0851bfec55dcda854083ad275 [1ms]
2025-11-02 23:51:42.097 [info] > git show --textconv :src/lib/reponse-util.ts [2ms]
2025-11-03 00:18:47.407 [info] > git check-ignore -v -z --stdin [2ms]
2025-11-03 00:20:36.312 [info] > git config --get commit.template [23ms]
2025-11-03 00:20:36.314 [info] > git for-each-ref --format=%(refname)%00%(upstream:short)%00%(objectname)%00%(upstream:track)%00%(upstream:remotename)%00%(upstream:remoteref) refs/heads/enosh-dev refs/remotes/enosh-dev [4ms]
2025-11-03 00:20:36.354 [info] > git status -z -uall [21ms]
2025-11-03 00:20:36.359 [info] > git for-each-ref --sort -committerdate --format %(refname)%00%(objectname)%00%(*objectname) [5ms]
2025-11-03 00:20:37.480 [info] > git ls-files --stage -- src/lib/reponse-util.ts [1ms]
2025-11-03 00:20:37.499 [info] > git cat-file -s f86147eea093eee0851bfec55dcda854083ad275 [1ms]
2025-11-03 00:20:37.518 [info] > git show --textconv :src/lib/reponse-util.ts [2ms]
2025-11-03 00:20:39.920 [info] > git fetch [3653ms]
2025-11-03 00:20:39.956 [info] > git config --get commit.template [19ms]
2025-11-03 00:20:39.957 [info] > git for-each-ref --format=%(refname)%00%(upstream:short)%00%(objectname)%00%(upstream:track)%00%(upstream:remotename)%00%(upstream:remoteref) refs/heads/enosh-dev refs/remotes/enosh-dev [2ms]
2025-11-03 00:20:39.993 [info] > git status -z -uall [19ms]
2025-11-03 00:20:39.994 [info] > git for-each-ref --sort -committerdate --format %(refname)%00%(objectname)%00%(*objectname) [2ms]
2025-11-03 00:20:40.931 [info] > git ls-files --stage -- src/lib/reponse-util.ts [1ms]
2025-11-03 00:20:40.948 [info] > git cat-file -s f86147eea093eee0851bfec55dcda854083ad275 [2ms]
2025-11-03 00:20:40.969 [info] > git show --textconv :src/lib/reponse-util.ts [1ms]
2025-11-03 00:20:41.400 [info] > git config --get commit.template [19ms]
2025-11-03 00:20:41.401 [info] > git for-each-ref --format=%(refname)%00%(upstream:short)%00%(objectname)%00%(upstream:track)%00%(upstream:remotename)%00%(upstream:remoteref) refs/heads/enosh-dev refs/remotes/enosh-dev [1ms]
2025-11-03 00:20:41.436 [info] > git status -z -uall [18ms]
2025-11-03 00:20:41.437 [info] > git for-each-ref --sort -committerdate --format %(refname)%00%(objectname)%00%(*objectname) [2ms]
2025-11-03 00:20:45.384 [info] > git show --textconv :src/controllers/project.controller.ts [20ms]
2025-11-03 00:20:45.385 [info] > git ls-files --stage -- src/controllers/project.controller.ts [3ms]
2025-11-03 00:20:45.412 [info] > git cat-file -s 8c00da9afdfcf1fbb5faf9ed9d39cc6b78189333 [6ms]
2025-11-03 00:32:39.252 [info] > git ls-files --stage -- src/controllers/project.controller.ts [1ms]
2025-11-03 00:32:39.275 [info] > git cat-file -s 8c00da9afdfcf1fbb5faf9ed9d39cc6b78189333 [2ms]
2025-11-03 00:32:39.299 [info] > git show --textconv :src/controllers/project.controller.ts [3ms]
2025-11-03 00:32:40.768 [info] > git fetch [2733ms]
2025-11-03 00:32:40.806 [info] > git config --get commit.template [20ms]
2025-11-03 00:32:40.807 [info] > git for-each-ref --format=%(refname)%00%(upstream:short)%00%(objectname)%00%(upstream:track)%00%(upstream:remotename)%00%(upstream:remoteref) refs/heads/enosh-dev refs/remotes/enosh-dev [2ms]
2025-11-03 00:32:40.844 [info] > git status -z -uall [18ms]
2025-11-03 00:32:40.846 [info] > git for-each-ref --sort -committerdate --format %(refname)%00%(objectname)%00%(*objectname) [2ms]
2025-11-03 00:32:46.626 [info] > git ls-files --stage -- src/controllers/project.controller.ts [2ms]
2025-11-03 00:32:46.654 [info] > git cat-file -s 8c00da9afdfcf1fbb5faf9ed9d39cc6b78189333 [3ms]
2025-11-03 00:32:46.697 [info] > git show --textconv :src/controllers/project.controller.ts [4ms]
2025-11-03 00:38:21.950 [info] > git ls-files --stage -- src/controllers/project.controller.ts [2ms]
2025-11-03 00:38:21.972 [info] > git cat-file -s 8c00da9afdfcf1fbb5faf9ed9d39cc6b78189333 [2ms]
2025-11-03 00:38:21.995 [info] > git show --textconv :src/controllers/project.controller.ts [2ms]
2025-11-03 00:38:23.134 [info] > git fetch [2393ms]
2025-11-03 00:38:23.176 [info] > git config --get commit.template [22ms]
2025-11-03 00:38:23.180 [info] > git for-each-ref --format=%(refname)%00%(upstream:short)%00%(objectname)%00%(upstream:track)%00%(upstream:remotename)%00%(upstream:remoteref) refs/heads/enosh-dev refs/remotes/enosh-dev [5ms]
2025-11-03 00:38:23.226 [info] > git status -z -uall [22ms]
2025-11-03 00:38:23.227 [info] > git for-each-ref --sort -committerdate --format %(refname)%00%(objectname)%00%(*objectname) [2ms]
2025-11-03 00:38:24.146 [info] > git ls-files --stage -- src/controllers/project.controller.ts [1ms]
2025-11-03 00:38:24.166 [info] > git cat-file -s 8c00da9afdfcf1fbb5faf9ed9d39cc6b78189333 [3ms]
2025-11-03 00:38:24.193 [info] > git show --textconv :src/controllers/project.controller.ts [2ms]
2025-11-03 01:29:20.862 [info] > git ls-files --stage -- src/controllers/project.controller.ts [2ms]
2025-11-03 01:29:20.883 [info] > git cat-file -s 8c00da9afdfcf1fbb5faf9ed9d39cc6b78189333 [1ms]
2025-11-03 01:29:20.908 [info] > git show --textconv :src/controllers/project.controller.ts [3ms]
2025-11-03 01:29:22.196 [info] > git fetch [2560ms]
2025-11-03 01:29:22.219 [info] > git config --get commit.template [2ms]
2025-11-03 01:29:22.241 [info] > git for-each-ref --format=%(refname)%00%(upstream:short)%00%(objectname)%00%(upstream:track)%00%(upstream:remotename)%00%(upstream:remoteref) refs/heads/enosh-dev refs/remotes/enosh-dev [3ms]
2025-11-03 01:29:22.280 [info] > git status -z -uall [20ms]
2025-11-03 01:29:22.281 [info] > git for-each-ref --sort -committerdate --format %(refname)%00%(objectname)%00%(*objectname) [2ms]
2025-11-03 01:29:23.217 [info] > git ls-files --stage -- src/controllers/project.controller.ts [2ms]
2025-11-03 01:29:23.238 [info] > git cat-file -s 8c00da9afdfcf1fbb5faf9ed9d39cc6b78189333 [2ms]
2025-11-03 01:29:23.263 [info] > git show --textconv :src/controllers/project.controller.ts [2ms]
2025-11-03 01:34:01.835 [info] > git fetch [2693ms]
2025-11-03 01:34:01.873 [info] > git config --get commit.template [19ms]
2025-11-03 01:34:01.874 [info] > git for-each-ref --format=%(refname)%00%(upstream:short)%00%(objectname)%00%(upstream:track)%00%(upstream:remotename)%00%(upstream:remoteref) refs/heads/enosh-dev refs/remotes/enosh-dev [2ms]
2025-11-03 01:34:01.911 [info] > git status -z -uall [20ms]
2025-11-03 01:34:01.912 [info] > git for-each-ref --sort -committerdate --format %(refname)%00%(objectname)%00%(*objectname) [2ms]
2025-11-03 01:43:35.638 [info] > git ls-files --stage -- src/controllers/project.controller.ts [1ms]
2025-11-03 01:43:35.659 [info] > git cat-file -s 8c00da9afdfcf1fbb5faf9ed9d39cc6b78189333 [2ms]
2025-11-03 01:43:35.683 [info] > git show --textconv :src/controllers/project.controller.ts [3ms]
2025-11-03 01:43:36.824 [info] > git ls-files --stage -- src/controllers/project.controller.ts [2ms]
2025-11-03 01:43:36.846 [info] > git cat-file -s 8c00da9afdfcf1fbb5faf9ed9d39cc6b78189333 [2ms]
2025-11-03 01:43:36.869 [info] > git show --textconv :src/controllers/project.controller.ts [2ms]
2025-11-03 01:43:37.996 [info] > git fetch [2379ms]
2025-11-03 01:43:38.040 [info] > git config --get commit.template [21ms]
2025-11-03 01:43:38.041 [info] > git for-each-ref --format=%(refname)%00%(upstream:short)%00%(objectname)%00%(upstream:track)%00%(upstream:remotename)%00%(upstream:remoteref) refs/heads/enosh-dev refs/remotes/enosh-dev [2ms]
2025-11-03 01:43:38.087 [info] > git status -z -uall [25ms]
2025-11-03 01:43:38.088 [info] > git for-each-ref --sort -committerdate --format %(refname)%00%(objectname)%00%(*objectname) [2ms]
2025-11-03 01:43:39.010 [info] > git ls-files --stage -- src/controllers/project.controller.ts [1ms]
2025-11-03 01:43:39.033 [info] > git cat-file -s 8c00da9afdfcf1fbb5faf9ed9d39cc6b78189333 [2ms]
2025-11-03 01:43:39.058 [info] > git show --textconv :src/controllers/project.controller.ts [3ms]
