2025-11-09 13:45:54.058 [info] Deleted marked for removal extension from disk vscjava.vscode-java-test /home/monteiro/.vscode/extensions/vscjava.vscode-java-test-0.43.1
2025-11-09 13:45:54.130 [info] Deleted marked for removal extension from disk fill-labs.dependi /home/monteiro/.vscode/extensions/fill-labs.dependi-0.7.15
2025-11-09 13:45:54.131 [info] Deleted marked for removal extension from disk vscjava.vscode-java-debug /home/monteiro/.vscode/extensions/vscjava.vscode-java-debug-0.58.2
2025-11-09 13:45:54.141 [info] Deleted marked for removal extension from disk vscjava.vscode-gradle /home/monteiro/.vscode/extensions/vscjava.vscode-gradle-3.17.0
2025-11-09 13:45:54.158 [info] Deleted marked for removal extension from disk rust-lang.rust-analyzer /home/monteiro/.vscode/extensions/rust-lang.rust-analyzer-0.3.2660-linux-x64
2025-11-09 13:45:54.177 [info] Deleted marked for removal extension from disk vscjava.vscode-java-dependency /home/monteiro/.vscode/extensions/vscjava.vscode-java-dependency-0.26.2
2025-11-09 13:45:54.430 [info] Deleted marked for removal extension from disk vscjava.migrate-java-to-azure /home/monteiro/.vscode/extensions/vscjava.migrate-java-to-azure-1.6.2-linux-x64
2025-11-09 13:45:54.431 [info] Deleted marked for removal extension from disk james-yu.latex-workshop /home/monteiro/.vscode/extensions/james-yu.latex-workshop-10.10.2
2025-11-09 13:45:59.104 [info] Getting Manifest... fill-labs.dependi
2025-11-09 13:45:59.105 [info] Getting Manifest... vscodevim.vim
2025-11-09 13:45:59.488 [info] Installing extension: vscodevim.vim {"productVersion":{"version":"1.105.1","date":"2025-10-14T22:33:36.618Z"},"pinned":false,"operation":3,"isApplicationScoped":false,"profileLocation":{"$mid":1,"external":"vscode-userdata:/home/monteiro/.vscode/extensions/extensions.json","path":"/home/monteiro/.vscode/extensions/extensions.json","scheme":"vscode-userdata"}}
2025-11-09 13:45:59.503 [info] Installing extension: fill-labs.dependi {"productVersion":{"version":"1.105.1","date":"2025-10-14T22:33:36.618Z"},"pinned":false,"operation":3,"isApplicationScoped":false,"profileLocation":{"$mid":1,"external":"vscode-userdata:/home/monteiro/.vscode/extensions/extensions.json","path":"/home/monteiro/.vscode/extensions/extensions.json","scheme":"vscode-userdata"}}
2025-11-09 13:46:02.015 [info] Extension signature verification result for fill-labs.dependi: Success. Internal Code: 0. Executed: true. Duration: 1401ms.
2025-11-09 13:46:02.017 [info] Extension signature verification result for vscodevim.vim: Success. Internal Code: 0. Executed: true. Duration: 1579ms.
2025-11-09 13:46:02.052 [info] Extracted extension to file:///home/monteiro/.vscode/extensions/fill-labs.dependi-0.7.17: fill-labs.dependi
2025-11-09 13:46:02.057 [info] Renamed to /home/monteiro/.vscode/extensions/fill-labs.dependi-0.7.17
2025-11-09 13:46:02.118 [info] Marked extension as removed fill-labs.dependi-0.7.16
2025-11-09 13:46:02.130 [info] Extension installed successfully: fill-labs.dependi vscode-userdata:/home/monteiro/.vscode/extensions/extensions.json
2025-11-09 13:46:02.132 [info] Extracted extension to file:///home/monteiro/.vscode/extensions/vscodevim.vim-1.32.1: vscodevim.vim
2025-11-09 13:46:02.135 [info] Renamed to /home/monteiro/.vscode/extensions/vscodevim.vim-1.32.1
2025-11-09 13:46:02.166 [info] Marked extension as removed vscodevim.vim-1.31.0
2025-11-09 13:46:02.202 [info] Extension installed successfully: vscodevim.vim vscode-userdata:/home/monteiro/.vscode/extensions/extensions.json
