(node:45677) [DEP0040] DeprecationWarning: The `punycode` module is deprecated. Please use a userland alternative instead.
(Use `code --trace-deprecation ...` to show where the warning was created)
Logger Init
Initialization complete.
Loaded supported calls (Version 1.17)
Batch of 1 Total time: 454ms (Avg. Per Call: 454ms)
Batch of 2 Total time: 578ms (Avg. Per Call: 289ms)
Batch of 5 Total time: 841ms (Avg. Per Call: 168ms)
Loaded supported calls (Version 1.17)
Batch of 1 Total time: 659ms (Avg. Per Call: 659ms)
Batch of 1 Total time: 676ms (Avg. Per Call: 676ms)
Batch of 1 Total time: 785ms (Avg. Per Call: 785ms)
Batch of 1 Total time: 479ms (Avg. Per Call: 479ms)
Batch of 1 Total time: 785ms (Avg. Per Call: 785ms)
Batch of 1 Total time: 787ms (Avg. Per Call: 787ms)
Batch of 2 Total time: 791ms (Avg. Per Call: 396ms)
Batch of 1 Total time: 556ms (Avg. Per Call: 556ms)
Batch of 6 Total time: 988ms (Avg. Per Call: 165ms)
Batch of 4 Total time: 969ms (Avg. Per Call: 242ms)
Batch of 6 Total time: 740ms (Avg. Per Call: 123ms)
Batch of 1 Total time: 719ms (Avg. Per Call: 719ms)
Batch of 4 Total time: 714ms (Avg. Per Call: 179ms)
Batch of 2 Total time: 878ms (Avg. Per Call: 439ms)
Batch of 2 Total time: 763ms (Avg. Per Call: 382ms)
Batch of 1 Total time: 675ms (Avg. Per Call: 675ms)
Batch of 3 Total time: 703ms (Avg. Per Call: 234ms)
Batch of 3 Total time: 876ms (Avg. Per Call: 292ms)
Batch of 4 Total time: 682ms (Avg. Per Call: 171ms)
Batch of 1 Total time: 703ms (Avg. Per Call: 703ms)
