2025-11-04 19:08:26.480 [info] Reading sessions from keychain...
2025-11-04 19:08:26.480 [info] Getting sessions for all scopes...
2025-11-04 19:08:26.514 [info] Got stored sessions!
2025-11-04 19:08:26.515 [info] Got 2 verified sessions.
2025-11-04 19:08:26.515 [info] Got 2 sessions for ...
2025-11-04 19:08:26.515 [info] Getting sessions for all scopes...
2025-11-04 19:08:26.515 [info] Got 2 sessions for ...
2025-11-04 19:08:26.515 [info] Getting sessions for all scopes...
2025-11-04 19:08:26.515 [info] Got 2 sessions for ...
2025-11-04 19:08:26.515 [info] Getting sessions for all scopes...
2025-11-04 19:08:26.515 [info] Got 2 sessions for ...
2025-11-04 19:08:26.515 [info] Getting sessions for all scopes...
2025-11-04 19:08:26.515 [info] Got 2 sessions for ...
2025-11-04 19:08:26.515 [info] Getting sessions for all scopes...
2025-11-04 19:08:26.515 [info] Got 2 sessions for ...
2025-11-04 19:08:26.515 [info] Getting sessions for all scopes...
2025-11-04 19:08:26.515 [info] Got 2 sessions for ...
2025-11-04 19:08:26.642 [info] Getting sessions for all scopes...
2025-11-04 19:08:26.642 [info] Got 2 sessions for ...
2025-11-04 19:08:26.643 [info] Getting sessions for all scopes...
2025-11-04 19:08:26.643 [info] Got 2 sessions for ...
2025-11-04 19:08:26.814 [info] Getting sessions for all scopes...
2025-11-04 19:08:26.814 [info] Got 2 sessions for ...
2025-11-04 19:08:26.815 [info] Getting sessions for all scopes...
2025-11-04 19:08:26.815 [info] Got 2 sessions for ...
2025-11-04 19:08:26.815 [info] Getting sessions for all scopes...
2025-11-04 19:08:26.815 [info] Got 2 sessions for ...
2025-11-04 19:08:26.816 [info] Getting sessions for all scopes...
2025-11-04 19:08:26.816 [info] Got 2 sessions for ...
2025-11-04 19:08:26.816 [info] Getting sessions for all scopes...
2025-11-04 19:08:26.816 [info] Got 2 sessions for ...
2025-11-04 19:08:26.816 [info] Getting sessions for all scopes...
2025-11-04 19:08:26.816 [info] Got 2 sessions for ...
2025-11-04 19:08:27.599 [info] Getting sessions for read:user,repo,user:email,workflow...
2025-11-04 19:08:27.599 [info] Got 1 sessions for read:user,repo,user:email,workflow...
2025-11-04 19:08:31.026 [info] Getting sessions for all scopes...
2025-11-04 19:08:31.026 [info] Got 2 sessions for ...
2025-11-04 19:08:31.123 [info] FetcherService: Electron fetch failed with status: 429 
2025-11-04 19:08:31.176 [info] Getting sessions for all scopes...
2025-11-04 19:08:31.176 [info] Got 2 sessions for ...
2025-11-04 19:08:31.219 [info] Getting sessions for all scopes...
2025-11-04 19:08:31.219 [info] Got 2 sessions for ...
2025-11-04 19:08:31.220 [info] Getting sessions for all scopes...
2025-11-04 19:08:31.220 [info] Got 2 sessions for ...
2025-11-04 19:08:31.220 [info] Getting sessions for all scopes...
2025-11-04 19:08:31.220 [info] Got 2 sessions for ...
2025-11-04 19:08:31.374 [info] Getting sessions for all scopes...
2025-11-04 19:08:31.374 [info] Got 2 sessions for ...
2025-11-04 19:08:31.908 [info] Getting sessions for all scopes...
2025-11-04 19:08:31.908 [info] Got 2 sessions for ...
2025-11-04 19:08:32.512 [info] Getting sessions for read:user,repo,user:email,workflow...
2025-11-04 19:08:32.513 [info] Got 1 sessions for read:user,repo,user:email,workflow...
2025-11-04 19:08:32.525 [info] Getting sessions for all scopes...
2025-11-04 19:08:32.525 [info] Got 2 sessions for ...
2025-11-04 19:08:32.679 [info] Getting sessions for read:user,repo,user:email,workflow...
2025-11-04 19:08:32.679 [info] Got 1 sessions for read:user,repo,user:email,workflow...
2025-11-04 19:08:32.682 [info] Getting sessions for all scopes...
2025-11-04 19:08:32.682 [info] Got 2 sessions for ...
2025-11-04 19:08:32.682 [info] Getting sessions for read:user,repo,user:email,workflow...
2025-11-04 19:08:32.682 [info] Got 1 sessions for read:user,repo,user:email,workflow...
2025-11-04 19:08:33.192 [info] FetcherService: Node fetch failed with status: 429 Too Many Requests
2025-11-04 19:08:33.571 [info] Getting sessions for all scopes...
2025-11-04 19:08:33.572 [info] Got 2 sessions for ...
2025-11-04 19:08:33.572 [info] Getting sessions for all scopes...
2025-11-04 19:08:33.572 [info] Got 2 sessions for ...
2025-11-04 19:08:33.572 [info] Getting sessions for all scopes...
2025-11-04 19:08:33.572 [info] Got 2 sessions for ...
2025-11-04 19:08:33.826 [info] Getting sessions for read:user,repo,user:email,workflow...
2025-11-04 19:08:33.826 [info] Got 1 sessions for read:user,repo,user:email,workflow...
2025-11-04 19:08:33.992 [info] FetcherService: Node http/s failed with status: 429 Too Many Requests
2025-11-04 19:08:34.059 [info] Getting sessions for all scopes...
2025-11-04 19:08:34.059 [info] Got 2 sessions for ...
2025-11-04 19:08:34.109 [info] Getting sessions for all scopes...
2025-11-04 19:08:34.109 [info] Got 2 sessions for ...
2025-11-04 19:08:34.117 [info] Getting sessions for all scopes...
2025-11-04 19:08:34.117 [info] Got 2 sessions for ...
2025-11-04 19:08:34.263 [info] Getting sessions for read:user,repo,user:email,workflow...
2025-11-04 19:08:34.263 [info] Got 1 sessions for read:user,repo,user:email,workflow...
2025-11-04 19:08:34.408 [info] Getting sessions for all scopes...
2025-11-04 19:08:34.408 [info] Got 2 sessions for ...
2025-11-04 19:08:34.409 [info] Getting sessions for all scopes...
2025-11-04 19:08:34.409 [info] Got 2 sessions for ...
2025-11-04 19:08:34.467 [info] Getting sessions for read:user,repo,user:email,workflow...
2025-11-04 19:08:34.467 [info] Got 1 sessions for read:user,repo,user:email,workflow...
2025-11-04 21:34:48.127 [info] Getting sessions for read:user,repo,user:email,workflow...
2025-11-04 21:34:48.127 [info] Got 1 sessions for read:user,repo,user:email,workflow...
2025-11-04 22:04:01.575 [info] Getting sessions for read:user,repo,user:email,workflow...
2025-11-04 22:04:01.577 [info] Got 1 sessions for read:user,repo,user:email,workflow...
2025-11-04 22:33:10.578 [info] Getting sessions for read:user,repo,user:email,workflow...
2025-11-04 22:33:10.580 [info] Got 1 sessions for read:user,repo,user:email,workflow...
2025-11-04 22:38:42.196 [info] Getting sessions for all scopes...
2025-11-04 22:38:42.196 [info] Got 2 sessions for ...
2025-11-04 22:38:42.198 [info] Getting sessions for read:user,repo,user:email,workflow...
2025-11-04 22:38:42.198 [info] Got 1 sessions for read:user,repo,user:email,workflow...
2025-11-04 22:38:42.922 [info] Getting sessions for all scopes...
2025-11-04 22:38:42.922 [info] Got 2 sessions for ...
2025-11-04 22:38:42.923 [info] Getting sessions for all scopes...
2025-11-04 22:38:42.923 [info] Got 2 sessions for ...
2025-11-04 22:38:42.928 [info] Getting sessions for read:user,repo,user:email,workflow...
2025-11-04 22:38:42.928 [info] Got 1 sessions for read:user,repo,user:email,workflow...
2025-11-04 23:03:44.547 [info] Getting sessions for read:user,repo,user:email,workflow...
2025-11-04 23:03:44.547 [info] Got 1 sessions for read:user,repo,user:email,workflow...
2025-11-04 23:36:25.871 [info] Getting sessions for all scopes...
2025-11-04 23:36:25.873 [info] Got 2 sessions for ...
2025-11-04 23:36:25.875 [info] Getting sessions for read:user,repo,user:email,workflow...
2025-11-04 23:36:25.875 [info] Got 1 sessions for read:user,repo,user:email,workflow...
2025-11-04 23:36:26.435 [info] Getting sessions for all scopes...
2025-11-04 23:36:26.435 [info] Got 2 sessions for ...
2025-11-04 23:36:26.435 [info] Getting sessions for all scopes...
2025-11-04 23:36:26.435 [info] Got 2 sessions for ...
2025-11-04 23:36:26.437 [info] Getting sessions for read:user,repo,user:email,workflow...
2025-11-04 23:36:26.437 [info] Got 1 sessions for read:user,repo,user:email,workflow...
2025-11-04 23:37:43.884 [info] Getting sessions for read:user,repo,user:email,workflow...
2025-11-04 23:37:43.884 [info] Got 1 sessions for read:user,repo,user:email,workflow...
2025-11-04 23:58:12.535 [info] Getting sessions for all scopes...
2025-11-04 23:58:12.537 [info] Got 2 sessions for ...
2025-11-04 23:58:12.547 [info] Getting sessions for read:user,repo,user:email,workflow...
2025-11-04 23:58:12.547 [info] Got 1 sessions for read:user,repo,user:email,workflow...
2025-11-04 23:58:13.012 [info] Getting sessions for all scopes...
2025-11-04 23:58:13.012 [info] Got 2 sessions for ...
2025-11-04 23:58:13.012 [info] Getting sessions for all scopes...
2025-11-04 23:58:13.012 [info] Got 2 sessions for ...
2025-11-04 23:58:13.016 [info] Getting sessions for read:user,repo,user:email,workflow...
2025-11-04 23:58:13.016 [info] Got 1 sessions for read:user,repo,user:email,workflow...
