2025-11-09 13:45:57.015 [info] [aebc6443-996d-45c2-90f0-388ff96faa56] Native Broker is only available on Windows and macOS
2025-11-09 13:45:59.860 [info] [getSessions] [all] starting
2025-11-09 13:45:59.860 [info] [getSessions] [all] returned 0 session(s)
2025-11-09 13:45:59.860 [info] [getSessions] [all] starting
2025-11-09 13:45:59.860 [info] [getSessions] [all] returned 0 session(s)
2025-11-09 13:45:59.860 [info] [getSessions] [all] starting
2025-11-09 13:45:59.860 [info] [getSessions] [all] returned 0 session(s)
2025-11-09 13:45:59.860 [info] [getSessions] [all] starting
2025-11-09 13:45:59.860 [info] [getSessions] [all] returned 0 session(s)
2025-11-09 13:45:59.868 [info] [getSessions] [499b84ac-1321-427f-aa17-267ca6975798/.default offline_access] starting
2025-11-09 13:45:59.868 [info] [aebc6443-996d-45c2-90f0-388ff96faa56] Native Broker is only available on Windows and macOS
2025-11-09 13:45:59.883 [info] [getSessions] [499b84ac-1321-427f-aa17-267ca6975798/.default offline_access] returned 0 session(s)
2025-11-09 13:46:00.686 [info] [getSessions] [499b84ac-1321-427f-aa17-267ca6975798/.default offline_access] starting
2025-11-09 13:46:00.686 [info] [getSessions] [499b84ac-1321-427f-aa17-267ca6975798/.default offline_access] returned 0 session(s)
2025-11-09 13:46:01.572 [info] [getSessions] [all] starting
2025-11-09 13:46:01.573 [info] [getSessions] [all] returned 0 session(s)
2025-11-09 13:48:19.825 [info] [getSessions] [all] starting
2025-11-09 13:48:19.825 [info] [getSessions] [all] returned 0 session(s)
2025-11-09 13:48:19.826 [info] [getSessions] [all] starting
2025-11-09 13:48:19.826 [info] [getSessions] [all] returned 0 session(s)
2025-11-09 14:08:16.770 [info] [aebc6443-996d-45c2-90f0-388ff96faa56] Native Broker is only available on Windows and macOS
2025-11-09 14:08:20.451 [info] [getSessions] [all] starting
2025-11-09 14:08:20.451 [info] [getSessions] [all] returned 0 session(s)
2025-11-09 14:08:20.451 [info] [getSessions] [all] starting
2025-11-09 14:08:20.451 [info] [getSessions] [all] returned 0 session(s)
2025-11-09 14:08:20.451 [info] [getSessions] [all] starting
2025-11-09 14:08:20.451 [info] [getSessions] [all] returned 0 session(s)
2025-11-09 14:08:20.451 [info] [getSessions] [all] starting
2025-11-09 14:08:20.451 [info] [getSessions] [all] returned 0 session(s)
2025-11-09 14:08:22.410 [info] [getSessions] [499b84ac-1321-427f-aa17-267ca6975798/.default offline_access] starting
2025-11-09 14:08:22.410 [info] [aebc6443-996d-45c2-90f0-388ff96faa56] Native Broker is only available on Windows and macOS
2025-11-09 14:08:22.640 [info] [getSessions] [499b84ac-1321-427f-aa17-267ca6975798/.default offline_access] returned 0 session(s)
2025-11-09 14:08:24.439 [info] [getSessions] [all] starting
2025-11-09 14:08:24.439 [info] [getSessions] [all] returned 0 session(s)
2025-11-09 14:08:24.439 [info] [getSessions] [all] starting
2025-11-09 14:08:24.439 [info] [getSessions] [all] returned 0 session(s)
2025-11-09 14:08:24.449 [info] [getSessions] [all] starting
2025-11-09 14:08:24.450 [info] [getSessions] [all] returned 0 session(s)
