2025-11-09 15:04:54.617 [info] Reading sessions from keychain...
2025-11-09 15:04:54.617 [info] Getting sessions for all scopes...
2025-11-09 15:04:54.711 [info] Got stored sessions!
2025-11-09 15:04:54.711 [info] Got 2 verified sessions.
2025-11-09 15:04:54.711 [info] Got 2 sessions for ...
2025-11-09 15:04:54.712 [info] Getting sessions for all scopes...
2025-11-09 15:04:54.712 [info] Got 2 sessions for ...
2025-11-09 15:04:54.712 [info] Getting sessions for all scopes...
2025-11-09 15:04:54.712 [info] Got 2 sessions for ...
2025-11-09 15:04:54.712 [info] Getting sessions for all scopes...
2025-11-09 15:04:54.712 [info] Got 2 sessions for ...
2025-11-09 15:04:54.712 [info] Getting sessions for all scopes...
2025-11-09 15:04:54.712 [info] Got 2 sessions for ...
2025-11-09 15:04:54.712 [info] Getting sessions for all scopes...
2025-11-09 15:04:54.712 [info] Got 2 sessions for ...
2025-11-09 15:04:54.712 [info] Getting sessions for all scopes...
2025-11-09 15:04:54.712 [info] Got 2 sessions for ...
2025-11-09 15:04:54.800 [info] Getting sessions for all scopes...
2025-11-09 15:04:54.801 [info] Got 2 sessions for ...
2025-11-09 15:04:54.801 [info] Getting sessions for all scopes...
2025-11-09 15:04:54.801 [info] Got 2 sessions for ...
2025-11-09 15:04:54.802 [info] Getting sessions for all scopes...
2025-11-09 15:04:54.802 [info] Got 2 sessions for ...
2025-11-09 15:04:54.802 [info] Getting sessions for all scopes...
2025-11-09 15:04:54.802 [info] Got 2 sessions for ...
2025-11-09 15:04:54.802 [info] Getting sessions for all scopes...
2025-11-09 15:04:54.802 [info] Got 2 sessions for ...
2025-11-09 15:04:54.803 [info] Getting sessions for all scopes...
2025-11-09 15:04:54.803 [info] Got 2 sessions for ...
2025-11-09 15:05:00.314 [info] Getting sessions for all scopes...
2025-11-09 15:05:00.314 [info] Got 2 sessions for ...
2025-11-09 15:05:00.354 [info] FetcherService: Electron fetch failed with status: 429 
2025-11-09 15:05:00.361 [info] Getting sessions for all scopes...
2025-11-09 15:05:00.361 [info] Got 2 sessions for ...
2025-11-09 15:05:00.386 [info] Getting sessions for all scopes...
2025-11-09 15:05:00.386 [info] Got 2 sessions for ...
2025-11-09 15:05:00.386 [info] Getting sessions for all scopes...
2025-11-09 15:05:00.386 [info] Got 2 sessions for ...
2025-11-09 15:05:00.386 [info] Getting sessions for all scopes...
2025-11-09 15:05:00.386 [info] Got 2 sessions for ...
2025-11-09 15:05:00.525 [info] Getting sessions for all scopes...
2025-11-09 15:05:00.525 [info] Got 2 sessions for ...
2025-11-09 15:05:00.525 [info] Getting sessions for all scopes...
2025-11-09 15:05:00.525 [info] Got 2 sessions for ...
2025-11-09 15:05:01.221 [info] Getting sessions for read:user,repo,user:email,workflow...
2025-11-09 15:05:01.221 [info] Got 1 sessions for read:user,repo,user:email,workflow...
2025-11-09 15:05:01.264 [info] Getting sessions for all scopes...
2025-11-09 15:05:01.264 [info] Got 2 sessions for ...
2025-11-09 15:05:01.363 [info] Getting sessions for all scopes...
2025-11-09 15:05:01.363 [info] Got 2 sessions for ...
2025-11-09 15:05:01.364 [info] Getting sessions for read:user,repo,user:email,workflow...
2025-11-09 15:05:01.364 [info] Got 1 sessions for read:user,repo,user:email,workflow...
2025-11-09 15:05:01.669 [info] Getting sessions for all scopes...
2025-11-09 15:05:01.669 [info] Got 2 sessions for ...
2025-11-09 15:05:01.788 [info] FetcherService: Node fetch failed with status: 429 Too Many Requests
2025-11-09 15:05:01.921 [info] Getting sessions for all scopes...
2025-11-09 15:05:01.921 [info] Got 2 sessions for ...
2025-11-09 15:05:01.921 [info] Getting sessions for all scopes...
2025-11-09 15:05:01.921 [info] Got 2 sessions for ...
2025-11-09 15:05:01.923 [info] Getting sessions for read:user,repo,user:email,workflow...
2025-11-09 15:05:01.923 [info] Got 1 sessions for read:user,repo,user:email,workflow...
2025-11-09 15:05:02.258 [info] FetcherService: Node http/s failed with status: 429 Too Many Requests
2025-11-09 15:05:02.391 [info] Getting sessions for all scopes...
2025-11-09 15:05:02.391 [info] Got 2 sessions for ...
2025-11-09 15:05:02.391 [info] Getting sessions for all scopes...
2025-11-09 15:05:02.391 [info] Got 2 sessions for ...
2025-11-09 15:05:02.403 [info] Getting sessions for read:user,repo,user:email,workflow...
2025-11-09 15:05:02.403 [info] Got 1 sessions for read:user,repo,user:email,workflow...
2025-11-09 15:05:02.493 [info] Getting sessions for all scopes...
2025-11-09 15:05:02.493 [info] Got 2 sessions for ...
2025-11-09 15:05:02.496 [info] Getting sessions for all scopes...
2025-11-09 15:05:02.496 [info] Got 2 sessions for ...
2025-11-09 15:05:02.497 [info] Getting sessions for all scopes...
2025-11-09 15:05:02.497 [info] Got 2 sessions for ...
2025-11-09 15:05:02.501 [info] Getting sessions for read:user,repo,user:email,workflow...
2025-11-09 15:05:02.502 [info] Got 1 sessions for read:user,repo,user:email,workflow...
2025-11-09 15:05:03.254 [info] Getting sessions for all scopes...
2025-11-09 15:05:03.254 [info] Got 2 sessions for ...
2025-11-09 15:07:07.801 [info] Getting sessions for all scopes...
2025-11-09 15:07:07.801 [info] Got 2 sessions for ...
2025-11-09 15:07:07.804 [info] Getting sessions for read:user,repo,user:email,workflow...
2025-11-09 15:07:07.804 [info] Got 1 sessions for read:user,repo,user:email,workflow...
2025-11-09 17:04:36.260 [info] Getting sessions for read:user,repo,user:email,workflow...
2025-11-09 17:04:36.260 [info] Got 1 sessions for read:user,repo,user:email,workflow...
2025-11-09 17:16:33.898 [info] Getting sessions for all scopes...
2025-11-09 17:16:33.899 [info] Got 2 sessions for ...
2025-11-09 17:16:33.901 [info] Getting sessions for read:user,repo,user:email,workflow...
2025-11-09 17:16:33.901 [info] Got 1 sessions for read:user,repo,user:email,workflow...
2025-11-09 17:16:34.429 [info] Getting sessions for all scopes...
2025-11-09 17:16:34.429 [info] Got 2 sessions for ...
2025-11-09 17:16:34.429 [info] Getting sessions for all scopes...
2025-11-09 17:16:34.429 [info] Got 2 sessions for ...
2025-11-09 17:16:34.432 [info] Getting sessions for read:user,repo,user:email,workflow...
2025-11-09 17:16:34.432 [info] Got 1 sessions for read:user,repo,user:email,workflow...
2025-11-09 17:30:56.480 [info] Getting sessions for read:user,repo,user:email,workflow...
2025-11-09 17:30:56.480 [info] Got 1 sessions for read:user,repo,user:email,workflow...
2025-11-09 17:33:07.527 [info] Reading sessions from keychain...
2025-11-09 17:33:07.528 [info] Got stored sessions!
2025-11-09 17:33:07.528 [info] Got 2 verified sessions.
2025-11-09 17:33:07.528 [info] Getting sessions for all scopes...
2025-11-09 17:33:07.528 [info] Got 2 sessions for ...
2025-11-09 17:33:07.528 [info] Getting sessions for all scopes...
2025-11-09 17:33:07.528 [info] Got 2 sessions for ...
2025-11-09 17:33:07.528 [info] Getting sessions for all scopes...
2025-11-09 17:33:07.528 [info] Got 2 sessions for ...
2025-11-09 17:33:07.528 [info] Getting sessions for all scopes...
2025-11-09 17:33:07.528 [info] Got 2 sessions for ...
2025-11-09 17:33:07.528 [info] Getting sessions for all scopes...
2025-11-09 17:33:07.528 [info] Got 2 sessions for ...
2025-11-09 17:33:07.528 [info] Getting sessions for all scopes...
2025-11-09 17:33:07.528 [info] Got 2 sessions for ...
2025-11-09 17:33:07.528 [info] Getting sessions for all scopes...
2025-11-09 17:33:07.528 [info] Got 2 sessions for ...
2025-11-09 17:33:07.528 [info] Getting sessions for all scopes...
2025-11-09 17:33:07.528 [info] Got 2 sessions for ...
2025-11-09 17:33:07.528 [info] Getting sessions for all scopes...
2025-11-09 17:33:07.528 [info] Got 2 sessions for ...
2025-11-09 17:33:07.595 [info] Getting sessions for read:user,repo,user:email,workflow...
2025-11-09 17:33:07.595 [info] Got 1 sessions for read:user,repo,user:email,workflow...
2025-11-09 17:33:10.567 [info] Getting sessions for all scopes...
2025-11-09 17:33:10.567 [info] Got 2 sessions for ...
2025-11-09 17:33:10.704 [info] Getting sessions for all scopes...
2025-11-09 17:33:10.704 [info] Got 2 sessions for ...
2025-11-09 17:33:11.365 [info] Getting sessions for all scopes...
2025-11-09 17:33:11.365 [info] Got 2 sessions for ...
2025-11-09 17:33:11.410 [info] FetcherService: Electron fetch failed with status: 429 
2025-11-09 17:33:11.450 [info] Getting sessions for read:user,repo,user:email,workflow...
2025-11-09 17:33:11.450 [info] Got 1 sessions for read:user,repo,user:email,workflow...
2025-11-09 17:33:11.991 [info] Getting sessions for read:user,repo,user:email,workflow...
2025-11-09 17:33:11.991 [info] Got 1 sessions for read:user,repo,user:email,workflow...
2025-11-09 17:33:12.499 [info] Getting sessions for all scopes...
2025-11-09 17:33:12.499 [info] Got 2 sessions for ...
2025-11-09 17:33:12.499 [info] Getting sessions for all scopes...
2025-11-09 17:33:12.499 [info] Got 2 sessions for ...
2025-11-09 17:33:12.507 [info] Getting sessions for read:user,repo,user:email,workflow...
2025-11-09 17:33:12.507 [info] Got 1 sessions for read:user,repo,user:email,workflow...
2025-11-09 17:33:12.583 [info] FetcherService: Node fetch failed with status: 429 Too Many Requests
2025-11-09 17:33:12.670 [info] Getting sessions for all scopes...
2025-11-09 17:33:12.670 [info] Got 2 sessions for ...
2025-11-09 17:33:12.717 [info] Getting sessions for read:user,repo,user:email,workflow...
2025-11-09 17:33:12.718 [info] Got 1 sessions for read:user,repo,user:email,workflow...
2025-11-09 17:33:13.080 [info] FetcherService: Node http/s failed with status: 429 Too Many Requests
2025-11-09 17:33:13.351 [info] Getting sessions for all scopes...
2025-11-09 17:33:13.351 [info] Got 2 sessions for ...
2025-11-09 17:58:16.612 [info] Getting sessions for read:user,repo,user:email,workflow...
2025-11-09 17:58:16.614 [info] Got 1 sessions for read:user,repo,user:email,workflow...
2025-11-09 18:02:35.268 [info] Getting sessions for all scopes...
2025-11-09 18:02:35.268 [info] Got 2 sessions for ...
2025-11-09 18:02:35.270 [info] Getting sessions for all scopes...
2025-11-09 18:02:35.270 [info] Got 2 sessions for ...
2025-11-09 18:02:56.324 [info] Getting sessions for all scopes...
2025-11-09 18:02:56.324 [info] Got 2 sessions for ...
2025-11-09 18:02:57.010 [info] Getting sessions for all scopes...
2025-11-09 18:02:57.010 [info] Got 2 sessions for ...
2025-11-09 18:02:57.613 [info] Getting sessions for read:user,repo,user:email,workflow...
2025-11-09 18:02:57.613 [info] Got 1 sessions for read:user,repo,user:email,workflow...
2025-11-09 18:02:58.171 [info] Getting sessions for all scopes...
2025-11-09 18:02:58.171 [info] Got 2 sessions for ...
2025-11-09 18:02:58.182 [info] Getting sessions for all scopes...
2025-11-09 18:02:58.182 [info] Got 2 sessions for ...
2025-11-09 18:02:58.184 [info] Getting sessions for read:user,repo,user:email,workflow...
2025-11-09 18:02:58.184 [info] Got 1 sessions for read:user,repo,user:email,workflow...
2025-11-09 18:06:43.530 [info] Getting sessions for repo,workflow...
2025-11-09 18:06:43.530 [info] Got 0 sessions for repo,workflow...
2025-11-09 18:06:43.587 [info] Getting sessions for repo,workflow...
2025-11-09 18:06:43.587 [info] Got 0 sessions for repo,workflow...
2025-11-09 18:06:43.595 [info] Getting sessions for repo,workflow...
2025-11-09 18:06:43.595 [info] Got 0 sessions for repo,workflow...
2025-11-09 18:06:43.597 [info] Getting sessions for repo,workflow...
2025-11-09 18:06:43.597 [info] Got 0 sessions for repo,workflow...
2025-11-09 18:12:26.813 [info] Getting sessions for all scopes...
2025-11-09 18:12:26.813 [info] Got 2 sessions for ...
2025-11-09 18:12:26.835 [info] Getting sessions for all scopes...
2025-11-09 18:12:26.835 [info] Got 2 sessions for ...
2025-11-09 18:24:03.245 [info] Getting sessions for all scopes...
2025-11-09 18:24:03.247 [info] Got 2 sessions for ...
2025-11-09 18:24:03.252 [info] Getting sessions for read:user,repo,user:email,workflow...
2025-11-09 18:24:03.252 [info] Got 1 sessions for read:user,repo,user:email,workflow...
2025-11-09 18:24:03.906 [info] Getting sessions for all scopes...
2025-11-09 18:24:03.906 [info] Got 2 sessions for ...
2025-11-09 18:24:03.907 [info] Getting sessions for all scopes...
2025-11-09 18:24:03.907 [info] Got 2 sessions for ...
2025-11-09 18:24:03.914 [info] Getting sessions for read:user,repo,user:email,workflow...
2025-11-09 18:24:03.914 [info] Got 1 sessions for read:user,repo,user:email,workflow...
2025-11-09 18:26:38.236 [info] Getting sessions for all scopes...
2025-11-09 18:26:38.238 [info] Got 2 sessions for ...
2025-11-09 18:26:38.243 [info] Getting sessions for all scopes...
2025-11-09 18:26:38.243 [info] Got 2 sessions for ...
2025-11-09 18:36:43.314 [info] Getting sessions for read:user,repo,user:email,workflow...
2025-11-09 18:36:43.314 [info] Got 1 sessions for read:user,repo,user:email,workflow...
2025-11-09 18:45:04.977 [info] Getting sessions for all scopes...
2025-11-09 18:45:04.979 [info] Got 2 sessions for ...
2025-11-09 18:45:04.980 [info] Getting sessions for read:user,repo,user:email,workflow...
2025-11-09 18:45:04.980 [info] Got 1 sessions for read:user,repo,user:email,workflow...
2025-11-09 18:45:05.453 [info] Getting sessions for all scopes...
2025-11-09 18:45:05.453 [info] Got 2 sessions for ...
2025-11-09 18:45:05.454 [info] Getting sessions for all scopes...
2025-11-09 18:45:05.454 [info] Got 2 sessions for ...
2025-11-09 18:45:05.456 [info] Getting sessions for read:user,repo,user:email,workflow...
2025-11-09 18:45:05.456 [info] Got 1 sessions for read:user,repo,user:email,workflow...
