2025-11-02 21:52:01.164 [info] [main] Log level: Info
2025-11-02 21:52:01.164 [info] [main] Validating found git in: "git"
2025-11-02 21:52:01.164 [info] [main] Using git "2.51.2" from "git"
2025-11-02 21:52:01.164 [info] [Model][doInitialScan] Initial repository scan started
2025-11-02 21:52:01.164 [info] > git rev-parse --show-toplevel [4ms]
2025-11-02 21:52:01.164 [info] > git rev-parse --git-dir --git-common-dir --show-superproject-working-tree [4ms]
2025-11-02 21:52:01.164 [info] [Model][openRepository] Opened repository (path): /home/monteiro/codes/api-sonar
2025-11-02 21:52:01.164 [info] [Model][openRepository] Opened repository (real path): /home/monteiro/codes/api-sonar
2025-11-02 21:52:01.164 [info] [Model][openRepository] Opened repository (kind): repository
2025-11-02 21:52:01.164 [info] > git config --get commit.template [17ms]
2025-11-02 21:52:01.164 [info] > git rev-parse --show-toplevel [260ms]
2025-11-02 21:52:01.164 [info] > git rev-parse --show-toplevel [64ms]
2025-11-02 21:52:01.164 [info] > git for-each-ref --format=%(refname)%00%(upstream:short)%00%(objectname)%00%(upstream:track)%00%(upstream:remotename)%00%(upstream:remoteref) refs/heads/enosh-dev refs/remotes/enosh-dev [75ms]
2025-11-02 21:52:01.209 [info] > git status -z -uall [17ms]
2025-11-02 21:52:01.210 [info] > git rev-parse --show-toplevel [30ms]
2025-11-02 21:52:01.220 [info] > git for-each-ref --sort -committerdate --format %(refname)%00%(objectname)%00%(*objectname) [14ms]
2025-11-02 21:52:01.260 [info] > git for-each-ref --format=%(refname)%00%(upstream:short)%00%(objectname)%00%(upstream:track)%00%(upstream:remotename)%00%(upstream:remoteref) refs/heads/enosh-dev refs/remotes/enosh-dev [12ms]
2025-11-02 21:52:01.271 [info] > git rev-parse --show-toplevel [51ms]
2025-11-02 21:52:01.283 [info] > git config --get commit.template [23ms]
2025-11-02 21:52:01.283 [info] > git config --get --local branch.enosh-dev.vscode-merge-base [13ms]
2025-11-02 21:52:01.302 [info] > git rev-parse --show-toplevel [20ms]
2025-11-02 21:52:01.305 [info] [Model][doInitialScan] Initial repository scan completed - repositories (1), closed repositories (0), parent repositories (0), unsafe repositories (0)
2025-11-02 21:52:01.307 [info] > git for-each-ref --format=%(refname)%00%(upstream:short)%00%(objectname)%00%(upstream:track)%00%(upstream:remotename)%00%(upstream:remoteref) refs/heads/enosh-dev refs/remotes/enosh-dev [5ms]
2025-11-02 21:52:01.307 [info] > git for-each-ref --format=%(refname)%00%(upstream:short)%00%(objectname)%00%(upstream:track)%00%(upstream:remotename)%00%(upstream:remoteref) refs/heads/origin/enosh-dev refs/remotes/origin/enosh-dev [13ms]
2025-11-02 21:52:01.331 [info] > git merge-base refs/heads/enosh-dev refs/remotes/origin/enosh-dev [13ms]
2025-11-02 21:52:01.361 [info] > git status -z -uall [12ms]
2025-11-02 21:52:01.361 [info] > git diff --name-status -z --diff-filter=ADMR 15e21107141fd3c0ccd8b02ece1849afd724f049...refs/remotes/origin/enosh-dev [22ms]
2025-11-02 21:52:01.362 [info] > git for-each-ref --sort -committerdate --format %(refname)%00%(objectname)%00%(*objectname) [7ms]
2025-11-02 21:52:01.579 [info] > git check-ignore -v -z --stdin [2ms]
2025-11-02 21:52:06.773 [info] > git show --textconv :src/main.ts [63ms]
2025-11-02 21:52:06.773 [info] > git ls-files --stage -- src/main.ts [52ms]
2025-11-02 21:52:06.784 [info] > git fetch [6047ms]
2025-11-02 21:52:07.016 [info] > git cat-file -s f84a3aef62ea22e5f1560c0007ca9db5b1a2c1b3 [233ms]
2025-11-02 21:52:07.171 [info] > git config --get commit.template [183ms]
2025-11-02 21:52:07.446 [info] > git show --textconv :src/controllers/auth.controller.ts [206ms]
2025-11-02 21:52:07.446 [info] > git ls-files --stage -- src/controllers/auth.controller.ts [196ms]
2025-11-02 21:52:07.488 [info] > git check-ignore -v -z --stdin [22ms]
2025-11-02 21:52:07.490 [info] > git cat-file -s e5e69dddc589684fcf65792c868ad19c89c17bc9 [33ms]
2025-11-02 21:52:07.490 [info] > git for-each-ref --format=%(refname)%00%(upstream:short)%00%(objectname)%00%(upstream:track)%00%(upstream:remotename)%00%(upstream:remoteref) refs/heads/enosh-dev refs/remotes/enosh-dev [213ms]
2025-11-02 21:52:08.187 [info] > git status -z -uall [158ms]
2025-11-02 21:52:08.187 [info] > git for-each-ref --sort -committerdate --format %(refname)%00%(objectname)%00%(*objectname) [146ms]
2025-11-02 21:52:08.347 [info] > git blame --root --incremental 15e21107141fd3c0ccd8b02ece1849afd724f049 -- src/controllers/auth.controller.ts [56ms]
2025-11-02 21:52:50.369 [info] > git log --format=%H%n%aN%n%aE%n%at%n%ct%n%P%n%D%n%B -z --shortstat --diff-merges=first-parent -n50 --skip=0 --topo-order --decorate=full --stdin [62ms]
2025-11-02 21:52:52.742 [info] > git diff-tree -r --name-status -z --diff-filter=ADMR --find-renames=50% 055ebea527064669ba0556362a97d534600c750c 15e21107141fd3c0ccd8b02ece1849afd724f049 [3ms]
2025-11-02 21:52:53.298 [info] > git check-ignore -v -z --stdin [1ms]
2025-11-02 21:52:56.202 [info] > git diff-tree -r --name-status -z --diff-filter=ADMR --find-renames=50% 00b8d1c68f04266cdd680ffeb48230eb7e0d65b4 055ebea527064669ba0556362a97d534600c750c [3ms]
2025-11-02 21:52:56.737 [info] > git check-ignore -v -z --stdin [2ms]
2025-11-02 21:52:57.033 [info] > git show --textconv 00b8d1c68f04266cdd680ffeb48230eb7e0d65b4:src/controllers/auth.controller.ts [65ms]
2025-11-02 21:52:57.033 [info] > git show --textconv 055ebea527064669ba0556362a97d534600c750c:src/controllers/auth.controller.ts [43ms]
2025-11-02 21:52:57.033 [info] > git ls-tree -l 055ebea527064669ba0556362a97d534600c750c -- src/controllers/auth.controller.ts [4ms]
2025-11-02 21:52:57.035 [info] > git ls-tree -l 00b8d1c68f04266cdd680ffeb48230eb7e0d65b4 -- src/controllers/auth.controller.ts [24ms]
2025-11-02 21:52:57.184 [info] > git blame --root --incremental 055ebea527064669ba0556362a97d534600c750c -- src/controllers/auth.controller.ts [6ms]
2025-11-02 21:52:57.555 [info] > git check-ignore -v -z --stdin [1ms]
2025-11-02 21:53:59.485 [info] > git ls-tree -l 00b8d1c68f04266cdd680ffeb48230eb7e0d65b4 -- src/controllers/auth.controller.ts [26ms]
2025-11-02 21:53:59.486 [info] > git ls-tree -l 055ebea527064669ba0556362a97d534600c750c -- src/controllers/auth.controller.ts [2ms]
2025-11-02 21:54:11.059 [info] > git show --textconv :src/controllers/auth.controller.ts [22ms]
2025-11-02 21:54:11.060 [info] > git ls-files --stage -- src/controllers/auth.controller.ts [3ms]
2025-11-02 21:54:11.086 [info] > git cat-file -s e5e69dddc589684fcf65792c868ad19c89c17bc9 [6ms]
2025-11-02 21:54:39.075 [info] > git log --format=%H%n%aN%n%aE%n%at%n%ct%n%P%n%D%n%B -z --shortstat --diff-merges=first-parent -n50 --skip=0 --topo-order --decorate=full --stdin [60ms]
2025-11-02 21:54:39.151 [info] > git diff-tree -r --name-status -z --diff-filter=ADMR --find-renames=50% 055ebea527064669ba0556362a97d534600c750c 15e21107141fd3c0ccd8b02ece1849afd724f049 [48ms]
2025-11-02 21:54:39.154 [info] > git diff-tree -r --name-status -z --diff-filter=ADMR --find-renames=50% 00b8d1c68f04266cdd680ffeb48230eb7e0d65b4 055ebea527064669ba0556362a97d534600c750c [6ms]
2025-11-02 21:54:41.414 [info] > git ls-tree -l 055ebea527064669ba0556362a97d534600c750c -- src/controllers/auth.controller.ts [7ms]
2025-11-02 21:54:41.415 [info] > git ls-tree -l 00b8d1c68f04266cdd680ffeb48230eb7e0d65b4 -- src/controllers/auth.controller.ts [29ms]
2025-11-02 21:54:43.047 [info] > git show --textconv :src/controllers/auth.controller.ts [17ms]
2025-11-02 21:54:43.049 [info] > git ls-files --stage -- src/controllers/auth.controller.ts [3ms]
2025-11-02 21:54:43.065 [info] > git cat-file -s e5e69dddc589684fcf65792c868ad19c89c17bc9 [1ms]
2025-11-02 21:54:44.077 [info] > git ls-tree -l 055ebea527064669ba0556362a97d534600c750c -- src/controllers/auth.controller.ts [8ms]
2025-11-02 21:54:44.078 [info] > git ls-tree -l 00b8d1c68f04266cdd680ffeb48230eb7e0d65b4 -- src/controllers/auth.controller.ts [26ms]
2025-11-02 21:54:44.581 [info] > git config --get commit.template [16ms]
2025-11-02 21:54:44.581 [info] > git for-each-ref --format=%(refname)%00%(upstream:short)%00%(objectname)%00%(upstream:track)%00%(upstream:remotename)%00%(upstream:remoteref) refs/heads/enosh-dev refs/remotes/enosh-dev [2ms]
2025-11-02 21:54:44.616 [info] > git status -z -uall [18ms]
2025-11-02 21:54:44.616 [info] > git for-each-ref --sort -committerdate --format %(refname)%00%(objectname)%00%(*objectname) [2ms]
2025-11-02 21:54:52.968 [info] > git blame --root --incremental 00b8d1c68f04266cdd680ffeb48230eb7e0d65b4 -- src/controllers/auth.controller.ts [4ms]
2025-11-02 21:55:00.774 [info] > git show --textconv :src/controllers/auth.controller.ts [26ms]
2025-11-02 21:55:00.776 [info] > git ls-files --stage -- src/controllers/auth.controller.ts [3ms]
2025-11-02 21:55:00.799 [info] > git cat-file -s e5e69dddc589684fcf65792c868ad19c89c17bc9 [2ms]
2025-11-02 21:55:06.346 [info] > git config --get commit.template [23ms]
2025-11-02 21:55:06.347 [info] > git for-each-ref --format=%(refname)%00%(upstream:short)%00%(objectname)%00%(upstream:track)%00%(upstream:remotename)%00%(upstream:remoteref) refs/heads/enosh-dev refs/remotes/enosh-dev [2ms]
2025-11-02 21:55:06.394 [info] > git status -z -uall [25ms]
2025-11-02 21:55:06.395 [info] > git for-each-ref --sort -committerdate --format %(refname)%00%(objectname)%00%(*objectname) [2ms]
2025-11-02 21:55:09.460 [info] > git ls-tree -l 055ebea527064669ba0556362a97d534600c750c -- src/controllers/auth.controller.ts [18ms]
2025-11-02 21:55:09.460 [info] > git ls-tree -l 00b8d1c68f04266cdd680ffeb48230eb7e0d65b4 -- src/controllers/auth.controller.ts [36ms]
2025-11-02 21:55:09.465 [info] > git ls-files --stage -- src/controllers/auth.controller.ts [6ms]
2025-11-02 21:55:09.513 [info] > git show --textconv 055ebea527064669ba0556362a97d534600c750c:src/controllers/auth.controller.ts [18ms]
2025-11-02 21:55:09.513 [info] > git show --textconv 00b8d1c68f04266cdd680ffeb48230eb7e0d65b4:src/controllers/auth.controller.ts [2ms]
2025-11-02 21:55:09.513 [info] > git cat-file -s e5e69dddc589684fcf65792c868ad19c89c17bc9 [34ms]
2025-11-02 21:55:09.540 [info] > git show --textconv :src/controllers/auth.controller.ts [2ms]
2025-11-02 21:55:10.884 [info] > git fetch [2667ms]
2025-11-02 21:55:10.905 [info] > git config --get commit.template [2ms]
2025-11-02 21:55:10.926 [info] > git for-each-ref --format=%(refname)%00%(upstream:short)%00%(objectname)%00%(upstream:track)%00%(upstream:remotename)%00%(upstream:remoteref) refs/heads/enosh-dev refs/remotes/enosh-dev [3ms]
2025-11-02 21:55:10.965 [info] > git status -z -uall [21ms]
2025-11-02 21:55:10.966 [info] > git for-each-ref --sort -committerdate --format %(refname)%00%(objectname)%00%(*objectname) [3ms]
2025-11-02 21:55:11.942 [info] > git ls-tree -l 055ebea527064669ba0556362a97d534600c750c -- src/controllers/auth.controller.ts [21ms]
2025-11-02 21:55:11.943 [info] > git ls-tree -l 00b8d1c68f04266cdd680ffeb48230eb7e0d65b4 -- src/controllers/auth.controller.ts [41ms]
2025-11-02 21:55:11.946 [info] > git ls-files --stage -- src/controllers/auth.controller.ts [5ms]
2025-11-02 21:55:11.993 [info] > git show --textconv 055ebea527064669ba0556362a97d534600c750c:src/controllers/auth.controller.ts [5ms]
2025-11-02 21:55:11.993 [info] > git cat-file -s e5e69dddc589684fcf65792c868ad19c89c17bc9 [28ms]
2025-11-02 21:55:12.021 [info] > git show --textconv 00b8d1c68f04266cdd680ffeb48230eb7e0d65b4:src/controllers/auth.controller.ts [7ms]
2025-11-02 21:55:12.044 [info] > git show --textconv :src/controllers/auth.controller.ts [3ms]
2025-11-02 21:55:12.905 [info] > git config --get commit.template [2ms]
2025-11-02 21:55:12.933 [info] > git for-each-ref --format=%(refname)%00%(upstream:short)%00%(objectname)%00%(upstream:track)%00%(upstream:remotename)%00%(upstream:remoteref) refs/heads/enosh-dev refs/remotes/enosh-dev [2ms]
2025-11-02 21:55:12.977 [info] > git status -z -uall [24ms]
2025-11-02 21:55:12.977 [info] > git for-each-ref --sort -committerdate --format %(refname)%00%(objectname)%00%(*objectname) [2ms]
2025-11-02 21:55:18.006 [info] > git config --get commit.template [3ms]
2025-11-02 21:55:18.029 [info] > git for-each-ref --format=%(refname)%00%(upstream:short)%00%(objectname)%00%(upstream:track)%00%(upstream:remotename)%00%(upstream:remoteref) refs/heads/enosh-dev refs/remotes/enosh-dev [3ms]
2025-11-02 21:55:18.072 [info] > git status -z -uall [23ms]
2025-11-02 21:55:18.074 [info] > git for-each-ref --sort -committerdate --format %(refname)%00%(objectname)%00%(*objectname) [4ms]
2025-11-02 21:55:48.213 [info] > git config --get commit.template [21ms]
2025-11-02 21:55:48.215 [info] > git for-each-ref --format=%(refname)%00%(upstream:short)%00%(objectname)%00%(upstream:track)%00%(upstream:remotename)%00%(upstream:remoteref) refs/heads/enosh-dev refs/remotes/enosh-dev [3ms]
2025-11-02 21:55:48.269 [info] > git status -z -uall [29ms]
2025-11-02 21:55:48.270 [info] > git for-each-ref --sort -committerdate --format %(refname)%00%(objectname)%00%(*objectname) [3ms]
2025-11-02 21:55:53.320 [info] > git config --get commit.template [22ms]
2025-11-02 21:55:53.320 [info] > git for-each-ref --format=%(refname)%00%(upstream:short)%00%(objectname)%00%(upstream:track)%00%(upstream:remotename)%00%(upstream:remoteref) refs/heads/enosh-dev refs/remotes/enosh-dev [2ms]
2025-11-02 21:55:53.366 [info] > git status -z -uall [22ms]
2025-11-02 21:55:53.367 [info] > git for-each-ref --sort -committerdate --format %(refname)%00%(objectname)%00%(*objectname) [3ms]
2025-11-02 21:55:55.350 [info] > git check-ignore -v -z --stdin [1ms]
2025-11-02 21:56:04.896 [info] > git for-each-ref --format=%(refname)%00%(upstream:short)%00%(objectname)%00%(upstream:track)%00%(upstream:remotename)%00%(upstream:remoteref) refs/heads/enosh-dev refs/remotes/enosh-dev [3ms]
2025-11-02 21:56:04.897 [info] > git config --get commit.template [28ms]
2025-11-02 21:56:04.946 [info] > git status -z -uall [25ms]
2025-11-02 21:56:04.948 [info] > git for-each-ref --sort -committerdate --format %(refname)%00%(objectname)%00%(*objectname) [3ms]
2025-11-02 21:56:05.301 [info] > git show --textconv HEAD:src/controllers/auth.controller.ts [22ms]
2025-11-02 21:56:05.302 [info] > git ls-tree -l HEAD -- src/controllers/auth.controller.ts [2ms]
2025-11-02 21:56:05.998 [info] > git config --get commit.template [24ms]
2025-11-02 21:56:05.999 [info] > git for-each-ref --format=%(refname)%00%(upstream:short)%00%(objectname)%00%(upstream:track)%00%(upstream:remotename)%00%(upstream:remoteref) refs/heads/enosh-dev refs/remotes/enosh-dev [2ms]
2025-11-02 21:56:06.042 [info] > git status -z -uall [24ms]
2025-11-02 21:56:06.043 [info] > git for-each-ref --sort -committerdate --format %(refname)%00%(objectname)%00%(*objectname) [2ms]
2025-11-02 21:56:06.146 [info] > git ls-files --stage -- src/controllers/auth.controller.ts [25ms]
2025-11-02 21:56:06.168 [info] > git ls-tree -l 055ebea527064669ba0556362a97d534600c750c -- src/controllers/auth.controller.ts [69ms]
2025-11-02 21:56:06.169 [info] > git ls-tree -l 00b8d1c68f04266cdd680ffeb48230eb7e0d65b4 -- src/controllers/auth.controller.ts [93ms]
2025-11-02 21:56:06.171 [info] > git cat-file -s a00c4f84c4c7379d2c0b60d0a88e0c564bb5601f [3ms]
2025-11-02 21:56:06.171 [info] > git ls-tree -l HEAD -- src/controllers/auth.controller.ts [27ms]
2025-11-02 21:56:06.217 [info] > git show --textconv 055ebea527064669ba0556362a97d534600c750c:src/controllers/auth.controller.ts [25ms]
2025-11-02 21:56:06.263 [info] > git show --textconv 00b8d1c68f04266cdd680ffeb48230eb7e0d65b4:src/controllers/auth.controller.ts [48ms]
2025-11-02 21:56:06.263 [info] > git show --textconv :src/controllers/auth.controller.ts [25ms]
2025-11-02 21:56:06.265 [info] > git show --textconv HEAD:src/controllers/auth.controller.ts [3ms]
2025-11-02 21:56:11.089 [info] > git config --get commit.template [22ms]
2025-11-02 21:56:11.090 [info] > git for-each-ref --format=%(refname)%00%(upstream:short)%00%(objectname)%00%(upstream:track)%00%(upstream:remotename)%00%(upstream:remoteref) refs/heads/enosh-dev refs/remotes/enosh-dev [2ms]
2025-11-02 21:56:11.133 [info] > git status -z -uall [22ms]
2025-11-02 21:56:11.135 [info] > git for-each-ref --sort -committerdate --format %(refname)%00%(objectname)%00%(*objectname) [4ms]
2025-11-02 21:57:01.017 [info] > git config --get commit.template [3ms]
2025-11-02 21:57:01.042 [info] > git for-each-ref --format=%(refname)%00%(upstream:short)%00%(objectname)%00%(upstream:track)%00%(upstream:remotename)%00%(upstream:remoteref) refs/heads/enosh-dev refs/remotes/enosh-dev [2ms]
2025-11-02 21:57:01.088 [info] > git status -z -uall [22ms]
2025-11-02 21:57:01.092 [info] > git for-each-ref --sort -committerdate --format %(refname)%00%(objectname)%00%(*objectname) [5ms]
2025-11-02 21:57:01.140 [info] > git blame --root --incremental 83f174c0d1e6db45a69a2ec3f87a5cf31cdfeabc -- src/controllers/auth.controller.ts [26ms]
2025-11-02 21:57:01.147 [info] > git merge-base refs/heads/enosh-dev refs/remotes/origin/enosh-dev [9ms]
2025-11-02 21:57:01.190 [info] > git diff --name-status -z --diff-filter=ADMR 15e21107141fd3c0ccd8b02ece1849afd724f049...refs/remotes/origin/enosh-dev [22ms]
2025-11-02 21:57:01.243 [info] > git log --format=%H%n%aN%n%aE%n%at%n%ct%n%P%n%D%n%B -z --shortstat --diff-merges=first-parent -n50 --skip=0 --topo-order --decorate=full --stdin [54ms]
2025-11-02 21:57:01.295 [info] > git diff-tree -r --name-status -z --diff-filter=ADMR --find-renames=50% 055ebea527064669ba0556362a97d534600c750c 15e21107141fd3c0ccd8b02ece1849afd724f049 [24ms]
2025-11-02 21:57:01.297 [info] > git diff-tree -r --name-status -z --diff-filter=ADMR --find-renames=50% 00b8d1c68f04266cdd680ffeb48230eb7e0d65b4 055ebea527064669ba0556362a97d534600c750c [3ms]
2025-11-02 21:57:02.258 [info] > git ls-tree -l 055ebea527064669ba0556362a97d534600c750c -- src/controllers/auth.controller.ts [22ms]
2025-11-02 21:57:02.260 [info] > git ls-tree -l 00b8d1c68f04266cdd680ffeb48230eb7e0d65b4 -- src/controllers/auth.controller.ts [44ms]
2025-11-02 21:57:02.261 [info] > git ls-files --stage -- src/controllers/auth.controller.ts [3ms]
2025-11-02 21:57:02.304 [info] > git show --textconv 055ebea527064669ba0556362a97d534600c750c:src/controllers/auth.controller.ts [2ms]
2025-11-02 21:57:02.304 [info] > git cat-file -s a00c4f84c4c7379d2c0b60d0a88e0c564bb5601f [23ms]
2025-11-02 21:57:02.350 [info] > git show --textconv 00b8d1c68f04266cdd680ffeb48230eb7e0d65b4:src/controllers/auth.controller.ts [25ms]
2025-11-02 21:57:02.352 [info] > git show --textconv :src/controllers/auth.controller.ts [3ms]
2025-11-02 21:57:03.238 [info] > git config --get commit.template [22ms]
2025-11-02 21:57:03.239 [info] > git for-each-ref --format=%(refname)%00%(upstream:short)%00%(objectname)%00%(upstream:track)%00%(upstream:remotename)%00%(upstream:remoteref) refs/heads/enosh-dev refs/remotes/enosh-dev [2ms]
2025-11-02 21:57:03.281 [info] > git status -z -uall [20ms]
2025-11-02 21:57:03.282 [info] > git for-each-ref --sort -committerdate --format %(refname)%00%(objectname)%00%(*objectname) [2ms]
2025-11-02 21:57:05.677 [info] > git config --get commit.template [24ms]
2025-11-02 21:57:05.678 [info] > git for-each-ref --format=%(refname)%00%(upstream:short)%00%(objectname)%00%(upstream:track)%00%(upstream:remotename)%00%(upstream:remoteref) refs/heads/enosh-dev refs/remotes/enosh-dev [4ms]
2025-11-02 21:57:05.727 [info] > git status -z -uall [27ms]
2025-11-02 21:57:05.727 [info] > git for-each-ref --sort -committerdate --format %(refname)%00%(objectname)%00%(*objectname) [5ms]
2025-11-02 21:57:05.753 [info] > git merge-base refs/heads/enosh-dev refs/remotes/origin/enosh-dev [4ms]
2025-11-02 21:57:05.798 [info] > git diff --name-status -z --diff-filter=ADMR 83f174c0d1e6db45a69a2ec3f87a5cf31cdfeabc...refs/remotes/origin/enosh-dev [23ms]
2025-11-02 21:57:05.853 [info] > git log --format=%H%n%aN%n%aE%n%at%n%ct%n%P%n%D%n%B -z --shortstat --diff-merges=first-parent -n50 --skip=0 --topo-order --decorate=full --stdin [55ms]
2025-11-02 21:57:05.900 [info] > git diff-tree -r --name-status -z --diff-filter=ADMR --find-renames=50% 055ebea527064669ba0556362a97d534600c750c 15e21107141fd3c0ccd8b02ece1849afd724f049 [23ms]
2025-11-02 21:57:05.901 [info] > git diff-tree -r --name-status -z --diff-filter=ADMR --find-renames=50% 00b8d1c68f04266cdd680ffeb48230eb7e0d65b4 055ebea527064669ba0556362a97d534600c750c [3ms]
2025-11-02 21:57:06.908 [info] > git ls-tree -l 055ebea527064669ba0556362a97d534600c750c -- src/controllers/auth.controller.ts [26ms]
2025-11-02 21:57:06.909 [info] > git ls-tree -l 00b8d1c68f04266cdd680ffeb48230eb7e0d65b4 -- src/controllers/auth.controller.ts [49ms]
2025-11-02 21:57:06.910 [info] > git ls-files --stage -- src/controllers/auth.controller.ts [5ms]
2025-11-02 21:57:06.969 [info] > git show --textconv 055ebea527064669ba0556362a97d534600c750c:src/controllers/auth.controller.ts [21ms]
2025-11-02 21:57:06.970 [info] > git cat-file -s a00c4f84c4c7379d2c0b60d0a88e0c564bb5601f [42ms]
2025-11-02 21:57:06.970 [info] > git show --textconv 00b8d1c68f04266cdd680ffeb48230eb7e0d65b4:src/controllers/auth.controller.ts [2ms]
2025-11-02 21:57:06.992 [info] > git show --textconv :src/controllers/auth.controller.ts [2ms]
