2025-11-02 23:52:00.268 [info] Reading sessions from keychain...
2025-11-02 23:52:00.268 [info] Getting sessions for all scopes...
2025-11-02 23:52:00.268 [info] Got stored sessions!
2025-11-02 23:52:00.268 [info] Got 2 verified sessions.
2025-11-02 23:52:00.268 [info] Got 2 sessions for ...
2025-11-02 23:52:00.268 [info] Getting sessions for all scopes...
2025-11-02 23:52:00.268 [info] Got 2 sessions for ...
2025-11-02 23:52:00.268 [info] Getting sessions for all scopes...
2025-11-02 23:52:00.268 [info] Got 2 sessions for ...
2025-11-02 23:52:00.268 [info] Getting sessions for all scopes...
2025-11-02 23:52:00.268 [info] Got 2 sessions for ...
2025-11-02 23:52:00.268 [info] Getting sessions for all scopes...
2025-11-02 23:52:00.268 [info] Got 2 sessions for ...
2025-11-02 23:52:00.268 [info] Getting sessions for all scopes...
2025-11-02 23:52:00.268 [info] Got 2 sessions for ...
2025-11-02 23:52:00.268 [info] Getting sessions for all scopes...
2025-11-02 23:52:00.268 [info] Got 2 sessions for ...
2025-11-02 23:52:00.268 [info] Getting sessions for all scopes...
2025-11-02 23:52:00.268 [info] Got 2 sessions for ...
2025-11-02 23:52:00.268 [info] Getting sessions for all scopes...
2025-11-02 23:52:00.268 [info] Got 2 sessions for ...
2025-11-02 23:52:00.268 [info] Getting sessions for all scopes...
2025-11-02 23:52:00.268 [info] Got 2 sessions for ...
2025-11-02 23:52:00.268 [info] Getting sessions for all scopes...
2025-11-02 23:52:00.268 [info] Got 2 sessions for ...
2025-11-02 23:52:00.268 [info] Getting sessions for all scopes...
2025-11-02 23:52:00.268 [info] Got 2 sessions for ...
2025-11-02 23:52:00.268 [info] Getting sessions for all scopes...
2025-11-02 23:52:00.268 [info] Got 2 sessions for ...
2025-11-02 23:52:00.268 [info] Getting sessions for all scopes...
2025-11-02 23:52:00.268 [info] Got 2 sessions for ...
2025-11-02 23:52:00.268 [info] Getting sessions for all scopes...
2025-11-02 23:52:00.268 [info] Got 2 sessions for ...
2025-11-02 23:52:00.473 [info] Getting sessions for read:user,repo,user:email,workflow...
2025-11-02 23:52:00.473 [info] Got 1 sessions for read:user,repo,user:email,workflow...
2025-11-02 23:52:03.322 [info] Getting sessions for all scopes...
2025-11-02 23:52:03.323 [info] Got 2 sessions for ...
2025-11-02 23:52:03.680 [info] Getting sessions for read:user,repo,user:email,workflow...
2025-11-02 23:52:03.680 [info] Got 1 sessions for read:user,repo,user:email,workflow...
2025-11-02 23:52:04.068 [info] FetcherService: Electron fetch failed with status: 429 
2025-11-02 23:52:04.126 [info] Getting sessions for all scopes...
2025-11-02 23:52:04.126 [info] Got 2 sessions for ...
2025-11-02 23:52:04.279 [info] Getting sessions for all scopes...
2025-11-02 23:52:04.279 [info] Got 2 sessions for ...
2025-11-02 23:52:04.349 [info] Getting sessions for read:user,repo,user:email,workflow...
2025-11-02 23:52:04.349 [info] Got 1 sessions for read:user,repo,user:email,workflow...
2025-11-02 23:52:04.447 [info] Getting sessions for read:user,repo,user:email,workflow...
2025-11-02 23:52:04.447 [info] Got 1 sessions for read:user,repo,user:email,workflow...
2025-11-02 23:52:04.618 [info] Getting sessions for all scopes...
2025-11-02 23:52:04.618 [info] Got 2 sessions for ...
2025-11-02 23:52:04.618 [info] Getting sessions for all scopes...
2025-11-02 23:52:04.618 [info] Got 2 sessions for ...
2025-11-02 23:52:04.810 [info] Getting sessions for read:user,repo,user:email,workflow...
2025-11-02 23:52:04.810 [info] Got 1 sessions for read:user,repo,user:email,workflow...
2025-11-02 23:52:04.879 [info] FetcherService: Node fetch failed with status: 429 Too Many Requests
2025-11-02 23:52:04.912 [info] Getting sessions for all scopes...
2025-11-02 23:52:04.912 [info] Got 2 sessions for ...
2025-11-02 23:52:04.913 [info] Getting sessions for all scopes...
2025-11-02 23:52:04.913 [info] Got 2 sessions for ...
2025-11-02 23:52:04.925 [info] Getting sessions for all scopes...
2025-11-02 23:52:04.925 [info] Got 2 sessions for ...
2025-11-02 23:52:04.927 [info] Getting sessions for read:user,repo,user:email,workflow...
2025-11-02 23:52:04.927 [info] Got 1 sessions for read:user,repo,user:email,workflow...
2025-11-02 23:52:05.258 [info] FetcherService: Node http/s failed with status: 429 Too Many Requests
2025-11-02 23:52:06.629 [info] Getting sessions for all scopes...
2025-11-02 23:52:06.629 [info] Got 2 sessions for ...
2025-11-02 23:52:13.679 [info] Getting sessions for all scopes...
2025-11-02 23:52:13.679 [info] Got 2 sessions for ...
2025-11-02 23:52:17.781 [info] Getting sessions for all scopes...
2025-11-02 23:52:17.781 [info] Got 2 sessions for ...
2025-11-02 23:52:17.782 [info] Getting sessions for all scopes...
2025-11-02 23:52:17.782 [info] Got 2 sessions for ...
2025-11-02 23:52:17.803 [info] Getting sessions for all scopes...
2025-11-02 23:52:17.803 [info] Got 2 sessions for ...
2025-11-03 00:22:32.598 [info] Getting sessions for read:user,repo,user:email,workflow...
2025-11-03 00:22:32.598 [info] Got 1 sessions for read:user,repo,user:email,workflow...
2025-11-03 00:48:35.053 [info] Getting sessions for read:user,repo,user:email,workflow...
2025-11-03 00:48:35.055 [info] Got 1 sessions for read:user,repo,user:email,workflow...
2025-11-03 01:14:02.940 [info] Getting sessions for read:user,repo,user:email,workflow...
2025-11-03 01:14:02.942 [info] Got 1 sessions for read:user,repo,user:email,workflow...
2025-11-03 01:39:06.260 [info] Getting sessions for read:user,repo,user:email,workflow...
2025-11-03 01:39:06.262 [info] Got 1 sessions for read:user,repo,user:email,workflow...
