2025-11-02 23:51:44.427 [info] Reading sessions from keychain...
2025-11-02 23:51:44.427 [info] Getting sessions for all scopes...
2025-11-02 23:51:44.427 [info] Got stored sessions!
2025-11-02 23:51:44.427 [info] Got 2 verified sessions.
2025-11-02 23:51:44.427 [info] Got 2 sessions for ...
2025-11-02 23:51:44.427 [info] Getting sessions for all scopes...
2025-11-02 23:51:44.427 [info] Got 2 sessions for ...
2025-11-02 23:51:44.427 [info] Getting sessions for all scopes...
2025-11-02 23:51:44.427 [info] Got 2 sessions for ...
2025-11-02 23:51:44.427 [info] Getting sessions for all scopes...
2025-11-02 23:51:44.427 [info] Got 2 sessions for ...
2025-11-02 23:51:44.427 [info] Getting sessions for all scopes...
2025-11-02 23:51:44.427 [info] Got 2 sessions for ...
2025-11-02 23:51:44.427 [info] Getting sessions for all scopes...
2025-11-02 23:51:44.427 [info] Got 2 sessions for ...
2025-11-02 23:51:44.427 [info] Getting sessions for all scopes...
2025-11-02 23:51:44.427 [info] Got 2 sessions for ...
2025-11-02 23:51:44.427 [info] Getting sessions for all scopes...
2025-11-02 23:51:44.427 [info] Got 2 sessions for ...
2025-11-02 23:51:44.427 [info] Getting sessions for all scopes...
2025-11-02 23:51:44.427 [info] Got 2 sessions for ...
2025-11-02 23:51:44.427 [info] Getting sessions for all scopes...
2025-11-02 23:51:44.427 [info] Got 2 sessions for ...
2025-11-02 23:51:44.427 [info] Getting sessions for all scopes...
2025-11-02 23:51:44.427 [info] Got 2 sessions for ...
2025-11-02 23:51:44.427 [info] Getting sessions for all scopes...
2025-11-02 23:51:44.427 [info] Got 2 sessions for ...
2025-11-02 23:51:44.427 [info] Getting sessions for all scopes...
2025-11-02 23:51:44.427 [info] Got 2 sessions for ...
2025-11-02 23:51:44.427 [info] Getting sessions for all scopes...
2025-11-02 23:51:44.427 [info] Got 2 sessions for ...
2025-11-02 23:51:48.494 [info] Getting sessions for all scopes...
2025-11-02 23:51:48.494 [info] Got 2 sessions for ...
2025-11-02 23:51:48.519 [info] Getting sessions for all scopes...
2025-11-02 23:51:48.519 [info] Got 2 sessions for ...
2025-11-02 23:51:48.519 [info] Getting sessions for all scopes...
2025-11-02 23:51:48.519 [info] Got 2 sessions for ...
2025-11-02 23:51:48.519 [info] Getting sessions for all scopes...
2025-11-02 23:51:48.519 [info] Got 2 sessions for ...
