2025-11-09 18:51:14.420 [info] Reading sessions from keychain...
2025-11-09 18:51:14.420 [info] Getting sessions for all scopes...
2025-11-09 18:51:14.420 [info] Got stored sessions!
2025-11-09 18:51:14.420 [info] Got 2 verified sessions.
2025-11-09 18:51:14.420 [info] Got 2 sessions for ...
2025-11-09 18:51:14.420 [info] Getting sessions for all scopes...
2025-11-09 18:51:14.420 [info] Got 2 sessions for ...
2025-11-09 18:51:14.420 [info] Getting sessions for all scopes...
2025-11-09 18:51:14.420 [info] Got 2 sessions for ...
2025-11-09 18:51:14.420 [info] Getting sessions for all scopes...
2025-11-09 18:51:14.420 [info] Got 2 sessions for ...
2025-11-09 18:51:14.420 [info] Getting sessions for all scopes...
2025-11-09 18:51:14.420 [info] Got 2 sessions for ...
2025-11-09 18:51:14.420 [info] Getting sessions for all scopes...
2025-11-09 18:51:14.420 [info] Got 2 sessions for ...
2025-11-09 18:51:14.420 [info] Getting sessions for all scopes...
2025-11-09 18:51:14.420 [info] Got 2 sessions for ...
2025-11-09 18:51:14.420 [info] Getting sessions for all scopes...
2025-11-09 18:51:14.420 [info] Got 2 sessions for ...
2025-11-09 18:51:14.420 [info] Getting sessions for all scopes...
2025-11-09 18:51:14.420 [info] Got 2 sessions for ...
2025-11-09 18:51:14.420 [info] Getting sessions for all scopes...
2025-11-09 18:51:14.420 [info] Got 2 sessions for ...
2025-11-09 18:51:14.420 [info] Getting sessions for all scopes...
2025-11-09 18:51:14.420 [info] Got 2 sessions for ...
2025-11-09 18:51:14.420 [info] Getting sessions for all scopes...
2025-11-09 18:51:14.420 [info] Got 2 sessions for ...
2025-11-09 18:51:14.420 [info] Getting sessions for all scopes...
2025-11-09 18:51:14.420 [info] Got 2 sessions for ...
2025-11-09 18:51:14.420 [info] Getting sessions for all scopes...
2025-11-09 18:51:14.420 [info] Got 2 sessions for ...
2025-11-09 18:51:14.420 [info] Getting sessions for all scopes...
2025-11-09 18:51:14.420 [info] Got 2 sessions for ...
2025-11-09 18:51:14.420 [info] Getting sessions for read:user,repo,user:email,workflow...
2025-11-09 18:51:14.420 [info] Got 1 sessions for read:user,repo,user:email,workflow...
2025-11-09 18:51:14.420 [info] FetcherService: Electron fetch failed with status: 429 
2025-11-09 18:51:17.344 [info] Getting sessions for all scopes...
2025-11-09 18:51:17.344 [info] Got 2 sessions for ...
2025-11-09 18:51:17.421 [info] Getting sessions for all scopes...
2025-11-09 18:51:17.421 [info] Got 2 sessions for ...
2025-11-09 18:51:17.438 [info] Getting sessions for all scopes...
2025-11-09 18:51:17.438 [info] Got 2 sessions for ...
2025-11-09 18:51:17.439 [info] Getting sessions for all scopes...
2025-11-09 18:51:17.439 [info] Got 2 sessions for ...
2025-11-09 18:51:17.439 [info] Getting sessions for all scopes...
2025-11-09 18:51:17.439 [info] Got 2 sessions for ...
2025-11-09 18:51:17.566 [info] Getting sessions for all scopes...
2025-11-09 18:51:17.566 [info] Got 2 sessions for ...
2025-11-09 18:51:17.566 [info] Getting sessions for all scopes...
2025-11-09 18:51:17.566 [info] Got 2 sessions for ...
2025-11-09 18:51:17.566 [info] Getting sessions for all scopes...
2025-11-09 18:51:17.566 [info] Got 2 sessions for ...
2025-11-09 18:51:18.445 [info] Getting sessions for read:user,repo,user:email,workflow...
2025-11-09 18:51:18.446 [info] Got 1 sessions for read:user,repo,user:email,workflow...
2025-11-09 18:51:18.448 [info] FetcherService: Node fetch failed with status: 429 Too Many Requests
2025-11-09 18:51:18.464 [info] Getting sessions for all scopes...
2025-11-09 18:51:18.464 [info] Got 2 sessions for ...
2025-11-09 18:51:18.557 [info] Getting sessions for all scopes...
2025-11-09 18:51:18.557 [info] Got 2 sessions for ...
2025-11-09 18:51:18.557 [info] Getting sessions for read:user,repo,user:email,workflow...
2025-11-09 18:51:18.557 [info] Got 1 sessions for read:user,repo,user:email,workflow...
2025-11-09 18:51:19.192 [info] FetcherService: Node http/s failed with status: 429 Too Many Requests
2025-11-09 18:51:19.197 [info] Getting sessions for all scopes...
2025-11-09 18:51:19.197 [info] Got 2 sessions for ...
2025-11-09 18:51:19.198 [info] Getting sessions for all scopes...
2025-11-09 18:51:19.198 [info] Got 2 sessions for ...
2025-11-09 18:51:19.208 [info] Getting sessions for read:user,repo,user:email,workflow...
2025-11-09 18:51:19.208 [info] Got 1 sessions for read:user,repo,user:email,workflow...
2025-11-09 18:51:19.284 [info] Getting sessions for all scopes...
2025-11-09 18:51:19.284 [info] Got 2 sessions for ...
2025-11-09 18:51:19.287 [info] Getting sessions for all scopes...
2025-11-09 18:51:19.287 [info] Got 2 sessions for ...
2025-11-09 18:51:19.299 [info] Getting sessions for all scopes...
2025-11-09 18:51:19.299 [info] Got 2 sessions for ...
2025-11-09 18:51:19.337 [info] Getting sessions for read:user,repo,user:email,workflow...
2025-11-09 18:51:19.337 [info] Got 1 sessions for read:user,repo,user:email,workflow...
2025-11-09 18:51:19.851 [info] Getting sessions for all scopes...
2025-11-09 18:51:19.851 [info] Got 2 sessions for ...
2025-11-09 19:12:20.410 [info] Getting sessions for all scopes...
2025-11-09 19:12:20.410 [info] Got 2 sessions for ...
2025-11-09 19:12:20.412 [info] Getting sessions for read:user,repo,user:email,workflow...
2025-11-09 19:12:20.412 [info] Got 1 sessions for read:user,repo,user:email,workflow...
2025-11-09 19:12:20.901 [info] Getting sessions for all scopes...
2025-11-09 19:12:20.901 [info] Got 2 sessions for ...
2025-11-09 19:12:20.902 [info] Getting sessions for all scopes...
2025-11-09 19:12:20.902 [info] Got 2 sessions for ...
2025-11-09 19:12:20.906 [info] Getting sessions for read:user,repo,user:email,workflow...
2025-11-09 19:12:20.906 [info] Got 1 sessions for read:user,repo,user:email,workflow...
2025-11-09 19:12:41.142 [info] Getting sessions for all scopes...
2025-11-09 19:12:41.142 [info] Got 2 sessions for ...
2025-11-09 19:12:41.160 [info] Getting sessions for all scopes...
2025-11-09 19:12:41.160 [info] Got 2 sessions for ...
2025-11-09 19:12:42.206 [info] Getting sessions for all scopes...
2025-11-09 19:12:42.207 [info] Got 2 sessions for ...
2025-11-09 19:12:42.238 [info] Getting sessions for all scopes...
2025-11-09 19:12:42.238 [info] Got 2 sessions for ...
2025-11-09 19:12:42.315 [info] Getting sessions for all scopes...
2025-11-09 19:12:42.315 [info] Got 2 sessions for ...
2025-11-09 19:12:42.315 [info] Getting sessions for all scopes...
2025-11-09 19:12:42.315 [info] Got 2 sessions for ...
2025-11-09 19:27:29.775 [info] Getting sessions for read:user,repo,user:email,workflow...
2025-11-09 19:27:29.775 [info] Got 1 sessions for read:user,repo,user:email,workflow...
2025-11-09 19:34:04.015 [info] Getting sessions for all scopes...
2025-11-09 19:34:04.015 [info] Got 2 sessions for ...
2025-11-09 19:34:04.017 [info] Getting sessions for read:user,repo,user:email,workflow...
2025-11-09 19:34:04.017 [info] Got 1 sessions for read:user,repo,user:email,workflow...
2025-11-09 19:34:04.844 [info] Getting sessions for all scopes...
2025-11-09 19:34:04.844 [info] Got 2 sessions for ...
2025-11-09 19:34:04.844 [info] Getting sessions for all scopes...
2025-11-09 19:34:04.844 [info] Got 2 sessions for ...
2025-11-09 19:34:04.848 [info] Getting sessions for read:user,repo,user:email,workflow...
2025-11-09 19:34:04.848 [info] Got 1 sessions for read:user,repo,user:email,workflow...
2025-11-09 19:53:14.021 [info] Getting sessions for read:user,repo,user:email,workflow...
2025-11-09 19:53:14.023 [info] Got 1 sessions for read:user,repo,user:email,workflow...
2025-11-09 19:55:19.693 [info] Getting sessions for all scopes...
2025-11-09 19:55:19.693 [info] Got 2 sessions for ...
2025-11-09 19:55:19.695 [info] Getting sessions for read:user,repo,user:email,workflow...
2025-11-09 19:55:19.695 [info] Got 1 sessions for read:user,repo,user:email,workflow...
2025-11-09 19:55:20.220 [info] Getting sessions for all scopes...
2025-11-09 19:55:20.220 [info] Got 2 sessions for ...
2025-11-09 19:55:20.220 [info] Getting sessions for all scopes...
2025-11-09 19:55:20.220 [info] Got 2 sessions for ...
2025-11-09 19:55:20.223 [info] Getting sessions for read:user,repo,user:email,workflow...
2025-11-09 19:55:20.223 [info] Got 1 sessions for read:user,repo,user:email,workflow...
2025-11-09 19:58:17.504 [info] Getting sessions for all scopes...
2025-11-09 19:58:17.506 [info] Got 2 sessions for ...
2025-11-09 19:58:17.510 [info] Getting sessions for all scopes...
2025-11-09 19:58:17.510 [info] Got 2 sessions for ...
2025-11-09 20:24:50.820 [info] Getting sessions for all scopes...
2025-11-09 20:24:50.821 [info] Got 2 sessions for ...
2025-11-09 20:24:50.840 [info] Getting sessions for read:user,repo,user:email,workflow...
2025-11-09 20:24:50.840 [info] Got 1 sessions for read:user,repo,user:email,workflow...
2025-11-09 20:24:51.360 [info] Getting sessions for all scopes...
2025-11-09 20:24:51.361 [info] Got 2 sessions for ...
2025-11-09 20:24:51.363 [info] Getting sessions for all scopes...
2025-11-09 20:24:51.363 [info] Got 2 sessions for ...
2025-11-09 20:24:51.374 [info] Getting sessions for read:user,repo,user:email,workflow...
2025-11-09 20:24:51.374 [info] Got 1 sessions for read:user,repo,user:email,workflow...
2025-11-09 20:26:22.387 [info] Getting sessions for read:user,repo,user:email,workflow...
2025-11-09 20:26:22.387 [info] Got 1 sessions for read:user,repo,user:email,workflow...
2025-11-09 20:43:56.842 [info] Getting sessions for all scopes...
2025-11-09 20:43:56.844 [info] Got 2 sessions for ...
2025-11-09 20:43:56.845 [info] Getting sessions for all scopes...
2025-11-09 20:43:56.846 [info] Got 2 sessions for ...
2025-11-09 20:45:53.697 [info] Getting sessions for all scopes...
2025-11-09 20:45:53.697 [info] Got 2 sessions for ...
2025-11-09 20:45:53.699 [info] Getting sessions for read:user,repo,user:email,workflow...
2025-11-09 20:45:53.699 [info] Got 1 sessions for read:user,repo,user:email,workflow...
2025-11-09 20:45:54.158 [info] Getting sessions for all scopes...
2025-11-09 20:45:54.158 [info] Got 2 sessions for ...
2025-11-09 20:45:54.158 [info] Getting sessions for all scopes...
2025-11-09 20:45:54.158 [info] Got 2 sessions for ...
2025-11-09 20:45:54.162 [info] Getting sessions for read:user,repo,user:email,workflow...
2025-11-09 20:45:54.162 [info] Got 1 sessions for read:user,repo,user:email,workflow...
2025-11-09 21:08:32.991 [info] Getting sessions for all scopes...
2025-11-09 21:08:32.993 [info] Got 2 sessions for ...
2025-11-09 21:08:33.000 [info] Getting sessions for read:user,repo,user:email,workflow...
2025-11-09 21:08:33.000 [info] Got 1 sessions for read:user,repo,user:email,workflow...
2025-11-09 21:08:33.529 [info] Getting sessions for all scopes...
2025-11-09 21:08:33.529 [info] Got 2 sessions for ...
2025-11-09 21:08:33.529 [info] Getting sessions for all scopes...
2025-11-09 21:08:33.529 [info] Got 2 sessions for ...
2025-11-09 21:08:33.532 [info] Getting sessions for read:user,repo,user:email,workflow...
2025-11-09 21:08:33.532 [info] Got 1 sessions for read:user,repo,user:email,workflow...
2025-11-09 21:35:30.486 [info] Getting sessions for all scopes...
2025-11-09 21:35:30.487 [info] Got 2 sessions for ...
2025-11-09 21:35:30.503 [info] Getting sessions for read:user,repo,user:email,workflow...
2025-11-09 21:35:30.503 [info] Got 1 sessions for read:user,repo,user:email,workflow...
2025-11-09 21:35:31.047 [info] Getting sessions for all scopes...
2025-11-09 21:35:31.047 [info] Got 2 sessions for ...
2025-11-09 21:35:31.047 [info] Getting sessions for all scopes...
2025-11-09 21:35:31.047 [info] Got 2 sessions for ...
2025-11-09 21:35:31.050 [info] Getting sessions for read:user,repo,user:email,workflow...
2025-11-09 21:35:31.050 [info] Got 1 sessions for read:user,repo,user:email,workflow...
2025-11-09 21:49:33.199 [info] Getting sessions for read:user,repo,user:email,workflow...
2025-11-09 21:49:33.201 [info] Got 1 sessions for read:user,repo,user:email,workflow...
2025-11-09 21:58:21.257 [info] Getting sessions for all scopes...
2025-11-09 21:58:21.259 [info] Got 2 sessions for ...
2025-11-09 21:58:21.266 [info] Getting sessions for read:user,repo,user:email,workflow...
2025-11-09 21:58:21.266 [info] Got 1 sessions for read:user,repo,user:email,workflow...
2025-11-09 21:58:22.054 [info] Getting sessions for all scopes...
2025-11-09 21:58:22.054 [info] Got 2 sessions for ...
2025-11-09 21:58:22.064 [info] Getting sessions for all scopes...
2025-11-09 21:58:22.064 [info] Got 2 sessions for ...
2025-11-09 21:58:22.119 [info] Getting sessions for read:user,repo,user:email,workflow...
2025-11-09 21:58:22.119 [info] Got 1 sessions for read:user,repo,user:email,workflow...
2025-11-09 22:13:26.700 [info] Getting sessions for all scopes...
2025-11-09 22:13:26.702 [info] Got 2 sessions for ...
2025-11-09 22:13:26.706 [info] Getting sessions for all scopes...
2025-11-09 22:13:26.706 [info] Got 2 sessions for ...
2025-11-09 22:20:39.937 [info] Getting sessions for all scopes...
2025-11-09 22:20:39.937 [info] Got 2 sessions for ...
2025-11-09 22:20:39.976 [info] Getting sessions for read:user,repo,user:email,workflow...
2025-11-09 22:20:39.976 [info] Got 1 sessions for read:user,repo,user:email,workflow...
2025-11-09 22:20:40.547 [info] Getting sessions for all scopes...
2025-11-09 22:20:40.547 [info] Got 2 sessions for ...
2025-11-09 22:20:40.547 [info] Getting sessions for all scopes...
2025-11-09 22:20:40.547 [info] Got 2 sessions for ...
2025-11-09 22:20:40.552 [info] Getting sessions for read:user,repo,user:email,workflow...
2025-11-09 22:20:40.552 [info] Got 1 sessions for read:user,repo,user:email,workflow...
2025-11-09 22:29:41.075 [info] Getting sessions for read:user,repo,user:email,workflow...
2025-11-09 22:29:41.075 [info] Got 1 sessions for read:user,repo,user:email,workflow...
2025-11-09 22:42:44.712 [info] Getting sessions for all scopes...
2025-11-09 22:42:44.712 [info] Got 2 sessions for ...
2025-11-09 22:42:44.724 [info] Getting sessions for read:user,repo,user:email,workflow...
2025-11-09 22:42:44.724 [info] Got 1 sessions for read:user,repo,user:email,workflow...
2025-11-09 22:42:45.267 [info] Getting sessions for all scopes...
2025-11-09 22:42:45.267 [info] Got 2 sessions for ...
2025-11-09 22:42:45.267 [info] Getting sessions for all scopes...
2025-11-09 22:42:45.267 [info] Got 2 sessions for ...
2025-11-09 22:42:45.269 [info] Getting sessions for read:user,repo,user:email,workflow...
2025-11-09 22:42:45.269 [info] Got 1 sessions for read:user,repo,user:email,workflow...
2025-11-09 22:55:22.667 [info] Getting sessions for read:user,repo,user:email,workflow...
2025-11-09 22:55:22.668 [info] Got 1 sessions for read:user,repo,user:email,workflow...
2025-11-09 23:05:34.943 [info] Getting sessions for all scopes...
2025-11-09 23:05:34.943 [info] Got 2 sessions for ...
2025-11-09 23:05:34.951 [info] Getting sessions for read:user,repo,user:email,workflow...
2025-11-09 23:05:34.951 [info] Got 1 sessions for read:user,repo,user:email,workflow...
2025-11-09 23:05:35.431 [info] Getting sessions for all scopes...
2025-11-09 23:05:35.431 [info] Got 2 sessions for ...
2025-11-09 23:05:35.432 [info] Getting sessions for all scopes...
2025-11-09 23:05:35.432 [info] Got 2 sessions for ...
2025-11-09 23:05:35.434 [info] Getting sessions for read:user,repo,user:email,workflow...
2025-11-09 23:05:35.434 [info] Got 1 sessions for read:user,repo,user:email,workflow...
2025-11-09 23:20:18.905 [info] Getting sessions for all scopes...
2025-11-09 23:20:18.907 [info] Got 2 sessions for ...
2025-11-09 23:20:18.912 [info] Getting sessions for all scopes...
2025-11-09 23:20:18.912 [info] Got 2 sessions for ...
2025-11-09 23:21:36.726 [info] Getting sessions for read:user,repo,user:email,workflow...
2025-11-09 23:21:36.728 [info] Got 1 sessions for read:user,repo,user:email,workflow...
2025-11-09 23:30:10.095 [info] Getting sessions for all scopes...
2025-11-09 23:30:10.097 [info] Got 2 sessions for ...
2025-11-09 23:30:10.125 [info] Getting sessions for read:user,repo,user:email,workflow...
2025-11-09 23:30:10.125 [info] Got 1 sessions for read:user,repo,user:email,workflow...
2025-11-09 23:30:10.793 [info] Getting sessions for all scopes...
2025-11-09 23:30:10.793 [info] Got 2 sessions for ...
2025-11-09 23:30:10.793 [info] Getting sessions for all scopes...
2025-11-09 23:30:10.793 [info] Got 2 sessions for ...
2025-11-09 23:30:10.800 [info] Getting sessions for read:user,repo,user:email,workflow...
2025-11-09 23:30:10.800 [info] Got 1 sessions for read:user,repo,user:email,workflow...
2025-11-09 23:47:21.104 [info] Getting sessions for read:user,repo,user:email,workflow...
2025-11-09 23:47:21.114 [info] Got 1 sessions for read:user,repo,user:email,workflow...
