2025-11-04 22:46:20.011 [info] Reading sessions from keychain...
2025-11-04 22:46:20.011 [info] Getting sessions for all scopes...
2025-11-04 22:46:20.092 [info] Got stored sessions!
2025-11-04 22:46:20.092 [info] Got 2 verified sessions.
2025-11-04 22:46:20.092 [info] Got 2 sessions for ...
2025-11-04 22:46:20.092 [info] Getting sessions for all scopes...
2025-11-04 22:46:20.092 [info] Got 2 sessions for ...
2025-11-04 22:46:20.092 [info] Getting sessions for all scopes...
2025-11-04 22:46:20.092 [info] Got 2 sessions for ...
2025-11-04 22:46:20.092 [info] Getting sessions for all scopes...
2025-11-04 22:46:20.092 [info] Got 2 sessions for ...
2025-11-04 22:46:20.092 [info] Getting sessions for all scopes...
2025-11-04 22:46:20.092 [info] Got 2 sessions for ...
2025-11-04 22:46:20.092 [info] Getting sessions for all scopes...
2025-11-04 22:46:20.092 [info] Got 2 sessions for ...
2025-11-04 22:46:20.093 [info] Getting sessions for all scopes...
2025-11-04 22:46:20.093 [info] Got 2 sessions for ...
2025-11-04 22:46:20.356 [info] Getting sessions for all scopes...
2025-11-04 22:46:20.356 [info] Got 2 sessions for ...
2025-11-04 22:46:20.356 [info] Getting sessions for all scopes...
2025-11-04 22:46:20.356 [info] Got 2 sessions for ...
2025-11-04 22:46:20.357 [info] Getting sessions for all scopes...
2025-11-04 22:46:20.357 [info] Got 2 sessions for ...
2025-11-04 22:46:20.357 [info] Getting sessions for all scopes...
2025-11-04 22:46:20.357 [info] Got 2 sessions for ...
2025-11-04 22:46:20.357 [info] Getting sessions for all scopes...
2025-11-04 22:46:20.357 [info] Got 2 sessions for ...
2025-11-04 22:46:20.357 [info] Getting sessions for all scopes...
2025-11-04 22:46:20.357 [info] Got 2 sessions for ...
2025-11-04 22:46:20.864 [info] Getting sessions for all scopes...
2025-11-04 22:46:20.865 [info] Got 2 sessions for ...
2025-11-04 22:46:26.194 [info] Getting sessions for all scopes...
2025-11-04 22:46:26.194 [info] Got 2 sessions for ...
2025-11-04 22:46:26.219 [info] Getting sessions for all scopes...
2025-11-04 22:46:26.219 [info] Got 2 sessions for ...
2025-11-04 22:46:26.219 [info] Getting sessions for all scopes...
2025-11-04 22:46:26.220 [info] Got 2 sessions for ...
2025-11-04 22:46:26.220 [info] Getting sessions for all scopes...
2025-11-04 22:46:26.220 [info] Got 2 sessions for ...
2025-11-04 22:46:26.502 [info] Getting sessions for all scopes...
2025-11-04 22:46:26.502 [info] Got 2 sessions for ...
2025-11-04 22:46:26.502 [info] Getting sessions for all scopes...
2025-11-04 22:46:26.502 [info] Got 2 sessions for ...
2025-11-04 22:46:26.622 [info] FetcherService: Electron fetch failed with status: 429 
2025-11-04 22:46:27.194 [info] Getting sessions for read:user,repo,user:email,workflow...
2025-11-04 22:46:27.195 [info] Got 1 sessions for read:user,repo,user:email,workflow...
2025-11-04 22:46:27.233 [info] Getting sessions for all scopes...
2025-11-04 22:46:27.233 [info] Got 2 sessions for ...
2025-11-04 22:46:27.333 [info] Getting sessions for all scopes...
2025-11-04 22:46:27.333 [info] Got 2 sessions for ...
2025-11-04 22:46:27.333 [info] Getting sessions for read:user,repo,user:email,workflow...
2025-11-04 22:46:27.333 [info] Got 1 sessions for read:user,repo,user:email,workflow...
2025-11-04 22:46:27.525 [info] Getting sessions for all scopes...
2025-11-04 22:46:27.525 [info] Got 2 sessions for ...
2025-11-04 22:46:27.671 [info] Getting sessions for all scopes...
2025-11-04 22:46:27.671 [info] Got 2 sessions for ...
2025-11-04 22:46:27.689 [info] FetcherService: Node fetch failed with status: 429 Too Many Requests
2025-11-04 22:46:27.713 [info] Getting sessions for read:user,repo,user:email,workflow...
2025-11-04 22:46:27.714 [info] Got 1 sessions for read:user,repo,user:email,workflow...
2025-11-04 22:46:27.714 [info] Getting sessions for read:user,repo,user:email,workflow...
2025-11-04 22:46:27.714 [info] Got 1 sessions for read:user,repo,user:email,workflow...
2025-11-04 22:46:28.096 [info] Getting sessions for all scopes...
2025-11-04 22:46:28.096 [info] Got 2 sessions for ...
2025-11-04 22:46:28.096 [info] Getting sessions for all scopes...
2025-11-04 22:46:28.096 [info] Got 2 sessions for ...
2025-11-04 22:46:28.119 [info] Getting sessions for read:user,repo,user:email,workflow...
2025-11-04 22:46:28.119 [info] Got 1 sessions for read:user,repo,user:email,workflow...
2025-11-04 22:46:28.193 [info] FetcherService: Node http/s failed with status: 429 Too Many Requests
2025-11-04 22:46:28.249 [info] Getting sessions for all scopes...
2025-11-04 22:46:28.249 [info] Got 2 sessions for ...
2025-11-04 22:46:28.252 [info] Getting sessions for all scopes...
2025-11-04 22:46:28.252 [info] Got 2 sessions for ...
2025-11-04 22:46:28.253 [info] Getting sessions for all scopes...
2025-11-04 22:46:28.253 [info] Got 2 sessions for ...
2025-11-04 22:46:28.272 [info] Getting sessions for read:user,repo,user:email,workflow...
2025-11-04 22:46:28.272 [info] Got 1 sessions for read:user,repo,user:email,workflow...
2025-11-04 22:46:28.781 [info] Getting sessions for all scopes...
2025-11-04 22:46:28.782 [info] Got 2 sessions for ...
2025-11-04 23:23:28.835 [info] Getting sessions for read:user,repo,user:email,workflow...
2025-11-04 23:23:28.836 [info] Got 1 sessions for read:user,repo,user:email,workflow...
