2025-11-02 21:32:15.603 [info] Reading sessions from keychain...
2025-11-02 21:32:15.603 [info] Getting sessions for all scopes...
2025-11-02 21:32:15.603 [info] Got stored sessions!
2025-11-02 21:32:15.603 [info] Got 2 verified sessions.
2025-11-02 21:32:15.603 [info] Got 2 sessions for ...
2025-11-02 21:32:15.603 [info] Getting sessions for all scopes...
2025-11-02 21:32:15.603 [info] Got 2 sessions for ...
2025-11-02 21:32:15.603 [info] Getting sessions for all scopes...
2025-11-02 21:32:15.603 [info] Got 2 sessions for ...
2025-11-02 21:32:15.603 [info] Getting sessions for all scopes...
2025-11-02 21:32:15.603 [info] Got 2 sessions for ...
2025-11-02 21:32:15.603 [info] Getting sessions for all scopes...
2025-11-02 21:32:15.603 [info] Got 2 sessions for ...
2025-11-02 21:32:15.603 [info] Getting sessions for all scopes...
2025-11-02 21:32:15.603 [info] Got 2 sessions for ...
2025-11-02 21:32:15.603 [info] Getting sessions for all scopes...
2025-11-02 21:32:15.603 [info] Got 2 sessions for ...
2025-11-02 21:32:15.603 [info] Getting sessions for all scopes...
2025-11-02 21:32:15.603 [info] Got 2 sessions for ...
2025-11-02 21:32:15.603 [info] Getting sessions for all scopes...
2025-11-02 21:32:15.603 [info] Got 2 sessions for ...
2025-11-02 21:32:15.603 [info] Getting sessions for all scopes...
2025-11-02 21:32:15.603 [info] Got 2 sessions for ...
2025-11-02 21:32:15.603 [info] Getting sessions for all scopes...
2025-11-02 21:32:15.603 [info] Got 2 sessions for ...
2025-11-02 21:32:15.603 [info] Getting sessions for all scopes...
2025-11-02 21:32:15.603 [info] Got 2 sessions for ...
2025-11-02 21:32:15.603 [info] Getting sessions for all scopes...
2025-11-02 21:32:15.603 [info] Got 2 sessions for ...
2025-11-02 21:32:15.603 [info] Getting sessions for all scopes...
2025-11-02 21:32:15.603 [info] Got 2 sessions for ...
2025-11-02 21:32:15.603 [info] Getting sessions for all scopes...
2025-11-02 21:32:15.603 [info] Got 2 sessions for ...
2025-11-02 21:32:15.603 [info] Getting sessions for all scopes...
2025-11-02 21:32:15.603 [info] Got 2 sessions for ...
2025-11-02 21:32:15.603 [info] Getting sessions for all scopes...
2025-11-02 21:32:15.603 [info] Got 2 sessions for ...
2025-11-02 21:32:15.624 [info] Getting sessions for read:user,repo,user:email,workflow...
2025-11-02 21:32:15.624 [info] Got 1 sessions for read:user,repo,user:email,workflow...
2025-11-02 21:32:18.865 [info] Getting sessions for all scopes...
2025-11-02 21:32:18.865 [info] Got 2 sessions for ...
2025-11-02 21:32:18.897 [info] Getting sessions for all scopes...
2025-11-02 21:32:18.897 [info] Got 2 sessions for ...
2025-11-02 21:32:18.898 [info] Getting sessions for all scopes...
2025-11-02 21:32:18.898 [info] Got 2 sessions for ...
2025-11-02 21:32:18.898 [info] Getting sessions for all scopes...
2025-11-02 21:32:18.898 [info] Got 2 sessions for ...
2025-11-02 21:32:18.989 [info] Getting sessions for all scopes...
2025-11-02 21:32:18.989 [info] Got 2 sessions for ...
2025-11-02 21:32:19.021 [info] Getting sessions for all scopes...
2025-11-02 21:32:19.021 [info] Got 2 sessions for ...
2025-11-02 21:32:19.132 [info] Getting sessions for all scopes...
2025-11-02 21:32:19.132 [info] Got 2 sessions for ...
2025-11-02 21:32:19.754 [info] Getting sessions for read:user,repo,user:email,workflow...
2025-11-02 21:32:19.754 [info] Got 1 sessions for read:user,repo,user:email,workflow...
2025-11-02 21:32:19.757 [info] FetcherService: Electron fetch failed with status: 429 
2025-11-02 21:32:19.766 [info] Getting sessions for all scopes...
2025-11-02 21:32:19.766 [info] Got 2 sessions for ...
2025-11-02 21:32:19.840 [info] Getting sessions for all scopes...
2025-11-02 21:32:19.840 [info] Got 2 sessions for ...
2025-11-02 21:32:19.840 [info] Getting sessions for read:user,repo,user:email,workflow...
2025-11-02 21:32:19.840 [info] Got 1 sessions for read:user,repo,user:email,workflow...
2025-11-02 21:32:20.196 [info] Getting sessions for read:user,repo,user:email,workflow...
2025-11-02 21:32:20.197 [info] Got 1 sessions for read:user,repo,user:email,workflow...
2025-11-02 21:32:20.298 [info] Getting sessions for all scopes...
2025-11-02 21:32:20.298 [info] Got 2 sessions for ...
2025-11-02 21:32:20.298 [info] Getting sessions for all scopes...
2025-11-02 21:32:20.298 [info] Got 2 sessions for ...
2025-11-02 21:32:20.307 [info] Getting sessions for read:user,repo,user:email,workflow...
2025-11-02 21:32:20.307 [info] Got 1 sessions for read:user,repo,user:email,workflow...
2025-11-02 21:32:20.375 [info] Getting sessions for all scopes...
2025-11-02 21:32:20.375 [info] Got 2 sessions for ...
2025-11-02 21:32:20.376 [info] Getting sessions for all scopes...
2025-11-02 21:32:20.376 [info] Got 2 sessions for ...
2025-11-02 21:32:20.377 [info] Getting sessions for all scopes...
2025-11-02 21:32:20.377 [info] Got 2 sessions for ...
2025-11-02 21:32:20.379 [info] Getting sessions for read:user,repo,user:email,workflow...
2025-11-02 21:32:20.379 [info] Got 1 sessions for read:user,repo,user:email,workflow...
2025-11-02 21:32:20.504 [info] FetcherService: Node fetch failed with status: 429 Too Many Requests
2025-11-02 21:32:20.967 [info] FetcherService: Node http/s failed with status: 429 Too Many Requests
2025-11-02 21:32:21.088 [info] Getting sessions for all scopes...
2025-11-02 21:32:21.088 [info] Got 2 sessions for ...
2025-11-02 21:58:28.146 [info] Getting sessions for read:user,repo,user:email,workflow...
2025-11-02 21:58:28.148 [info] Got 1 sessions for read:user,repo,user:email,workflow...
2025-11-02 22:11:28.191 [info] Getting sessions for all scopes...
2025-11-02 22:11:28.191 [info] Got 2 sessions for ...
2025-11-02 22:11:28.210 [info] Getting sessions for read:user,repo,user:email,workflow...
2025-11-02 22:11:28.211 [info] Got 1 sessions for read:user,repo,user:email,workflow...
2025-11-02 22:11:28.704 [info] Getting sessions for all scopes...
2025-11-02 22:11:28.704 [info] Got 2 sessions for ...
2025-11-02 22:11:28.705 [info] Getting sessions for all scopes...
2025-11-02 22:11:28.705 [info] Got 2 sessions for ...
2025-11-02 22:11:28.708 [info] Getting sessions for read:user,repo,user:email,workflow...
2025-11-02 22:11:28.708 [info] Got 1 sessions for read:user,repo,user:email,workflow...
2025-11-02 22:11:35.425 [info] Getting sessions for all scopes...
2025-11-02 22:11:35.425 [info] Got 2 sessions for ...
2025-11-02 22:11:35.440 [info] Getting sessions for all scopes...
2025-11-02 22:11:35.440 [info] Got 2 sessions for ...
2025-11-02 22:23:45.958 [info] Reading sessions from keychain...
2025-11-02 22:23:45.958 [info] Got stored sessions!
2025-11-02 22:23:45.958 [info] Got 2 verified sessions.
2025-11-02 22:23:45.958 [info] Getting sessions for all scopes...
2025-11-02 22:23:45.958 [info] Got 2 sessions for ...
2025-11-02 22:23:45.958 [info] Getting sessions for all scopes...
2025-11-02 22:23:45.958 [info] Got 2 sessions for ...
2025-11-02 22:23:45.958 [info] Getting sessions for all scopes...
2025-11-02 22:23:45.958 [info] Got 2 sessions for ...
2025-11-02 22:23:45.958 [info] Getting sessions for all scopes...
2025-11-02 22:23:45.958 [info] Got 2 sessions for ...
2025-11-02 22:23:45.958 [info] Getting sessions for all scopes...
2025-11-02 22:23:45.958 [info] Got 2 sessions for ...
2025-11-02 22:23:45.958 [info] Getting sessions for all scopes...
2025-11-02 22:23:45.958 [info] Got 2 sessions for ...
2025-11-02 22:23:45.958 [info] Getting sessions for all scopes...
2025-11-02 22:23:45.958 [info] Got 2 sessions for ...
2025-11-02 22:23:45.958 [info] Getting sessions for all scopes...
2025-11-02 22:23:45.958 [info] Got 2 sessions for ...
2025-11-02 22:23:45.958 [info] Getting sessions for all scopes...
2025-11-02 22:23:45.958 [info] Got 2 sessions for ...
2025-11-02 22:23:46.113 [info] Getting sessions for read:user,repo,user:email,workflow...
2025-11-02 22:23:46.113 [info] Got 1 sessions for read:user,repo,user:email,workflow...
2025-11-02 22:23:49.448 [info] Getting sessions for all scopes...
2025-11-02 22:23:49.448 [info] Got 2 sessions for ...
2025-11-02 22:23:49.656 [info] Getting sessions for all scopes...
2025-11-02 22:23:49.656 [info] Got 2 sessions for ...
2025-11-02 22:23:49.748 [info] Getting sessions for all scopes...
2025-11-02 22:23:49.748 [info] Got 2 sessions for ...
2025-11-02 22:23:49.988 [info] FetcherService: Electron fetch failed with status: 429 
2025-11-02 22:23:50.146 [info] Getting sessions for read:user,repo,user:email,workflow...
2025-11-02 22:23:50.146 [info] Got 1 sessions for read:user,repo,user:email,workflow...
2025-11-02 22:23:50.887 [info] Getting sessions for read:user,repo,user:email,workflow...
2025-11-02 22:23:50.887 [info] Got 1 sessions for read:user,repo,user:email,workflow...
2025-11-02 22:23:50.888 [info] Getting sessions for read:user,repo,user:email,workflow...
2025-11-02 22:23:50.888 [info] Got 1 sessions for read:user,repo,user:email,workflow...
2025-11-02 22:23:51.431 [info] Getting sessions for all scopes...
2025-11-02 22:23:51.431 [info] Got 2 sessions for ...
2025-11-02 22:23:51.431 [info] Getting sessions for all scopes...
2025-11-02 22:23:51.431 [info] Got 2 sessions for ...
2025-11-02 22:23:51.544 [info] FetcherService: Node fetch failed with status: 429 Too Many Requests
2025-11-02 22:23:51.573 [info] Getting sessions for read:user,repo,user:email,workflow...
2025-11-02 22:23:51.573 [info] Got 1 sessions for read:user,repo,user:email,workflow...
2025-11-02 22:23:51.660 [info] Getting sessions for all scopes...
2025-11-02 22:23:51.660 [info] Got 2 sessions for ...
2025-11-02 22:23:51.664 [info] Getting sessions for read:user,repo,user:email,workflow...
2025-11-02 22:23:51.664 [info] Got 1 sessions for read:user,repo,user:email,workflow...
2025-11-02 22:23:51.919 [info] FetcherService: Node http/s failed with status: 429 Too Many Requests
2025-11-02 22:23:52.230 [info] Getting sessions for all scopes...
2025-11-02 22:23:52.230 [info] Got 2 sessions for ...
2025-11-02 22:49:39.470 [info] Getting sessions for read:user,repo,user:email,workflow...
2025-11-02 22:49:39.484 [info] Got 1 sessions for read:user,repo,user:email,workflow...
2025-11-02 23:51:29.338 [info] Getting sessions for read:user,repo,user:email,workflow...
2025-11-02 23:51:29.339 [info] Got 1 sessions for read:user,repo,user:email,workflow...
