Locating server…
Booting server...
Setting up server…
Listening for messages…
Searching for Tailwind CSS projects in the workspace's folders.
{"tailwind":{"version":"4.1.17","features":["css-at-theme","layer:base","content-list","source-inline","source-not"],"isDefaultVersion":false},"path":"/home/monteiro/codes/revis/app/globals.css"}
[Global] Creating projects: [{"folder":"/home/monteiro/codes/revis","config":"/home/monteiro/codes/revis/app/globals.css","selectors":[{"pattern":"/home/monteiro/codes/revis/app/globals.css","priority":0},{"pattern":"/home/monteiro/codes/revis/postcss.config.mjs","priority":1},{"pattern":"/home/monteiro/codes/revis/public/window.svg","priority":1},{"pattern":"/home/monteiro/codes/revis/public/file.svg","priority":1},{"pattern":"/home/monteiro/codes/revis/public/globe.svg","priority":1},{"pattern":"/home/monteiro/codes/revis/public/next.svg","priority":1},{"pattern":"/home/monteiro/codes/revis/public/vercel.svg","priority":1},{"pattern":"/home/monteiro/codes/revis/next.config.ts","priority":1},{"pattern":"/home/monteiro/codes/revis/README.md","priority":1},{"pattern":"/home/monteiro/codes/revis/tsconfig.json","priority":1},{"pattern":"/home/monteiro/codes/revis/package.json","priority":1},{"pattern":"/home/monteiro/codes/revis/eslint.config.mjs","priority":1},{"pattern":"/home/monteiro/codes/revis/app/page.tsx","priority":1},{"pattern":"/home/monteiro/codes/revis/app/layout.tsx","priority":1},{"pattern":"/home/monteiro/codes/revis/.github/instructions/requirements.instructions.md","priority":1},{"pattern":"/home/monteiro/codes/revis/.github/instructions/design.instructions.md","priority":1},{"pattern":"/home/monteiro/codes/revis/*","priority":1},{"pattern":"/home/monteiro/codes/revis/.github/**/*.{aspx,astro,cjs,css,cts,eex,erb,gjs,gts,haml,handlebars,hbs,heex,html,jade,js,json,jsx,liquid,md,mdx,mjs,mts,mustache,njk,nunjucks,php,pug,py,razor,rb,rhtml,rs,slim,svelte,svg,tpl,ts,tsx,twig,vue}","priority":1},{"pattern":"/home/monteiro/codes/revis/app/**/*.{aspx,astro,cjs,css,cts,eex,erb,gjs,gts,haml,handlebars,hbs,heex,html,jade,js,json,jsx,liquid,md,mdx,mjs,mts,mustache,njk,nunjucks,php,pug,py,razor,rb,rhtml,rs,slim,svelte,svg,tpl,ts,tsx,twig,vue}","priority":1},{"pattern":"/home/monteiro/codes/revis/app/**","priority":2},{"pattern":"/home/monteiro/codes/revis/**","priority":4},{"pattern":"/home/monteiro/codes/revis/**","priority":5}],"user":false,"tailwind":{"version":"4.1.17","features":["css-at-theme","layer:base","content-list","source-inline","source-not"],"isDefaultVersion":false}}]
[Global] Preparing projects...
[Global] Initializing projects...
[Global] Initialized 0 projects
[app/globals.css] Initializing...
[Global] Adding watch patterns: /home/monteiro/codes/revis/app/globals.css, /home/monteiro/codes/revis/app, /home/monteiro/codes/revis
[app/globals.css] supported features: ["css-at-theme","layer:base","content-list","source-inline","source-not"]
[app/globals.css] Loaded tailwindcss v4.1.17: /home/monteiro/codes/revis/node_modules/tailwindcss
[app/globals.css] Building...
[Global] Adding watch patterns: /home/monteiro/codes/revis/node_modules/tailwindcss/index.css
[app/globals.css] File changed: /home/monteiro/codes/revis/package-lock.json
[app/globals.css] Initializing...
[app/globals.css] supported features: ["css-at-theme","layer:base","content-list","source-inline","source-not"]
[app/globals.css] Loaded tailwindcss v4.1.17: /home/monteiro/codes/revis/node_modules/tailwindcss
[app/globals.css] Building...
---- RELOADING DESIGN SYSTEM ----
---- /home/monteiro/codes/revis/app/globals.css ----
[Error - 18:04:25] Unable to load stylesheet: tw-animate-css Error: Can't resolve 'tw-animate-css' in '/home/monteiro/codes/revis/app'
    at H (/home/monteiro/.vscode/extensions/bradlc.vscode-tailwindcss-0.14.29/dist/tailwindServer.js:130:7155)
    at /home/monteiro/.vscode/extensions/bradlc.vscode-tailwindcss-0.14.29/dist/tailwindServer.js:131:713
    at /home/monteiro/.vscode/extensions/bradlc.vscode-tailwindcss-0.14.29/dist/tailwindServer.js:134:405
    at eval (eval at create (/home/monteiro/.vscode/extensions/bradlc.vscode-tailwindcss-0.14.29/dist/tailwindServer.js:5:78), <anonymous>:15:1)
    at /home/monteiro/.vscode/extensions/bradlc.vscode-tailwindcss-0.14.29/dist/tailwindServer.js:134:405
    at eval (eval at create (/home/monteiro/.vscode/extensions/bradlc.vscode-tailwindcss-0.14.29/dist/tailwindServer.js:5:78), <anonymous>:27:1)
    at /home/monteiro/.vscode/extensions/bradlc.vscode-tailwindcss-0.14.29/dist/tailwindServer.js:134:7916
    at /home/monteiro/.vscode/extensions/bradlc.vscode-tailwindcss-0.14.29/dist/tailwindServer.js:134:405
    at eval (eval at create (/home/monteiro/.vscode/extensions/bradlc.vscode-tailwindcss-0.14.29/dist/tailwindServer.js:5:78), <anonymous>:15:1)
    at /home/monteiro/.vscode/extensions/bradlc.vscode-tailwindcss-0.14.29/dist/tailwindServer.js:134:405 {
  details: "resolve 'tw-animate-css' in '/home/monteiro/codes/revis/app'\n" +
    '  Parsed request is a module\n' +
    '  using description file: /home/monteiro/codes/revis/package.json (relative path: ./app)\n' +
    '    using description file: /home/monteiro/codes/revis/package.json (relative path: ./app/tw-animate-css)\n' +
    '      no extension\n' +
    "        /home/monteiro/codes/revis/app/tw-animate-css doesn't exist\n" +
    '      .css\n' +
    "        /home/monteiro/codes/revis/app/tw-animate-css.css doesn't exist\n" +
    '      as directory\n' +
    "        /home/monteiro/codes/revis/app/tw-animate-css doesn't exist\n" +
    '    resolve as module\n' +
    "      /home/monteiro/codes/revis/app/node_modules doesn't exist or is not a directory\n" +
    '      looking for modules in /home/monteiro/codes/revis/node_modules\n' +
    '        single file module\n' +
    '          using description file: /home/monteiro/codes/revis/package.json (relative path: ./node_modules/tw-animate-css)\n' +
    '            no extension\n' +
    "              /home/monteiro/codes/revis/node_modules/tw-animate-css doesn't exist\n" +
    '            .css\n' +
    "              /home/monteiro/codes/revis/node_modules/tw-animate-css.css doesn't exist\n" +
    "        /home/monteiro/codes/revis/node_modules/tw-animate-css doesn't exist\n" +
    "      /home/monteiro/codes/node_modules doesn't exist or is not a directory\n" +
    "      /home/monteiro/node_modules doesn't exist or is not a directory\n" +
    "      /home/node_modules doesn't exist or is not a directory\n" +
    "      /node_modules doesn't exist or is not a directory"
}
---- RELOADED IN 955.23ms ----
[app/globals.css] File changed: /home/monteiro/codes/revis/package-lock.json
[app/globals.css] Initializing...
[app/globals.css] File changed: /home/monteiro/codes/revis/package-lock.json
[app/globals.css] Initializing...
[app/globals.css] supported features: ["css-at-theme","layer:base","content-list","source-inline","source-not"]
[app/globals.css] Loaded tailwindcss v4.1.17: /home/monteiro/codes/revis/node_modules/tailwindcss
[app/globals.css] Building...
[app/globals.css] supported features: ["css-at-theme","layer:base","content-list","source-inline","source-not"]
[app/globals.css] Loaded tailwindcss v4.1.17: /home/monteiro/codes/revis/node_modules/tailwindcss
[app/globals.css] Building...
[Error - 18:04:29] Unable to load stylesheet: tw-animate-css Error: Can't resolve 'tw-animate-css' in '/home/monteiro/codes/revis/app'
    at H (/home/monteiro/.vscode/extensions/bradlc.vscode-tailwindcss-0.14.29/dist/tailwindServer.js:130:7155)
    at /home/monteiro/.vscode/extensions/bradlc.vscode-tailwindcss-0.14.29/dist/tailwindServer.js:131:713
    at /home/monteiro/.vscode/extensions/bradlc.vscode-tailwindcss-0.14.29/dist/tailwindServer.js:134:405
    at eval (eval at create (/home/monteiro/.vscode/extensions/bradlc.vscode-tailwindcss-0.14.29/dist/tailwindServer.js:5:78), <anonymous>:15:1)
    at /home/monteiro/.vscode/extensions/bradlc.vscode-tailwindcss-0.14.29/dist/tailwindServer.js:134:405
    at eval (eval at create (/home/monteiro/.vscode/extensions/bradlc.vscode-tailwindcss-0.14.29/dist/tailwindServer.js:5:78), <anonymous>:27:1)
    at /home/monteiro/.vscode/extensions/bradlc.vscode-tailwindcss-0.14.29/dist/tailwindServer.js:134:7916
    at /home/monteiro/.vscode/extensions/bradlc.vscode-tailwindcss-0.14.29/dist/tailwindServer.js:134:405
    at eval (eval at create (/home/monteiro/.vscode/extensions/bradlc.vscode-tailwindcss-0.14.29/dist/tailwindServer.js:5:78), <anonymous>:15:1)
    at /home/monteiro/.vscode/extensions/bradlc.vscode-tailwindcss-0.14.29/dist/tailwindServer.js:134:405 {
  details: "resolve 'tw-animate-css' in '/home/monteiro/codes/revis/app'\n" +
    '  Parsed request is a module\n' +
    '  using description file: /home/monteiro/codes/revis/package.json (relative path: ./app)\n' +
    '    using description file: /home/monteiro/codes/revis/package.json (relative path: ./app/tw-animate-css)\n' +
    '      no extension\n' +
    "        /home/monteiro/codes/revis/app/tw-animate-css doesn't exist\n" +
    '      .css\n' +
    "        /home/monteiro/codes/revis/app/tw-animate-css.css doesn't exist\n" +
    '      as directory\n' +
    "        /home/monteiro/codes/revis/app/tw-animate-css doesn't exist\n" +
    '    resolve as module\n' +
    "      /home/monteiro/codes/revis/app/node_modules doesn't exist or is not a directory\n" +
    '      looking for modules in /home/monteiro/codes/revis/node_modules\n' +
    '        single file module\n' +
    '          using description file: /home/monteiro/codes/revis/package.json (relative path: ./node_modules/tw-animate-css)\n' +
    '            no extension\n' +
    "              /home/monteiro/codes/revis/node_modules/tw-animate-css doesn't exist\n" +
    '            .css\n' +
    "              /home/monteiro/codes/revis/node_modules/tw-animate-css.css doesn't exist\n" +
    "        /home/monteiro/codes/revis/node_modules/tw-animate-css doesn't exist\n" +
    "      /home/monteiro/codes/node_modules doesn't exist or is not a directory\n" +
    "      /home/monteiro/node_modules doesn't exist or is not a directory\n" +
    "      /home/node_modules doesn't exist or is not a directory\n" +
    "      /node_modules doesn't exist or is not a directory"
}
[Error - 18:04:29] Unable to load stylesheet: tw-animate-css Error: Can't resolve 'tw-animate-css' in '/home/monteiro/codes/revis/app'
    at H (/home/monteiro/.vscode/extensions/bradlc.vscode-tailwindcss-0.14.29/dist/tailwindServer.js:130:7155)
    at /home/monteiro/.vscode/extensions/bradlc.vscode-tailwindcss-0.14.29/dist/tailwindServer.js:131:713
    at /home/monteiro/.vscode/extensions/bradlc.vscode-tailwindcss-0.14.29/dist/tailwindServer.js:134:405
    at eval (eval at create (/home/monteiro/.vscode/extensions/bradlc.vscode-tailwindcss-0.14.29/dist/tailwindServer.js:5:78), <anonymous>:15:1)
    at /home/monteiro/.vscode/extensions/bradlc.vscode-tailwindcss-0.14.29/dist/tailwindServer.js:134:405
    at eval (eval at create (/home/monteiro/.vscode/extensions/bradlc.vscode-tailwindcss-0.14.29/dist/tailwindServer.js:5:78), <anonymous>:27:1)
    at /home/monteiro/.vscode/extensions/bradlc.vscode-tailwindcss-0.14.29/dist/tailwindServer.js:134:7916
    at /home/monteiro/.vscode/extensions/bradlc.vscode-tailwindcss-0.14.29/dist/tailwindServer.js:134:405
    at eval (eval at create (/home/monteiro/.vscode/extensions/bradlc.vscode-tailwindcss-0.14.29/dist/tailwindServer.js:5:78), <anonymous>:15:1)
    at /home/monteiro/.vscode/extensions/bradlc.vscode-tailwindcss-0.14.29/dist/tailwindServer.js:134:405 {
  details: "resolve 'tw-animate-css' in '/home/monteiro/codes/revis/app'\n" +
    '  Parsed request is a module\n' +
    '  using description file: /home/monteiro/codes/revis/package.json (relative path: ./app)\n' +
    '    using description file: /home/monteiro/codes/revis/package.json (relative path: ./app/tw-animate-css)\n' +
    '      no extension\n' +
    "        /home/monteiro/codes/revis/app/tw-animate-css doesn't exist\n" +
    '      .css\n' +
    "        /home/monteiro/codes/revis/app/tw-animate-css.css doesn't exist\n" +
    '      as directory\n' +
    "        /home/monteiro/codes/revis/app/tw-animate-css doesn't exist\n" +
    '    resolve as module\n' +
    "      /home/monteiro/codes/revis/app/node_modules doesn't exist or is not a directory\n" +
    '      looking for modules in /home/monteiro/codes/revis/node_modules\n' +
    '        single file module\n' +
    '          using description file: /home/monteiro/codes/revis/package.json (relative path: ./node_modules/tw-animate-css)\n' +
    '            no extension\n' +
    "              /home/monteiro/codes/revis/node_modules/tw-animate-css doesn't exist\n" +
    '            .css\n' +
    "              /home/monteiro/codes/revis/node_modules/tw-animate-css.css doesn't exist\n" +
    "        /home/monteiro/codes/revis/node_modules/tw-animate-css doesn't exist\n" +
    "      /home/monteiro/codes/node_modules doesn't exist or is not a directory\n" +
    "      /home/monteiro/node_modules doesn't exist or is not a directory\n" +
    "      /home/node_modules doesn't exist or is not a directory\n" +
    "      /node_modules doesn't exist or is not a directory"
}
[app/globals.css] File changed: /home/monteiro/codes/revis/package-lock.json
[app/globals.css] Initializing...
[app/globals.css] supported features: ["css-at-theme","layer:base","content-list","source-inline","source-not"]
[app/globals.css] Loaded tailwindcss v4.1.17: /home/monteiro/codes/revis/node_modules/tailwindcss
[app/globals.css] Building...
[Global] Adding watch patterns: /home/monteiro/codes/revis/node_modules/tw-animate-css/dist/tw-animate.css
---- RELOADING DESIGN SYSTEM ----
---- /home/monteiro/codes/revis/app/globals.css ----
---- RELOADED IN 1001.74ms ----
----------
RESTARTING
----------
[Info  - 18:10:11] [GLOBAL] No matching project for document {
  fsPath: '/home/monteiro/codes/revis/app/globals.css',
  normalPath: '/home/monteiro/codes/revis/app/globals.css'
}
[Info  - 18:10:11] [GLOBAL] No matching project for document {
  fsPath: '/home/monteiro/codes/revis/src/types/index.ts',
  normalPath: '/home/monteiro/codes/revis/src/types/index.ts'
}
[Info  - 18:10:11] [GLOBAL] No matching project for document {
  fsPath: '/home/monteiro/codes/revis/src/lib/firebase/config.ts',
  normalPath: '/home/monteiro/codes/revis/src/lib/firebase/config.ts'
}
[Info  - 18:10:11] [GLOBAL] No matching project for document {
  fsPath: '/home/monteiro/codes/revis/src/lib/business-rules.ts',
  normalPath: '/home/monteiro/codes/revis/src/lib/business-rules.ts'
}
Searching for Tailwind CSS projects in the workspace's folders.
{"tailwind":{"version":"4.1.17","features":["css-at-theme","layer:base","content-list","source-inline","source-not"],"isDefaultVersion":false},"path":"/home/monteiro/codes/revis/app/globals.css"}
[Global] Creating projects: [{"folder":"/home/monteiro/codes/revis","config":"/home/monteiro/codes/revis/app/globals.css","selectors":[{"pattern":"/home/monteiro/codes/revis/app/globals.css","priority":0},{"pattern":"/home/monteiro/codes/revis/postcss.config.mjs","priority":1},{"pattern":"/home/monteiro/codes/revis/public/window.svg","priority":1},{"pattern":"/home/monteiro/codes/revis/public/file.svg","priority":1},{"pattern":"/home/monteiro/codes/revis/public/globe.svg","priority":1},{"pattern":"/home/monteiro/codes/revis/public/next.svg","priority":1},{"pattern":"/home/monteiro/codes/revis/public/vercel.svg","priority":1},{"pattern":"/home/monteiro/codes/revis/lib/utils.ts","priority":1},{"pattern":"/home/monteiro/codes/revis/next.config.ts","priority":1},{"pattern":"/home/monteiro/codes/revis/README.md","priority":1},{"pattern":"/home/monteiro/codes/revis/components.json","priority":1},{"pattern":"/home/monteiro/codes/revis/components/ui/badge.tsx","priority":1},{"pattern":"/home/monteiro/codes/revis/components/ui/label.tsx","priority":1},{"pattern":"/home/monteiro/codes/revis/components/ui/dropdown-menu.tsx","priority":1},{"pattern":"/home/monteiro/codes/revis/components/ui/separator.tsx","priority":1},{"pattern":"/home/monteiro/codes/revis/components/ui/sonner.tsx","priority":1},{"pattern":"/home/monteiro/codes/revis/components/ui/avatar.tsx","priority":1},{"pattern":"/home/monteiro/codes/revis/components/ui/select.tsx","priority":1},{"pattern":"/home/monteiro/codes/revis/components/ui/dialog.tsx","priority":1},{"pattern":"/home/monteiro/codes/revis/components/ui/input.tsx","priority":1},{"pattern":"/home/monteiro/codes/revis/components/ui/skeleton.tsx","priority":1},{"pattern":"/home/monteiro/codes/revis/components/ui/table.tsx","priority":1},{"pattern":"/home/monteiro/codes/revis/components/ui/button.tsx","priority":1},{"pattern":"/home/monteiro/codes/revis/components/ui/card.tsx","priority":1},{"pattern":"/home/monteiro/codes/revis/tsconfig.json","priority":1},{"pattern":"/home/monteiro/codes/revis/package.json","priority":1},{"pattern":"/home/monteiro/codes/revis/eslint.config.mjs","priority":1},{"pattern":"/home/monteiro/codes/revis/app/page.tsx","priority":1},{"pattern":"/home/monteiro/codes/revis/app/layout.tsx","priority":1},{"pattern":"/home/monteiro/codes/revis/.github/instructions/requirements.instructions.md","priority":1},{"pattern":"/home/monteiro/codes/revis/.github/instructions/design.instructions.md","priority":1},{"pattern":"/home/monteiro/codes/revis/.github/instructions/general.instructions.md","priority":1},{"pattern":"/home/monteiro/codes/revis/src/lib/business-rules.ts","priority":1},{"pattern":"/home/monteiro/codes/revis/src/lib/firebase/config.ts","priority":1},{"pattern":"/home/monteiro/codes/revis/src/types/index.ts","priority":1},{"pattern":"/home/monteiro/codes/revis/*","priority":1},{"pattern":"/home/monteiro/codes/revis/.github/**/*.{aspx,astro,cjs,css,cts,eex,erb,gjs,gts,haml,handlebars,hbs,heex,html,jade,js,json,jsx,liquid,md,mdx,mjs,mts,mustache,njk,nunjucks,php,pug,py,razor,rb,rhtml,rs,slim,svelte,svg,tpl,ts,tsx,twig,vue}","priority":1},{"pattern":"/home/monteiro/codes/revis/app/**/*.{aspx,astro,cjs,css,cts,eex,erb,gjs,gts,haml,handlebars,hbs,heex,html,jade,js,json,jsx,liquid,md,mdx,mjs,mts,mustache,njk,nunjucks,php,pug,py,razor,rb,rhtml,rs,slim,svelte,svg,tpl,ts,tsx,twig,vue}","priority":1},{"pattern":"/home/monteiro/codes/revis/components/**/*.{aspx,astro,cjs,css,cts,eex,erb,gjs,gts,haml,handlebars,hbs,heex,html,jade,js,json,jsx,liquid,md,mdx,mjs,mts,mustache,njk,nunjucks,php,pug,py,razor,rb,rhtml,rs,slim,svelte,svg,tpl,ts,tsx,twig,vue}","priority":1},{"pattern":"/home/monteiro/codes/revis/lib/**/*.{aspx,astro,cjs,css,cts,eex,erb,gjs,gts,haml,handlebars,hbs,heex,html,jade,js,json,jsx,liquid,md,mdx,mjs,mts,mustache,njk,nunjucks,php,pug,py,razor,rb,rhtml,rs,slim,svelte,svg,tpl,ts,tsx,twig,vue}","priority":1},{"pattern":"/home/monteiro/codes/revis/src/**/*.{aspx,astro,cjs,css,cts,eex,erb,gjs,gts,haml,handlebars,hbs,heex,html,jade,js,json,jsx,liquid,md,mdx,mjs,mts,mustache,njk,nunjucks,php,pug,py,razor,rb,rhtml,rs,slim,svelte,svg,tpl,ts,tsx,twig,vue}","priority":1},{"pattern":"/home/monteiro/codes/revis/app/**","priority":2},{"pattern":"/home/monteiro/codes/revis/**","priority":4},{"pattern":"/home/monteiro/codes/revis/**","priority":5}],"user":false,"tailwind":{"version":"4.1.17","features":["css-at-theme","layer:base","content-list","source-inline","source-not"],"isDefaultVersion":false}}]
[Global] Preparing projects...
[Global] Initializing projects...
[app/globals.css] Initializing...
[Global] Adding watch patterns: /home/monteiro/codes/revis/app/globals.css, /home/monteiro/codes/revis/app, /home/monteiro/codes/revis
[app/globals.css] supported features: ["css-at-theme","layer:base","content-list","source-inline","source-not"]
[app/globals.css] Loaded tailwindcss v4.1.17: /home/monteiro/codes/revis/node_modules/tailwindcss
[app/globals.css] Building...
[Global] Adding watch patterns: /home/monteiro/codes/revis/node_modules/tailwindcss/index.css, /home/monteiro/codes/revis/node_modules/tw-animate-css/dist/tw-animate.css
[Global] Initialized 1 projects
----------
RESTARTING
----------
[Info  - 18:12:32] [GLOBAL] No matching project for document {
  fsPath: '/home/monteiro/codes/revis/app/globals.css',
  normalPath: '/home/monteiro/codes/revis/app/globals.css'
}
[Info  - 18:12:32] [GLOBAL] No matching project for document {
  fsPath: '/home/monteiro/codes/revis/src/types/index.ts',
  normalPath: '/home/monteiro/codes/revis/src/types/index.ts'
}
[Info  - 18:12:32] [GLOBAL] No matching project for document {
  fsPath: '/home/monteiro/codes/revis/src/lib/firebase/config.ts',
  normalPath: '/home/monteiro/codes/revis/src/lib/firebase/config.ts'
}
[Info  - 18:12:32] [GLOBAL] No matching project for document {
  fsPath: '/home/monteiro/codes/revis/src/lib/business-rules.ts',
  normalPath: '/home/monteiro/codes/revis/src/lib/business-rules.ts'
}
[Info  - 18:12:32] [GLOBAL] No matching project for document {
  fsPath: '/home/monteiro/codes/revis/src/components/layout/HeaderMainPage.tsx',
  normalPath: '/home/monteiro/codes/revis/src/components/layout/HeaderMainPage.tsx'
}
[Info  - 18:12:32] [GLOBAL] No matching project for document {
  fsPath: '/home/monteiro/codes/revis/src/components/layout/SidebarNavigation.tsx',
  normalPath: '/home/monteiro/codes/revis/src/components/layout/SidebarNavigation.tsx'
}
[Info  - 18:12:32] [GLOBAL] No matching project for document {
  fsPath: '/home/monteiro/codes/revis/lib/utils.ts',
  normalPath: '/home/monteiro/codes/revis/lib/utils.ts'
}
[Info  - 18:12:32] [GLOBAL] No matching project for document {
  fsPath: '/home/monteiro/codes/revis/src/components/layout/DashboardLayout.tsx',
  normalPath: '/home/monteiro/codes/revis/src/components/layout/DashboardLayout.tsx'
}
[Info  - 18:12:32] [GLOBAL] No matching project for document {
  fsPath: '/home/monteiro/codes/revis/src/components/dashboard/CardStatistic.tsx',
  normalPath: '/home/monteiro/codes/revis/src/components/dashboard/CardStatistic.tsx'
}
[Info  - 18:12:32] [GLOBAL] No matching project for document {
  fsPath: '/home/monteiro/codes/revis/app/page.tsx',
  normalPath: '/home/monteiro/codes/revis/app/page.tsx'
}
Searching for Tailwind CSS projects in the workspace's folders.
{"tailwind":{"version":"4.1.17","features":["css-at-theme","layer:base","content-list","source-inline","source-not"],"isDefaultVersion":false},"path":"/home/monteiro/codes/revis/app/globals.css"}
[Global] Creating projects: [{"folder":"/home/monteiro/codes/revis","config":"/home/monteiro/codes/revis/app/globals.css","selectors":[{"pattern":"/home/monteiro/codes/revis/app/globals.css","priority":0},{"pattern":"/home/monteiro/codes/revis/postcss.config.mjs","priority":1},{"pattern":"/home/monteiro/codes/revis/public/window.svg","priority":1},{"pattern":"/home/monteiro/codes/revis/public/file.svg","priority":1},{"pattern":"/home/monteiro/codes/revis/public/globe.svg","priority":1},{"pattern":"/home/monteiro/codes/revis/public/next.svg","priority":1},{"pattern":"/home/monteiro/codes/revis/public/vercel.svg","priority":1},{"pattern":"/home/monteiro/codes/revis/lib/utils.ts","priority":1},{"pattern":"/home/monteiro/codes/revis/next.config.ts","priority":1},{"pattern":"/home/monteiro/codes/revis/README.md","priority":1},{"pattern":"/home/monteiro/codes/revis/components.json","priority":1},{"pattern":"/home/monteiro/codes/revis/components/ui/badge.tsx","priority":1},{"pattern":"/home/monteiro/codes/revis/components/ui/label.tsx","priority":1},{"pattern":"/home/monteiro/codes/revis/components/ui/dropdown-menu.tsx","priority":1},{"pattern":"/home/monteiro/codes/revis/components/ui/separator.tsx","priority":1},{"pattern":"/home/monteiro/codes/revis/components/ui/sonner.tsx","priority":1},{"pattern":"/home/monteiro/codes/revis/components/ui/avatar.tsx","priority":1},{"pattern":"/home/monteiro/codes/revis/components/ui/select.tsx","priority":1},{"pattern":"/home/monteiro/codes/revis/components/ui/dialog.tsx","priority":1},{"pattern":"/home/monteiro/codes/revis/components/ui/input.tsx","priority":1},{"pattern":"/home/monteiro/codes/revis/components/ui/skeleton.tsx","priority":1},{"pattern":"/home/monteiro/codes/revis/components/ui/table.tsx","priority":1},{"pattern":"/home/monteiro/codes/revis/components/ui/button.tsx","priority":1},{"pattern":"/home/monteiro/codes/revis/components/ui/card.tsx","priority":1},{"pattern":"/home/monteiro/codes/revis/tsconfig.json","priority":1},{"pattern":"/home/monteiro/codes/revis/package.json","priority":1},{"pattern":"/home/monteiro/codes/revis/eslint.config.mjs","priority":1},{"pattern":"/home/monteiro/codes/revis/app/page.tsx","priority":1},{"pattern":"/home/monteiro/codes/revis/app/layout.tsx","priority":1},{"pattern":"/home/monteiro/codes/revis/.github/instructions/requirements.instructions.md","priority":1},{"pattern":"/home/monteiro/codes/revis/.github/instructions/design.instructions.md","priority":1},{"pattern":"/home/monteiro/codes/revis/.github/instructions/general.instructions.md","priority":1},{"pattern":"/home/monteiro/codes/revis/src/lib/business-rules.ts","priority":1},{"pattern":"/home/monteiro/codes/revis/src/lib/firebase/config.ts","priority":1},{"pattern":"/home/monteiro/codes/revis/src/types/index.ts","priority":1},{"pattern":"/home/monteiro/codes/revis/src/components/layout/HeaderMainPage.tsx","priority":1},{"pattern":"/home/monteiro/codes/revis/src/components/layout/SidebarNavigation.tsx","priority":1},{"pattern":"/home/monteiro/codes/revis/src/components/layout/DashboardLayout.tsx","priority":1},{"pattern":"/home/monteiro/codes/revis/src/components/dashboard/CardStatistic.tsx","priority":1},{"pattern":"/home/monteiro/codes/revis/*","priority":1},{"pattern":"/home/monteiro/codes/revis/.github/**/*.{aspx,astro,cjs,css,cts,eex,erb,gjs,gts,haml,handlebars,hbs,heex,html,jade,js,json,jsx,liquid,md,mdx,mjs,mts,mustache,njk,nunjucks,php,pug,py,razor,rb,rhtml,rs,slim,svelte,svg,tpl,ts,tsx,twig,vue}","priority":1},{"pattern":"/home/monteiro/codes/revis/app/**/*.{aspx,astro,cjs,css,cts,eex,erb,gjs,gts,haml,handlebars,hbs,heex,html,jade,js,json,jsx,liquid,md,mdx,mjs,mts,mustache,njk,nunjucks,php,pug,py,razor,rb,rhtml,rs,slim,svelte,svg,tpl,ts,tsx,twig,vue}","priority":1},{"pattern":"/home/monteiro/codes/revis/components/**/*.{aspx,astro,cjs,css,cts,eex,erb,gjs,gts,haml,handlebars,hbs,heex,html,jade,js,json,jsx,liquid,md,mdx,mjs,mts,mustache,njk,nunjucks,php,pug,py,razor,rb,rhtml,rs,slim,svelte,svg,tpl,ts,tsx,twig,vue}","priority":1},{"pattern":"/home/monteiro/codes/revis/lib/**/*.{aspx,astro,cjs,css,cts,eex,erb,gjs,gts,haml,handlebars,hbs,heex,html,jade,js,json,jsx,liquid,md,mdx,mjs,mts,mustache,njk,nunjucks,php,pug,py,razor,rb,rhtml,rs,slim,svelte,svg,tpl,ts,tsx,twig,vue}","priority":1},{"pattern":"/home/monteiro/codes/revis/src/**/*.{aspx,astro,cjs,css,cts,eex,erb,gjs,gts,haml,handlebars,hbs,heex,html,jade,js,json,jsx,liquid,md,mdx,mjs,mts,mustache,njk,nunjucks,php,pug,py,razor,rb,rhtml,rs,slim,svelte,svg,tpl,ts,tsx,twig,vue}","priority":1},{"pattern":"/home/monteiro/codes/revis/app/**","priority":2},{"pattern":"/home/monteiro/codes/revis/**","priority":4},{"pattern":"/home/monteiro/codes/revis/**","priority":5}],"user":false,"tailwind":{"version":"4.1.17","features":["css-at-theme","layer:base","content-list","source-inline","source-not"],"isDefaultVersion":false}}]
[Global] Preparing projects...
[Global] Initializing projects...
[app/globals.css] Initializing...
[Global] Adding watch patterns: /home/monteiro/codes/revis/app/globals.css, /home/monteiro/codes/revis/app, /home/monteiro/codes/revis
[app/globals.css] supported features: ["css-at-theme","layer:base","content-list","source-inline","source-not"]
[app/globals.css] Loaded tailwindcss v4.1.17: /home/monteiro/codes/revis/node_modules/tailwindcss
[app/globals.css] Building...
[Global] Adding watch patterns: /home/monteiro/codes/revis/node_modules/tailwindcss/index.css, /home/monteiro/codes/revis/node_modules/tw-animate-css/dist/tw-animate.css
[Global] Initialized 1 projects
---- RELOADING DESIGN SYSTEM ----
---- /home/monteiro/codes/revis/app/globals.css ----
---- RELOADED IN 1301.08ms ----
----------
RESTARTING
----------
[Info  - 18:21:48] [GLOBAL] No matching project for document {
  fsPath: '/home/monteiro/codes/revis/app/globals.css',
  normalPath: '/home/monteiro/codes/revis/app/globals.css'
}
[Info  - 18:21:48] [GLOBAL] No matching project for document {
  fsPath: '/home/monteiro/codes/revis/src/types/index.ts',
  normalPath: '/home/monteiro/codes/revis/src/types/index.ts'
}
[Info  - 18:21:48] [GLOBAL] No matching project for document {
  fsPath: '/home/monteiro/codes/revis/src/lib/firebase/config.ts',
  normalPath: '/home/monteiro/codes/revis/src/lib/firebase/config.ts'
}
[Info  - 18:21:48] [GLOBAL] No matching project for document {
  fsPath: '/home/monteiro/codes/revis/src/lib/business-rules.ts',
  normalPath: '/home/monteiro/codes/revis/src/lib/business-rules.ts'
}
[Info  - 18:21:48] [GLOBAL] No matching project for document {
  fsPath: '/home/monteiro/codes/revis/src/components/layout/HeaderMainPage.tsx',
  normalPath: '/home/monteiro/codes/revis/src/components/layout/HeaderMainPage.tsx'
}
[Info  - 18:21:48] [GLOBAL] No matching project for document {
  fsPath: '/home/monteiro/codes/revis/src/components/layout/SidebarNavigation.tsx',
  normalPath: '/home/monteiro/codes/revis/src/components/layout/SidebarNavigation.tsx'
}
[Info  - 18:21:48] [GLOBAL] No matching project for document {
  fsPath: '/home/monteiro/codes/revis/src/components/layout/DashboardLayout.tsx',
  normalPath: '/home/monteiro/codes/revis/src/components/layout/DashboardLayout.tsx'
}
[Info  - 18:21:48] [GLOBAL] No matching project for document {
  fsPath: '/home/monteiro/codes/revis/src/components/dashboard/CardStatistic.tsx',
  normalPath: '/home/monteiro/codes/revis/src/components/dashboard/CardStatistic.tsx'
}
[Info  - 18:21:48] [GLOBAL] No matching project for document {
  fsPath: '/home/monteiro/codes/revis/app/page.tsx',
  normalPath: '/home/monteiro/codes/revis/app/page.tsx'
}
[Info  - 18:21:48] [GLOBAL] No matching project for document {
  fsPath: '/home/monteiro/codes/revis/README.md',
  normalPath: '/home/monteiro/codes/revis/README.md'
}
[Info  - 18:21:48] [GLOBAL] No matching project for document {
  fsPath: '/home/monteiro/codes/revis/PROXIMOS_PASSOS.md',
  normalPath: '/home/monteiro/codes/revis/PROXIMOS_PASSOS.md'
}
[Info  - 18:21:48] [GLOBAL] No matching project for document {
  fsPath: '/home/monteiro/codes/revis/ESTRUTURA_IMPLEMENTADA.md',
  normalPath: '/home/monteiro/codes/revis/ESTRUTURA_IMPLEMENTADA.md'
}
[Info  - 18:21:48] [GLOBAL] No matching project for document {
  fsPath: '/home/monteiro/codes/revis/COMANDOS.md',
  normalPath: '/home/monteiro/codes/revis/COMANDOS.md'
}
[Info  - 18:21:48] [GLOBAL] No matching project for document {
  fsPath: '/home/monteiro/codes/revis/CHECKLIST.md',
  normalPath: '/home/monteiro/codes/revis/CHECKLIST.md'
}
Searching for Tailwind CSS projects in the workspace's folders.
{"tailwind":{"version":"4.1.17","features":["css-at-theme","layer:base","content-list","source-inline","source-not"],"isDefaultVersion":false},"path":"/home/monteiro/codes/revis/app/globals.css"}
[Global] Creating projects: [{"folder":"/home/monteiro/codes/revis","config":"/home/monteiro/codes/revis/app/globals.css","selectors":[{"pattern":"/home/monteiro/codes/revis/app/globals.css","priority":0},{"pattern":"/home/monteiro/codes/revis/postcss.config.mjs","priority":1},{"pattern":"/home/monteiro/codes/revis/public/window.svg","priority":1},{"pattern":"/home/monteiro/codes/revis/public/file.svg","priority":1},{"pattern":"/home/monteiro/codes/revis/public/globe.svg","priority":1},{"pattern":"/home/monteiro/codes/revis/public/next.svg","priority":1},{"pattern":"/home/monteiro/codes/revis/public/vercel.svg","priority":1},{"pattern":"/home/monteiro/codes/revis/lib/utils.ts","priority":1},{"pattern":"/home/monteiro/codes/revis/next.config.ts","priority":1},{"pattern":"/home/monteiro/codes/revis/COMANDOS.md","priority":1},{"pattern":"/home/monteiro/codes/revis/README.md","priority":1},{"pattern":"/home/monteiro/codes/revis/components.json","priority":1},{"pattern":"/home/monteiro/codes/revis/CHECKLIST.md","priority":1},{"pattern":"/home/monteiro/codes/revis/ESTRUTURA_IMPLEMENTADA.md","priority":1},{"pattern":"/home/monteiro/codes/revis/components/ui/badge.tsx","priority":1},{"pattern":"/home/monteiro/codes/revis/components/ui/label.tsx","priority":1},{"pattern":"/home/monteiro/codes/revis/components/ui/dropdown-menu.tsx","priority":1},{"pattern":"/home/monteiro/codes/revis/components/ui/separator.tsx","priority":1},{"pattern":"/home/monteiro/codes/revis/components/ui/sonner.tsx","priority":1},{"pattern":"/home/monteiro/codes/revis/components/ui/avatar.tsx","priority":1},{"pattern":"/home/monteiro/codes/revis/components/ui/select.tsx","priority":1},{"pattern":"/home/monteiro/codes/revis/components/ui/dialog.tsx","priority":1},{"pattern":"/home/monteiro/codes/revis/components/ui/input.tsx","priority":1},{"pattern":"/home/monteiro/codes/revis/components/ui/skeleton.tsx","priority":1},{"pattern":"/home/monteiro/codes/revis/components/ui/table.tsx","priority":1},{"pattern":"/home/monteiro/codes/revis/components/ui/button.tsx","priority":1},{"pattern":"/home/monteiro/codes/revis/components/ui/card.tsx","priority":1},{"pattern":"/home/monteiro/codes/revis/tsconfig.json","priority":1},{"pattern":"/home/monteiro/codes/revis/package.json","priority":1},{"pattern":"/home/monteiro/codes/revis/eslint.config.mjs","priority":1},{"pattern":"/home/monteiro/codes/revis/app/page.tsx","priority":1},{"pattern":"/home/monteiro/codes/revis/app/layout.tsx","priority":1},{"pattern":"/home/monteiro/codes/revis/.github/instructions/requirements.instructions.md","priority":1},{"pattern":"/home/monteiro/codes/revis/.github/instructions/design.instructions.md","priority":1},{"pattern":"/home/monteiro/codes/revis/.github/instructions/general.instructions.md","priority":1},{"pattern":"/home/monteiro/codes/revis/src/lib/business-rules.ts","priority":1},{"pattern":"/home/monteiro/codes/revis/src/lib/firebase/config.ts","priority":1},{"pattern":"/home/monteiro/codes/revis/src/types/index.ts","priority":1},{"pattern":"/home/monteiro/codes/revis/src/components/layout/HeaderMainPage.tsx","priority":1},{"pattern":"/home/monteiro/codes/revis/src/components/layout/SidebarNavigation.tsx","priority":1},{"pattern":"/home/monteiro/codes/revis/src/components/layout/DashboardLayout.tsx","priority":1},{"pattern":"/home/monteiro/codes/revis/src/components/dashboard/CardStatistic.tsx","priority":1},{"pattern":"/home/monteiro/codes/revis/PROXIMOS_PASSOS.md","priority":1},{"pattern":"/home/monteiro/codes/revis/*","priority":1},{"pattern":"/home/monteiro/codes/revis/.github/**/*.{aspx,astro,cjs,css,cts,eex,erb,gjs,gts,haml,handlebars,hbs,heex,html,jade,js,json,jsx,liquid,md,mdx,mjs,mts,mustache,njk,nunjucks,php,pug,py,razor,rb,rhtml,rs,slim,svelte,svg,tpl,ts,tsx,twig,vue}","priority":1},{"pattern":"/home/monteiro/codes/revis/app/**/*.{aspx,astro,cjs,css,cts,eex,erb,gjs,gts,haml,handlebars,hbs,heex,html,jade,js,json,jsx,liquid,md,mdx,mjs,mts,mustache,njk,nunjucks,php,pug,py,razor,rb,rhtml,rs,slim,svelte,svg,tpl,ts,tsx,twig,vue}","priority":1},{"pattern":"/home/monteiro/codes/revis/components/**/*.{aspx,astro,cjs,css,cts,eex,erb,gjs,gts,haml,handlebars,hbs,heex,html,jade,js,json,jsx,liquid,md,mdx,mjs,mts,mustache,njk,nunjucks,php,pug,py,razor,rb,rhtml,rs,slim,svelte,svg,tpl,ts,tsx,twig,vue}","priority":1},{"pattern":"/home/monteiro/codes/revis/lib/**/*.{aspx,astro,cjs,css,cts,eex,erb,gjs,gts,haml,handlebars,hbs,heex,html,jade,js,json,jsx,liquid,md,mdx,mjs,mts,mustache,njk,nunjucks,php,pug,py,razor,rb,rhtml,rs,slim,svelte,svg,tpl,ts,tsx,twig,vue}","priority":1},{"pattern":"/home/monteiro/codes/revis/src/**/*.{aspx,astro,cjs,css,cts,eex,erb,gjs,gts,haml,handlebars,hbs,heex,html,jade,js,json,jsx,liquid,md,mdx,mjs,mts,mustache,njk,nunjucks,php,pug,py,razor,rb,rhtml,rs,slim,svelte,svg,tpl,ts,tsx,twig,vue}","priority":1},{"pattern":"/home/monteiro/codes/revis/app/**","priority":2},{"pattern":"/home/monteiro/codes/revis/**","priority":4},{"pattern":"/home/monteiro/codes/revis/**","priority":5}],"user":false,"tailwind":{"version":"4.1.17","features":["css-at-theme","layer:base","content-list","source-inline","source-not"],"isDefaultVersion":false}}]
[Global] Preparing projects...
[Global] Initializing projects...
[app/globals.css] Initializing...
[Global] Adding watch patterns: /home/monteiro/codes/revis/app/globals.css, /home/monteiro/codes/revis/app, /home/monteiro/codes/revis
[app/globals.css] supported features: ["css-at-theme","layer:base","content-list","source-inline","source-not"]
[app/globals.css] Loaded tailwindcss v4.1.17: /home/monteiro/codes/revis/node_modules/tailwindcss
[app/globals.css] Building...
[Global] Adding watch patterns: /home/monteiro/codes/revis/node_modules/tailwindcss/index.css, /home/monteiro/codes/revis/node_modules/tw-animate-css/dist/tw-animate.css
[Global] Initialized 1 projects
----------
RESTARTING
----------
[Info  - 18:23:17] [GLOBAL] No matching project for document {
  fsPath: '/home/monteiro/codes/revis/app/globals.css',
  normalPath: '/home/monteiro/codes/revis/app/globals.css'
}
[Info  - 18:23:17] [GLOBAL] No matching project for document {
  fsPath: '/home/monteiro/codes/revis/src/types/index.ts',
  normalPath: '/home/monteiro/codes/revis/src/types/index.ts'
}
[Info  - 18:23:17] [GLOBAL] No matching project for document {
  fsPath: '/home/monteiro/codes/revis/src/lib/firebase/config.ts',
  normalPath: '/home/monteiro/codes/revis/src/lib/firebase/config.ts'
}
[Info  - 18:23:17] [GLOBAL] No matching project for document {
  fsPath: '/home/monteiro/codes/revis/src/lib/business-rules.ts',
  normalPath: '/home/monteiro/codes/revis/src/lib/business-rules.ts'
}
[Info  - 18:23:17] [GLOBAL] No matching project for document {
  fsPath: '/home/monteiro/codes/revis/src/components/layout/HeaderMainPage.tsx',
  normalPath: '/home/monteiro/codes/revis/src/components/layout/HeaderMainPage.tsx'
}
[Info  - 18:23:17] [GLOBAL] No matching project for document {
  fsPath: '/home/monteiro/codes/revis/src/components/layout/SidebarNavigation.tsx',
  normalPath: '/home/monteiro/codes/revis/src/components/layout/SidebarNavigation.tsx'
}
[Info  - 18:23:17] [GLOBAL] No matching project for document {
  fsPath: '/home/monteiro/codes/revis/src/components/layout/DashboardLayout.tsx',
  normalPath: '/home/monteiro/codes/revis/src/components/layout/DashboardLayout.tsx'
}
[Info  - 18:23:17] [GLOBAL] No matching project for document {
  fsPath: '/home/monteiro/codes/revis/src/components/dashboard/CardStatistic.tsx',
  normalPath: '/home/monteiro/codes/revis/src/components/dashboard/CardStatistic.tsx'
}
[Info  - 18:23:17] [GLOBAL] No matching project for document {
  fsPath: '/home/monteiro/codes/revis/app/page.tsx',
  normalPath: '/home/monteiro/codes/revis/app/page.tsx'
}
[Info  - 18:23:17] [GLOBAL] No matching project for document {
  fsPath: '/home/monteiro/codes/revis/README.md',
  normalPath: '/home/monteiro/codes/revis/README.md'
}
Searching for Tailwind CSS projects in the workspace's folders.
{"tailwind":{"version":"4.1.17","features":["css-at-theme","layer:base","content-list","source-inline","source-not"],"isDefaultVersion":false},"path":"/home/monteiro/codes/revis/src/app/globals.css"}
[Global] Creating projects: [{"folder":"/home/monteiro/codes/revis","config":"/home/monteiro/codes/revis/src/app/globals.css","selectors":[{"pattern":"/home/monteiro/codes/revis/src/app/globals.css","priority":0},{"pattern":"/home/monteiro/codes/revis/postcss.config.mjs","priority":1},{"pattern":"/home/monteiro/codes/revis/public/window.svg","priority":1},{"pattern":"/home/monteiro/codes/revis/public/file.svg","priority":1},{"pattern":"/home/monteiro/codes/revis/public/globe.svg","priority":1},{"pattern":"/home/monteiro/codes/revis/public/next.svg","priority":1},{"pattern":"/home/monteiro/codes/revis/public/vercel.svg","priority":1},{"pattern":"/home/monteiro/codes/revis/lib/utils.ts","priority":1},{"pattern":"/home/monteiro/codes/revis/next.config.ts","priority":1},{"pattern":"/home/monteiro/codes/revis/README.md","priority":1},{"pattern":"/home/monteiro/codes/revis/components.json","priority":1},{"pattern":"/home/monteiro/codes/revis/components/ui/badge.tsx","priority":1},{"pattern":"/home/monteiro/codes/revis/components/ui/label.tsx","priority":1},{"pattern":"/home/monteiro/codes/revis/components/ui/dropdown-menu.tsx","priority":1},{"pattern":"/home/monteiro/codes/revis/components/ui/separator.tsx","priority":1},{"pattern":"/home/monteiro/codes/revis/components/ui/sonner.tsx","priority":1},{"pattern":"/home/monteiro/codes/revis/components/ui/avatar.tsx","priority":1},{"pattern":"/home/monteiro/codes/revis/components/ui/select.tsx","priority":1},{"pattern":"/home/monteiro/codes/revis/components/ui/dialog.tsx","priority":1},{"pattern":"/home/monteiro/codes/revis/components/ui/input.tsx","priority":1},{"pattern":"/home/monteiro/codes/revis/components/ui/skeleton.tsx","priority":1},{"pattern":"/home/monteiro/codes/revis/components/ui/table.tsx","priority":1},{"pattern":"/home/monteiro/codes/revis/components/ui/button.tsx","priority":1},{"pattern":"/home/monteiro/codes/revis/components/ui/card.tsx","priority":1},{"pattern":"/home/monteiro/codes/revis/tsconfig.json","priority":1},{"pattern":"/home/monteiro/codes/revis/package.json","priority":1},{"pattern":"/home/monteiro/codes/revis/docs/COMANDOS.md","priority":1},{"pattern":"/home/monteiro/codes/revis/docs/CHECKLIST.md","priority":1},{"pattern":"/home/monteiro/codes/revis/docs/ESTRUTURA_IMPLEMENTADA.md","priority":1},{"pattern":"/home/monteiro/codes/revis/docs/PROXIMOS_PASSOS.md","priority":1},{"pattern":"/home/monteiro/codes/revis/eslint.config.mjs","priority":1},{"pattern":"/home/monteiro/codes/revis/.github/instructions/requirements.instructions.md","priority":1},{"pattern":"/home/monteiro/codes/revis/.github/instructions/design.instructions.md","priority":1},{"pattern":"/home/monteiro/codes/revis/.github/instructions/general.instructions.md","priority":1},{"pattern":"/home/monteiro/codes/revis/src/lib/business-rules.ts","priority":1},{"pattern":"/home/monteiro/codes/revis/src/lib/firebase/config.ts","priority":1},{"pattern":"/home/monteiro/codes/revis/src/types/index.ts","priority":1},{"pattern":"/home/monteiro/codes/revis/src/components/layout/HeaderMainPage.tsx","priority":1},{"pattern":"/home/monteiro/codes/revis/src/components/layout/SidebarNavigation.tsx","priority":1},{"pattern":"/home/monteiro/codes/revis/src/components/layout/DashboardLayout.tsx","priority":1},{"pattern":"/home/monteiro/codes/revis/src/components/dashboard/CardStatistic.tsx","priority":1},{"pattern":"/home/monteiro/codes/revis/src/app/page.tsx","priority":1},{"pattern":"/home/monteiro/codes/revis/src/app/layout.tsx","priority":1},{"pattern":"/home/monteiro/codes/revis/*","priority":1},{"pattern":"/home/monteiro/codes/revis/.github/**/*.{aspx,astro,cjs,css,cts,eex,erb,gjs,gts,haml,handlebars,hbs,heex,html,jade,js,json,jsx,liquid,md,mdx,mjs,mts,mustache,njk,nunjucks,php,pug,py,razor,rb,rhtml,rs,slim,svelte,svg,tpl,ts,tsx,twig,vue}","priority":1},{"pattern":"/home/monteiro/codes/revis/components/**/*.{aspx,astro,cjs,css,cts,eex,erb,gjs,gts,haml,handlebars,hbs,heex,html,jade,js,json,jsx,liquid,md,mdx,mjs,mts,mustache,njk,nunjucks,php,pug,py,razor,rb,rhtml,rs,slim,svelte,svg,tpl,ts,tsx,twig,vue}","priority":1},{"pattern":"/home/monteiro/codes/revis/docs/**/*.{aspx,astro,cjs,css,cts,eex,erb,gjs,gts,haml,handlebars,hbs,heex,html,jade,js,json,jsx,liquid,md,mdx,mjs,mts,mustache,njk,nunjucks,php,pug,py,razor,rb,rhtml,rs,slim,svelte,svg,tpl,ts,tsx,twig,vue}","priority":1},{"pattern":"/home/monteiro/codes/revis/lib/**/*.{aspx,astro,cjs,css,cts,eex,erb,gjs,gts,haml,handlebars,hbs,heex,html,jade,js,json,jsx,liquid,md,mdx,mjs,mts,mustache,njk,nunjucks,php,pug,py,razor,rb,rhtml,rs,slim,svelte,svg,tpl,ts,tsx,twig,vue}","priority":1},{"pattern":"/home/monteiro/codes/revis/src/**/*.{aspx,astro,cjs,css,cts,eex,erb,gjs,gts,haml,handlebars,hbs,heex,html,jade,js,json,jsx,liquid,md,mdx,mjs,mts,mustache,njk,nunjucks,php,pug,py,razor,rb,rhtml,rs,slim,svelte,svg,tpl,ts,tsx,twig,vue}","priority":1},{"pattern":"/home/monteiro/codes/revis/src/app/**","priority":2},{"pattern":"/home/monteiro/codes/revis/**","priority":4},{"pattern":"/home/monteiro/codes/revis/**","priority":5}],"user":false,"tailwind":{"version":"4.1.17","features":["css-at-theme","layer:base","content-list","source-inline","source-not"],"isDefaultVersion":false}}]
[Global] Preparing projects...
[Global] Initializing projects...
[src/app/globals.css] Initializing...
[Global] Adding watch patterns: /home/monteiro/codes/revis/src/app/globals.css, /home/monteiro/codes/revis/src/app, /home/monteiro/codes/revis/src, /home/monteiro/codes/revis
[src/app/globals.css] supported features: ["css-at-theme","layer:base","content-list","source-inline","source-not"]
[src/app/globals.css] Loaded tailwindcss v4.1.17: /home/monteiro/codes/revis/node_modules/tailwindcss
[src/app/globals.css] Building...
[Global] Adding watch patterns: /home/monteiro/codes/revis/node_modules/tailwindcss/index.css, /home/monteiro/codes/revis/node_modules/tw-animate-css/dist/tw-animate.css
[Global] Initialized 1 projects
----------
RESTARTING
----------
[Info  - 18:24:03] [GLOBAL] No matching project for document {
  fsPath: '/home/monteiro/codes/revis/app/globals.css',
  normalPath: '/home/monteiro/codes/revis/app/globals.css'
}
[Info  - 18:24:03] [GLOBAL] No matching project for document {
  fsPath: '/home/monteiro/codes/revis/src/types/index.ts',
  normalPath: '/home/monteiro/codes/revis/src/types/index.ts'
}
[Info  - 18:24:03] [GLOBAL] No matching project for document {
  fsPath: '/home/monteiro/codes/revis/src/lib/firebase/config.ts',
  normalPath: '/home/monteiro/codes/revis/src/lib/firebase/config.ts'
}
[Info  - 18:24:03] [GLOBAL] No matching project for document {
  fsPath: '/home/monteiro/codes/revis/src/lib/business-rules.ts',
  normalPath: '/home/monteiro/codes/revis/src/lib/business-rules.ts'
}
[Info  - 18:24:03] [GLOBAL] No matching project for document {
  fsPath: '/home/monteiro/codes/revis/src/components/layout/HeaderMainPage.tsx',
  normalPath: '/home/monteiro/codes/revis/src/components/layout/HeaderMainPage.tsx'
}
[Info  - 18:24:03] [GLOBAL] No matching project for document {
  fsPath: '/home/monteiro/codes/revis/src/components/layout/SidebarNavigation.tsx',
  normalPath: '/home/monteiro/codes/revis/src/components/layout/SidebarNavigation.tsx'
}
[Info  - 18:24:03] [GLOBAL] No matching project for document {
  fsPath: '/home/monteiro/codes/revis/src/components/layout/DashboardLayout.tsx',
  normalPath: '/home/monteiro/codes/revis/src/components/layout/DashboardLayout.tsx'
}
[Info  - 18:24:03] [GLOBAL] No matching project for document {
  fsPath: '/home/monteiro/codes/revis/src/components/dashboard/CardStatistic.tsx',
  normalPath: '/home/monteiro/codes/revis/src/components/dashboard/CardStatistic.tsx'
}
[Info  - 18:24:03] [GLOBAL] No matching project for document {
  fsPath: '/home/monteiro/codes/revis/app/page.tsx',
  normalPath: '/home/monteiro/codes/revis/app/page.tsx'
}
[Info  - 18:24:03] [GLOBAL] No matching project for document {
  fsPath: '/home/monteiro/codes/revis/README.md',
  normalPath: '/home/monteiro/codes/revis/README.md'
}
Searching for Tailwind CSS projects in the workspace's folders.
{"tailwind":{"version":"4.1.17","features":["css-at-theme","layer:base","content-list","source-inline","source-not"],"isDefaultVersion":false},"path":"/home/monteiro/codes/revis/app/globals.css"}
[Global] Creating projects: [{"folder":"/home/monteiro/codes/revis","config":"/home/monteiro/codes/revis/app/globals.css","selectors":[{"pattern":"/home/monteiro/codes/revis/app/globals.css","priority":0},{"pattern":"/home/monteiro/codes/revis/postcss.config.mjs","priority":1},{"pattern":"/home/monteiro/codes/revis/public/window.svg","priority":1},{"pattern":"/home/monteiro/codes/revis/public/file.svg","priority":1},{"pattern":"/home/monteiro/codes/revis/public/globe.svg","priority":1},{"pattern":"/home/monteiro/codes/revis/public/next.svg","priority":1},{"pattern":"/home/monteiro/codes/revis/public/vercel.svg","priority":1},{"pattern":"/home/monteiro/codes/revis/next.config.ts","priority":1},{"pattern":"/home/monteiro/codes/revis/README.md","priority":1},{"pattern":"/home/monteiro/codes/revis/components.json","priority":1},{"pattern":"/home/monteiro/codes/revis/tsconfig.json","priority":1},{"pattern":"/home/monteiro/codes/revis/package.json","priority":1},{"pattern":"/home/monteiro/codes/revis/docs/COMANDOS.md","priority":1},{"pattern":"/home/monteiro/codes/revis/docs/CHECKLIST.md","priority":1},{"pattern":"/home/monteiro/codes/revis/docs/ESTRUTURA_IMPLEMENTADA.md","priority":1},{"pattern":"/home/monteiro/codes/revis/docs/PROXIMOS_PASSOS.md","priority":1},{"pattern":"/home/monteiro/codes/revis/eslint.config.mjs","priority":1},{"pattern":"/home/monteiro/codes/revis/app/page.tsx","priority":1},{"pattern":"/home/monteiro/codes/revis/app/layout.tsx","priority":1},{"pattern":"/home/monteiro/codes/revis/.github/instructions/requirements.instructions.md","priority":1},{"pattern":"/home/monteiro/codes/revis/.github/instructions/design.instructions.md","priority":1},{"pattern":"/home/monteiro/codes/revis/.github/instructions/general.instructions.md","priority":1},{"pattern":"/home/monteiro/codes/revis/src/lib/business-rules.ts","priority":1},{"pattern":"/home/monteiro/codes/revis/src/lib/utils.ts","priority":1},{"pattern":"/home/monteiro/codes/revis/src/lib/firebase/config.ts","priority":1},{"pattern":"/home/monteiro/codes/revis/src/types/index.ts","priority":1},{"pattern":"/home/monteiro/codes/revis/src/components/ui/badge.tsx","priority":1},{"pattern":"/home/monteiro/codes/revis/src/components/ui/label.tsx","priority":1},{"pattern":"/home/monteiro/codes/revis/src/components/ui/dropdown-menu.tsx","priority":1},{"pattern":"/home/monteiro/codes/revis/src/components/ui/separator.tsx","priority":1},{"pattern":"/home/monteiro/codes/revis/src/components/ui/sonner.tsx","priority":1},{"pattern":"/home/monteiro/codes/revis/src/components/ui/avatar.tsx","priority":1},{"pattern":"/home/monteiro/codes/revis/src/components/ui/select.tsx","priority":1},{"pattern":"/home/monteiro/codes/revis/src/components/ui/dialog.tsx","priority":1},{"pattern":"/home/monteiro/codes/revis/src/components/ui/input.tsx","priority":1},{"pattern":"/home/monteiro/codes/revis/src/components/ui/skeleton.tsx","priority":1},{"pattern":"/home/monteiro/codes/revis/src/components/ui/table.tsx","priority":1},{"pattern":"/home/monteiro/codes/revis/src/components/ui/button.tsx","priority":1},{"pattern":"/home/monteiro/codes/revis/src/components/ui/card.tsx","priority":1},{"pattern":"/home/monteiro/codes/revis/src/components/layout/HeaderMainPage.tsx","priority":1},{"pattern":"/home/monteiro/codes/revis/src/components/layout/SidebarNavigation.tsx","priority":1},{"pattern":"/home/monteiro/codes/revis/src/components/layout/DashboardLayout.tsx","priority":1},{"pattern":"/home/monteiro/codes/revis/src/components/dashboard/CardStatistic.tsx","priority":1},{"pattern":"/home/monteiro/codes/revis/*","priority":1},{"pattern":"/home/monteiro/codes/revis/.github/**/*.{aspx,astro,cjs,css,cts,eex,erb,gjs,gts,haml,handlebars,hbs,heex,html,jade,js,json,jsx,liquid,md,mdx,mjs,mts,mustache,njk,nunjucks,php,pug,py,razor,rb,rhtml,rs,slim,svelte,svg,tpl,ts,tsx,twig,vue}","priority":1},{"pattern":"/home/monteiro/codes/revis/app/**/*.{aspx,astro,cjs,css,cts,eex,erb,gjs,gts,haml,handlebars,hbs,heex,html,jade,js,json,jsx,liquid,md,mdx,mjs,mts,mustache,njk,nunjucks,php,pug,py,razor,rb,rhtml,rs,slim,svelte,svg,tpl,ts,tsx,twig,vue}","priority":1},{"pattern":"/home/monteiro/codes/revis/docs/**/*.{aspx,astro,cjs,css,cts,eex,erb,gjs,gts,haml,handlebars,hbs,heex,html,jade,js,json,jsx,liquid,md,mdx,mjs,mts,mustache,njk,nunjucks,php,pug,py,razor,rb,rhtml,rs,slim,svelte,svg,tpl,ts,tsx,twig,vue}","priority":1},{"pattern":"/home/monteiro/codes/revis/src/**/*.{aspx,astro,cjs,css,cts,eex,erb,gjs,gts,haml,handlebars,hbs,heex,html,jade,js,json,jsx,liquid,md,mdx,mjs,mts,mustache,njk,nunjucks,php,pug,py,razor,rb,rhtml,rs,slim,svelte,svg,tpl,ts,tsx,twig,vue}","priority":1},{"pattern":"/home/monteiro/codes/revis/app/**","priority":2},{"pattern":"/home/monteiro/codes/revis/**","priority":4},{"pattern":"/home/monteiro/codes/revis/**","priority":5}],"user":false,"tailwind":{"version":"4.1.17","features":["css-at-theme","layer:base","content-list","source-inline","source-not"],"isDefaultVersion":false}}]
[Global] Preparing projects...
[Global] Initializing projects...
[app/globals.css] Initializing...
[Global] Adding watch patterns: /home/monteiro/codes/revis/app/globals.css, /home/monteiro/codes/revis/app, /home/monteiro/codes/revis
[app/globals.css] supported features: ["css-at-theme","layer:base","content-list","source-inline","source-not"]
[app/globals.css] Loaded tailwindcss v4.1.17: /home/monteiro/codes/revis/node_modules/tailwindcss
[app/globals.css] Building...
[Global] Adding watch patterns: /home/monteiro/codes/revis/node_modules/tailwindcss/index.css, /home/monteiro/codes/revis/node_modules/tw-animate-css/dist/tw-animate.css
[Global] Initialized 1 projects
----------
RESTARTING
----------
[Info  - 18:24:20] [GLOBAL] No matching project for document {
  fsPath: '/home/monteiro/codes/revis/app/globals.css',
  normalPath: '/home/monteiro/codes/revis/app/globals.css'
}
[Info  - 18:24:20] [GLOBAL] No matching project for document {
  fsPath: '/home/monteiro/codes/revis/src/types/index.ts',
  normalPath: '/home/monteiro/codes/revis/src/types/index.ts'
}
[Info  - 18:24:20] [GLOBAL] No matching project for document {
  fsPath: '/home/monteiro/codes/revis/src/lib/firebase/config.ts',
  normalPath: '/home/monteiro/codes/revis/src/lib/firebase/config.ts'
}
[Info  - 18:24:20] [GLOBAL] No matching project for document {
  fsPath: '/home/monteiro/codes/revis/src/lib/business-rules.ts',
  normalPath: '/home/monteiro/codes/revis/src/lib/business-rules.ts'
}
[Info  - 18:24:20] [GLOBAL] No matching project for document {
  fsPath: '/home/monteiro/codes/revis/src/components/layout/HeaderMainPage.tsx',
  normalPath: '/home/monteiro/codes/revis/src/components/layout/HeaderMainPage.tsx'
}
[Info  - 18:24:20] [GLOBAL] No matching project for document {
  fsPath: '/home/monteiro/codes/revis/src/components/layout/SidebarNavigation.tsx',
  normalPath: '/home/monteiro/codes/revis/src/components/layout/SidebarNavigation.tsx'
}
[Info  - 18:24:20] [GLOBAL] No matching project for document {
  fsPath: '/home/monteiro/codes/revis/src/components/layout/DashboardLayout.tsx',
  normalPath: '/home/monteiro/codes/revis/src/components/layout/DashboardLayout.tsx'
}
[Info  - 18:24:20] [GLOBAL] No matching project for document {
  fsPath: '/home/monteiro/codes/revis/src/components/dashboard/CardStatistic.tsx',
  normalPath: '/home/monteiro/codes/revis/src/components/dashboard/CardStatistic.tsx'
}
[Info  - 18:24:20] [GLOBAL] No matching project for document {
  fsPath: '/home/monteiro/codes/revis/app/page.tsx',
  normalPath: '/home/monteiro/codes/revis/app/page.tsx'
}
[Info  - 18:24:20] [GLOBAL] No matching project for document {
  fsPath: '/home/monteiro/codes/revis/README.md',
  normalPath: '/home/monteiro/codes/revis/README.md'
}
Searching for Tailwind CSS projects in the workspace's folders.
{"tailwind":{"version":"4.1.17","features":["css-at-theme","layer:base","content-list","source-inline","source-not"],"isDefaultVersion":false},"path":"/home/monteiro/codes/revis/app/globals.css"}
[Global] Creating projects: [{"folder":"/home/monteiro/codes/revis","config":"/home/monteiro/codes/revis/app/globals.css","selectors":[{"pattern":"/home/monteiro/codes/revis/app/globals.css","priority":0},{"pattern":"/home/monteiro/codes/revis/postcss.config.mjs","priority":1},{"pattern":"/home/monteiro/codes/revis/public/window.svg","priority":1},{"pattern":"/home/monteiro/codes/revis/public/file.svg","priority":1},{"pattern":"/home/monteiro/codes/revis/public/globe.svg","priority":1},{"pattern":"/home/monteiro/codes/revis/public/next.svg","priority":1},{"pattern":"/home/monteiro/codes/revis/public/vercel.svg","priority":1},{"pattern":"/home/monteiro/codes/revis/next.config.ts","priority":1},{"pattern":"/home/monteiro/codes/revis/README.md","priority":1},{"pattern":"/home/monteiro/codes/revis/components.json","priority":1},{"pattern":"/home/monteiro/codes/revis/tsconfig.json","priority":1},{"pattern":"/home/monteiro/codes/revis/package.json","priority":1},{"pattern":"/home/monteiro/codes/revis/docs/COMANDOS.md","priority":1},{"pattern":"/home/monteiro/codes/revis/docs/CHECKLIST.md","priority":1},{"pattern":"/home/monteiro/codes/revis/docs/ESTRUTURA_IMPLEMENTADA.md","priority":1},{"pattern":"/home/monteiro/codes/revis/docs/PROXIMOS_PASSOS.md","priority":1},{"pattern":"/home/monteiro/codes/revis/eslint.config.mjs","priority":1},{"pattern":"/home/monteiro/codes/revis/app/page.tsx","priority":1},{"pattern":"/home/monteiro/codes/revis/app/layout.tsx","priority":1},{"pattern":"/home/monteiro/codes/revis/.github/instructions/requirements.instructions.md","priority":1},{"pattern":"/home/monteiro/codes/revis/.github/instructions/design.instructions.md","priority":1},{"pattern":"/home/monteiro/codes/revis/.github/instructions/general.instructions.md","priority":1},{"pattern":"/home/monteiro/codes/revis/src/lib/business-rules.ts","priority":1},{"pattern":"/home/monteiro/codes/revis/src/lib/utils.ts","priority":1},{"pattern":"/home/monteiro/codes/revis/src/lib/firebase/config.ts","priority":1},{"pattern":"/home/monteiro/codes/revis/src/types/index.ts","priority":1},{"pattern":"/home/monteiro/codes/revis/src/components/ui/badge.tsx","priority":1},{"pattern":"/home/monteiro/codes/revis/src/components/ui/label.tsx","priority":1},{"pattern":"/home/monteiro/codes/revis/src/components/ui/dropdown-menu.tsx","priority":1},{"pattern":"/home/monteiro/codes/revis/src/components/ui/separator.tsx","priority":1},{"pattern":"/home/monteiro/codes/revis/src/components/ui/sonner.tsx","priority":1},{"pattern":"/home/monteiro/codes/revis/src/components/ui/avatar.tsx","priority":1},{"pattern":"/home/monteiro/codes/revis/src/components/ui/select.tsx","priority":1},{"pattern":"/home/monteiro/codes/revis/src/components/ui/dialog.tsx","priority":1},{"pattern":"/home/monteiro/codes/revis/src/components/ui/input.tsx","priority":1},{"pattern":"/home/monteiro/codes/revis/src/components/ui/skeleton.tsx","priority":1},{"pattern":"/home/monteiro/codes/revis/src/components/ui/table.tsx","priority":1},{"pattern":"/home/monteiro/codes/revis/src/components/ui/button.tsx","priority":1},{"pattern":"/home/monteiro/codes/revis/src/components/ui/card.tsx","priority":1},{"pattern":"/home/monteiro/codes/revis/src/components/layout/HeaderMainPage.tsx","priority":1},{"pattern":"/home/monteiro/codes/revis/src/components/layout/SidebarNavigation.tsx","priority":1},{"pattern":"/home/monteiro/codes/revis/src/components/layout/DashboardLayout.tsx","priority":1},{"pattern":"/home/monteiro/codes/revis/src/components/dashboard/CardStatistic.tsx","priority":1},{"pattern":"/home/monteiro/codes/revis/*","priority":1},{"pattern":"/home/monteiro/codes/revis/.github/**/*.{aspx,astro,cjs,css,cts,eex,erb,gjs,gts,haml,handlebars,hbs,heex,html,jade,js,json,jsx,liquid,md,mdx,mjs,mts,mustache,njk,nunjucks,php,pug,py,razor,rb,rhtml,rs,slim,svelte,svg,tpl,ts,tsx,twig,vue}","priority":1},{"pattern":"/home/monteiro/codes/revis/app/**/*.{aspx,astro,cjs,css,cts,eex,erb,gjs,gts,haml,handlebars,hbs,heex,html,jade,js,json,jsx,liquid,md,mdx,mjs,mts,mustache,njk,nunjucks,php,pug,py,razor,rb,rhtml,rs,slim,svelte,svg,tpl,ts,tsx,twig,vue}","priority":1},{"pattern":"/home/monteiro/codes/revis/docs/**/*.{aspx,astro,cjs,css,cts,eex,erb,gjs,gts,haml,handlebars,hbs,heex,html,jade,js,json,jsx,liquid,md,mdx,mjs,mts,mustache,njk,nunjucks,php,pug,py,razor,rb,rhtml,rs,slim,svelte,svg,tpl,ts,tsx,twig,vue}","priority":1},{"pattern":"/home/monteiro/codes/revis/src/**/*.{aspx,astro,cjs,css,cts,eex,erb,gjs,gts,haml,handlebars,hbs,heex,html,jade,js,json,jsx,liquid,md,mdx,mjs,mts,mustache,njk,nunjucks,php,pug,py,razor,rb,rhtml,rs,slim,svelte,svg,tpl,ts,tsx,twig,vue}","priority":1},{"pattern":"/home/monteiro/codes/revis/app/**","priority":2},{"pattern":"/home/monteiro/codes/revis/**","priority":4},{"pattern":"/home/monteiro/codes/revis/**","priority":5}],"user":false,"tailwind":{"version":"4.1.17","features":["css-at-theme","layer:base","content-list","source-inline","source-not"],"isDefaultVersion":false}}]
[Global] Preparing projects...
[Global] Initializing projects...
[app/globals.css] Initializing...
[Global] Adding watch patterns: /home/monteiro/codes/revis/app/globals.css, /home/monteiro/codes/revis/app, /home/monteiro/codes/revis
[app/globals.css] supported features: ["css-at-theme","layer:base","content-list","source-inline","source-not"]
[app/globals.css] Loaded tailwindcss v4.1.17: /home/monteiro/codes/revis/node_modules/tailwindcss
[app/globals.css] Building...
[Global] Adding watch patterns: /home/monteiro/codes/revis/node_modules/tailwindcss/index.css, /home/monteiro/codes/revis/node_modules/tw-animate-css/dist/tw-animate.css
[Global] Initialized 1 projects
----------
RESTARTING
----------
[Info  - 18:29:32] [GLOBAL] No matching project for document {
  fsPath: '/home/monteiro/codes/revis/app/globals.css',
  normalPath: '/home/monteiro/codes/revis/app/globals.css'
}
[Info  - 18:29:32] [GLOBAL] No matching project for document {
  fsPath: '/home/monteiro/codes/revis/src/types/index.ts',
  normalPath: '/home/monteiro/codes/revis/src/types/index.ts'
}
[Info  - 18:29:32] [GLOBAL] No matching project for document {
  fsPath: '/home/monteiro/codes/revis/src/lib/firebase/config.ts',
  normalPath: '/home/monteiro/codes/revis/src/lib/firebase/config.ts'
}
[Info  - 18:29:32] [GLOBAL] No matching project for document {
  fsPath: '/home/monteiro/codes/revis/src/lib/business-rules.ts',
  normalPath: '/home/monteiro/codes/revis/src/lib/business-rules.ts'
}
[Info  - 18:29:32] [GLOBAL] No matching project for document {
  fsPath: '/home/monteiro/codes/revis/src/components/layout/HeaderMainPage.tsx',
  normalPath: '/home/monteiro/codes/revis/src/components/layout/HeaderMainPage.tsx'
}
[Info  - 18:29:32] [GLOBAL] No matching project for document {
  fsPath: '/home/monteiro/codes/revis/src/components/layout/SidebarNavigation.tsx',
  normalPath: '/home/monteiro/codes/revis/src/components/layout/SidebarNavigation.tsx'
}
[Info  - 18:29:32] [GLOBAL] No matching project for document {
  fsPath: '/home/monteiro/codes/revis/src/components/layout/DashboardLayout.tsx',
  normalPath: '/home/monteiro/codes/revis/src/components/layout/DashboardLayout.tsx'
}
[Info  - 18:29:32] [GLOBAL] No matching project for document {
  fsPath: '/home/monteiro/codes/revis/src/components/dashboard/CardStatistic.tsx',
  normalPath: '/home/monteiro/codes/revis/src/components/dashboard/CardStatistic.tsx'
}
[Info  - 18:29:32] [GLOBAL] No matching project for document {
  fsPath: '/home/monteiro/codes/revis/app/page.tsx',
  normalPath: '/home/monteiro/codes/revis/app/page.tsx'
}
[Info  - 18:29:32] [GLOBAL] No matching project for document {
  fsPath: '/home/monteiro/codes/revis/README.md',
  normalPath: '/home/monteiro/codes/revis/README.md'
}
[Info  - 18:29:32] [GLOBAL] No matching project for document {
  fsPath: '/home/monteiro/codes/revis/docs/README.md',
  normalPath: '/home/monteiro/codes/revis/docs/README.md'
}
[Info  - 18:29:32] [GLOBAL] No matching project for document {
  fsPath: '/home/monteiro/codes/revis/CHANGELOG.md',
  normalPath: '/home/monteiro/codes/revis/CHANGELOG.md'
}
[Info  - 18:29:32] [GLOBAL] No matching project for document {
  fsPath: '/home/monteiro/codes/revis/docs/ESTRUTURA_ORGANIZADA.md',
  normalPath: '/home/monteiro/codes/revis/docs/ESTRUTURA_ORGANIZADA.md'
}
Searching for Tailwind CSS projects in the workspace's folders.
{"tailwind":{"version":"4.1.17","features":["css-at-theme","layer:base","content-list","source-inline","source-not"],"isDefaultVersion":false},"path":"/home/monteiro/codes/revis/app/globals.css"}
[Global] Creating projects: [{"folder":"/home/monteiro/codes/revis","config":"/home/monteiro/codes/revis/app/globals.css","selectors":[{"pattern":"/home/monteiro/codes/revis/app/globals.css","priority":0},{"pattern":"/home/monteiro/codes/revis/postcss.config.mjs","priority":1},{"pattern":"/home/monteiro/codes/revis/public/window.svg","priority":1},{"pattern":"/home/monteiro/codes/revis/public/file.svg","priority":1},{"pattern":"/home/monteiro/codes/revis/public/globe.svg","priority":1},{"pattern":"/home/monteiro/codes/revis/public/next.svg","priority":1},{"pattern":"/home/monteiro/codes/revis/public/vercel.svg","priority":1},{"pattern":"/home/monteiro/codes/revis/CHANGELOG.md","priority":1},{"pattern":"/home/monteiro/codes/revis/next.config.ts","priority":1},{"pattern":"/home/monteiro/codes/revis/README.md","priority":1},{"pattern":"/home/monteiro/codes/revis/components.json","priority":1},{"pattern":"/home/monteiro/codes/revis/tsconfig.json","priority":1},{"pattern":"/home/monteiro/codes/revis/.gitattributes","priority":1},{"pattern":"/home/monteiro/codes/revis/package.json","priority":1},{"pattern":"/home/monteiro/codes/revis/docs/COMANDOS.md","priority":1},{"pattern":"/home/monteiro/codes/revis/docs/README.md","priority":1},{"pattern":"/home/monteiro/codes/revis/docs/ESTRUTURA_ORGANIZADA.md","priority":1},{"pattern":"/home/monteiro/codes/revis/docs/CHECKLIST.md","priority":1},{"pattern":"/home/monteiro/codes/revis/docs/ESTRUTURA_IMPLEMENTADA.md","priority":1},{"pattern":"/home/monteiro/codes/revis/docs/PROXIMOS_PASSOS.md","priority":1},{"pattern":"/home/monteiro/codes/revis/eslint.config.mjs","priority":1},{"pattern":"/home/monteiro/codes/revis/app/page.tsx","priority":1},{"pattern":"/home/monteiro/codes/revis/app/layout.tsx","priority":1},{"pattern":"/home/monteiro/codes/revis/.github/instructions/requirements.instructions.md","priority":1},{"pattern":"/home/monteiro/codes/revis/.github/instructions/design.instructions.md","priority":1},{"pattern":"/home/monteiro/codes/revis/.github/instructions/general.instructions.md","priority":1},{"pattern":"/home/monteiro/codes/revis/src/lib/business-rules.ts","priority":1},{"pattern":"/home/monteiro/codes/revis/src/lib/utils.ts","priority":1},{"pattern":"/home/monteiro/codes/revis/src/lib/firebase/config.ts","priority":1},{"pattern":"/home/monteiro/codes/revis/src/types/index.ts","priority":1},{"pattern":"/home/monteiro/codes/revis/src/components/ui/badge.tsx","priority":1},{"pattern":"/home/monteiro/codes/revis/src/components/ui/label.tsx","priority":1},{"pattern":"/home/monteiro/codes/revis/src/components/ui/dropdown-menu.tsx","priority":1},{"pattern":"/home/monteiro/codes/revis/src/components/ui/separator.tsx","priority":1},{"pattern":"/home/monteiro/codes/revis/src/components/ui/sonner.tsx","priority":1},{"pattern":"/home/monteiro/codes/revis/src/components/ui/avatar.tsx","priority":1},{"pattern":"/home/monteiro/codes/revis/src/components/ui/select.tsx","priority":1},{"pattern":"/home/monteiro/codes/revis/src/components/ui/dialog.tsx","priority":1},{"pattern":"/home/monteiro/codes/revis/src/components/ui/input.tsx","priority":1},{"pattern":"/home/monteiro/codes/revis/src/components/ui/skeleton.tsx","priority":1},{"pattern":"/home/monteiro/codes/revis/src/components/ui/table.tsx","priority":1},{"pattern":"/home/monteiro/codes/revis/src/components/ui/button.tsx","priority":1},{"pattern":"/home/monteiro/codes/revis/src/components/ui/card.tsx","priority":1},{"pattern":"/home/monteiro/codes/revis/src/components/layout/HeaderMainPage.tsx","priority":1},{"pattern":"/home/monteiro/codes/revis/src/components/layout/SidebarNavigation.tsx","priority":1},{"pattern":"/home/monteiro/codes/revis/src/components/layout/DashboardLayout.tsx","priority":1},{"pattern":"/home/monteiro/codes/revis/src/components/dashboard/CardStatistic.tsx","priority":1},{"pattern":"/home/monteiro/codes/revis/*","priority":1},{"pattern":"/home/monteiro/codes/revis/.github/**/*.{,aspx,astro,cjs,css,cts,eex,erb,gjs,gts,haml,handlebars,hbs,heex,html,jade,js,json,jsx,liquid,md,mdx,mjs,mts,mustache,njk,nunjucks,php,pug,py,razor,rb,rhtml,rs,slim,svelte,svg,tpl,ts,tsx,twig,vue}","priority":1},{"pattern":"/home/monteiro/codes/revis/app/**/*.{,aspx,astro,cjs,css,cts,eex,erb,gjs,gts,haml,handlebars,hbs,heex,html,jade,js,json,jsx,liquid,md,mdx,mjs,mts,mustache,njk,nunjucks,php,pug,py,razor,rb,rhtml,rs,slim,svelte,svg,tpl,ts,tsx,twig,vue}","priority":1},{"pattern":"/home/monteiro/codes/revis/docs/**/*.{,aspx,astro,cjs,css,cts,eex,erb,gjs,gts,haml,handlebars,hbs,heex,html,jade,js,json,jsx,liquid,md,mdx,mjs,mts,mustache,njk,nunjucks,php,pug,py,razor,rb,rhtml,rs,slim,svelte,svg,tpl,ts,tsx,twig,vue}","priority":1},{"pattern":"/home/monteiro/codes/revis/src/**/*.{,aspx,astro,cjs,css,cts,eex,erb,gjs,gts,haml,handlebars,hbs,heex,html,jade,js,json,jsx,liquid,md,mdx,mjs,mts,mustache,njk,nunjucks,php,pug,py,razor,rb,rhtml,rs,slim,svelte,svg,tpl,ts,tsx,twig,vue}","priority":1},{"pattern":"/home/monteiro/codes/revis/app/**","priority":2},{"pattern":"/home/monteiro/codes/revis/**","priority":4},{"pattern":"/home/monteiro/codes/revis/**","priority":5}],"user":false,"tailwind":{"version":"4.1.17","features":["css-at-theme","layer:base","content-list","source-inline","source-not"],"isDefaultVersion":false}}]
[Global] Preparing projects...
[Global] Initializing projects...
[app/globals.css] Initializing...
[Global] Adding watch patterns: /home/monteiro/codes/revis/app/globals.css, /home/monteiro/codes/revis/app, /home/monteiro/codes/revis
[app/globals.css] supported features: ["css-at-theme","layer:base","content-list","source-inline","source-not"]
[app/globals.css] Loaded tailwindcss v4.1.17: /home/monteiro/codes/revis/node_modules/tailwindcss
[app/globals.css] Building...
[Global] Adding watch patterns: /home/monteiro/codes/revis/node_modules/tailwindcss/index.css, /home/monteiro/codes/revis/node_modules/tw-animate-css/dist/tw-animate.css
[Global] Initialized 1 projects
[app/globals.css] File changed: /home/monteiro/codes/revis/package-lock.json
[app/globals.css] Initializing...
[app/globals.css] supported features: ["css-at-theme","layer:base","content-list","source-inline","source-not"]
[app/globals.css] Loaded tailwindcss v4.1.17: /home/monteiro/codes/revis/node_modules/tailwindcss
[app/globals.css] Building...
[app/globals.css] File changed: /home/monteiro/codes/revis/package-lock.json
[app/globals.css] Initializing...
[app/globals.css] supported features: ["css-at-theme","layer:base","content-list","source-inline","source-not"]
[app/globals.css] Loaded tailwindcss v4.1.17: /home/monteiro/codes/revis/node_modules/tailwindcss
[app/globals.css] Building...
[app/globals.css] File changed: /home/monteiro/codes/revis/package-lock.json
[app/globals.css] Initializing...
[app/globals.css] supported features: ["css-at-theme","layer:base","content-list","source-inline","source-not"]
[app/globals.css] Loaded tailwindcss v4.1.17: /home/monteiro/codes/revis/node_modules/tailwindcss
[app/globals.css] Building...
