2025-11-02 22:21:15.163 [info] Reading sessions from keychain...
2025-11-02 22:21:15.163 [info] Getting sessions for all scopes...
2025-11-02 22:21:15.163 [info] Got stored sessions!
2025-11-02 22:21:15.163 [info] Got 2 verified sessions.
2025-11-02 22:21:15.163 [info] Got 2 sessions for ...
2025-11-02 22:21:15.163 [info] Getting sessions for all scopes...
2025-11-02 22:21:15.163 [info] Got 2 sessions for ...
2025-11-02 22:21:15.163 [info] Getting sessions for all scopes...
2025-11-02 22:21:15.163 [info] Got 2 sessions for ...
2025-11-02 22:21:15.163 [info] Getting sessions for all scopes...
2025-11-02 22:21:15.163 [info] Got 2 sessions for ...
2025-11-02 22:21:15.163 [info] Getting sessions for all scopes...
2025-11-02 22:21:15.163 [info] Got 2 sessions for ...
2025-11-02 22:21:15.163 [info] Getting sessions for all scopes...
2025-11-02 22:21:15.163 [info] Got 2 sessions for ...
2025-11-02 22:21:15.163 [info] Getting sessions for all scopes...
2025-11-02 22:21:15.163 [info] Got 2 sessions for ...
2025-11-02 22:21:15.163 [info] Getting sessions for all scopes...
2025-11-02 22:21:15.163 [info] Got 2 sessions for ...
2025-11-02 22:21:15.163 [info] Getting sessions for all scopes...
2025-11-02 22:21:15.163 [info] Got 2 sessions for ...
2025-11-02 22:21:15.163 [info] Getting sessions for all scopes...
2025-11-02 22:21:15.163 [info] Got 2 sessions for ...
2025-11-02 22:21:15.163 [info] Getting sessions for all scopes...
2025-11-02 22:21:15.163 [info] Got 2 sessions for ...
2025-11-02 22:21:15.163 [info] Getting sessions for all scopes...
2025-11-02 22:21:15.163 [info] Got 2 sessions for ...
2025-11-02 22:21:15.163 [info] Getting sessions for all scopes...
2025-11-02 22:21:15.163 [info] Got 2 sessions for ...
2025-11-02 22:21:20.432 [info] Getting sessions for read:user,repo,user:email,workflow...
2025-11-02 22:21:20.432 [info] Got 1 sessions for read:user,repo,user:email,workflow...
2025-11-02 22:21:20.457 [info] FetcherService: Electron fetch failed with status: 429 
2025-11-02 22:21:20.461 [info] Getting sessions for all scopes...
2025-11-02 22:21:20.461 [info] Got 2 sessions for ...
2025-11-02 22:21:20.572 [info] Getting sessions for all scopes...
2025-11-02 22:21:20.572 [info] Got 2 sessions for ...
2025-11-02 22:21:20.597 [info] Getting sessions for all scopes...
2025-11-02 22:21:20.597 [info] Got 2 sessions for ...
2025-11-02 22:21:20.597 [info] Getting sessions for all scopes...
2025-11-02 22:21:20.597 [info] Got 2 sessions for ...
2025-11-02 22:21:20.597 [info] Getting sessions for all scopes...
2025-11-02 22:21:20.597 [info] Got 2 sessions for ...
2025-11-02 22:21:20.821 [info] Getting sessions for all scopes...
2025-11-02 22:21:20.821 [info] Got 2 sessions for ...
2025-11-02 22:21:20.821 [info] Getting sessions for all scopes...
2025-11-02 22:21:20.821 [info] Got 2 sessions for ...
2025-11-02 22:21:21.471 [info] Getting sessions for read:user,repo,user:email,workflow...
2025-11-02 22:21:21.471 [info] Got 1 sessions for read:user,repo,user:email,workflow...
2025-11-02 22:21:21.500 [info] Getting sessions for all scopes...
2025-11-02 22:21:21.500 [info] Got 2 sessions for ...
2025-11-02 22:21:21.558 [info] Getting sessions for all scopes...
2025-11-02 22:21:21.558 [info] Got 2 sessions for ...
2025-11-02 22:21:21.584 [info] Getting sessions for read:user,repo,user:email,workflow...
2025-11-02 22:21:21.584 [info] Got 1 sessions for read:user,repo,user:email,workflow...
2025-11-02 22:21:21.702 [info] FetcherService: Node fetch failed with status: 429 Too Many Requests
2025-11-02 22:21:21.818 [info] Getting sessions for all scopes...
2025-11-02 22:21:21.818 [info] Got 2 sessions for ...
2025-11-02 22:21:21.818 [info] Getting sessions for all scopes...
2025-11-02 22:21:21.818 [info] Got 2 sessions for ...
2025-11-02 22:21:21.918 [info] Getting sessions for all scopes...
2025-11-02 22:21:21.918 [info] Got 2 sessions for ...
2025-11-02 22:21:22.035 [info] Getting sessions for read:user,repo,user:email,workflow...
2025-11-02 22:21:22.035 [info] Got 1 sessions for read:user,repo,user:email,workflow...
2025-11-02 22:21:22.196 [info] FetcherService: Node http/s failed with status: 429 Too Many Requests
2025-11-02 22:21:22.557 [info] Getting sessions for all scopes...
2025-11-02 22:21:22.557 [info] Got 2 sessions for ...
2025-11-02 22:21:22.557 [info] Getting sessions for all scopes...
2025-11-02 22:21:22.557 [info] Got 2 sessions for ...
2025-11-02 22:21:22.568 [info] Getting sessions for read:user,repo,user:email,workflow...
2025-11-02 22:21:22.568 [info] Got 1 sessions for read:user,repo,user:email,workflow...
2025-11-02 22:21:22.650 [info] Getting sessions for all scopes...
2025-11-02 22:21:22.650 [info] Got 2 sessions for ...
2025-11-02 22:21:22.672 [info] Getting sessions for all scopes...
2025-11-02 22:21:22.672 [info] Got 2 sessions for ...
2025-11-02 22:21:22.672 [info] Getting sessions for all scopes...
2025-11-02 22:21:22.672 [info] Got 2 sessions for ...
2025-11-02 22:21:22.703 [info] Getting sessions for read:user,repo,user:email,workflow...
2025-11-02 22:21:22.703 [info] Got 1 sessions for read:user,repo,user:email,workflow...
2025-11-02 22:21:23.247 [info] Getting sessions for all scopes...
2025-11-02 22:21:23.247 [info] Got 2 sessions for ...
