2025-11-04 22:46:21.102 [info] [main] Log level: Info
2025-11-04 22:46:21.102 [info] [main] Validating found git in: "git"
2025-11-04 22:46:21.102 [info] [main] Using git "2.51.2" from "git"
2025-11-04 22:46:21.102 [info] [Model][doInitialScan] Initial repository scan started
2025-11-04 22:46:21.102 [info] > git rev-parse --show-toplevel [14ms]
2025-11-04 22:46:21.102 [info] > git rev-parse --git-dir --git-common-dir --show-superproject-working-tree [10ms]
2025-11-04 22:46:21.102 [info] [Model][openRepository] Opened repository (path): /home/monteiro/codes/api-sonar
2025-11-04 22:46:21.102 [info] [Model][openRepository] Opened repository (real path): /home/monteiro/codes/api-sonar
2025-11-04 22:46:21.102 [info] [Model][openRepository] Opened repository (kind): repository
2025-11-04 22:46:21.102 [info] > git rev-parse --show-toplevel [48ms]
2025-11-04 22:46:21.102 [info] > git config --get commit.template [57ms]
2025-11-04 22:46:21.103 [info] > git rev-parse --show-toplevel [15ms]
2025-11-04 22:46:21.115 [info] > git for-each-ref --format=%(refname)%00%(upstream:short)%00%(objectname)%00%(upstream:track)%00%(upstream:remotename)%00%(upstream:remoteref) refs/heads/enosh-dev refs/remotes/enosh-dev [13ms]
2025-11-04 22:46:21.117 [info] > git rev-parse --show-toplevel [5ms]
2025-11-04 22:46:26.008 [info] > git rev-parse --show-toplevel [4882ms]
2025-11-04 22:46:26.008 [info] > git fetch [5043ms]
2025-11-04 22:46:26.459 [info] > git check-ignore -v -z --stdin [439ms]
2025-11-04 22:46:26.460 [info] > git config --get commit.template [159ms]
2025-11-04 22:46:26.460 [info] > git rev-parse --show-toplevel [168ms]
2025-11-04 22:46:26.462 [info] [Model][doInitialScan] Initial repository scan completed - repositories (1), closed repositories (0), parent repositories (0), unsafe repositories (0)
2025-11-04 22:46:26.464 [info] > git for-each-ref --format=%(refname)%00%(upstream:short)%00%(objectname)%00%(upstream:track)%00%(upstream:remotename)%00%(upstream:remoteref) refs/heads/enosh-dev refs/remotes/enosh-dev [181ms]
2025-11-04 22:46:26.566 [info] > git config --get --local branch.enosh-dev.vscode-merge-base [93ms]
2025-11-04 22:46:26.576 [info] > git config --get commit.template [168ms]
2025-11-04 22:46:26.795 [info] > git show --textconv :src/controllers/project.controller.ts [208ms]
2025-11-04 22:46:26.795 [info] > git ls-files --stage -- src/controllers/project.controller.ts [198ms]
2025-11-04 22:46:26.809 [info] > git for-each-ref --format=%(refname)%00%(upstream:short)%00%(objectname)%00%(upstream:track)%00%(upstream:remotename)%00%(upstream:remoteref) refs/heads/origin/enosh-dev refs/remotes/origin/enosh-dev [234ms]
2025-11-04 22:46:26.853 [info] > git merge-base refs/heads/enosh-dev refs/remotes/origin/enosh-dev [32ms]
2025-11-04 22:46:26.866 [info] > git cat-file -s 8c00da9afdfcf1fbb5faf9ed9d39cc6b78189333 [58ms]
2025-11-04 22:46:26.866 [info] > git for-each-ref --format=%(refname)%00%(upstream:short)%00%(objectname)%00%(upstream:track)%00%(upstream:remotename)%00%(upstream:remoteref) refs/heads/enosh-dev refs/remotes/enosh-dev [232ms]
2025-11-04 22:46:27.194 [info] > git diff --name-status -z --diff-filter=ADMR 83f174c0d1e6db45a69a2ec3f87a5cf31cdfeabc...refs/remotes/origin/enosh-dev [329ms]
2025-11-04 22:46:27.194 [info] > git for-each-ref --format=%(refname)%00%(upstream:short)%00%(objectname)%00%(upstream:track)%00%(upstream:remotename)%00%(upstream:remoteref) refs/heads/enosh-dev refs/remotes/enosh-dev [350ms]
2025-11-04 22:46:27.566 [info] > git status -z -uall [24ms]
2025-11-04 22:46:27.600 [info] > git for-each-ref --sort -committerdate --format %(refname)%00%(objectname)%00%(*objectname) [42ms]
2025-11-04 22:46:27.728 [info] > git blame --root --incremental 83f174c0d1e6db45a69a2ec3f87a5cf31cdfeabc -- src/controllers/project.controller.ts [62ms]
2025-11-04 22:46:28.252 [info] > git config --get commit.template [19ms]
2025-11-04 22:46:28.271 [info] > git for-each-ref --format=%(refname)%00%(upstream:short)%00%(objectname)%00%(upstream:track)%00%(upstream:remotename)%00%(upstream:remoteref) refs/heads/enosh-dev refs/remotes/enosh-dev [2ms]
2025-11-04 22:46:28.299 [info] > git status -z -uall [14ms]
2025-11-04 22:46:28.300 [info] > git for-each-ref --sort -committerdate --format %(refname)%00%(objectname)%00%(*objectname) [3ms]
2025-11-04 22:52:39.862 [info] > git fetch [2348ms]
2025-11-04 22:52:39.899 [info] > git config --get commit.template [17ms]
2025-11-04 22:52:39.899 [info] > git for-each-ref --format=%(refname)%00%(upstream:short)%00%(objectname)%00%(upstream:track)%00%(upstream:remotename)%00%(upstream:remoteref) refs/heads/enosh-dev refs/remotes/enosh-dev [2ms]
2025-11-04 22:52:39.932 [info] > git status -z -uall [16ms]
2025-11-04 22:52:39.932 [info] > git for-each-ref --sort -committerdate --format %(refname)%00%(objectname)%00%(*objectname) [2ms]
2025-11-04 23:11:58.751 [info] > git check-ignore -v -z --stdin [2ms]
2025-11-04 23:20:57.310 [info] > git config --get commit.template [26ms]
2025-11-04 23:20:57.311 [info] > git ls-files --stage -- src/controllers/project.controller.ts [3ms]
2025-11-04 23:20:57.360 [info] > git cat-file -s 8c00da9afdfcf1fbb5faf9ed9d39cc6b78189333 [28ms]
2025-11-04 23:20:57.384 [info] > git for-each-ref --format=%(refname)%00%(upstream:short)%00%(objectname)%00%(upstream:track)%00%(upstream:remotename)%00%(upstream:remoteref) refs/heads/enosh-dev refs/remotes/enosh-dev [28ms]
2025-11-04 23:20:57.430 [info] > git show --textconv :src/controllers/project.controller.ts [47ms]
2025-11-04 23:20:57.430 [info] > git status -z -uall [21ms]
2025-11-04 23:20:57.432 [info] > git for-each-ref --sort -committerdate --format %(refname)%00%(objectname)%00%(*objectname) [5ms]
2025-11-04 23:20:58.477 [info] > git ls-files --stage -- src/controllers/project.controller.ts [2ms]
2025-11-04 23:20:58.494 [info] > git cat-file -s 8c00da9afdfcf1fbb5faf9ed9d39cc6b78189333 [2ms]
2025-11-04 23:20:58.514 [info] > git show --textconv :src/controllers/project.controller.ts [2ms]
2025-11-04 23:20:59.499 [info] > git fetch [2242ms]
2025-11-04 23:20:59.533 [info] > git config --get commit.template [17ms]
2025-11-04 23:20:59.534 [info] > git for-each-ref --format=%(refname)%00%(upstream:short)%00%(objectname)%00%(upstream:track)%00%(upstream:remotename)%00%(upstream:remoteref) refs/heads/enosh-dev refs/remotes/enosh-dev [2ms]
2025-11-04 23:20:59.568 [info] > git status -z -uall [18ms]
2025-11-04 23:20:59.569 [info] > git for-each-ref --sort -committerdate --format %(refname)%00%(objectname)%00%(*objectname) [3ms]
2025-11-04 23:21:00.514 [info] > git ls-files --stage -- src/controllers/project.controller.ts [1ms]
2025-11-04 23:21:00.532 [info] > git cat-file -s 8c00da9afdfcf1fbb5faf9ed9d39cc6b78189333 [2ms]
2025-11-04 23:21:00.551 [info] > git show --textconv :src/controllers/project.controller.ts [2ms]
2025-11-04 23:21:02.454 [info] > git config --get commit.template [2ms]
2025-11-04 23:21:02.472 [info] > git for-each-ref --format=%(refname)%00%(upstream:short)%00%(objectname)%00%(upstream:track)%00%(upstream:remotename)%00%(upstream:remoteref) refs/heads/enosh-dev refs/remotes/enosh-dev [2ms]
2025-11-04 23:21:02.505 [info] > git status -z -uall [17ms]
2025-11-04 23:21:02.507 [info] > git for-each-ref --sort -committerdate --format %(refname)%00%(objectname)%00%(*objectname) [3ms]
2025-11-04 23:21:05.447 [info] > git check-ignore -v -z --stdin [2ms]
2025-11-04 23:21:07.166 [info] > git check-ignore -v -z --stdin [2ms]
2025-11-04 23:21:09.183 [info] > git check-ignore -v -z --stdin [2ms]
2025-11-04 23:21:20.705 [info] > git show --textconv :src/lib/reponse-util.ts [22ms]
2025-11-04 23:21:20.712 [info] > git ls-files --stage -- src/lib/reponse-util.ts [8ms]
2025-11-04 23:21:20.729 [info] > git cat-file -s f86147eea093eee0851bfec55dcda854083ad275 [2ms]
2025-11-04 23:21:20.788 [info] > git blame --root --incremental 83f174c0d1e6db45a69a2ec3f87a5cf31cdfeabc -- src/lib/reponse-util.ts [31ms]
2025-11-04 23:23:12.588 [info] > git show --textconv :src/controllers/project.controller.ts [25ms]
2025-11-04 23:23:12.590 [info] > git ls-files --stage -- src/controllers/project.controller.ts [4ms]
2025-11-04 23:23:12.612 [info] > git cat-file -s 8c00da9afdfcf1fbb5faf9ed9d39cc6b78189333 [2ms]
2025-11-04 23:24:06.017 [info] > git config --get commit.template [26ms]
2025-11-04 23:24:06.017 [info] > git for-each-ref --format=%(refname)%00%(upstream:short)%00%(objectname)%00%(upstream:track)%00%(upstream:remotename)%00%(upstream:remoteref) refs/heads/enosh-dev refs/remotes/enosh-dev [3ms]
2025-11-04 23:24:06.076 [info] > git status -z -uall [35ms]
2025-11-04 23:24:06.076 [info] > git for-each-ref --sort -committerdate --format %(refname)%00%(objectname)%00%(*objectname) [8ms]
2025-11-04 23:24:07.194 [info] > git ls-files --stage -- src/controllers/project.controller.ts [1ms]
2025-11-04 23:24:07.211 [info] > git cat-file -s 8c00da9afdfcf1fbb5faf9ed9d39cc6b78189333 [2ms]
2025-11-04 23:24:07.230 [info] > git show --textconv :src/controllers/project.controller.ts [2ms]
2025-11-04 23:24:08.207 [info] > git fetch [2246ms]
2025-11-04 23:24:08.246 [info] > git config --get commit.template [20ms]
2025-11-04 23:24:08.247 [info] > git for-each-ref --format=%(refname)%00%(upstream:short)%00%(objectname)%00%(upstream:track)%00%(upstream:remotename)%00%(upstream:remoteref) refs/heads/enosh-dev refs/remotes/enosh-dev [2ms]
2025-11-04 23:24:08.287 [info] > git status -z -uall [21ms]
2025-11-04 23:24:08.288 [info] > git for-each-ref --sort -committerdate --format %(refname)%00%(objectname)%00%(*objectname) [3ms]
2025-11-04 23:24:09.226 [info] > git ls-files --stage -- src/controllers/project.controller.ts [1ms]
2025-11-04 23:24:09.247 [info] > git cat-file -s 8c00da9afdfcf1fbb5faf9ed9d39cc6b78189333 [2ms]
2025-11-04 23:24:09.269 [info] > git show --textconv :src/controllers/project.controller.ts [2ms]
2025-11-04 23:24:16.582 [info] > git config --get commit.template [1ms]
2025-11-04 23:24:16.600 [info] > git for-each-ref --format=%(refname)%00%(upstream:short)%00%(objectname)%00%(upstream:track)%00%(upstream:remotename)%00%(upstream:remoteref) refs/heads/enosh-dev refs/remotes/enosh-dev [2ms]
2025-11-04 23:24:16.634 [info] > git status -z -uall [17ms]
2025-11-04 23:24:16.635 [info] > git for-each-ref --sort -committerdate --format %(refname)%00%(objectname)%00%(*objectname) [2ms]
2025-11-04 23:24:21.673 [info] > git config --get commit.template [18ms]
2025-11-04 23:24:21.674 [info] > git for-each-ref --format=%(refname)%00%(upstream:short)%00%(objectname)%00%(upstream:track)%00%(upstream:remotename)%00%(upstream:remoteref) refs/heads/enosh-dev refs/remotes/enosh-dev [2ms]
2025-11-04 23:24:21.709 [info] > git status -z -uall [19ms]
2025-11-04 23:24:21.710 [info] > git for-each-ref --sort -committerdate --format %(refname)%00%(objectname)%00%(*objectname) [2ms]
2025-11-04 23:24:33.690 [info] > git config --get commit.template [2ms]
2025-11-04 23:24:33.708 [info] > git for-each-ref --format=%(refname)%00%(upstream:short)%00%(objectname)%00%(upstream:track)%00%(upstream:remotename)%00%(upstream:remoteref) refs/heads/enosh-dev refs/remotes/enosh-dev [2ms]
2025-11-04 23:24:33.742 [info] > git status -z -uall [18ms]
2025-11-04 23:24:33.743 [info] > git for-each-ref --sort -committerdate --format %(refname)%00%(objectname)%00%(*objectname) [3ms]
2025-11-04 23:28:42.611 [info] > git ls-files --stage -- src/controllers/project.controller.ts [2ms]
2025-11-04 23:28:42.628 [info] > git cat-file -s 8c00da9afdfcf1fbb5faf9ed9d39cc6b78189333 [1ms]
2025-11-04 23:28:42.647 [info] > git show --textconv :src/controllers/project.controller.ts [2ms]
2025-11-04 23:28:43.740 [info] > git fetch [2337ms]
2025-11-04 23:28:43.775 [info] > git config --get commit.template [17ms]
2025-11-04 23:28:43.776 [info] > git for-each-ref --format=%(refname)%00%(upstream:short)%00%(objectname)%00%(upstream:track)%00%(upstream:remotename)%00%(upstream:remoteref) refs/heads/enosh-dev refs/remotes/enosh-dev [2ms]
2025-11-04 23:28:43.808 [info] > git status -z -uall [16ms]
2025-11-04 23:28:43.810 [info] > git for-each-ref --sort -committerdate --format %(refname)%00%(objectname)%00%(*objectname) [2ms]
2025-11-04 23:28:44.756 [info] > git ls-files --stage -- src/controllers/project.controller.ts [1ms]
2025-11-04 23:28:44.773 [info] > git cat-file -s 8c00da9afdfcf1fbb5faf9ed9d39cc6b78189333 [1ms]
2025-11-04 23:28:44.792 [info] > git show --textconv :src/controllers/project.controller.ts [2ms]
2025-11-04 23:28:45.138 [info] > git show --textconv :src/lib/reponse-util.ts [18ms]
2025-11-04 23:28:45.140 [info] > git ls-files --stage -- src/lib/reponse-util.ts [3ms]
2025-11-04 23:28:45.158 [info] > git cat-file -s f86147eea093eee0851bfec55dcda854083ad275 [1ms]
2025-11-04 23:29:43.745 [info] > git config --get commit.template [17ms]
2025-11-04 23:29:43.746 [info] > git for-each-ref --format=%(refname)%00%(upstream:short)%00%(objectname)%00%(upstream:track)%00%(upstream:remotename)%00%(upstream:remoteref) refs/heads/enosh-dev refs/remotes/enosh-dev [2ms]
2025-11-04 23:29:43.780 [info] > git status -z -uall [18ms]
2025-11-04 23:29:43.781 [info] > git for-each-ref --sort -committerdate --format %(refname)%00%(objectname)%00%(*objectname) [2ms]
2025-11-04 23:29:48.813 [info] > git config --get commit.template [5ms]
2025-11-04 23:29:48.838 [info] > git for-each-ref --format=%(refname)%00%(upstream:short)%00%(objectname)%00%(upstream:track)%00%(upstream:remotename)%00%(upstream:remoteref) refs/heads/enosh-dev refs/remotes/enosh-dev [4ms]
2025-11-04 23:29:48.879 [info] > git status -z -uall [20ms]
2025-11-04 23:29:48.881 [info] > git for-each-ref --sort -committerdate --format %(refname)%00%(objectname)%00%(*objectname) [3ms]
2025-11-04 23:30:15.312 [info] > git config --get commit.template [2ms]
2025-11-04 23:30:15.330 [info] > git for-each-ref --format=%(refname)%00%(upstream:short)%00%(objectname)%00%(upstream:track)%00%(upstream:remotename)%00%(upstream:remoteref) refs/heads/enosh-dev refs/remotes/enosh-dev [2ms]
2025-11-04 23:30:15.363 [info] > git status -z -uall [17ms]
2025-11-04 23:30:15.364 [info] > git for-each-ref --sort -committerdate --format %(refname)%00%(objectname)%00%(*objectname) [2ms]
2025-11-04 23:30:20.402 [info] > git config --get commit.template [19ms]
2025-11-04 23:30:20.402 [info] > git for-each-ref --format=%(refname)%00%(upstream:short)%00%(objectname)%00%(upstream:track)%00%(upstream:remotename)%00%(upstream:remoteref) refs/heads/enosh-dev refs/remotes/enosh-dev [1ms]
2025-11-04 23:30:20.437 [info] > git status -z -uall [18ms]
2025-11-04 23:30:20.438 [info] > git for-each-ref --sort -committerdate --format %(refname)%00%(objectname)%00%(*objectname) [2ms]
2025-11-04 23:30:37.353 [info] > git config --get commit.template [21ms]
2025-11-04 23:30:37.354 [info] > git for-each-ref --format=%(refname)%00%(upstream:short)%00%(objectname)%00%(upstream:track)%00%(upstream:remotename)%00%(upstream:remoteref) refs/heads/enosh-dev refs/remotes/enosh-dev [2ms]
2025-11-04 23:30:37.394 [info] > git status -z -uall [21ms]
2025-11-04 23:30:37.395 [info] > git for-each-ref --sort -committerdate --format %(refname)%00%(objectname)%00%(*objectname) [2ms]
2025-11-04 23:30:54.877 [info] > git config --get commit.template [26ms]
2025-11-04 23:30:54.879 [info] > git for-each-ref --format=%(refname)%00%(upstream:short)%00%(objectname)%00%(upstream:track)%00%(upstream:remotename)%00%(upstream:remoteref) refs/heads/enosh-dev refs/remotes/enosh-dev [3ms]
2025-11-04 23:30:54.934 [info] > git status -z -uall [28ms]
2025-11-04 23:30:54.936 [info] > git for-each-ref --sort -committerdate --format %(refname)%00%(objectname)%00%(*objectname) [3ms]
2025-11-04 23:31:27.321 [info] > git show --textconv 00b8d1c68f04266cdd680ffeb48230eb7e0d65b4:src/controllers/auth.controller.ts [60ms]
2025-11-04 23:31:27.322 [info] > git show --textconv 055ebea527064669ba0556362a97d534600c750c:src/controllers/auth.controller.ts [41ms]
2025-11-04 23:31:27.322 [info] > git ls-tree -l 055ebea527064669ba0556362a97d534600c750c -- src/controllers/auth.controller.ts [3ms]
2025-11-04 23:31:27.323 [info] > git ls-tree -l 00b8d1c68f04266cdd680ffeb48230eb7e0d65b4 -- src/controllers/auth.controller.ts [22ms]
2025-11-04 23:31:27.519 [info] > git blame --root --incremental 055ebea527064669ba0556362a97d534600c750c -- src/controllers/auth.controller.ts [74ms]
2025-11-04 23:31:27.848 [info] > git check-ignore -v -z --stdin [2ms]
2025-11-04 23:31:29.432 [info] > git show --textconv :src/controllers/project.controller.ts [21ms]
2025-11-04 23:31:29.433 [info] > git ls-files --stage -- src/controllers/project.controller.ts [2ms]
2025-11-04 23:31:29.454 [info] > git cat-file -s 8c00da9afdfcf1fbb5faf9ed9d39cc6b78189333 [5ms]
2025-11-04 23:31:45.065 [info] > git ls-tree -l 055ebea527064669ba0556362a97d534600c750c -- src/controllers/auth.controller.ts [18ms]
2025-11-04 23:31:45.066 [info] > git ls-tree -l 00b8d1c68f04266cdd680ffeb48230eb7e0d65b4 -- src/controllers/auth.controller.ts [37ms]
2025-11-04 23:31:45.067 [info] > git ls-files --stage -- src/controllers/project.controller.ts [4ms]
2025-11-04 23:31:45.121 [info] > git show --textconv 055ebea527064669ba0556362a97d534600c750c:src/controllers/auth.controller.ts [20ms]
2025-11-04 23:31:45.121 [info] > git cat-file -s 8c00da9afdfcf1fbb5faf9ed9d39cc6b78189333 [39ms]
2025-11-04 23:31:45.122 [info] > git show --textconv 00b8d1c68f04266cdd680ffeb48230eb7e0d65b4:src/controllers/auth.controller.ts [2ms]
2025-11-04 23:31:45.141 [info] > git show --textconv :src/controllers/project.controller.ts [2ms]
2025-11-04 23:31:46.210 [info] > git fetch [2381ms]
2025-11-04 23:31:46.251 [info] > git config --get commit.template [22ms]
2025-11-04 23:31:46.252 [info] > git for-each-ref --format=%(refname)%00%(upstream:short)%00%(objectname)%00%(upstream:track)%00%(upstream:remotename)%00%(upstream:remoteref) refs/heads/enosh-dev refs/remotes/enosh-dev [2ms]
2025-11-04 23:31:46.292 [info] > git status -z -uall [21ms]
2025-11-04 23:31:46.293 [info] > git for-each-ref --sort -committerdate --format %(refname)%00%(objectname)%00%(*objectname) [2ms]
2025-11-04 23:31:47.279 [info] > git ls-tree -l 055ebea527064669ba0556362a97d534600c750c -- src/controllers/auth.controller.ts [23ms]
2025-11-04 23:31:47.279 [info] > git ls-tree -l 00b8d1c68f04266cdd680ffeb48230eb7e0d65b4 -- src/controllers/auth.controller.ts [42ms]
2025-11-04 23:31:47.281 [info] > git ls-files --stage -- src/controllers/project.controller.ts [4ms]
2025-11-04 23:31:47.342 [info] > git show --textconv 055ebea527064669ba0556362a97d534600c750c:src/controllers/auth.controller.ts [24ms]
2025-11-04 23:31:47.342 [info] > git show --textconv 00b8d1c68f04266cdd680ffeb48230eb7e0d65b4:src/controllers/auth.controller.ts [4ms]
2025-11-04 23:31:47.344 [info] > git cat-file -s 8c00da9afdfcf1fbb5faf9ed9d39cc6b78189333 [45ms]
2025-11-04 23:31:47.371 [info] > git show --textconv :src/controllers/project.controller.ts [2ms]
2025-11-04 23:31:48.262 [info] > git config --get commit.template [23ms]
2025-11-04 23:31:48.263 [info] > git for-each-ref --format=%(refname)%00%(upstream:short)%00%(objectname)%00%(upstream:track)%00%(upstream:remotename)%00%(upstream:remoteref) refs/heads/enosh-dev refs/remotes/enosh-dev [2ms]
2025-11-04 23:31:48.310 [info] > git status -z -uall [26ms]
2025-11-04 23:31:48.311 [info] > git for-each-ref --sort -committerdate --format %(refname)%00%(objectname)%00%(*objectname) [4ms]
2025-11-04 23:31:53.348 [info] > git config --get commit.template [16ms]
2025-11-04 23:31:53.350 [info] > git for-each-ref --format=%(refname)%00%(upstream:short)%00%(objectname)%00%(upstream:track)%00%(upstream:remotename)%00%(upstream:remoteref) refs/heads/enosh-dev refs/remotes/enosh-dev [2ms]
2025-11-04 23:31:53.384 [info] > git status -z -uall [18ms]
2025-11-04 23:31:53.386 [info] > git for-each-ref --sort -committerdate --format %(refname)%00%(objectname)%00%(*objectname) [3ms]
2025-11-04 23:32:04.907 [info] > git config --get commit.template [17ms]
2025-11-04 23:32:04.908 [info] > git for-each-ref --format=%(refname)%00%(upstream:short)%00%(objectname)%00%(upstream:track)%00%(upstream:remotename)%00%(upstream:remoteref) refs/heads/enosh-dev refs/remotes/enosh-dev [1ms]
2025-11-04 23:32:04.943 [info] > git status -z -uall [18ms]
2025-11-04 23:32:04.944 [info] > git for-each-ref --sort -committerdate --format %(refname)%00%(objectname)%00%(*objectname) [2ms]
2025-11-04 23:32:13.635 [info] > git config --get commit.template [18ms]
2025-11-04 23:32:13.637 [info] > git for-each-ref --format=%(refname)%00%(upstream:short)%00%(objectname)%00%(upstream:track)%00%(upstream:remotename)%00%(upstream:remoteref) refs/heads/enosh-dev refs/remotes/enosh-dev [2ms]
2025-11-04 23:32:13.671 [info] > git status -z -uall [18ms]
2025-11-04 23:32:13.673 [info] > git for-each-ref --sort -committerdate --format %(refname)%00%(objectname)%00%(*objectname) [3ms]
2025-11-04 23:32:21.187 [info] > git config --get commit.template [18ms]
2025-11-04 23:32:21.188 [info] > git for-each-ref --format=%(refname)%00%(upstream:short)%00%(objectname)%00%(upstream:track)%00%(upstream:remotename)%00%(upstream:remoteref) refs/heads/enosh-dev refs/remotes/enosh-dev [2ms]
2025-11-04 23:32:21.221 [info] > git status -z -uall [18ms]
2025-11-04 23:32:21.222 [info] > git for-each-ref --sort -committerdate --format %(refname)%00%(objectname)%00%(*objectname) [2ms]
2025-11-04 23:32:29.401 [info] > git config --get commit.template [15ms]
2025-11-04 23:32:29.419 [info] > git for-each-ref --format=%(refname)%00%(upstream:short)%00%(objectname)%00%(upstream:track)%00%(upstream:remotename)%00%(upstream:remoteref) refs/heads/enosh-dev refs/remotes/enosh-dev [2ms]
2025-11-04 23:32:29.452 [info] > git status -z -uall [17ms]
2025-11-04 23:32:29.453 [info] > git for-each-ref --sort -committerdate --format %(refname)%00%(objectname)%00%(*objectname) [1ms]
2025-11-04 23:33:17.284 [info] > git config --get commit.template [22ms]
2025-11-04 23:33:17.285 [info] > git for-each-ref --format=%(refname)%00%(upstream:short)%00%(objectname)%00%(upstream:track)%00%(upstream:remotename)%00%(upstream:remoteref) refs/heads/enosh-dev refs/remotes/enosh-dev [2ms]
2025-11-04 23:33:17.322 [info] > git status -z -uall [19ms]
2025-11-04 23:33:17.325 [info] > git for-each-ref --sort -committerdate --format %(refname)%00%(objectname)%00%(*objectname) [3ms]
2025-11-04 23:33:34.908 [info] > git show --textconv :src/controllers/auth.controller.ts [19ms]
2025-11-04 23:33:34.912 [info] > git ls-files --stage -- src/controllers/auth.controller.ts [5ms]
2025-11-04 23:33:34.930 [info] > git cat-file -s a00c4f84c4c7379d2c0b60d0a88e0c564bb5601f [2ms]
2025-11-04 23:33:34.985 [info] > git blame --root --incremental 83f174c0d1e6db45a69a2ec3f87a5cf31cdfeabc -- src/controllers/auth.controller.ts [7ms]
2025-11-04 23:33:35.261 [info] > git check-ignore -v -z --stdin [1ms]
2025-11-04 23:33:50.351 [info] > git config --get commit.template [19ms]
2025-11-04 23:33:50.352 [info] > git for-each-ref --format=%(refname)%00%(upstream:short)%00%(objectname)%00%(upstream:track)%00%(upstream:remotename)%00%(upstream:remoteref) refs/heads/enosh-dev refs/remotes/enosh-dev [2ms]
2025-11-04 23:33:50.388 [info] > git status -z -uall [20ms]
2025-11-04 23:33:50.390 [info] > git for-each-ref --sort -committerdate --format %(refname)%00%(objectname)%00%(*objectname) [3ms]
2025-11-04 23:33:55.435 [info] > git config --get commit.template [22ms]
2025-11-04 23:33:55.435 [info] > git for-each-ref --format=%(refname)%00%(upstream:short)%00%(objectname)%00%(upstream:track)%00%(upstream:remotename)%00%(upstream:remoteref) refs/heads/enosh-dev refs/remotes/enosh-dev [1ms]
2025-11-04 23:33:55.475 [info] > git status -z -uall [21ms]
2025-11-04 23:33:55.476 [info] > git for-each-ref --sort -committerdate --format %(refname)%00%(objectname)%00%(*objectname) [2ms]
2025-11-04 23:33:58.514 [info] > git show --textconv :src/controllers/project.controller.ts [19ms]
2025-11-04 23:33:58.515 [info] > git ls-files --stage -- src/controllers/project.controller.ts [2ms]
2025-11-04 23:33:58.533 [info] > git cat-file -s 8c00da9afdfcf1fbb5faf9ed9d39cc6b78189333 [2ms]
2025-11-04 23:34:00.815 [info] > git show --textconv :src/lib/reponse-util.ts [18ms]
2025-11-04 23:34:00.816 [info] > git ls-files --stage -- src/lib/reponse-util.ts [2ms]
2025-11-04 23:34:00.833 [info] > git cat-file -s f86147eea093eee0851bfec55dcda854083ad275 [2ms]
2025-11-04 23:34:23.117 [info] > git config --get commit.template [22ms]
2025-11-04 23:34:23.118 [info] > git for-each-ref --format=%(refname)%00%(upstream:short)%00%(objectname)%00%(upstream:track)%00%(upstream:remotename)%00%(upstream:remoteref) refs/heads/enosh-dev refs/remotes/enosh-dev [2ms]
2025-11-04 23:34:23.155 [info] > git status -z -uall [17ms]
2025-11-04 23:34:23.156 [info] > git for-each-ref --sort -committerdate --format %(refname)%00%(objectname)%00%(*objectname) [2ms]
2025-11-04 23:34:24.059 [info] > git show --textconv :src/controllers/auth.controller.ts [21ms]
2025-11-04 23:34:24.060 [info] > git ls-files --stage -- src/controllers/auth.controller.ts [2ms]
2025-11-04 23:34:24.080 [info] > git cat-file -s a00c4f84c4c7379d2c0b60d0a88e0c564bb5601f [4ms]
2025-11-04 23:34:25.294 [info] > git show --textconv :src/controllers/project.controller.ts [19ms]
2025-11-04 23:34:25.296 [info] > git ls-files --stage -- src/controllers/project.controller.ts [3ms]
2025-11-04 23:34:25.320 [info] > git cat-file -s 8c00da9afdfcf1fbb5faf9ed9d39cc6b78189333 [4ms]
2025-11-04 23:34:25.902 [info] > git show --textconv :src/lib/reponse-util.ts [18ms]
2025-11-04 23:34:25.903 [info] > git ls-files --stage -- src/lib/reponse-util.ts [1ms]
2025-11-04 23:34:25.921 [info] > git cat-file -s f86147eea093eee0851bfec55dcda854083ad275 [2ms]
2025-11-04 23:34:28.219 [info] > git config --get commit.template [21ms]
2025-11-04 23:34:28.220 [info] > git for-each-ref --format=%(refname)%00%(upstream:short)%00%(objectname)%00%(upstream:track)%00%(upstream:remotename)%00%(upstream:remoteref) refs/heads/enosh-dev refs/remotes/enosh-dev [1ms]
2025-11-04 23:34:28.261 [info] > git status -z -uall [20ms]
2025-11-04 23:34:28.262 [info] > git for-each-ref --sort -committerdate --format %(refname)%00%(objectname)%00%(*objectname) [2ms]
2025-11-04 23:34:40.717 [info] > git for-each-ref --format=%(refname)%00%(upstream:short)%00%(objectname)%00%(upstream:track)%00%(upstream:remotename)%00%(upstream:remoteref) refs/heads/enosh-dev refs/remotes/enosh-dev [2ms]
2025-11-04 23:34:40.718 [info] > git config --get commit.template [22ms]
2025-11-04 23:34:40.752 [info] > git status -z -uall [17ms]
2025-11-04 23:34:40.754 [info] > git for-each-ref --sort -committerdate --format %(refname)%00%(objectname)%00%(*objectname) [3ms]
2025-11-04 23:34:41.178 [info] > git show --textconv :src/controllers/project.controller.ts [19ms]
2025-11-04 23:34:41.180 [info] > git ls-files --stage -- src/controllers/project.controller.ts [2ms]
2025-11-04 23:34:41.197 [info] > git cat-file -s 8c00da9afdfcf1fbb5faf9ed9d39cc6b78189333 [2ms]
2025-11-04 23:34:44.375 [info] > git show --textconv :src/controllers/auth.controller.ts [22ms]
2025-11-04 23:34:44.377 [info] > git ls-files --stage -- src/controllers/auth.controller.ts [4ms]
2025-11-04 23:34:44.399 [info] > git cat-file -s a00c4f84c4c7379d2c0b60d0a88e0c564bb5601f [4ms]
2025-11-04 23:34:45.792 [info] > git config --get commit.template [17ms]
2025-11-04 23:34:45.792 [info] > git for-each-ref --format=%(refname)%00%(upstream:short)%00%(objectname)%00%(upstream:track)%00%(upstream:remotename)%00%(upstream:remoteref) refs/heads/enosh-dev refs/remotes/enosh-dev [1ms]
2025-11-04 23:34:45.826 [info] > git status -z -uall [17ms]
2025-11-04 23:34:45.827 [info] > git for-each-ref --sort -committerdate --format %(refname)%00%(objectname)%00%(*objectname) [2ms]
2025-11-04 23:34:47.544 [info] > git ls-tree -l 055ebea527064669ba0556362a97d534600c750c -- src/controllers/auth.controller.ts [17ms]
2025-11-04 23:34:47.544 [info] > git ls-tree -l 00b8d1c68f04266cdd680ffeb48230eb7e0d65b4 -- src/controllers/auth.controller.ts [33ms]
2025-11-04 23:34:47.545 [info] > git ls-files --stage -- src/controllers/auth.controller.ts [2ms]
2025-11-04 23:34:47.593 [info] > git show --textconv 055ebea527064669ba0556362a97d534600c750c:src/controllers/auth.controller.ts [16ms]
2025-11-04 23:34:47.593 [info] > git cat-file -s a00c4f84c4c7379d2c0b60d0a88e0c564bb5601f [33ms]
2025-11-04 23:34:47.594 [info] > git show --textconv 00b8d1c68f04266cdd680ffeb48230eb7e0d65b4:src/controllers/auth.controller.ts [2ms]
2025-11-04 23:34:47.612 [info] > git show --textconv :src/controllers/auth.controller.ts [2ms]
2025-11-04 23:34:48.681 [info] > git fetch [2368ms]
2025-11-04 23:34:48.714 [info] > git config --get commit.template [17ms]
2025-11-04 23:34:48.716 [info] > git for-each-ref --format=%(refname)%00%(upstream:short)%00%(objectname)%00%(upstream:track)%00%(upstream:remotename)%00%(upstream:remoteref) refs/heads/enosh-dev refs/remotes/enosh-dev [2ms]
2025-11-04 23:34:48.750 [info] > git status -z -uall [18ms]
2025-11-04 23:34:48.751 [info] > git for-each-ref --sort -committerdate --format %(refname)%00%(objectname)%00%(*objectname) [2ms]
2025-11-04 23:34:49.741 [info] > git ls-tree -l 055ebea527064669ba0556362a97d534600c750c -- src/controllers/auth.controller.ts [23ms]
2025-11-04 23:34:49.742 [info] > git ls-tree -l 00b8d1c68f04266cdd680ffeb48230eb7e0d65b4 -- src/controllers/auth.controller.ts [45ms]
2025-11-04 23:34:49.743 [info] > git ls-files --stage -- src/controllers/auth.controller.ts [3ms]
2025-11-04 23:34:49.805 [info] > git show --textconv 055ebea527064669ba0556362a97d534600c750c:src/controllers/auth.controller.ts [22ms]
2025-11-04 23:34:49.805 [info] > git show --textconv 00b8d1c68f04266cdd680ffeb48230eb7e0d65b4:src/controllers/auth.controller.ts [2ms]
2025-11-04 23:34:49.806 [info] > git cat-file -s a00c4f84c4c7379d2c0b60d0a88e0c564bb5601f [43ms]
2025-11-04 23:34:49.829 [info] > git show --textconv :src/controllers/auth.controller.ts [3ms]
2025-11-04 23:34:50.874 [info] > git config --get commit.template [22ms]
2025-11-04 23:34:50.875 [info] > git for-each-ref --format=%(refname)%00%(upstream:short)%00%(objectname)%00%(upstream:track)%00%(upstream:remotename)%00%(upstream:remoteref) refs/heads/enosh-dev refs/remotes/enosh-dev [2ms]
2025-11-04 23:34:50.923 [info] > git status -z -uall [23ms]
2025-11-04 23:34:50.923 [info] > git for-each-ref --sort -committerdate --format %(refname)%00%(objectname)%00%(*objectname) [3ms]
2025-11-04 23:35:00.593 [info] > git show --textconv :src/controllers/project.controller.ts [35ms]
2025-11-04 23:35:00.594 [info] > git ls-files --stage -- src/controllers/project.controller.ts [7ms]
2025-11-04 23:35:00.620 [info] > git cat-file -s 8c00da9afdfcf1fbb5faf9ed9d39cc6b78189333 [5ms]
2025-11-04 23:35:02.299 [info] > git show --textconv :src/controllers/auth.controller.ts [20ms]
2025-11-04 23:35:02.300 [info] > git ls-files --stage -- src/controllers/auth.controller.ts [2ms]
2025-11-04 23:35:02.318 [info] > git cat-file -s a00c4f84c4c7379d2c0b60d0a88e0c564bb5601f [2ms]
2025-11-04 23:35:04.713 [info] > git show --textconv :src/lib/reponse-util.ts [22ms]
2025-11-04 23:35:04.714 [info] > git ls-files --stage -- src/lib/reponse-util.ts [2ms]
2025-11-04 23:35:04.735 [info] > git cat-file -s f86147eea093eee0851bfec55dcda854083ad275 [4ms]
2025-11-04 23:35:26.537 [info] > git config --get commit.template [18ms]
2025-11-04 23:35:26.538 [info] > git for-each-ref --format=%(refname)%00%(upstream:short)%00%(objectname)%00%(upstream:track)%00%(upstream:remotename)%00%(upstream:remoteref) refs/heads/enosh-dev refs/remotes/enosh-dev [2ms]
2025-11-04 23:35:26.572 [info] > git status -z -uall [17ms]
2025-11-04 23:35:26.573 [info] > git for-each-ref --sort -committerdate --format %(refname)%00%(objectname)%00%(*objectname) [2ms]
2025-11-04 23:35:36.138 [info] > git show --textconv :src/controllers/project.controller.ts [22ms]
2025-11-04 23:35:36.143 [info] > git ls-files --stage -- src/controllers/project.controller.ts [6ms]
2025-11-04 23:35:36.167 [info] > git cat-file -s 8c00da9afdfcf1fbb5faf9ed9d39cc6b78189333 [3ms]
2025-11-04 23:35:42.220 [info] > git show --textconv :src/lib/reponse-util.ts [18ms]
2025-11-04 23:35:42.221 [info] > git ls-files --stage -- src/lib/reponse-util.ts [2ms]
2025-11-04 23:35:42.238 [info] > git cat-file -s f86147eea093eee0851bfec55dcda854083ad275 [2ms]
2025-11-04 23:35:58.252 [info] > git config --get commit.template [2ms]
2025-11-04 23:35:58.271 [info] > git for-each-ref --format=%(refname)%00%(upstream:short)%00%(objectname)%00%(upstream:track)%00%(upstream:remotename)%00%(upstream:remoteref) refs/heads/enosh-dev refs/remotes/enosh-dev [2ms]
2025-11-04 23:35:58.307 [info] > git status -z -uall [20ms]
2025-11-04 23:35:58.311 [info] > git for-each-ref --sort -committerdate --format %(refname)%00%(objectname)%00%(*objectname) [6ms]
2025-11-04 23:36:28.084 [info] > git for-each-ref --format=%(refname)%00%(upstream:short)%00%(objectname)%00%(upstream:track)%00%(upstream:remotename)%00%(upstream:remoteref) refs/heads/enosh-dev refs/remotes/enosh-dev [2ms]
2025-11-04 23:36:28.084 [info] > git config --get commit.template [21ms]
2025-11-04 23:36:28.123 [info] > git status -z -uall [20ms]
2025-11-04 23:36:28.124 [info] > git for-each-ref --sort -committerdate --format %(refname)%00%(objectname)%00%(*objectname) [2ms]
2025-11-04 23:36:30.447 [info] > git log --format=%H%n%aN%n%aE%n%at%n%ct%n%P%n%D%n%B -z --shortstat --diff-merges=first-parent -n50 --skip=0 --topo-order --decorate=full --stdin [85ms]
2025-11-04 23:36:32.982 [info] > git log --format=%H%n%aN%n%aE%n%at%n%ct%n%P%n%D%n%B -z --shortstat --diff-merges=first-parent -n50 --skip=0 --topo-order --decorate=full --stdin [55ms]
2025-11-04 23:36:37.224 [info] > git checkout -q -- src/controllers/project.controller.ts [7ms]
2025-11-04 23:36:37.289 [info] > git for-each-ref --format=%(refname)%00%(upstream:short)%00%(objectname)%00%(upstream:track)%00%(upstream:remotename)%00%(upstream:remoteref) refs/heads/enosh-dev refs/remotes/enosh-dev [20ms]
2025-11-04 23:36:37.289 [info] > git config --get commit.template [41ms]
2025-11-04 23:36:37.341 [info] > git status -z -uall [30ms]
2025-11-04 23:36:37.341 [info] > git for-each-ref --sort -committerdate --format %(refname)%00%(objectname)%00%(*objectname) [4ms]
2025-11-04 23:36:38.506 [info] > git ls-tree -l 055ebea527064669ba0556362a97d534600c750c -- src/controllers/auth.controller.ts [22ms]
2025-11-04 23:36:38.507 [info] > git ls-tree -l 00b8d1c68f04266cdd680ffeb48230eb7e0d65b4 -- src/controllers/auth.controller.ts [44ms]
2025-11-04 23:36:38.509 [info] > git ls-files --stage -- src/lib/reponse-util.ts [4ms]
2025-11-04 23:36:38.602 [info] > git show --textconv 055ebea527064669ba0556362a97d534600c750c:src/controllers/auth.controller.ts [27ms]
2025-11-04 23:36:38.603 [info] > git show --textconv 00b8d1c68f04266cdd680ffeb48230eb7e0d65b4:src/controllers/auth.controller.ts [3ms]
2025-11-04 23:36:38.603 [info] > git cat-file -s f86147eea093eee0851bfec55dcda854083ad275 [72ms]
2025-11-04 23:36:38.633 [info] > git show --textconv :src/lib/reponse-util.ts [3ms]
2025-11-04 23:36:39.478 [info] > git config --get commit.template [18ms]
2025-11-04 23:36:39.479 [info] > git for-each-ref --format=%(refname)%00%(upstream:short)%00%(objectname)%00%(upstream:track)%00%(upstream:remotename)%00%(upstream:remoteref) refs/heads/enosh-dev refs/remotes/enosh-dev [2ms]
2025-11-04 23:36:39.514 [info] > git status -z -uall [18ms]
2025-11-04 23:36:39.515 [info] > git for-each-ref --sort -committerdate --format %(refname)%00%(objectname)%00%(*objectname) [2ms]
2025-11-04 23:36:39.764 [info] > git checkout -q -- src/lib/reponse-util.ts [4ms]
2025-11-04 23:36:39.788 [info] > git config --get commit.template [2ms]
2025-11-04 23:36:39.806 [info] > git for-each-ref --format=%(refname)%00%(upstream:short)%00%(objectname)%00%(upstream:track)%00%(upstream:remotename)%00%(upstream:remoteref) refs/heads/enosh-dev refs/remotes/enosh-dev [2ms]
2025-11-04 23:36:39.847 [info] > git status -z -uall [22ms]
2025-11-04 23:36:39.849 [info] > git for-each-ref --sort -committerdate --format %(refname)%00%(objectname)%00%(*objectname) [3ms]
2025-11-04 23:36:41.023 [info] > git ls-tree -l 055ebea527064669ba0556362a97d534600c750c -- src/controllers/auth.controller.ts [27ms]
2025-11-04 23:36:41.023 [info] > git ls-tree -l 00b8d1c68f04266cdd680ffeb48230eb7e0d65b4 -- src/controllers/auth.controller.ts [48ms]
2025-11-04 23:36:41.025 [info] > git ls-files --stage -- src/lib/reponse-util.ts [5ms]
2025-11-04 23:36:41.089 [info] > git show --textconv 055ebea527064669ba0556362a97d534600c750c:src/controllers/auth.controller.ts [21ms]
2025-11-04 23:36:41.089 [info] > git cat-file -s f86147eea093eee0851bfec55dcda854083ad275 [43ms]
2025-11-04 23:36:41.090 [info] > git show --textconv 00b8d1c68f04266cdd680ffeb48230eb7e0d65b4:src/controllers/auth.controller.ts [3ms]
2025-11-04 23:36:41.110 [info] > git show --textconv :src/lib/reponse-util.ts [2ms]
2025-11-04 23:45:58.269 [info] > git config --get commit.template [24ms]
2025-11-04 23:45:58.272 [info] > git for-each-ref --format=%(refname)%00%(upstream:short)%00%(objectname)%00%(upstream:track)%00%(upstream:remotename)%00%(upstream:remoteref) refs/heads/enosh-dev refs/remotes/enosh-dev [5ms]
2025-11-04 23:45:58.321 [info] > git status -z -uall [28ms]
2025-11-04 23:45:58.322 [info] > git for-each-ref --sort -committerdate --format %(refname)%00%(objectname)%00%(*objectname) [2ms]
2025-11-04 23:45:59.491 [info] > git ls-tree -l 055ebea527064669ba0556362a97d534600c750c -- src/controllers/auth.controller.ts [19ms]
2025-11-04 23:45:59.492 [info] > git ls-tree -l 00b8d1c68f04266cdd680ffeb48230eb7e0d65b4 -- src/controllers/auth.controller.ts [37ms]
2025-11-04 23:45:59.493 [info] > git ls-files --stage -- src/lib/reponse-util.ts [3ms]
2025-11-04 23:45:59.526 [info] > git cat-file -s f86147eea093eee0851bfec55dcda854083ad275 [17ms]
2025-11-04 23:45:59.544 [info] > git show --textconv 055ebea527064669ba0556362a97d534600c750c:src/controllers/auth.controller.ts [19ms]
2025-11-04 23:45:59.562 [info] > git show --textconv 00b8d1c68f04266cdd680ffeb48230eb7e0d65b4:src/controllers/auth.controller.ts [19ms]
2025-11-04 23:45:59.563 [info] > git show --textconv :src/lib/reponse-util.ts [2ms]
2025-11-04 23:46:00.370 [info] > git show --textconv :src/controllers/project.controller.ts [17ms]
2025-11-04 23:46:00.371 [info] > git ls-files --stage -- src/controllers/project.controller.ts [2ms]
2025-11-04 23:46:00.387 [info] > git cat-file -s 8c00da9afdfcf1fbb5faf9ed9d39cc6b78189333 [1ms]
2025-11-04 23:46:00.657 [info] > git fetch [2436ms]
2025-11-04 23:46:00.675 [info] > git config --get commit.template [2ms]
2025-11-04 23:46:00.692 [info] > git for-each-ref --format=%(refname)%00%(upstream:short)%00%(objectname)%00%(upstream:track)%00%(upstream:remotename)%00%(upstream:remoteref) refs/heads/enosh-dev refs/remotes/enosh-dev [2ms]
2025-11-04 23:46:00.727 [info] > git status -z -uall [18ms]
2025-11-04 23:46:00.728 [info] > git for-each-ref --sort -committerdate --format %(refname)%00%(objectname)%00%(*objectname) [2ms]
2025-11-04 23:46:01.700 [info] > git ls-tree -l 055ebea527064669ba0556362a97d534600c750c -- src/controllers/auth.controller.ts [17ms]
2025-11-04 23:46:01.700 [info] > git ls-tree -l 00b8d1c68f04266cdd680ffeb48230eb7e0d65b4 -- src/controllers/auth.controller.ts [34ms]
2025-11-04 23:46:01.701 [info] > git ls-files --stage -- src/controllers/project.controller.ts [2ms]
2025-11-04 23:46:01.750 [info] > git show --textconv 055ebea527064669ba0556362a97d534600c750c:src/controllers/auth.controller.ts [16ms]
2025-11-04 23:46:01.750 [info] > git cat-file -s 8c00da9afdfcf1fbb5faf9ed9d39cc6b78189333 [34ms]
2025-11-04 23:46:01.751 [info] > git show --textconv 00b8d1c68f04266cdd680ffeb48230eb7e0d65b4:src/controllers/auth.controller.ts [2ms]
2025-11-04 23:46:01.770 [info] > git show --textconv :src/controllers/project.controller.ts [2ms]
2025-11-04 23:46:03.370 [info] > git config --get commit.template [22ms]
2025-11-04 23:46:03.371 [info] > git for-each-ref --format=%(refname)%00%(upstream:short)%00%(objectname)%00%(upstream:track)%00%(upstream:remotename)%00%(upstream:remoteref) refs/heads/enosh-dev refs/remotes/enosh-dev [2ms]
2025-11-04 23:46:03.414 [info] > git status -z -uall [23ms]
2025-11-04 23:46:03.415 [info] > git for-each-ref --sort -committerdate --format %(refname)%00%(objectname)%00%(*objectname) [3ms]
2025-11-04 23:46:04.562 [info] > git show --textconv :src/lib/reponse-util.ts [17ms]
2025-11-04 23:46:04.563 [info] > git ls-files --stage -- src/lib/reponse-util.ts [2ms]
2025-11-04 23:46:04.579 [info] > git cat-file -s f86147eea093eee0851bfec55dcda854083ad275 [2ms]
2025-11-04 23:46:07.445 [info] > git show --textconv :src/controllers/project.controller.ts [20ms]
2025-11-04 23:46:07.446 [info] > git ls-files --stage -- src/controllers/project.controller.ts [2ms]
2025-11-04 23:46:07.467 [info] > git cat-file -s 8c00da9afdfcf1fbb5faf9ed9d39cc6b78189333 [3ms]
2025-11-04 23:58:39.015 [info] > git ls-tree -l 055ebea527064669ba0556362a97d534600c750c -- src/controllers/auth.controller.ts [17ms]
2025-11-04 23:58:39.017 [info] > git ls-tree -l 00b8d1c68f04266cdd680ffeb48230eb7e0d65b4 -- src/controllers/auth.controller.ts [34ms]
2025-11-04 23:58:39.019 [info] > git ls-files --stage -- src/controllers/project.controller.ts [5ms]
2025-11-04 23:58:39.036 [info] > git cat-file -s 8c00da9afdfcf1fbb5faf9ed9d39cc6b78189333 [2ms]
2025-11-04 23:58:39.111 [info] > git show --textconv 055ebea527064669ba0556362a97d534600c750c:src/controllers/auth.controller.ts [35ms]
2025-11-04 23:58:39.111 [info] > git show --textconv 00b8d1c68f04266cdd680ffeb48230eb7e0d65b4:src/controllers/auth.controller.ts [18ms]
2025-11-04 23:58:39.112 [info] > git show --textconv :src/controllers/project.controller.ts [2ms]
2025-11-04 23:58:39.997 [info] > git fetch [2215ms]
2025-11-04 23:58:40.018 [info] > git config --get commit.template [2ms]
2025-11-04 23:58:40.037 [info] > git for-each-ref --format=%(refname)%00%(upstream:short)%00%(objectname)%00%(upstream:track)%00%(upstream:remotename)%00%(upstream:remoteref) refs/heads/enosh-dev refs/remotes/enosh-dev [2ms]
2025-11-04 23:58:40.076 [info] > git status -z -uall [19ms]
2025-11-04 23:58:40.078 [info] > git for-each-ref --sort -committerdate --format %(refname)%00%(objectname)%00%(*objectname) [3ms]
2025-11-04 23:58:41.070 [info] > git ls-tree -l 055ebea527064669ba0556362a97d534600c750c -- src/controllers/auth.controller.ts [24ms]
2025-11-04 23:58:41.071 [info] > git ls-tree -l 00b8d1c68f04266cdd680ffeb48230eb7e0d65b4 -- src/controllers/auth.controller.ts [47ms]
2025-11-04 23:58:41.071 [info] > git ls-files --stage -- src/controllers/project.controller.ts [2ms]
2025-11-04 23:58:41.131 [info] > git show --textconv 055ebea527064669ba0556362a97d534600c750c:src/controllers/auth.controller.ts [21ms]
2025-11-04 23:58:41.132 [info] > git cat-file -s 8c00da9afdfcf1fbb5faf9ed9d39cc6b78189333 [42ms]
2025-11-04 23:58:41.133 [info] > git show --textconv 00b8d1c68f04266cdd680ffeb48230eb7e0d65b4:src/controllers/auth.controller.ts [3ms]
2025-11-04 23:58:41.155 [info] > git show --textconv :src/controllers/project.controller.ts [2ms]
2025-11-04 23:58:42.041 [info] > git config --get commit.template [20ms]
2025-11-04 23:58:42.042 [info] > git for-each-ref --format=%(refname)%00%(upstream:short)%00%(objectname)%00%(upstream:track)%00%(upstream:remotename)%00%(upstream:remoteref) refs/heads/enosh-dev refs/remotes/enosh-dev [1ms]
2025-11-04 23:58:42.082 [info] > git status -z -uall [20ms]
2025-11-04 23:58:42.083 [info] > git for-each-ref --sort -committerdate --format %(refname)%00%(objectname)%00%(*objectname) [3ms]
