2025-11-04 19:08:31.023 [info] [aebc6443-996d-45c2-90f0-388ff96faa56] Native Broker is only available on Windows and macOS
2025-11-04 19:08:31.909 [info] [getSessions] [all] starting
2025-11-04 19:08:31.909 [info] [getSessions] [all] returned 0 session(s)
2025-11-04 19:08:31.909 [info] [getSessions] [all] starting
2025-11-04 19:08:31.909 [info] [getSessions] [all] returned 0 session(s)
2025-11-04 19:08:31.909 [info] [getSessions] [all] starting
2025-11-04 19:08:31.909 [info] [getSessions] [all] returned 0 session(s)
2025-11-04 19:08:31.909 [info] [getSessions] [all] starting
2025-11-04 19:08:31.909 [info] [getSessions] [all] returned 0 session(s)
2025-11-04 19:08:32.521 [info] [getSessions] [499b84ac-1321-427f-aa17-267ca6975798/.default offline_access] starting
2025-11-04 19:08:32.521 [info] [aebc6443-996d-45c2-90f0-388ff96faa56] Native Broker is only available on Windows and macOS
2025-11-04 19:08:33.104 [info] [getSessions] [499b84ac-1321-427f-aa17-267ca6975798/.default offline_access] returned 0 session(s)
2025-11-04 19:08:34.408 [info] [getSessions] [499b84ac-1321-427f-aa17-267ca6975798/.default offline_access] starting
2025-11-04 19:08:34.408 [info] [getSessions] [499b84ac-1321-427f-aa17-267ca6975798/.default offline_access] returned 0 session(s)
2025-11-04 19:08:34.410 [info] [getSessions] [all] starting
2025-11-04 19:08:34.410 [info] [getSessions] [all] returned 0 session(s)
2025-11-04 22:38:42.924 [info] [getSessions] [499b84ac-1321-427f-aa17-267ca6975798/.default offline_access] starting
2025-11-04 22:38:42.926 [info] [getSessions] [499b84ac-1321-427f-aa17-267ca6975798/.default offline_access] returned 0 session(s)
2025-11-04 23:36:26.435 [info] [getSessions] [499b84ac-1321-427f-aa17-267ca6975798/.default offline_access] starting
2025-11-04 23:36:26.436 [info] [getSessions] [499b84ac-1321-427f-aa17-267ca6975798/.default offline_access] returned 0 session(s)
2025-11-04 23:58:13.013 [info] [getSessions] [499b84ac-1321-427f-aa17-267ca6975798/.default offline_access] starting
2025-11-04 23:58:13.015 [info] [getSessions] [499b84ac-1321-427f-aa17-267ca6975798/.default offline_access] returned 0 session(s)
