2025-11-09 18:03:26.979 [info] autoApprove: All sub-commands NOT auto-approved []
2025-11-09 18:03:26.980 [info] autoApprove: Command line NOT auto-approved []
2025-11-09 18:03:26.980 [info] - Command 'npm install firebase lucide-react clsx tailwind-merge date-fns' has no matching auto approve entries []
2025-11-09 18:03:26.980 [info] - Command line 'npm install firebase lucide-react clsx tailwind-merge date-fns' has no matching auto approve entries []
2025-11-09 18:03:33.240 [info] ToolTerminalCreator#createTerminal: Waiting 5000ms for shell integration []
2025-11-09 18:03:34.528 [info] ToolTerminalCreator#_waitForShellIntegration: Rich SI available eventually []
2025-11-09 18:03:34.528 [info] ToolTerminalCreator#_waitForShellIntegration: Promise complete, disposing store []
2025-11-09 18:03:34.528 [info] ToolTerminalCreator#createTerminal: Waiting up to 2s for PromptInputModel state to change []
2025-11-09 18:03:59.896 [info] autoApprove: All sub-commands NOT auto-approved []
2025-11-09 18:03:59.897 [info] autoApprove: Command line NOT auto-approved []
2025-11-09 18:03:59.897 [info] - Command 'npx shadcn@latest init -y' has no matching auto approve entries []
2025-11-09 18:03:59.897 [info] - Command line 'npx shadcn@latest init -y' has no matching auto approve entries []
2025-11-09 18:04:34.822 [info] autoApprove: All sub-commands NOT auto-approved []
2025-11-09 18:04:34.822 [info] autoApprove: Command line NOT auto-approved []
2025-11-09 18:04:34.822 [info] - Command 'npx shadcn@latest add button card input label table select dialog toast dropdown-menu avatar badge separator skeleton' has no matching auto approve entries []
2025-11-09 18:04:34.822 [info] - Command line 'npx shadcn@latest add button card input label table select dialog toast dropdown-menu avatar badge separator skeleton' has no matching auto approve entries []
2025-11-09 18:06:06.758 [info] autoApprove: All sub-commands NOT auto-approved []
2025-11-09 18:06:06.758 [info] autoApprove: Command line NOT auto-approved []
2025-11-09 18:06:06.759 [info] - Command 'npx shadcn@latest add button card input label table select dialog sonner dropdown-menu avatar badge separator skeleton' has no matching auto approve entries []
2025-11-09 18:06:06.759 [info] - Command line 'npx shadcn@latest add button card input label table select dialog sonner dropdown-menu avatar badge separator skeleton' has no matching auto approve entries []
2025-11-09 18:14:40.773 [info] autoApprove: All sub-commands NOT auto-approved []
2025-11-09 18:14:40.774 [info] autoApprove: Command line NOT auto-approved []
2025-11-09 18:14:40.774 [info] - Command 'npm run dev' has no matching auto approve entries []
2025-11-09 18:14:40.774 [info] - Command line 'npm run dev' has no matching auto approve entries []
2025-11-09 18:20:55.770 [info] autoApprove: All sub-commands NOT auto-approved []
2025-11-09 18:20:55.771 [info] autoApprove: Command line NOT auto-approved []
2025-11-09 18:20:55.771 [info] - Command 'tree -L 3 -I 'node_modules' is approved by allow list rule: tree []
2025-11-09 18:20:55.771 [info] - Command '.next' has no matching auto approve entries []
2025-11-09 18:20:55.771 [info] - Command '.git' --dirsfirst' has no matching auto approve entries []
2025-11-09 18:20:55.771 [info] - Command line 'tree -L 3 -I 'node_modules|.next|.git' --dirsfirst' has no matching auto approve entries []
2025-11-09 18:22:50.947 [info] autoApprove: All sub-commands NOT auto-approved []
2025-11-09 18:22:50.949 [info] autoApprove: Command line NOT auto-approved []
2025-11-09 18:22:50.949 [info] - Command 'mkdir -p docs' has no matching auto approve entries []
2025-11-09 18:22:50.949 [info] - Command line 'mkdir -p docs' has no matching auto approve entries []
2025-11-09 18:22:57.335 [info] autoApprove: All sub-commands NOT auto-approved []
2025-11-09 18:22:57.335 [info] autoApprove: Command line NOT auto-approved []
2025-11-09 18:22:57.335 [info] - Command 'mv CHECKLIST.md COMANDOS.md ESTRUTURA_IMPLEMENTADA.md PROXIMOS_PASSOS.md docs/' has no matching auto approve entries []
2025-11-09 18:22:57.335 [info] - Command line 'mv CHECKLIST.md COMANDOS.md ESTRUTURA_IMPLEMENTADA.md PROXIMOS_PASSOS.md docs/' has no matching auto approve entries []
2025-11-09 18:23:05.574 [info] autoApprove: All sub-commands NOT auto-approved []
2025-11-09 18:23:05.575 [info] autoApprove: Command line NOT auto-approved []
2025-11-09 18:23:05.575 [info] - Command 'mv app src/' has no matching auto approve entries []
2025-11-09 18:23:05.575 [info] - Command 'mv components src/' has no matching auto approve entries []
2025-11-09 18:23:05.575 [info] - Command 'mv lib src/' has no matching auto approve entries []
2025-11-09 18:23:05.575 [info] - Command line 'mv app src/ && mv components src/ && mv lib src/' has no matching auto approve entries []
2025-11-09 18:23:23.008 [info] autoApprove: Sub-command DENIED auto approval []
2025-11-09 18:23:23.008 [info] - Command 'cp -r components/ui src/components/' has no matching auto approve entries []
2025-11-09 18:23:23.008 [info] - Command 'rm -rf components' is denied by deny list rule: rm []
2025-11-09 18:23:23.008 [info] - Command line 'cp -r components/ui src/components/ && rm -rf components' has no matching auto approve entries []
2025-11-09 18:23:30.035 [info] autoApprove: Sub-command DENIED auto approval []
2025-11-09 18:23:30.035 [info] - Command 'cp lib/utils.ts src/lib/' has no matching auto approve entries []
2025-11-09 18:23:30.035 [info] - Command 'rm -rf lib' is denied by deny list rule: rm []
2025-11-09 18:23:30.035 [info] - Command line 'cp lib/utils.ts src/lib/ && rm -rf lib' has no matching auto approve entries []
2025-11-09 18:23:35.537 [info] autoApprove: All sub-commands NOT auto-approved []
2025-11-09 18:23:35.537 [info] autoApprove: Command line NOT auto-approved []
2025-11-09 18:23:35.537 [info] - Command 'mv app src/' has no matching auto approve entries []
2025-11-09 18:23:35.537 [info] - Command line 'mv app src/' has no matching auto approve entries []
2025-11-09 18:23:43.528 [info] autoApprove: All sub-commands auto-approved []
2025-11-09 18:23:43.528 [info] - Command 'ls -la' is approved by allow list rule: ls []
2025-11-09 18:23:43.528 [info] - Command line 'ls -la' has no matching auto approve entries []
2025-11-09 18:23:48.919 [info] autoApprove: All sub-commands NOT auto-approved []
2025-11-09 18:23:48.919 [info] autoApprove: Command line NOT auto-approved []
2025-11-09 18:23:48.919 [info] - Command 'tree -L 3 -I 'node_modules' is approved by allow list rule: tree []
2025-11-09 18:23:48.919 [info] - Command '.next' has no matching auto approve entries []
2025-11-09 18:23:48.919 [info] - Command '.git' --dirsfirst' has no matching auto approve entries []
2025-11-09 18:23:48.919 [info] - Command line 'tree -L 3 -I 'node_modules|.next|.git' --dirsfirst' has no matching auto approve entries []
2025-11-09 18:23:56.630 [info] autoApprove: All sub-commands NOT auto-approved []
2025-11-09 18:23:56.630 [info] autoApprove: Command line NOT auto-approved []
2025-11-09 18:23:56.630 [info] - Command 'mv src/app .' has no matching auto approve entries []
2025-11-09 18:23:56.630 [info] - Command line 'mv src/app .' has no matching auto approve entries []
2025-11-09 18:24:33.345 [info] autoApprove: All sub-commands NOT auto-approved []
2025-11-09 18:24:33.348 [info] autoApprove: Command line NOT auto-approved []
2025-11-09 18:24:33.348 [info] - Command 'tree -L 4 -I 'node_modules' is approved by allow list rule: tree []
2025-11-09 18:24:33.348 [info] - Command '.next' has no matching auto approve entries []
2025-11-09 18:24:33.348 [info] - Command '.git' --dirsfirst' has no matching auto approve entries []
2025-11-09 18:24:33.349 [info] - Command line 'tree -L 4 -I 'node_modules|.next|.git' --dirsfirst' has no matching auto approve entries []
2025-11-09 18:26:50.020 [info] autoApprove: All sub-commands NOT auto-approved []
2025-11-09 18:26:50.022 [info] autoApprove: Command line NOT auto-approved []
2025-11-09 18:26:50.023 [info] - Command 'tree -L 2 -I 'node_modules' is approved by allow list rule: tree []
2025-11-09 18:26:50.023 [info] - Command '.next' has no matching auto approve entries []
2025-11-09 18:26:50.023 [info] - Command '.git' --dirsfirst' has no matching auto approve entries []
2025-11-09 18:26:50.023 [info] - Command line 'tree -L 2 -I 'node_modules|.next|.git' --dirsfirst' has no matching auto approve entries []
2025-11-09 18:29:01.675 [info] autoApprove: All sub-commands auto-approved []
2025-11-09 18:29:01.675 [info] - Command 'find . -type f -name "*.ts" -o -name "*.tsx"' is approved by allow list rule: find []
2025-11-09 18:29:01.675 [info] - Command 'grep -v node_modules' is approved by allow list rule: grep []
2025-11-09 18:29:01.675 [info] - Command 'grep -v .next' is approved by allow list rule: grep []
2025-11-09 18:29:01.675 [info] - Command 'wc -l' is approved by allow list rule: wc []
2025-11-09 18:29:01.676 [info] - Command line 'find . -type f -name "*.ts" -o -name "*.tsx" | grep -v node_modules | grep -v .next | wc -l' has no matching auto approve entries []
2025-11-09 18:29:08.164 [info] autoApprove: All sub-commands auto-approved []
2025-11-09 18:29:08.164 [info] - Command 'find docs -type f -name "*.md"' is approved by allow list rule: find []
2025-11-09 18:29:08.164 [info] - Command 'wc -l' is approved by allow list rule: wc []
2025-11-09 18:29:08.164 [info] - Command line 'find docs -type f -name "*.md" | wc -l' has no matching auto approve entries []
2025-11-09 18:34:28.314 [info] autoApprove: All sub-commands NOT auto-approved []
2025-11-09 18:34:28.316 [info] autoApprove: Command line NOT auto-approved []
2025-11-09 18:34:28.316 [info] - Command 'npx shadcn@latest add textarea' has no matching auto approve entries []
2025-11-09 18:34:28.316 [info] - Command line 'npx shadcn@latest add textarea' has no matching auto approve entries []
2025-11-09 18:36:47.326 [info] autoApprove: All sub-commands NOT auto-approved []
2025-11-09 18:36:47.326 [info] autoApprove: Command line NOT auto-approved []
2025-11-09 18:36:47.326 [info] - Command 'npx shadcn@latest add badge skeleton' has no matching auto approve entries []
2025-11-09 18:36:47.326 [info] - Command line 'npx shadcn@latest add badge skeleton' has no matching auto approve entries []
2025-11-09 18:40:50.550 [info] autoApprove: All sub-commands NOT auto-approved []
2025-11-09 18:40:50.551 [info] autoApprove: Command line NOT auto-approved []
2025-11-09 18:40:50.551 [info] - Command 'npx tsc --noEmit' has no matching auto approve entries []
2025-11-09 18:40:50.551 [info] - Command 'head -20' is approved by allow list rule: head []
2025-11-09 18:40:50.551 [info] - Command line 'npx tsc --noEmit 2>&1 | head -20' has no matching auto approve entries []
2025-11-09 18:43:40.213 [info] autoApprove: All sub-commands NOT auto-approved []
2025-11-09 18:43:40.215 [info] autoApprove: Command line NOT auto-approved []
2025-11-09 18:43:40.215 [info] - Command 'npx shadcn@latest add scroll-area' has no matching auto approve entries []
2025-11-09 18:43:40.215 [info] - Command line 'npx shadcn@latest add scroll-area' has no matching auto approve entries []
2025-11-09 18:45:02.011 [info] autoApprove: All sub-commands NOT auto-approved []
2025-11-09 18:45:02.013 [info] autoApprove: Command line NOT auto-approved []
2025-11-09 18:45:02.013 [info] - Command 'npm install date-fns' has no matching auto approve entries []
2025-11-09 18:45:02.013 [info] - Command line 'npm install date-fns' has no matching auto approve entries []
